[{"number": 11666, "title": "Different behavior tf.contrib.data.Dataset.unbatch() TF ver. 1.2.1 and ver 1.3.0-rc0", "body": "Code for reproduce problem:\r\n```python\r\nimport tensorflow as tf\r\nprint(tf.__version__)\r\ndataset = (tf.contrib.data.Dataset.range(10)\r\n           .batch(5)\r\n           .unbatch())\r\niterator = dataset.make_initializable_iterator()\r\nprint(iterator.get_next())\r\n```\r\n\r\nresults in TF ver. 1.2.1:\r\n```\r\n1.2.1                                                  \r\nTensor(\"IteratorGetNext:0\", shape=(), dtype=int64)     \r\n```\r\n\r\nresults in TF ver. 1.3.0-rc0:\r\n```\r\n1.3.0-rc0\r\n(<tf.Tensor 'IteratorGetNext:0' shape=() dtype=int64>,)\r\n```\r\n", "comments": ["@ebrevdo I've tried and failed to track down the commit that modified the behavior of `Dataset.unbatch()`, but it looks like we're inappropriately converting single-component datasets to tupled datasets. Can you please take a look?", "I remember that change. I'll point you to it when at a computer.\n\nOn Jul 21, 2017 7:21 AM, \"Derek Murray\" <notifications@github.com> wrote:\n\n> @ebrevdo <https://github.com/ebrevdo> I've tried and failed to track down\n> the commit that modified the behavior of Dataset.unbatch(), but it looks\n> like we're inappropriately converting single-component datasets to tupled\n> datasets. Can you please take a look?\n>\n> \u2014\n> You are receiving this because you were mentioned.\n> Reply to this email directly, view it on GitHub\n> <https://github.com/tensorflow/tensorflow/issues/11666#issuecomment-317014116>,\n> or mute the thread\n> <https://github.com/notifications/unsubscribe-auth/ABtim4MOtOAFzqbhi1n4iSOQHK6UlRUZks5sQLP1gaJpZM4OfVgQ>\n> .\n>\n"]}, {"number": 11665, "title": "Feature request: add a `local_init_feed_dict` to `tf.train.Scaffold`", "body": "### System information\r\n- **Have I written custom code (as opposed to using a stock example script provided in TensorFlow)**: Yes\r\n- **OS Platform and Distribution (e.g., Linux Ubuntu 16.04)**: Windows 10\r\n- **TensorFlow installed from (source or binary)**: binary\r\n- **TensorFlow version (use command below)**: 1.2.0\r\n- **Python version**: 3.6.1\r\n- **Bazel version (if compiling from source)**: N/A\r\n- **CUDA/cuDNN version**: N/A\r\n- **GPU model and memory**: N/A\r\n- **Exact command to reproduce**: See below.\r\n\r\n### Describe the problem\r\nFeature request: add a `local_init_feed_dict` to `tf.train.Scaffold`. It would be useful to be able to create local variables (which are not saved or restored) and have them initialized by a `tf.train.MonitoredTrainingSession` with a `feed_dict`. In the example below, the variable `X_var` is forced to be part of the `GLOBAL_VARIABLES` collection in order to be able to initialize the variable with a `feed_dict`. This has the undesirable consequence that the variable will be saved to disk.\r\n\r\n### Source code / logs\r\n```python\r\nimport tensorflow as tf\r\nimport numpy as np\r\n\r\n# Data that we wish to sample, but not save to disk.\r\nX = np.eye(15, dtype=np.float32)\r\n\r\n# Create a graph that samples rows from X randomly.\r\ngraph = tf.Graph()\r\nwith graph.as_default():\r\n    X_init = tf.placeholder(tf.float32, shape=X.shape)\r\n    # Here, we want to use tf.GraphKeys.LOCAL_VARIABLES,\r\n    # but can't because there is no feed_dict for that collection in tf.train.Scaffold.\r\n    X_var = tf.Variable(X_init, trainable=False, collections=[tf.GraphKeys.GLOBAL_VARIABLES])\r\n    queue = tf.RandomShuffleQueue(\r\n        capacity=X.shape[0],\r\n        min_after_dequeue=1,\r\n        dtypes=[tf.float32],\r\n        shapes=[X.shape[1]])\r\n    enqueue_op = queue.enqueue_many([X_var])\r\n    row = queue.dequeue()\r\n\r\n# Sample a few rows from X.\r\nwith graph.as_default():\r\n    sess_params = {\r\n        'scaffold': tf.train.Scaffold(\r\n            init_feed_dict={X_init: X},\r\n            init_fn=lambda scaffold, sess: sess.run(enqueue_op))\r\n    }\r\n    with tf.train.MonitoredTrainingSession(**sess_params) as sess:\r\n        print(sess.run(row))\r\n        print(sess.run(row))\r\n```\r\n", "comments": ["Is there any reason a `local_init_feed_dict` would be preferable to directly initializing `X_var` with `np.eye(...)`, without using a `tf.placeholder`? In that case, you could initialize `X_var` by passing `local_init_op=tf.initialize_local_variables()` to `Scaffold` I'm not sure a feed dict for local variables would be helpful.", "@reedwm Wouldn't that approach limit the size of `X` to 2 GB though? With the placeholder approach, the data in `X` is not part of the graph.", "Good point, you do need to use a feed dict to initialize variables larger than 2 GB.\r\n\r\n/CC @ispirmustafa, what do you think?", "It has been 14 days with no activity and the `awaiting tensorflower` label was assigned. Please update the label and/or status accordingly.", "Hi @reedwm, @lsorber \r\nYou can use `Scaffold.init_fn` to initialize a variable based on feed_dict.", "Nagging Awaiting TensorFlower: It has been 14 days with no activityand the `awaiting tensorflower` label was assigned. Please update the label and/or status accordingly.", "A member of the TensorFlow organization has replied after the stat:awaiting tensorflower label was applied.", "Closing since @ispirmustafa's suggestion resolves the problem"]}, {"number": 11664, "title": "make tf.read_file support non ASCII characters in filename", "body": "fixes the bug in issue #8581 \"tf.read_file doesn't support non ASCII characters in filename\".", "comments": ["Can one of the admins verify this patch?", "Thanks for your pull request.  It looks like this may be your first contribution to a Google open source project. Before we can look at your pull request, you'll need to sign a Contributor License Agreement (CLA).\n\n:memo: **Please visit <https://cla.developers.google.com/> to sign.**\n\nOnce you've signed, please reply here (e.g. `I signed it!`) and we'll verify.  Thanks.\n\n---\n\n- If you've already signed a CLA, it's possible we don't have your GitHub username or you're using a different email address.  Check [your existing CLA data](https://cla.developers.google.com/clas) and verify that your [email is set on your git commits](https://help.github.com/articles/setting-your-email-in-git/).\n- If your company signed a CLA, they designated a Point of Contact who decides which employees are authorized to participate. You may need to contact the Point of Contact for your company and ask to be added to the group of authorized contributors. If you don't know who your Point of Contact is, direct the project maintainer to go/cla#troubleshoot.\n- In order to pass this check, please resolve this problem and have the pull request author add another comment and the bot will run again.\n\n<!-- need_sender_cla -->", "I signed it!", "CLAs look good, thanks!\n\n<!-- ok -->", "Thanks for this contribution. As it happens, we've received a concurrent PR (#11562) that fixes the same bug, and it is going to be merged soon. I'm going to close this PR, as I think the other one covers more cases, but thanks again!"]}, {"number": 11663, "title": "Add name of C++ source file to generated Python files for ops.", "body": "While tracing back through the Python logging APIs to find their implementation, I ran into a dead end at the generated file `gen_logging_ops.py`. This generated file contains no information about where it came from. It took a fair amount of time poking through Bazel build files to track down the rule that generates this file from the output of a program that is linked against an object file that is produced by compiling `logging_ops.cc`.\r\n\r\nOther developers don't seem to have gotten that far; for example the reporter https://github.com/tensorflow/tensorflow/issues/8953 , who gave up without finding `logging_ops.cc`.\r\n\r\nThis PR adds the name of the original C++ source file to the generated Python files for built-in operators. I've modified `python_op_gen_main.cc` to check whether it is running from one of the special executables that the Bazel build creates for these internal operators. If the program is running from inside such a rule, it generates a header comment with the name of the original C++ source file:\r\n```\r\n\"\"\"Python wrappers around TensorFlow ops.\r\n\r\nThis file is MACHINE GENERATED! Do not edit.\r\nOriginal C++ source file: logging_ops.cc\r\n\"\"\"\r\n```\r\nNote the last line, \"Original C++ source file...\". This should be enough information for someone new to the project to track down the implementation of a built-in operator.\r\n\r\nI would have preferred to modify the `REGISTER_OP()` macro to incorporate information about the original source file in the `OpDef` itself, but doing so would have required modifying `op_def.proto`. Hence this approach of checking the executable name in `python_op_gen_main.cc`.", "comments": ["Can one of the admins verify this patch?", "Adding @josh11b who has been looking at the python generator lately.", "Thanks for the PR! I think we may eventually need to add the filename to the OpDef itself, but this is a quicker fix.", "@josh11b can you take another look, please?", "@frreiss Friendly ping for an update. Thanks!", "Update: Made the remaining requested change from the previous review, then merged with the latest changes from main. On merging, I found that `python_op_gen_main.cc` now uses the routines in `python_eager_op_gen.cc` instead of using `python_op_gen.cc`. So I moved the code that adds the \"Original C++ source\" notice over to `python_eager_op_gen.cc`. I ran the build, verified that the generated files still get \"original c++ source\" notices, and ran all the unit tests under `//tensorflow/python/...`.\r\n\r\nOn a side note, the code in `python_op_gen.cc` and `python_op_gen.h` doesn't appear to be called from anywhere any more. Is that intentional?", "Approving since the changes @josh11b were made.", "Jenkins, test this please."]}, {"number": 11662, "title": "Group Convolutions Support Request", "body": "Group convolutions recently become popular, will this be supported in tf.nn module?", "comments": ["Please go through these:\r\nhttps://github.com/tensorflow/tensorflow/issues/3332\r\nhttps://github.com/tensorflow/tensorflow/pull/10482\r\n\r\nPlease verify and if convinced ,close the issue."]}, {"number": 11661, "title": "Definitions about @protobuf between the workspace.bzl and grpc", "body": "grpc expects //external:protobuf_clib and //external:protobuf_compiler to point to the protobuf's compiler library.\r\n\r\nDefinitions about @protobuf between the workspace.bzl and grpc(https://github.com/grpc/grpc/blob/master/WORKSPACE)\r\n", "comments": ["Can one of the admins verify this patch?", "(Adding Justine because I don't understand our protobuf Bazel config). Some unrelated changes made it in, please revert.", "@jhseu @jart thanks !\r\nDefinitions about @protobuf between the workspace.bzl and [grpc](https://github.com/grpc/grpc/blob/master/WORKSPACE)\r\nPerhaps GRPC may not be built together with bazel.please check and review", "Mr. Jenkins: test this please", "I don't understand this change. Why change the name from `@protobuf` to `@com_google_protobuf`? The only difference between the two is the noinline patch we have.", "@jart \r\nthanks! \r\ntensorflow binds @protubuf to the protobuf repository at workspace.bzl, while https://github.com/grpc/grpc/blob/master/WORKSPACE binds @protobuf to the build target (not the repo).  the build may fail due to name clash, the error message is something like external/protobuf does not have attribute testonly, which basically says Bazel is trying to use @protobuf as a target but in fact the name is pulled in as a repo by tensorflow, if you have a third repository and pulling in both tensorflow and grpc as external repositories.", "Why not replace all @protobuf occurrences and remove @protobuf from WORKSPACE?\r\nlike this: https://github.com/snnn/tensorflow/commit/beef755c45abef2fa4c3acef45ffbb37776851ea\r\n", "\r\nthank you ! @jhseu @jart @snnn \r\nUpgrade gRPC (#11768)"]}, {"number": 11660, "title": "Gradients be dropped in tf.train.SyncReplicaOptimizer", "body": "### Problem Description\r\ntf.train.SyncReplicaOptimizer is very helpful for backup workers, but the gradients computed by slow workers are just dropped. Below is the documentation I see\r\n\r\n> Once the gradients have been computed, push them into gradient_queue only if local_step equals global_step, otherwise the gradients are just dropped\r\n\r\nThe problem is, I want to use backup workers in online training, it means every sample can be just consumed by TensorFlow once and I don't want some samples to be just ignored, is it possible to make backup servers behave like the one in Hadoop which is guaranteed to utilize all data partitions?\r\nOr can the workers know whether its gradient is dropped or not by the aggregator?\r\nI think this feature will be useful.", "comments": ["I am perhaps misunderstanding, but isn't the point of the backup workers to provide a tradeoff between waiting for replicas and consuming all data (so, the step proceeds when K of the N workers have updates, where the number of backup workers is (N-K)). If you want data from all the workers to apply, then increase the number of workers and set backup workers to zero (i.e., set [`replicas_to_aggregate` and leave `total_num_replicas` as None](https://www.tensorflow.org/api_docs/python/tf/train/SyncReplicasOptimizer#__init__).)\r\n\r\nOr am I missing something?", "@asimshankar you are right, but I hope it can consume all data but at the same time use backup servers to enhance training speed of each step.\r\nIt can be as simple as let the worker know the old gradient was dropped and then it can find a way to reconsume it in next step. ", "There are no input guarantees provided in distributed TensorFlow at this time (i.e., no guarantees that every example has been seen exactly once in an epoch). It is something we're looking into, but no concrete timeline. \r\n\r\nDoing that and then being able to ensure that samples trained on by the backup workers are picked up in future steps by other workers is something that will require a detailed design and proposal. I'm tempted to close this issue since it isn't a simple feature request.\r\n\r\nIf you'd like to contribute this, I would encourage you to think through a possible design and share detailed design thoughts here. Thanks!", "Thank you @asimshankar  I would love to spend some time on it."]}, {"number": 11659, "title": "Update normalisation.py", "body": "The self for mean and vaiance has to be added as we need to retain the mean value as it is", "comments": ["Can one of the admins verify this patch?", "The existing code is correct. Closing as intended behavior."]}, {"number": 11658, "title": "Build error in Windows 10", "body": "My environment is \r\n - Windows 10 64bit\r\n - Lenovo P50 workstation notebook\r\n - NVIDIA Quadro M2000M (4GB) / Intel HD Graphics P530\r\n\r\nBuild environment is\r\n -  Microsoft Visual Studio Enterprise 2015 with Visual C++ 2015\r\n -  Anaconda 4.1.1 (Python 3.5 64-bit)\r\n -  Git for Windows version 2.9.2.windows.1\r\n -  swigwin-3.0.10\r\n -  NVidia CUDA Toolkit 8.0\r\n -  NVidia CUDNN 5.1\r\n -  CMake 3.6\r\n\r\nIn building process, two errors were fixed by myself.\r\n[1]\r\n - C2001 error is caused by \r\n   * D:\\workspace\\tensorflow\\tensorflow\\contrib\\cmake\\build\\re2\\src\\re2\\re2\\testing\\re2_test.cc\r\n   * D:\\workspace\\tensorflow\\tensorflow\\contrib\\cmake\\build\\re2\\src\\re2\\re2\\testing\\search_test.cc\r\n - I do 'save as' two files with unicode and LS options (I am in Korea, it might be language diffence)\r\n\r\n[2]\r\n - C1071 error is caused by \r\n   * D:\\workspace\\tensorflow\\tensorflow\\contrib\\cmake\\build\\re2\\src\\re2\\re2\\testing\\search_test.cc\r\n - I eliminated an empy line and '// namespace re2\" at the end of the code\r\n\r\nHowever, I haven't clear this error after I put command \"**MSBuild /p:Configuration=Release tf_tutorials_example_trainer.vcxproj**\"\r\n\r\nI think it is a kind of link errors. There is a full log from command window. What is the problem?\r\nplease forgive me some instructions are written in Korean.\r\n>  \r\nD:\\workspace\\tensorflow\\tensorflow\\contrib\\cmake\\build>MSBuild /p:Configuration=Release tf_tutorials_example_trainer.vcxproj\r\nMicrosoft (R) Build Engine \ubc84\uc804 14.0.25420.1]\r\nCopyright (C) Microsoft Corporation. All rights reserved.\r\n\r\n\ube4c\ub4dc \uc2dc\uc791: 2017-07-21 \uc624\uc804 10:27:34\r\n1 \ub178\ub4dc\uc758 \"D:\\workspace\\tensorflow\\tensorflow\\contrib\\cmake\\build\\tf_tutorials_example_trainer.v\r\ncxproj\" \ud504\ub85c\uc81d\ud2b8(\uae30\ubcf8 \ub300\uc0c1)\uc785\ub2c8\ub2e4.\r\n\"D:\\workspace\\tensorflow\\tensorflow\\contrib\\cmake\\build\\tf_tutorials_example_trainer.vcxproj\r\n\"(1) \ud504\ub85c\uc81d\ud2b8\uac00 1 \ub178\ub4dc\uc5d0\uc11c \"D:\\workspace\\tensorflow\\tensorflow\\contrib\\cmake\\build\\ZERO_CHECK.vcxproj\r\n\"(2)\uc744(\ub97c) \ube4c\ub4dc\ud558\uace0 \uc788\uc2b5\ub2c8\ub2e4(\uae30\ubcf8 \ub300\uc0c1).\r\nInitializeBuildStatus:\r\n  \"AlwaysCreate\"\uc774(\uac00) \uc9c0\uc815\ub418\uc5c8\uae30 \ub54c\ubb38\uc5d0 \"x64\\Release\\ZERO_CHECK\\ZERO_CHECK.tlog\\unsuccessfulbuild\"\uc744(\ub97c\r\n  ) \ub9cc\ub4e4\uace0 \uc788\uc2b5\ub2c8\ub2e4.\r\nCustomBuild:\r\n  \ubaa8\ub4e0 \ucd9c\ub825\uc774 \ucd5c\uc2e0 \uc0c1\ud0dc\uc785\ub2c8\ub2e4.\r\nFinalizeBuildStatus:\r\n  \"x64\\Release\\ZERO_CHECK\\ZERO_CHECK.tlog\\unsuccessfulbuild\" \ud30c\uc77c\uc744 \uc0ad\uc81c\ud558\uace0 \uc788\uc2b5\ub2c8\ub2e4.\r\n  \"x64\\Release\\ZERO_CHECK\\ZERO_CHECK.tlog\\ZERO_CHECK.lastbuildstate\"\uc5d0 \uc5f0\uacb0(touching)\ud558\uace0 \uc788 \uc2b5\ub2c8\ub2e4.\r\n\"D:\\workspace\\tensorflow\\tensorflow\\contrib\\cmake\\build\\ZERO_CHECK.vcxproj\" \ud504\ub85c\uc81d\ud2b8\ub97c \ube4c\ub4dc\ud588\uc2b5\ub2c8\ub2e4(\uae30\ubcf8\r\n\ub300\uc0c1).\r\n\r\n\"D:\\workspace\\tensorflow\\tensorflow\\contrib\\cmake\\build\\tf_tutorials_example_trainer.vcxproj\r\n\"(1) \ud504\ub85c\uc81d\ud2b8\uac00 1 \ub178\ub4dc\uc5d0\uc11c \"D:\\workspace\\tensorflow\\tensorflow\\contrib\\cmake\\build\\tf_cc_framework.vc\r\nxproj\"(3)\uc744(\ub97c) \ube4c\ub4dc\ud558\uace0 \uc788\uc2b5\ub2c8\ub2e4(\uae30\ubcf8 \ub300\uc0c1).\r\n\"D:\\workspace\\tensorflow\\tensorflow\\contrib\\cmake\\build\\tf_cc_framework.vcxproj\"(3) \ud504\ub85c\uc81d\ud2b8 \uac00 1\r\n\ub178\ub4dc\uc5d0\uc11c \"D:\\workspace\\tensorflow\\tensorflow\\contrib\\cmake\\build\\tf_core_framework.vcxproj\"(4)\uc744(\r\n\ub97c) \ube4c\ub4dc\ud558\uace0 \uc788\uc2b5\ub2c8\ub2e4(\uae30\ubcf8 \ub300\uc0c1).\r\n\"D:\\workspace\\tensorflow\\tensorflow\\contrib\\cmake\\build\\tf_core_framework.vcxproj\"(4) \ud504\ub85c\uc81d \ud2b8\uac00\r\n1 \ub178\ub4dc\uc5d0\uc11c \"D:\\workspace\\tensorflow\\tensorflow\\contrib\\cmake\\build\\proto_text.vcxproj\"(5)\uc744( \ub97c) \ube4c\ub4dc\r\n\ud558\uace0 \uc788\uc2b5\ub2c8\ub2e4(\uae30\ubcf8 \ub300\uc0c1).\r\n\"D:\\workspace\\tensorflow\\tensorflow\\contrib\\cmake\\build\\proto_text.vcxproj\"(5) \ud504\ub85c\uc81d\ud2b8\uac00 1  \ub178\ub4dc\uc5d0\uc11c\r\n\"D:\\workspace\\tensorflow\\tensorflow\\contrib\\cmake\\build\\grpc.vcxproj\"(6)\uc744(\ub97c) \ube4c\ub4dc\ud558\uace0 \uc788\uc2b5 \ub2c8\ub2e4(\uae30\ubcf8 \ub300\uc0c1\r\n).\r\n\"D:\\workspace\\tensorflow\\tensorflow\\contrib\\cmake\\build\\grpc.vcxproj\"(6) \ud504\ub85c\uc81d\ud2b8\uac00 1 \ub178\ub4dc\uc5d0 \uc11c \"D:\\wo\r\nrkspace\\tensorflow\\tensorflow\\contrib\\cmake\\build\\protobuf.vcxproj\"(7)\uc744(\ub97c) \ube4c\ub4dc\ud558\uace0 \uc788\uc2b5\ub2c8 \ub2e4(\uae30\ubcf8 \ub300\uc0c1).\r\n\"D:\\workspace\\tensorflow\\tensorflow\\contrib\\cmake\\build\\protobuf.vcxproj\"(7) \ud504\ub85c\uc81d\ud2b8\uac00 1 \ub178 \ub4dc\uc5d0\uc11c \"D\r\n:\\workspace\\tensorflow\\tensorflow\\contrib\\cmake\\build\\zlib.vcxproj\"(8)\uc744(\ub97c) \ube4c\ub4dc\ud558\uace0 \uc788\uc2b5\ub2c8 \ub2e4(\uae30\ubcf8 \ub300\uc0c1).\r\nInitializeBuildStatus:\r\n  \"AlwaysCreate\"\uc774(\uac00) \uc9c0\uc815\ub418\uc5c8\uae30 \ub54c\ubb38\uc5d0 \"x64\\Release\\zlib\\zlib.tlog\\unsuccessfulbuild\"\uc744(\ub97c) \ub9cc\ub4e4\uace0 \uc788\uc2b5\ub2c8\ub2e4.\r\nCustomBuild:\r\n  Performing update step for 'zlib'\r\nFinalizeBuildStatus:\r\n  \"x64\\Release\\zlib\\zlib.tlog\\unsuccessfulbuild\" \ud30c\uc77c\uc744 \uc0ad\uc81c\ud558\uace0 \uc788\uc2b5\ub2c8\ub2e4.\r\n  \"x64\\Release\\zlib\\zlib.tlog\\zlib.lastbuildstate\"\uc5d0 \uc5f0\uacb0(touching)\ud558\uace0 \uc788\uc2b5\ub2c8\ub2e4.\r\n\"D:\\workspace\\tensorflow\\tensorflow\\contrib\\cmake\\build\\zlib.vcxproj\" \ud504\ub85c\uc81d\ud2b8\ub97c \ube4c\ub4dc\ud588\uc2b5\ub2c8\ub2e4(\uae30\ubcf8 \ub300\uc0c1).\r\n\r\nInitializeBuildStatus:\r\n  \"AlwaysCreate\"\uc774(\uac00) \uc9c0\uc815\ub418\uc5c8\uae30 \ub54c\ubb38\uc5d0 \"x64\\Release\\protobuf\\protobuf.tlog\\unsuccessfulbuild\"\uc744(\ub97c) \ub9cc\ub4e4\r\n  \uace0 \uc788\uc2b5\ub2c8\ub2e4.\r\nCustomBuild:\r\n  Performing update step for 'protobuf'\r\nFinalizeBuildStatus:\r\n  \"x64\\Release\\protobuf\\protobuf.tlog\\unsuccessfulbuild\" \ud30c\uc77c\uc744 \uc0ad\uc81c\ud558\uace0 \uc788\uc2b5\ub2c8\ub2e4.\r\n  \"x64\\Release\\protobuf\\protobuf.tlog\\protobuf.lastbuildstate\"\uc5d0 \uc5f0\uacb0(touching)\ud558\uace0 \uc788\uc2b5\ub2c8\ub2e4.\r\n\"D:\\workspace\\tensorflow\\tensorflow\\contrib\\cmake\\build\\protobuf.vcxproj\" \ud504\ub85c\uc81d\ud2b8\ub97c \ube4c\ub4dc\ud588\uc2b5\ub2c8\ub2e4(\uae30\ubcf8 \ub300\uc0c1\r\n).\r\n\r\nInitializeBuildStatus:\r\n  \"AlwaysCreate\"\uc774(\uac00) \uc9c0\uc815\ub418\uc5c8\uae30 \ub54c\ubb38\uc5d0 \"x64\\Release\\grpc\\grpc.tlog\\unsuccessfulbuild\"\uc744(\ub97c) \ub9cc\ub4e4\uace0 \uc788\uc2b5\ub2c8\ub2e4.\r\nCustomBuild:\r\n  Performing update step for 'grpc'\r\nFinalizeBuildStatus:\r\n  \"x64\\Release\\grpc\\grpc.tlog\\unsuccessfulbuild\" \ud30c\uc77c\uc744 \uc0ad\uc81c\ud558\uace0 \uc788\uc2b5\ub2c8\ub2e4.\r\n  \"x64\\Release\\grpc\\grpc.tlog\\grpc.lastbuildstate\"\uc5d0 \uc5f0\uacb0(touching)\ud558\uace0 \uc788\uc2b5\ub2c8\ub2e4.\r\n\"D:\\workspace\\tensorflow\\tensorflow\\contrib\\cmake\\build\\grpc.vcxproj\" \ud504\ub85c\uc81d\ud2b8\ub97c \ube4c\ub4dc\ud588\uc2b5\ub2c8\ub2e4(\uae30\ubcf8 \ub300\uc0c1).\r\n\r\n\"D:\\workspace\\tensorflow\\tensorflow\\contrib\\cmake\\build\\proto_text.vcxproj\"(5) \ud504\ub85c\uc81d\ud2b8\uac00 1  \ub178\ub4dc\uc5d0\uc11c\r\n\"D:\\workspace\\tensorflow\\tensorflow\\contrib\\cmake\\build\\tf_core_lib.vcxproj\"(9)\uc744(\ub97c) \ube4c\ub4dc\ud558 \uace0 \uc788\uc2b5\ub2c8\r\n\ub2e4(\uae30\ubcf8 \ub300\uc0c1).\r\n\"D:\\workspace\\tensorflow\\tensorflow\\contrib\\cmake\\build\\tf_core_lib.vcxproj\"(9) \ud504\ub85c\uc81d\ud2b8\uac00 1 \ub178\ub4dc\uc5d0\uc11c\r\n \"D:\\workspace\\tensorflow\\tensorflow\\contrib\\cmake\\build\\cub.vcxproj\"(10)\uc744(\ub97c) \ube4c\ub4dc\ud558\uace0 \uc788\uc2b5\ub2c8\ub2e4(\uae30\ubcf8 \ub300\r\n\uc0c1).\r\nInitializeBuildStatus:\r\n  \"AlwaysCreate\"\uc774(\uac00) \uc9c0\uc815\ub418\uc5c8\uae30 \ub54c\ubb38\uc5d0 \"x64\\Release\\cub\\cub.tlog\\unsuccessfulbuild\"\uc744(\ub97c)  \ub9cc\ub4e4\uace0 \uc788\uc2b5\ub2c8\ub2e4.\r\nFinalizeBuildStatus:\r\n  \"x64\\Release\\cub\\cub.tlog\\unsuccessfulbuild\" \ud30c\uc77c\uc744 \uc0ad\uc81c\ud558\uace0 \uc788\uc2b5\ub2c8\ub2e4.\r\n  \"x64\\Release\\cub\\cub.tlog\\cub.lastbuildstate\"\uc5d0 \uc5f0\uacb0(touching)\ud558\uace0 \uc788\uc2b5\ub2c8\ub2e4.\r\n\"D:\\workspace\\tensorflow\\tensorflow\\contrib\\cmake\\build\\cub.vcxproj\" \ud504\ub85c\uc81d\ud2b8\ub97c \ube4c\ub4dc\ud588\uc2b5\ub2c8\ub2e4(\uae30\ubcf8 \ub300\uc0c1).\r\n\r\n\"D:\\workspace\\tensorflow\\tensorflow\\contrib\\cmake\\build\\tf_core_lib.vcxproj\"(9) \ud504\ub85c\uc81d\ud2b8\uac00 1 \ub178\ub4dc\uc5d0\uc11c\r\n \"D:\\workspace\\tensorflow\\tensorflow\\contrib\\cmake\\build\\eigen.vcxproj\"(11)\uc744(\ub97c) \ube4c\ub4dc\ud558\uace0 \uc788\uc2b5\ub2c8\ub2e4(\uae30\ubcf8\r\n \ub300\uc0c1).\r\nInitializeBuildStatus:\r\n  \"AlwaysCreate\"\uc774(\uac00) \uc9c0\uc815\ub418\uc5c8\uae30 \ub54c\ubb38\uc5d0 \"x64\\Release\\eigen\\eigen.tlog\\unsuccessfulbuild\"\uc744( \ub97c) \ub9cc\ub4e4\uace0 \uc788\uc2b5\ub2c8\ub2e4\r\n  .\r\nFinalizeBuildStatus:\r\n  \"x64\\Release\\eigen\\eigen.tlog\\unsuccessfulbuild\" \ud30c\uc77c\uc744 \uc0ad\uc81c\ud558\uace0 \uc788\uc2b5\ub2c8\ub2e4.\r\n  \"x64\\Release\\eigen\\eigen.tlog\\eigen.lastbuildstate\"\uc5d0 \uc5f0\uacb0(touching)\ud558\uace0 \uc788\uc2b5\ub2c8\ub2e4.\r\n\"D:\\workspace\\tensorflow\\tensorflow\\contrib\\cmake\\build\\eigen.vcxproj\" \ud504\ub85c\uc81d\ud2b8\ub97c \ube4c\ub4dc\ud588\uc2b5\ub2c8 \ub2e4(\uae30\ubcf8 \ub300\uc0c1).\r\n\r\n\"D:\\workspace\\tensorflow\\tensorflow\\contrib\\cmake\\build\\tf_core_lib.vcxproj\"(9) \ud504\ub85c\uc81d\ud2b8\uac00 1 \ub178\ub4dc\uc5d0\uc11c\r\n \"D:\\workspace\\tensorflow\\tensorflow\\contrib\\cmake\\build\\farmhash_copy_headers_to_destinatio\r\nn.vcxproj\"(12)\uc744(\ub97c) \ube4c\ub4dc\ud558\uace0 \uc788\uc2b5\ub2c8\ub2e4(\uae30\ubcf8 \ub300\uc0c1).\r\n\"D:\\workspace\\tensorflow\\tensorflow\\contrib\\cmake\\build\\farmhash_copy_headers_to_destination\r\n.vcxproj\"(12) \ud504\ub85c\uc81d\ud2b8\uac00 1 \ub178\ub4dc\uc5d0\uc11c \"D:\\workspace\\tensorflow\\tensorflow\\contrib\\cmake\\build\\farmhash_\r\ncreate_destination_dir.vcxproj\"(13)\uc744(\ub97c) \ube4c\ub4dc\ud558\uace0 \uc788\uc2b5\ub2c8\ub2e4(\uae30\ubcf8 \ub300\uc0c1).\r\n\"D:\\workspace\\tensorflow\\tensorflow\\contrib\\cmake\\build\\farmhash_create_destination_dir.vcxp\r\nroj\"(13) \ud504\ub85c\uc81d\ud2b8\uac00 1 \ub178\ub4dc\uc5d0\uc11c \"D:\\workspace\\tensorflow\\tensorflow\\contrib\\cmake\\build\\farmhash.vcxpr\r\noj\"(14)\uc744(\ub97c) \ube4c\ub4dc\ud558\uace0 \uc788\uc2b5\ub2c8\ub2e4(\uae30\ubcf8 \ub300\uc0c1).\r\nInitializeBuildStatus:\r\n  \"AlwaysCreate\"\uc774(\uac00) \uc9c0\uc815\ub418\uc5c8\uae30 \ub54c\ubb38\uc5d0 \"x64\\Release\\farmhash\\farmhash.tlog\\unsuccessfulbuild\"\uc744(\ub97c) \ub9cc\ub4e4\r\n  \uace0 \uc788\uc2b5\ub2c8\ub2e4.\r\nFinalizeBuildStatus:\r\n  \"x64\\Release\\farmhash\\farmhash.tlog\\unsuccessfulbuild\" \ud30c\uc77c\uc744 \uc0ad\uc81c\ud558\uace0 \uc788\uc2b5\ub2c8\ub2e4.\r\n  \"x64\\Release\\farmhash\\farmhash.tlog\\farmhash.lastbuildstate\"\uc5d0 \uc5f0\uacb0(touching)\ud558\uace0 \uc788\uc2b5\ub2c8\ub2e4.\r\n\"D:\\workspace\\tensorflow\\tensorflow\\contrib\\cmake\\build\\farmhash.vcxproj\" \ud504\ub85c\uc81d\ud2b8\ub97c \ube4c\ub4dc\ud588\uc2b5\ub2c8\ub2e4(\uae30\ubcf8 \ub300\uc0c1\r\n).\r\n\r\nInitializeBuildStatus:\r\n  \"AlwaysCreate\"\uc774(\uac00) \uc9c0\uc815\ub418\uc5c8\uae30 \ub54c\ubb38\uc5d0 \"x64\\Release\\farmhash_create_destination_dir\\farmhash.8BF8255\r\n  3.tlog\\unsuccessfulbuild\"\uc744(\ub97c) \ub9cc\ub4e4\uace0 \uc788\uc2b5\ub2c8\ub2e4.\r\nFinalizeBuildStatus:\r\n  \"x64\\Release\\farmhash_create_destination_dir\\farmhash.8BF82553.tlog\\unsuccessfulbuild\" \ud30c\uc77c\uc744\r\n   \uc0ad\uc81c\ud558\uace0 \uc788\uc2b5\ub2c8\ub2e4.\r\n  \"x64\\Release\\farmhash_create_destination_dir\\farmhash.8BF82553.tlog\\farmhash_create_destin\r\n  ation_dir.lastbuildstate\"\uc5d0 \uc5f0\uacb0(touching)\ud558\uace0 \uc788\uc2b5\ub2c8\ub2e4.\r\n\"D:\\workspace\\tensorflow\\tensorflow\\contrib\\cmake\\build\\farmhash_create_destination_dir.vcxp\r\nroj\" \ud504\ub85c\uc81d\ud2b8\ub97c \ube4c\ub4dc\ud588\uc2b5\ub2c8\ub2e4(\uae30\ubcf8 \ub300\uc0c1).\r\n\r\nInitializeBuildStatus:\r\n  \"AlwaysCreate\"\uc774(\uac00) \uc9c0\uc815\ub418\uc5c8\uae30 \ub54c\ubb38\uc5d0 \"x64\\Release\\farmhash_copy_headers_to_destination\\farmhash.6D\r\n  ED34F1.tlog\\unsuccessfulbuild\"\uc744(\ub97c) \ub9cc\ub4e4\uace0 \uc788\uc2b5\ub2c8\ub2e4.\r\nPreBuildEvent:\r\n  setlocal\r\n  \"C:\\Program Files\\CMake\\bin\\cmake.exe\" -E copy_if_different D:/workspace/tensorflow/tensor\r\n  flow/contrib/cmake/build/farmhash/src/farmhash/src/farmhash.h D:/workspace/tensorflow/tens\r\n  orflow/contrib/cmake/build/external/farmhash_archive D:/workspace/tensorflow/tensorflow/co\r\n  ntrib/cmake/build/external/farmhash_archive/util/\r\n  if %errorlevel% neq 0 goto :cmEnd\r\n  :cmEnd\r\n  endlocal & call :cmErrorLevel %errorlevel% & goto :cmDone\r\n  :cmErrorLevel\r\n  exit /b %1\r\n  :cmDone\r\n  if %errorlevel% neq 0 goto :VCEnd\r\n  :VCEnd\r\nFinalizeBuildStatus:\r\n  \"x64\\Release\\farmhash_copy_headers_to_destination\\farmhash.6DED34F1.tlog\\unsuccessfulbuild\r\n  \" \ud30c\uc77c\uc744 \uc0ad\uc81c\ud558\uace0 \uc788\uc2b5\ub2c8\ub2e4.\r\n  \"x64\\Release\\farmhash_copy_headers_to_destination\\farmhash.6DED34F1.tlog\\farmhash_copy_hea\r\n  ders_to_destination.lastbuildstate\"\uc5d0 \uc5f0\uacb0(touching)\ud558\uace0 \uc788\uc2b5\ub2c8\ub2e4.\r\n\"D:\\workspace\\tensorflow\\tensorflow\\contrib\\cmake\\build\\farmhash_copy_headers_to_destination\r\n.vcxproj\" \ud504\ub85c\uc81d\ud2b8\ub97c \ube4c\ub4dc\ud588\uc2b5\ub2c8\ub2e4(\uae30\ubcf8 \ub300\uc0c1).\r\n\r\n\"D:\\workspace\\tensorflow\\tensorflow\\contrib\\cmake\\build\\tf_core_lib.vcxproj\"(9) \ud504\ub85c\uc81d\ud2b8\uac00 1 \ub178\ub4dc\uc5d0\uc11c\r\n \"D:\\workspace\\tensorflow\\tensorflow\\contrib\\cmake\\build\\fft2d.vcxproj\"(15)\uc744(\ub97c) \ube4c\ub4dc\ud558\uace0 \uc788\uc2b5\ub2c8\ub2e4(\uae30\ubcf8\r\n \ub300\uc0c1).\r\nInitializeBuildStatus:\r\n  \"AlwaysCreate\"\uc774(\uac00) \uc9c0\uc815\ub418\uc5c8\uae30 \ub54c\ubb38\uc5d0 \"x64\\Release\\fft2d\\fft2d.tlog\\unsuccessfulbuild\"\uc744( \ub97c) \ub9cc\ub4e4\uace0 \uc788\uc2b5\ub2c8\ub2e4\r\n  .\r\nFinalizeBuildStatus:\r\n  \"x64\\Release\\fft2d\\fft2d.tlog\\unsuccessfulbuild\" \ud30c\uc77c\uc744 \uc0ad\uc81c\ud558\uace0 \uc788\uc2b5\ub2c8\ub2e4.\r\n  \"x64\\Release\\fft2d\\fft2d.tlog\\fft2d.lastbuildstate\"\uc5d0 \uc5f0\uacb0(touching)\ud558\uace0 \uc788\uc2b5\ub2c8\ub2e4.\r\n\"D:\\workspace\\tensorflow\\tensorflow\\contrib\\cmake\\build\\fft2d.vcxproj\" \ud504\ub85c\uc81d\ud2b8\ub97c \ube4c\ub4dc\ud588\uc2b5\ub2c8 \ub2e4(\uae30\ubcf8 \ub300\uc0c1).\r\n\r\n\"D:\\workspace\\tensorflow\\tensorflow\\contrib\\cmake\\build\\tf_core_lib.vcxproj\"(9) \ud504\ub85c\uc81d\ud2b8\uac00 1 \ub178\ub4dc\uc5d0\uc11c\r\n \"D:\\workspace\\tensorflow\\tensorflow\\contrib\\cmake\\build\\gemmlowp.vcxproj\"(16)\uc744(\ub97c) \ube4c\ub4dc\ud558\uace0 \uc788\uc2b5\ub2c8\ub2e4\r\n(\uae30\ubcf8 \ub300\uc0c1).\r\nInitializeBuildStatus:\r\n  \"AlwaysCreate\"\uc774(\uac00) \uc9c0\uc815\ub418\uc5c8\uae30 \ub54c\ubb38\uc5d0 \"x64\\Release\\gemmlowp\\gemmlowp.tlog\\unsuccessfulbuild\"\uc744(\ub97c) \ub9cc\ub4e4\r\n  \uace0 \uc788\uc2b5\ub2c8\ub2e4.\r\nFinalizeBuildStatus:\r\n  \"x64\\Release\\gemmlowp\\gemmlowp.tlog\\unsuccessfulbuild\" \ud30c\uc77c\uc744 \uc0ad\uc81c\ud558\uace0 \uc788\uc2b5\ub2c8\ub2e4.\r\n  \"x64\\Release\\gemmlowp\\gemmlowp.tlog\\gemmlowp.lastbuildstate\"\uc5d0 \uc5f0\uacb0(touching)\ud558\uace0 \uc788\uc2b5\ub2c8\ub2e4.\r\n\"D:\\workspace\\tensorflow\\tensorflow\\contrib\\cmake\\build\\gemmlowp.vcxproj\" \ud504\ub85c\uc81d\ud2b8\ub97c \ube4c\ub4dc\ud588\uc2b5\ub2c8\ub2e4(\uae30\ubcf8 \ub300\uc0c1\r\n).\r\n\r\n\"D:\\workspace\\tensorflow\\tensorflow\\contrib\\cmake\\build\\tf_core_lib.vcxproj\"(9) \ud504\ub85c\uc81d\ud2b8\uac00 1 \ub178\ub4dc\uc5d0\uc11c\r\n \"D:\\workspace\\tensorflow\\tensorflow\\contrib\\cmake\\build\\gif_copy_headers_to_destination.vcx\r\nproj\"(17)\uc744(\ub97c) \ube4c\ub4dc\ud558\uace0 \uc788\uc2b5\ub2c8\ub2e4(\uae30\ubcf8 \ub300\uc0c1).\r\n\"D:\\workspace\\tensorflow\\tensorflow\\contrib\\cmake\\build\\gif_copy_headers_to_destination.vcxp\r\nroj\"(17) \ud504\ub85c\uc81d\ud2b8\uac00 1 \ub178\ub4dc\uc5d0\uc11c \"D:\\workspace\\tensorflow\\tensorflow\\contrib\\cmake\\build\\gif_create_des\r\ntination_dir.vcxproj\"(18)\uc744(\ub97c) \ube4c\ub4dc\ud558\uace0 \uc788\uc2b5\ub2c8\ub2e4(\uae30\ubcf8 \ub300\uc0c1).\r\n\"D:\\workspace\\tensorflow\\tensorflow\\contrib\\cmake\\build\\gif_create_destination_dir.vcxproj\"(\r\n18) \ud504\ub85c\uc81d\ud2b8\uac00 1 \ub178\ub4dc\uc5d0\uc11c \"D:\\workspace\\tensorflow\\tensorflow\\contrib\\cmake\\build\\gif.vcxproj\"(19)\uc744(\ub97c\r\n) \ube4c\ub4dc\ud558\uace0 \uc788\uc2b5\ub2c8\ub2e4(\uae30\ubcf8 \ub300\uc0c1).\r\nInitializeBuildStatus:\r\n  \"AlwaysCreate\"\uc774(\uac00) \uc9c0\uc815\ub418\uc5c8\uae30 \ub54c\ubb38\uc5d0 \"x64\\Release\\gif\\gif.tlog\\unsuccessfulbuild\"\uc744(\ub97c)  \ub9cc\ub4e4\uace0 \uc788\uc2b5\ub2c8\ub2e4.\r\nFinalizeBuildStatus:\r\n  \"x64\\Release\\gif\\gif.tlog\\unsuccessfulbuild\" \ud30c\uc77c\uc744 \uc0ad\uc81c\ud558\uace0 \uc788\uc2b5\ub2c8\ub2e4.\r\n  \"x64\\Release\\gif\\gif.tlog\\gif.lastbuildstate\"\uc5d0 \uc5f0\uacb0(touching)\ud558\uace0 \uc788\uc2b5\ub2c8\ub2e4.\r\n\"D:\\workspace\\tensorflow\\tensorflow\\contrib\\cmake\\build\\gif.vcxproj\" \ud504\ub85c\uc81d\ud2b8\ub97c \ube4c\ub4dc\ud588\uc2b5\ub2c8\ub2e4(\uae30\ubcf8 \ub300\uc0c1).\r\n\r\nInitializeBuildStatus:\r\n  \"AlwaysCreate\"\uc774(\uac00) \uc9c0\uc815\ub418\uc5c8\uae30 \ub54c\ubb38\uc5d0 \"x64\\Release\\gif_create_destination_dir\\gif_crea.BBA1858C.tlo\r\n  g\\unsuccessfulbuild\"\uc744(\ub97c) \ub9cc\ub4e4\uace0 \uc788\uc2b5\ub2c8\ub2e4.\r\nFinalizeBuildStatus:\r\n  \"x64\\Release\\gif_create_destination_dir\\gif_crea.BBA1858C.tlog\\unsuccessfulbuild\" \ud30c\uc77c\uc744 \uc0ad\uc81c\ud558\uace0\r\n   \uc788\uc2b5\ub2c8\ub2e4.\r\n  \"x64\\Release\\gif_create_destination_dir\\gif_crea.BBA1858C.tlog\\gif_create_destination_dir.\r\n  lastbuildstate\"\uc5d0 \uc5f0\uacb0(touching)\ud558\uace0 \uc788\uc2b5\ub2c8\ub2e4.\r\n\"D:\\workspace\\tensorflow\\tensorflow\\contrib\\cmake\\build\\gif_create_destination_dir.vcxproj\"\r\n\ud504\ub85c\uc81d\ud2b8\ub97c \ube4c\ub4dc\ud588\uc2b5\ub2c8\ub2e4(\uae30\ubcf8 \ub300\uc0c1).\r\n\r\nInitializeBuildStatus:\r\n  \"AlwaysCreate\"\uc774(\uac00) \uc9c0\uc815\ub418\uc5c8\uae30 \ub54c\ubb38\uc5d0 \"x64\\Release\\gif_copy_headers_to_destination\\gif_copy.B8CE1EC\r\n  7.tlog\\unsuccessfulbuild\"\uc744(\ub97c) \ub9cc\ub4e4\uace0 \uc788\uc2b5\ub2c8\ub2e4.\r\nPreBuildEvent:\r\n  setlocal\r\n  \"C:\\Program Files\\CMake\\bin\\cmake.exe\" -E copy_if_different D:/workspace/tensorflow/tensor\r\n  flow/contrib/cmake/build/gif/install/include/gif_lib.h D:/workspace/tensorflow/tensorflow/\r\n  contrib/cmake/build/external/gif_archive/giflib-5.1.4//\r\n  if %errorlevel% neq 0 goto :cmEnd\r\n  :cmEnd\r\n  endlocal & call :cmErrorLevel %errorlevel% & goto :cmDone\r\n  :cmErrorLevel\r\n  exit /b %1\r\n  :cmDone\r\n  if %errorlevel% neq 0 goto :VCEnd\r\n  :VCEnd\r\nFinalizeBuildStatus:\r\n  \"x64\\Release\\gif_copy_headers_to_destination\\gif_copy.B8CE1EC7.tlog\\unsuccessfulbuild\" \ud30c\uc77c\uc744\r\n   \uc0ad\uc81c\ud558\uace0 \uc788\uc2b5\ub2c8\ub2e4.\r\n  \"x64\\Release\\gif_copy_headers_to_destination\\gif_copy.B8CE1EC7.tlog\\gif_copy_headers_to_de\r\n  stination.lastbuildstate\"\uc5d0 \uc5f0\uacb0(touching)\ud558\uace0 \uc788\uc2b5\ub2c8\ub2e4.\r\n\"D:\\workspace\\tensorflow\\tensorflow\\contrib\\cmake\\build\\gif_copy_headers_to_destination.vcxp\r\nroj\" \ud504\ub85c\uc81d\ud2b8\ub97c \ube4c\ub4dc\ud588\uc2b5\ub2c8\ub2e4(\uae30\ubcf8 \ub300\uc0c1).\r\n\r\n\"D:\\workspace\\tensorflow\\tensorflow\\contrib\\cmake\\build\\tf_core_lib.vcxproj\"(9) \ud504\ub85c\uc81d\ud2b8\uac00 1 \ub178\ub4dc\uc5d0\uc11c\r\n \"D:\\workspace\\tensorflow\\tensorflow\\contrib\\cmake\\build\\highwayhash_copy_headers_to_destina\r\ntion.vcxproj\"(20)\uc744(\ub97c) \ube4c\ub4dc\ud558\uace0 \uc788\uc2b5\ub2c8\ub2e4(\uae30\ubcf8 \ub300\uc0c1).\r\n\"D:\\workspace\\tensorflow\\tensorflow\\contrib\\cmake\\build\\highwayhash_copy_headers_to_destinat\r\nion.vcxproj\"(20) \ud504\ub85c\uc81d\ud2b8\uac00 1 \ub178\ub4dc\uc5d0\uc11c \"D:\\workspace\\tensorflow\\tensorflow\\contrib\\cmake\\build\\highwa\r\nyhash_create_destination_dir.vcxproj\"(21)\uc744(\ub97c) \ube4c\ub4dc\ud558\uace0 \uc788\uc2b5\ub2c8\ub2e4(\uae30\ubcf8 \ub300\uc0c1).\r\n\"D:\\workspace\\tensorflow\\tensorflow\\contrib\\cmake\\build\\highwayhash_create_destination_dir.v\r\ncxproj\"(21) \ud504\ub85c\uc81d\ud2b8\uac00 1 \ub178\ub4dc\uc5d0\uc11c \"D:\\workspace\\tensorflow\\tensorflow\\contrib\\cmake\\build\\highwayhash\r\n.vcxproj\"(22)\uc744(\ub97c) \ube4c\ub4dc\ud558\uace0 \uc788\uc2b5\ub2c8\ub2e4(\uae30\ubcf8 \ub300\uc0c1).\r\nInitializeBuildStatus:\r\n  \"AlwaysCreate\"\uc774(\uac00) \uc9c0\uc815\ub418\uc5c8\uae30 \ub54c\ubb38\uc5d0 \"x64\\Release\\highwayhash\\highwayhash.tlog\\unsuccessfulbuild\"\uc744\r\n  (\ub97c) \ub9cc\ub4e4\uace0 \uc788\uc2b5\ub2c8\ub2e4.\r\nCustomBuild:\r\n  Performing update step for 'highwayhash'\r\nFinalizeBuildStatus:\r\n  \"x64\\Release\\highwayhash\\highwayhash.tlog\\unsuccessfulbuild\" \ud30c\uc77c\uc744 \uc0ad\uc81c\ud558\uace0 \uc788\uc2b5\ub2c8\ub2e4.\r\n  \"x64\\Release\\highwayhash\\highwayhash.tlog\\highwayhash.lastbuildstate\"\uc5d0 \uc5f0\uacb0(touching)\ud558\uace0 \uc788\uc2b5\ub2c8\ub2e4\r\n  .\r\n\"D:\\workspace\\tensorflow\\tensorflow\\contrib\\cmake\\build\\highwayhash.vcxproj\" \ud504\ub85c\uc81d\ud2b8\ub97c \ube4c\ub4dc \ud588\uc2b5\ub2c8\ub2e4(\uae30\ubcf8\r\n \ub300\uc0c1).\r\n\r\nInitializeBuildStatus:\r\n  \"AlwaysCreate\"\uc774(\uac00) \uc9c0\uc815\ub418\uc5c8\uae30 \ub54c\ubb38\uc5d0 \"x64\\Release\\highwayhash_create_destination_dir\\highwayh.B196\r\n  919F.tlog\\unsuccessfulbuild\"\uc744(\ub97c) \ub9cc\ub4e4\uace0 \uc788\uc2b5\ub2c8\ub2e4.\r\nFinalizeBuildStatus:\r\n  \"x64\\Release\\highwayhash_create_destination_dir\\highwayh.B196919F.tlog\\unsuccessfulbuild\"\r\n  \ud30c\uc77c\uc744 \uc0ad\uc81c\ud558\uace0 \uc788\uc2b5\ub2c8\ub2e4.\r\n  \"x64\\Release\\highwayhash_create_destination_dir\\highwayh.B196919F.tlog\\highwayhash_create_\r\n  destination_dir.lastbuildstate\"\uc5d0 \uc5f0\uacb0(touching)\ud558\uace0 \uc788\uc2b5\ub2c8\ub2e4.\r\n\"D:\\workspace\\tensorflow\\tensorflow\\contrib\\cmake\\build\\highwayhash_create_destination_dir.v\r\ncxproj\" \ud504\ub85c\uc81d\ud2b8\ub97c \ube4c\ub4dc\ud588\uc2b5\ub2c8\ub2e4(\uae30\ubcf8 \ub300\uc0c1).\r\n\r\nInitializeBuildStatus:\r\n  \"AlwaysCreate\"\uc774(\uac00) \uc9c0\uc815\ub418\uc5c8\uae30 \ub54c\ubb38\uc5d0 \"x64\\Release\\highwayhash_copy_headers_to_destination\\highwayh\r\n  .E3D19F9A.tlog\\unsuccessfulbuild\"\uc744(\ub97c) \ub9cc\ub4e4\uace0 \uc788\uc2b5\ub2c8\ub2e4.\r\nPreBuildEvent:\r\n  setlocal\r\n  \"C:\\Program Files\\CMake\\bin\\cmake.exe\" -E copy_directory D:/workspace/tensorflow/tensorflo\r\n  w/contrib/cmake/build/highwayhash/install/include/ D:/workspace/tensorflow/tensorflow/cont\r\n  rib/cmake/build/external/highwayhash/highwayhash\r\n  if %errorlevel% neq 0 goto :cmEnd\r\n  :cmEnd\r\n  endlocal & call :cmErrorLevel %errorlevel% & goto :cmDone\r\n  :cmErrorLevel\r\n  exit /b %1\r\n  :cmDone\r\n  if %errorlevel% neq 0 goto :VCEnd\r\n  :VCEnd\r\nFinalizeBuildStatus:\r\n  \"x64\\Release\\highwayhash_copy_headers_to_destination\\highwayh.E3D19F9A.tlog\\unsuccessfulbu\r\n  ild\" \ud30c\uc77c\uc744 \uc0ad\uc81c\ud558\uace0 \uc788\uc2b5\ub2c8\ub2e4.\r\n  \"x64\\Release\\highwayhash_copy_headers_to_destination\\highwayh.E3D19F9A.tlog\\highwayhash_co\r\n  py_headers_to_destination.lastbuildstate\"\uc5d0 \uc5f0\uacb0(touching)\ud558\uace0 \uc788\uc2b5\ub2c8\ub2e4.\r\n\"D:\\workspace\\tensorflow\\tensorflow\\contrib\\cmake\\build\\highwayhash_copy_headers_to_destinat\r\nion.vcxproj\" \ud504\ub85c\uc81d\ud2b8\ub97c \ube4c\ub4dc\ud588\uc2b5\ub2c8\ub2e4(\uae30\ubcf8 \ub300\uc0c1).\r\n\r\n\"D:\\workspace\\tensorflow\\tensorflow\\contrib\\cmake\\build\\tf_core_lib.vcxproj\"(9) \ud504\ub85c\uc81d\ud2b8\uac00 1 \ub178\ub4dc\uc5d0\uc11c\r\n \"D:\\workspace\\tensorflow\\tensorflow\\contrib\\cmake\\build\\jpeg_copy_headers_to_destination.vc\r\nxproj\"(23)\uc744(\ub97c) \ube4c\ub4dc\ud558\uace0 \uc788\uc2b5\ub2c8\ub2e4(\uae30\ubcf8 \ub300\uc0c1).\r\n\"D:\\workspace\\tensorflow\\tensorflow\\contrib\\cmake\\build\\jpeg_copy_headers_to_destination.vcx\r\nproj\"(23) \ud504\ub85c\uc81d\ud2b8\uac00 1 \ub178\ub4dc\uc5d0\uc11c \"D:\\workspace\\tensorflow\\tensorflow\\contrib\\cmake\\build\\jpeg_create_d\r\nestination_dir.vcxproj\"(24)\uc744(\ub97c) \ube4c\ub4dc\ud558\uace0 \uc788\uc2b5\ub2c8\ub2e4(\uae30\ubcf8 \ub300\uc0c1).\r\n\"D:\\workspace\\tensorflow\\tensorflow\\contrib\\cmake\\build\\jpeg_create_destination_dir.vcxproj\"\r\n(24) \ud504\ub85c\uc81d\ud2b8\uac00 1 \ub178\ub4dc\uc5d0\uc11c \"D:\\workspace\\tensorflow\\tensorflow\\contrib\\cmake\\build\\jpeg.vcxproj\"(25)\uc744\r\n(\ub97c) \ube4c\ub4dc\ud558\uace0 \uc788\uc2b5\ub2c8\ub2e4(\uae30\ubcf8 \ub300\uc0c1).\r\nInitializeBuildStatus:\r\n  \"AlwaysCreate\"\uc774(\uac00) \uc9c0\uc815\ub418\uc5c8\uae30 \ub54c\ubb38\uc5d0 \"x64\\Release\\jpeg\\jpeg.tlog\\unsuccessfulbuild\"\uc744(\ub97c) \ub9cc\ub4e4\uace0 \uc788\uc2b5\ub2c8\ub2e4.\r\nFinalizeBuildStatus:\r\n  \"x64\\Release\\jpeg\\jpeg.tlog\\unsuccessfulbuild\" \ud30c\uc77c\uc744 \uc0ad\uc81c\ud558\uace0 \uc788\uc2b5\ub2c8\ub2e4.\r\n  \"x64\\Release\\jpeg\\jpeg.tlog\\jpeg.lastbuildstate\"\uc5d0 \uc5f0\uacb0(touching)\ud558\uace0 \uc788\uc2b5\ub2c8\ub2e4.\r\n\"D:\\workspace\\tensorflow\\tensorflow\\contrib\\cmake\\build\\jpeg.vcxproj\" \ud504\ub85c\uc81d\ud2b8\ub97c \ube4c\ub4dc\ud588\uc2b5\ub2c8\ub2e4(\uae30\ubcf8 \ub300\uc0c1).\r\n\r\nInitializeBuildStatus:\r\n  \"AlwaysCreate\"\uc774(\uac00) \uc9c0\uc815\ub418\uc5c8\uae30 \ub54c\ubb38\uc5d0 \"x64\\Release\\jpeg_create_destination_dir\\jpeg_cre.A5B93FBD.tl\r\n  og\\unsuccessfulbuild\"\uc744(\ub97c) \ub9cc\ub4e4\uace0 \uc788\uc2b5\ub2c8\ub2e4.\r\nFinalizeBuildStatus:\r\n  \"x64\\Release\\jpeg_create_destination_dir\\jpeg_cre.A5B93FBD.tlog\\unsuccessfulbuild\" \ud30c\uc77c\uc744  \uc0ad\uc81c\ud558\r\n  \uace0 \uc788\uc2b5\ub2c8\ub2e4.\r\n  \"x64\\Release\\jpeg_create_destination_dir\\jpeg_cre.A5B93FBD.tlog\\jpeg_create_destination_di\r\n  r.lastbuildstate\"\uc5d0 \uc5f0\uacb0(touching)\ud558\uace0 \uc788\uc2b5\ub2c8\ub2e4.\r\n\"D:\\workspace\\tensorflow\\tensorflow\\contrib\\cmake\\build\\jpeg_create_destination_dir.vcxproj\"\r\n \ud504\ub85c\uc81d\ud2b8\ub97c \ube4c\ub4dc\ud588\uc2b5\ub2c8\ub2e4(\uae30\ubcf8 \ub300\uc0c1).\r\n\r\nInitializeBuildStatus:\r\n  \"AlwaysCreate\"\uc774(\uac00) \uc9c0\uc815\ub418\uc5c8\uae30 \ub54c\ubb38\uc5d0 \"x64\\Release\\jpeg_copy_headers_to_destination\\jpeg_cop.01FA55\r\n  1C.tlog\\unsuccessfulbuild\"\uc744(\ub97c) \ub9cc\ub4e4\uace0 \uc788\uc2b5\ub2c8\ub2e4.\r\nPreBuildEvent:\r\n  setlocal\r\n  \"C:\\Program Files\\CMake\\bin\\cmake.exe\" -E copy_if_different D:/workspace/tensorflow/tensor\r\n  flow/contrib/cmake/build/jpeg/install/include/jconfig.h D:/workspace/tensorflow/tensorflow\r\n  /contrib/cmake/build/external/jpeg_archive\r\n  if %errorlevel% neq 0 goto :cmEnd\r\n  :cmEnd\r\n  endlocal & call :cmErrorLevel %errorlevel% & goto :cmDone\r\n  :cmErrorLevel\r\n  exit /b %1\r\n  :cmDone\r\n  if %errorlevel% neq 0 goto :VCEnd\r\n  setlocal\r\n  \"C:\\Program Files\\CMake\\bin\\cmake.exe\" -E copy_if_different D:/workspace/tensorflow/tensor\r\n  flow/contrib/cmake/build/jpeg/install/include/jerror.h D:/workspace/tensorflow/tensorflow/\r\n  contrib/cmake/build/external/jpeg_archive\r\n  if %errorlevel% neq 0 goto :cmEnd\r\n  :cmEnd\r\n  endlocal & call :cmErrorLevel %errorlevel% & goto :cmDone\r\n  :cmErrorLevel\r\n  exit /b %1\r\n  :cmDone\r\n  if %errorlevel% neq 0 goto :VCEnd\r\n  setlocal\r\n  \"C:\\Program Files\\CMake\\bin\\cmake.exe\" -E copy_if_different D:/workspace/tensorflow/tensor\r\n  flow/contrib/cmake/build/jpeg/install/include/jmorecfg.h D:/workspace/tensorflow/tensorflo\r\n  w/contrib/cmake/build/external/jpeg_archive\r\n  if %errorlevel% neq 0 goto :cmEnd\r\n  :cmEnd\r\n  endlocal & call :cmErrorLevel %errorlevel% & goto :cmDone\r\n  :cmErrorLevel\r\n  exit /b %1\r\n  :cmDone\r\n  if %errorlevel% neq 0 goto :VCEnd\r\n  setlocal\r\n  \"C:\\Program Files\\CMake\\bin\\cmake.exe\" -E copy_if_different D:/workspace/tensorflow/tensor\r\n  flow/contrib/cmake/build/jpeg/install/include/jpeglib.h D:/workspace/tensorflow/tensorflow\r\n  /contrib/cmake/build/external/jpeg_archive\r\n  if %errorlevel% neq 0 goto :cmEnd\r\n  :cmEnd\r\n  endlocal & call :cmErrorLevel %errorlevel% & goto :cmDone\r\n  :cmErrorLevel\r\n  exit /b %1\r\n  :cmDone\r\n  if %errorlevel% neq 0 goto :VCEnd\r\n  setlocal\r\n  \"C:\\Program Files\\CMake\\bin\\cmake.exe\" -E copy_if_different D:/workspace/tensorflow/tensor\r\n  flow/contrib/cmake/build/jpeg/src/jpeg/cderror.h D:/workspace/tensorflow/tensorflow/contri\r\n  b/cmake/build/external/jpeg_archive\r\n  if %errorlevel% neq 0 goto :cmEnd\r\n  :cmEnd\r\n  endlocal & call :cmErrorLevel %errorlevel% & goto :cmDone\r\n  :cmErrorLevel\r\n  exit /b %1\r\n  :cmDone\r\n  if %errorlevel% neq 0 goto :VCEnd\r\n  setlocal\r\n  \"C:\\Program Files\\CMake\\bin\\cmake.exe\" -E copy_if_different D:/workspace/tensorflow/tensor\r\n  flow/contrib/cmake/build/jpeg/src/jpeg/cdjpeg.h D:/workspace/tensorflow/tensorflow/contrib\r\n  /cmake/build/external/jpeg_archive\r\n  if %errorlevel% neq 0 goto :cmEnd\r\n  :cmEnd\r\n  endlocal & call :cmErrorLevel %errorlevel% & goto :cmDone\r\n  :cmErrorLevel\r\n  exit /b %1\r\n  :cmDone\r\n  if %errorlevel% neq 0 goto :VCEnd\r\n  setlocal\r\n  \"C:\\Program Files\\CMake\\bin\\cmake.exe\" -E copy_if_different D:/workspace/tensorflow/tensor\r\n  flow/contrib/cmake/build/jpeg/src/jpeg/jdct.h D:/workspace/tensorflow/tensorflow/contrib/c\r\n  make/build/external/jpeg_archive\r\n  if %errorlevel% neq 0 goto :cmEnd\r\n  :cmEnd\r\n  endlocal & call :cmErrorLevel %errorlevel% & goto :cmDone\r\n  :cmErrorLevel\r\n  exit /b %1\r\n  :cmDone\r\n  if %errorlevel% neq 0 goto :VCEnd\r\n  setlocal\r\n  \"C:\\Program Files\\CMake\\bin\\cmake.exe\" -E copy_if_different D:/workspace/tensorflow/tensor\r\n  flow/contrib/cmake/build/jpeg/src/jpeg/jinclude.h D:/workspace/tensorflow/tensorflow/contr\r\n  ib/cmake/build/external/jpeg_archive\r\n  if %errorlevel% neq 0 goto :cmEnd\r\n  :cmEnd\r\n  endlocal & call :cmErrorLevel %errorlevel% & goto :cmDone\r\n  :cmErrorLevel\r\n  exit /b %1\r\n  :cmDone\r\n  if %errorlevel% neq 0 goto :VCEnd\r\n  setlocal\r\n  \"C:\\Program Files\\CMake\\bin\\cmake.exe\" -E copy_if_different D:/workspace/tensorflow/tensor\r\n  flow/contrib/cmake/build/jpeg/src/jpeg/jmemsys.h D:/workspace/tensorflow/tensorflow/contri\r\n  b/cmake/build/external/jpeg_archive\r\n  if %errorlevel% neq 0 goto :cmEnd\r\n  :cmEnd\r\n  endlocal & call :cmErrorLevel %errorlevel% & goto :cmDone\r\n  :cmErrorLevel\r\n  exit /b %1\r\n  :cmDone\r\n  if %errorlevel% neq 0 goto :VCEnd\r\n  setlocal\r\n  \"C:\\Program Files\\CMake\\bin\\cmake.exe\" -E copy_if_different D:/workspace/tensorflow/tensor\r\n  flow/contrib/cmake/build/jpeg/src/jpeg/jpegint.h D:/workspace/tensorflow/tensorflow/contri\r\n  b/cmake/build/external/jpeg_archive\r\n  if %errorlevel% neq 0 goto :cmEnd\r\n  :cmEnd\r\n  endlocal & call :cmErrorLevel %errorlevel% & goto :cmDone\r\n  :cmErrorLevel\r\n  exit /b %1\r\n  :cmDone\r\n  if %errorlevel% neq 0 goto :VCEnd\r\n  setlocal\r\n  \"C:\\Program Files\\CMake\\bin\\cmake.exe\" -E copy_if_different D:/workspace/tensorflow/tensor\r\n  flow/contrib/cmake/build/jpeg/src/jpeg/jversion.h D:/workspace/tensorflow/tensorflow/contr\r\n  ib/cmake/build/external/jpeg_archive\r\n  if %errorlevel% neq 0 goto :cmEnd\r\n  :cmEnd\r\n  endlocal & call :cmErrorLevel %errorlevel% & goto :cmDone\r\n  :cmErrorLevel\r\n  exit /b %1\r\n  :cmDone\r\n  if %errorlevel% neq 0 goto :VCEnd\r\n  setlocal\r\n  \"C:\\Program Files\\CMake\\bin\\cmake.exe\" -E copy_if_different D:/workspace/tensorflow/tensor\r\n  flow/contrib/cmake/build/jpeg/src/jpeg/transupp.h D:/workspace/tensorflow/tensorflow/contr\r\n  ib/cmake/build/external/jpeg_archive\r\n  if %errorlevel% neq 0 goto :cmEnd\r\n  :cmEnd\r\n  endlocal & call :cmErrorLevel %errorlevel% & goto :cmDone\r\n  :cmErrorLevel\r\n  exit /b %1\r\n  :cmDone\r\n  if %errorlevel% neq 0 goto :VCEnd\r\n  :VCEnd\r\nFinalizeBuildStatus:\r\n  \"x64\\Release\\jpeg_copy_headers_to_destination\\jpeg_cop.01FA551C.tlog\\unsuccessfulbuild\" \ud30c \uc77c\r\n  \uc744 \uc0ad\uc81c\ud558\uace0 \uc788\uc2b5\ub2c8\ub2e4.\r\n  \"x64\\Release\\jpeg_copy_headers_to_destination\\jpeg_cop.01FA551C.tlog\\jpeg_copy_headers_to_\r\n  destination.lastbuildstate\"\uc5d0 \uc5f0\uacb0(touching)\ud558\uace0 \uc788\uc2b5\ub2c8\ub2e4.\r\n\"D:\\workspace\\tensorflow\\tensorflow\\contrib\\cmake\\build\\jpeg_copy_headers_to_destination.vcx\r\nproj\" \ud504\ub85c\uc81d\ud2b8\ub97c \ube4c\ub4dc\ud588\uc2b5\ub2c8\ub2e4(\uae30\ubcf8 \ub300\uc0c1).\r\n\r\n\"D:\\workspace\\tensorflow\\tensorflow\\contrib\\cmake\\build\\tf_core_lib.vcxproj\"(9) \ud504\ub85c\uc81d\ud2b8\uac00 1 \ub178\ub4dc\uc5d0\uc11c\r\n \"D:\\workspace\\tensorflow\\tensorflow\\contrib\\cmake\\build\\jsoncpp.vcxproj\"(26)\uc744(\ub97c) \ube4c\ub4dc\ud558\uace0 \uc788\uc2b5\ub2c8\ub2e4(\r\n\uae30\ubcf8 \ub300\uc0c1).\r\nInitializeBuildStatus:\r\n  \"AlwaysCreate\"\uc774(\uac00) \uc9c0\uc815\ub418\uc5c8\uae30 \ub54c\ubb38\uc5d0 \"x64\\Release\\jsoncpp\\jsoncpp.tlog\\unsuccessfulbuild\"\uc744(\ub97c) \ub9cc\ub4e4\uace0\r\n  \uc788\uc2b5\ub2c8\ub2e4.\r\nCustomBuild:\r\n  Performing update step for 'jsoncpp'\r\nFinalizeBuildStatus:\r\n  \"x64\\Release\\jsoncpp\\jsoncpp.tlog\\unsuccessfulbuild\" \ud30c\uc77c\uc744 \uc0ad\uc81c\ud558\uace0 \uc788\uc2b5\ub2c8\ub2e4.\r\n  \"x64\\Release\\jsoncpp\\jsoncpp.tlog\\jsoncpp.lastbuildstate\"\uc5d0 \uc5f0\uacb0(touching)\ud558\uace0 \uc788\uc2b5\ub2c8\ub2e4.\r\n\"D:\\workspace\\tensorflow\\tensorflow\\contrib\\cmake\\build\\jsoncpp.vcxproj\" \ud504\ub85c\uc81d\ud2b8\ub97c \ube4c\ub4dc\ud588\uc2b5 \ub2c8\ub2e4(\uae30\ubcf8 \ub300\uc0c1)\r\n.\r\n\r\n\"D:\\workspace\\tensorflow\\tensorflow\\contrib\\cmake\\build\\tf_core_lib.vcxproj\"(9) \ud504\ub85c\uc81d\ud2b8\uac00 1 \ub178\ub4dc\uc5d0\uc11c\r\n \"D:\\workspace\\tensorflow\\tensorflow\\contrib\\cmake\\build\\lmdb_copy_headers_to_destination.vc\r\nxproj\"(27)\uc744(\ub97c) \ube4c\ub4dc\ud558\uace0 \uc788\uc2b5\ub2c8\ub2e4(\uae30\ubcf8 \ub300\uc0c1).\r\n\"D:\\workspace\\tensorflow\\tensorflow\\contrib\\cmake\\build\\lmdb_copy_headers_to_destination.vcx\r\nproj\"(27) \ud504\ub85c\uc81d\ud2b8\uac00 1 \ub178\ub4dc\uc5d0\uc11c \"D:\\workspace\\tensorflow\\tensorflow\\contrib\\cmake\\build\\lmdb_create_d\r\nestination_dir.vcxproj\"(28)\uc744(\ub97c) \ube4c\ub4dc\ud558\uace0 \uc788\uc2b5\ub2c8\ub2e4(\uae30\ubcf8 \ub300\uc0c1).\r\n\"D:\\workspace\\tensorflow\\tensorflow\\contrib\\cmake\\build\\lmdb_create_destination_dir.vcxproj\"\r\n(28) \ud504\ub85c\uc81d\ud2b8\uac00 1 \ub178\ub4dc\uc5d0\uc11c \"D:\\workspace\\tensorflow\\tensorflow\\contrib\\cmake\\build\\lmdb.vcxproj\"(29)\uc744\r\n(\ub97c) \ube4c\ub4dc\ud558\uace0 \uc788\uc2b5\ub2c8\ub2e4(\uae30\ubcf8 \ub300\uc0c1).\r\nInitializeBuildStatus:\r\n  \"AlwaysCreate\"\uc774(\uac00) \uc9c0\uc815\ub418\uc5c8\uae30 \ub54c\ubb38\uc5d0 \"x64\\Release\\lmdb\\lmdb.tlog\\unsuccessfulbuild\"\uc744(\ub97c) \ub9cc\ub4e4\uace0 \uc788\uc2b5\ub2c8\ub2e4.\r\nFinalizeBuildStatus:\r\n  \"x64\\Release\\lmdb\\lmdb.tlog\\unsuccessfulbuild\" \ud30c\uc77c\uc744 \uc0ad\uc81c\ud558\uace0 \uc788\uc2b5\ub2c8\ub2e4.\r\n  \"x64\\Release\\lmdb\\lmdb.tlog\\lmdb.lastbuildstate\"\uc5d0 \uc5f0\uacb0(touching)\ud558\uace0 \uc788\uc2b5\ub2c8\ub2e4.\r\n\"D:\\workspace\\tensorflow\\tensorflow\\contrib\\cmake\\build\\lmdb.vcxproj\" \ud504\ub85c\uc81d\ud2b8\ub97c \ube4c\ub4dc\ud588\uc2b5\ub2c8\ub2e4(\uae30\ubcf8 \ub300\uc0c1).\r\n\r\nInitializeBuildStatus:\r\n  \"AlwaysCreate\"\uc774(\uac00) \uc9c0\uc815\ub418\uc5c8\uae30 \ub54c\ubb38\uc5d0 \"x64\\Release\\lmdb_create_destination_dir\\lmdb_cre.EF427DD5.tl\r\n  og\\unsuccessfulbuild\"\uc744(\ub97c) \ub9cc\ub4e4\uace0 \uc788\uc2b5\ub2c8\ub2e4.\r\nFinalizeBuildStatus:\r\n  \"x64\\Release\\lmdb_create_destination_dir\\lmdb_cre.EF427DD5.tlog\\unsuccessfulbuild\" \ud30c\uc77c\uc744  \uc0ad\uc81c\ud558\r\n  \uace0 \uc788\uc2b5\ub2c8\ub2e4.\r\n  \"x64\\Release\\lmdb_create_destination_dir\\lmdb_cre.EF427DD5.tlog\\lmdb_create_destination_di\r\n  r.lastbuildstate\"\uc5d0 \uc5f0\uacb0(touching)\ud558\uace0 \uc788\uc2b5\ub2c8\ub2e4.\r\n\"D:\\workspace\\tensorflow\\tensorflow\\contrib\\cmake\\build\\lmdb_create_destination_dir.vcxproj\"\r\n \ud504\ub85c\uc81d\ud2b8\ub97c \ube4c\ub4dc\ud588\uc2b5\ub2c8\ub2e4(\uae30\ubcf8 \ub300\uc0c1).\r\n\r\nInitializeBuildStatus:\r\n  \"AlwaysCreate\"\uc774(\uac00) \uc9c0\uc815\ub418\uc5c8\uae30 \ub54c\ubb38\uc5d0 \"x64\\Release\\lmdb_copy_headers_to_destination\\lmdb_cop.18AF5D\r\n  C1.tlog\\unsuccessfulbuild\"\uc744(\ub97c) \ub9cc\ub4e4\uace0 \uc788\uc2b5\ub2c8\ub2e4.\r\nPreBuildEvent:\r\n  setlocal\r\n  \"C:\\Program Files\\CMake\\bin\\cmake.exe\" -E copy_if_different D:/workspace/tensorflow/tensor\r\n  flow/contrib/cmake/build/lmdb/install/include/lmdb.h D:/workspace/tensorflow/tensorflow/co\r\n  ntrib/cmake/build/external/lmdb/\r\n  if %errorlevel% neq 0 goto :cmEnd\r\n  :cmEnd\r\n  endlocal & call :cmErrorLevel %errorlevel% & goto :cmDone\r\n  :cmErrorLevel\r\n  exit /b %1\r\n  :cmDone\r\n  if %errorlevel% neq 0 goto :VCEnd\r\n  setlocal\r\n  \"C:\\Program Files\\CMake\\bin\\cmake.exe\" -E copy_if_different D:/workspace/tensorflow/tensor\r\n  flow/contrib/cmake/build/lmdb/install/include/midl.h D:/workspace/tensorflow/tensorflow/co\r\n  ntrib/cmake/build/external/lmdb/\r\n  if %errorlevel% neq 0 goto :cmEnd\r\n  :cmEnd\r\n  endlocal & call :cmErrorLevel %errorlevel% & goto :cmDone\r\n  :cmErrorLevel\r\n  exit /b %1\r\n  :cmDone\r\n  if %errorlevel% neq 0 goto :VCEnd\r\n  :VCEnd\r\nFinalizeBuildStatus:\r\n  \"x64\\Release\\lmdb_copy_headers_to_destination\\lmdb_cop.18AF5DC1.tlog\\unsuccessfulbuild\" \ud30c \uc77c\r\n  \uc744 \uc0ad\uc81c\ud558\uace0 \uc788\uc2b5\ub2c8\ub2e4.\r\n  \"x64\\Release\\lmdb_copy_headers_to_destination\\lmdb_cop.18AF5DC1.tlog\\lmdb_copy_headers_to_\r\n  destination.lastbuildstate\"\uc5d0 \uc5f0\uacb0(touching)\ud558\uace0 \uc788\uc2b5\ub2c8\ub2e4.\r\n\"D:\\workspace\\tensorflow\\tensorflow\\contrib\\cmake\\build\\lmdb_copy_headers_to_destination.vcx\r\nproj\" \ud504\ub85c\uc81d\ud2b8\ub97c \ube4c\ub4dc\ud588\uc2b5\ub2c8\ub2e4(\uae30\ubcf8 \ub300\uc0c1).\r\n\r\n\"D:\\workspace\\tensorflow\\tensorflow\\contrib\\cmake\\build\\tf_core_lib.vcxproj\"(9) \ud504\ub85c\uc81d\ud2b8\uac00 1 \ub178\ub4dc\uc5d0\uc11c\r\n \"D:\\workspace\\tensorflow\\tensorflow\\contrib\\cmake\\build\\png_copy_headers_to_destination.vcx\r\nproj\"(30)\uc744(\ub97c) \ube4c\ub4dc\ud558\uace0 \uc788\uc2b5\ub2c8\ub2e4(\uae30\ubcf8 \ub300\uc0c1).\r\n\"D:\\workspace\\tensorflow\\tensorflow\\contrib\\cmake\\build\\png_copy_headers_to_destination.vcxp\r\nroj\"(30) \ud504\ub85c\uc81d\ud2b8\uac00 1 \ub178\ub4dc\uc5d0\uc11c \"D:\\workspace\\tensorflow\\tensorflow\\contrib\\cmake\\build\\png_create_des\r\ntination_dir.vcxproj\"(31)\uc744(\ub97c) \ube4c\ub4dc\ud558\uace0 \uc788\uc2b5\ub2c8\ub2e4(\uae30\ubcf8 \ub300\uc0c1).\r\n\"D:\\workspace\\tensorflow\\tensorflow\\contrib\\cmake\\build\\png_create_destination_dir.vcxproj\"(\r\n31) \ud504\ub85c\uc81d\ud2b8\uac00 1 \ub178\ub4dc\uc5d0\uc11c \"D:\\workspace\\tensorflow\\tensorflow\\contrib\\cmake\\build\\png.vcxproj\"(32)\uc744(\ub97c\r\n) \ube4c\ub4dc\ud558\uace0 \uc788\uc2b5\ub2c8\ub2e4(\uae30\ubcf8 \ub300\uc0c1).\r\nInitializeBuildStatus:\r\n  \"AlwaysCreate\"\uc774(\uac00) \uc9c0\uc815\ub418\uc5c8\uae30 \ub54c\ubb38\uc5d0 \"x64\\Release\\png\\png.tlog\\unsuccessfulbuild\"\uc744(\ub97c)  \ub9cc\ub4e4\uace0 \uc788\uc2b5\ub2c8\ub2e4.\r\nFinalizeBuildStatus:\r\n  \"x64\\Release\\png\\png.tlog\\unsuccessfulbuild\" \ud30c\uc77c\uc744 \uc0ad\uc81c\ud558\uace0 \uc788\uc2b5\ub2c8\ub2e4.\r\n  \"x64\\Release\\png\\png.tlog\\png.lastbuildstate\"\uc5d0 \uc5f0\uacb0(touching)\ud558\uace0 \uc788\uc2b5\ub2c8\ub2e4.\r\n\"D:\\workspace\\tensorflow\\tensorflow\\contrib\\cmake\\build\\png.vcxproj\" \ud504\ub85c\uc81d\ud2b8\ub97c \ube4c\ub4dc\ud588\uc2b5\ub2c8\ub2e4(\uae30\ubcf8 \ub300\uc0c1).\r\n\r\nInitializeBuildStatus:\r\n  \"AlwaysCreate\"\uc774(\uac00) \uc9c0\uc815\ub418\uc5c8\uae30 \ub54c\ubb38\uc5d0 \"x64\\Release\\png_create_destination_dir\\png_crea.DCB84CF1.tlo\r\n  g\\unsuccessfulbuild\"\uc744(\ub97c) \ub9cc\ub4e4\uace0 \uc788\uc2b5\ub2c8\ub2e4.\r\nFinalizeBuildStatus:\r\n  \"x64\\Release\\png_create_destination_dir\\png_crea.DCB84CF1.tlog\\unsuccessfulbuild\" \ud30c\uc77c\uc744 \uc0ad\uc81c\ud558\uace0\r\n   \uc788\uc2b5\ub2c8\ub2e4.\r\n  \"x64\\Release\\png_create_destination_dir\\png_crea.DCB84CF1.tlog\\png_create_destination_dir.\r\n  lastbuildstate\"\uc5d0 \uc5f0\uacb0(touching)\ud558\uace0 \uc788\uc2b5\ub2c8\ub2e4.\r\n\"D:\\workspace\\tensorflow\\tensorflow\\contrib\\cmake\\build\\png_create_destination_dir.vcxproj\"\r\n\ud504\ub85c\uc81d\ud2b8\ub97c \ube4c\ub4dc\ud588\uc2b5\ub2c8\ub2e4(\uae30\ubcf8 \ub300\uc0c1).\r\n\r\nInitializeBuildStatus:\r\n  \"AlwaysCreate\"\uc774(\uac00) \uc9c0\uc815\ub418\uc5c8\uae30 \ub54c\ubb38\uc5d0 \"x64\\Release\\png_copy_headers_to_destination\\png_copy.153F572\r\n  B.tlog\\unsuccessfulbuild\"\uc744(\ub97c) \ub9cc\ub4e4\uace0 \uc788\uc2b5\ub2c8\ub2e4.\r\nPreBuildEvent:\r\n  setlocal\r\n  \"C:\\Program Files\\CMake\\bin\\cmake.exe\" -E copy_if_different D:/workspace/tensorflow/tensor\r\n  flow/contrib/cmake/build/png/install/include/libpng12/png.h D:/workspace/tensorflow/tensor\r\n  flow/contrib/cmake/build/external/png_archive/\r\n  if %errorlevel% neq 0 goto :cmEnd\r\n  :cmEnd\r\n  endlocal & call :cmErrorLevel %errorlevel% & goto :cmDone\r\n  :cmErrorLevel\r\n  exit /b %1\r\n  :cmDone\r\n  if %errorlevel% neq 0 goto :VCEnd\r\n  setlocal\r\n  \"C:\\Program Files\\CMake\\bin\\cmake.exe\" -E copy_if_different D:/workspace/tensorflow/tensor\r\n  flow/contrib/cmake/build/png/install/include/libpng12/pngconf.h D:/workspace/tensorflow/te\r\n  nsorflow/contrib/cmake/build/external/png_archive/\r\n  if %errorlevel% neq 0 goto :cmEnd\r\n  :cmEnd\r\n  endlocal & call :cmErrorLevel %errorlevel% & goto :cmDone\r\n  :cmErrorLevel\r\n  exit /b %1\r\n  :cmDone\r\n  if %errorlevel% neq 0 goto :VCEnd\r\n  :VCEnd\r\nFinalizeBuildStatus:\r\n  \"x64\\Release\\png_copy_headers_to_destination\\png_copy.153F572B.tlog\\unsuccessfulbuild\" \ud30c\uc77c\uc744\r\n   \uc0ad\uc81c\ud558\uace0 \uc788\uc2b5\ub2c8\ub2e4.\r\n  \"x64\\Release\\png_copy_headers_to_destination\\png_copy.153F572B.tlog\\png_copy_headers_to_de\r\n  stination.lastbuildstate\"\uc5d0 \uc5f0\uacb0(touching)\ud558\uace0 \uc788\uc2b5\ub2c8\ub2e4.\r\n\"D:\\workspace\\tensorflow\\tensorflow\\contrib\\cmake\\build\\png_copy_headers_to_destination.vcxp\r\nroj\" \ud504\ub85c\uc81d\ud2b8\ub97c \ube4c\ub4dc\ud588\uc2b5\ub2c8\ub2e4(\uae30\ubcf8 \ub300\uc0c1).\r\n\r\n\"D:\\workspace\\tensorflow\\tensorflow\\contrib\\cmake\\build\\tf_core_lib.vcxproj\"(9) \ud504\ub85c\uc81d\ud2b8\uac00 1 \ub178\ub4dc\uc5d0\uc11c\r\n \"D:\\workspace\\tensorflow\\tensorflow\\contrib\\cmake\\build\\re2.vcxproj\"(33)\uc744(\ub97c) \ube4c\ub4dc\ud558\uace0 \uc788\uc2b5\ub2c8\ub2e4(\uae30\ubcf8 \ub300\r\n\uc0c1).\r\nInitializeBuildStatus:\r\n  \"AlwaysCreate\"\uc774(\uac00) \uc9c0\uc815\ub418\uc5c8\uae30 \ub54c\ubb38\uc5d0 \"x64\\Release\\re2\\re2.tlog\\unsuccessfulbuild\"\uc744(\ub97c)  \ub9cc\ub4e4\uace0 \uc788\uc2b5\ub2c8\ub2e4.\r\nCustomBuild:\r\n  Performing update step for 're2'\r\nFinalizeBuildStatus:\r\n  \"x64\\Release\\re2\\re2.tlog\\unsuccessfulbuild\" \ud30c\uc77c\uc744 \uc0ad\uc81c\ud558\uace0 \uc788\uc2b5\ub2c8\ub2e4.\r\n  \"x64\\Release\\re2\\re2.tlog\\re2.lastbuildstate\"\uc5d0 \uc5f0\uacb0(touching)\ud558\uace0 \uc788\uc2b5\ub2c8\ub2e4.\r\n\"D:\\workspace\\tensorflow\\tensorflow\\contrib\\cmake\\build\\re2.vcxproj\" \ud504\ub85c\uc81d\ud2b8\ub97c \ube4c\ub4dc\ud588\uc2b5\ub2c8\ub2e4(\uae30\ubcf8 \ub300\uc0c1).\r\n\r\n\"D:\\workspace\\tensorflow\\tensorflow\\contrib\\cmake\\build\\tf_core_lib.vcxproj\"(9) \ud504\ub85c\uc81d\ud2b8\uac00 1 \ub178\ub4dc\uc5d0\uc11c\r\n \"D:\\workspace\\tensorflow\\tensorflow\\contrib\\cmake\\build\\tf_protos_cc.vcxproj\"(34)\uc744(\ub97c) \ube4c\ub4dc\ud558\uace0\r\n\uc788\uc2b5\ub2c8\ub2e4(\uae30\ubcf8 \ub300\uc0c1).\r\nInitializeBuildStatus:\r\n  \"AlwaysCreate\"\uc774(\uac00) \uc9c0\uc815\ub418\uc5c8\uae30 \ub54c\ubb38\uc5d0 \"tf_protos_cc.dir\\Release\\tf_protos_cc.tlog\\unsuccessfulbuild\r\n  \"\uc744(\ub97c) \ub9cc\ub4e4\uace0 \uc788\uc2b5\ub2c8\ub2e4.\r\nCustomBuild:\r\n  \ubaa8\ub4e0 \ucd9c\ub825\uc774 \ucd5c\uc2e0 \uc0c1\ud0dc\uc785\ub2c8\ub2e4.\r\nClCompile:\r\n  \ubaa8\ub4e0 \ucd9c\ub825\uc774 \ucd5c\uc2e0 \uc0c1\ud0dc\uc785\ub2c8\ub2e4.\r\nLib:\r\n  \ubaa8\ub4e0 \ucd9c\ub825\uc774 \ucd5c\uc2e0 \uc0c1\ud0dc\uc785\ub2c8\ub2e4.\r\n  tf_protos_cc.vcxproj -> D:\\workspace\\tensorflow\\tensorflow\\contrib\\cmake\\build\\Release\\tf_\r\n  protos_cc.lib\r\nFinalizeBuildStatus:\r\n  \"tf_protos_cc.dir\\Release\\tf_protos_cc.tlog\\unsuccessfulbuild\" \ud30c\uc77c\uc744 \uc0ad\uc81c\ud558\uace0 \uc788\uc2b5\ub2c8\ub2e4.\r\n  \"tf_protos_cc.dir\\Release\\tf_protos_cc.tlog\\tf_protos_cc.lastbuildstate\"\uc5d0 \uc5f0\uacb0(touching)\ud558\uace0 \uc788\r\n  \uc2b5\ub2c8\ub2e4.\r\n\"D:\\workspace\\tensorflow\\tensorflow\\contrib\\cmake\\build\\tf_protos_cc.vcxproj\" \ud504\ub85c\uc81d\ud2b8\ub97c \ube4c\ub4dc\ud588\uc2b5\ub2c8\ub2e4(\uae30\r\n\ubcf8 \ub300\uc0c1).\r\n\r\n\"D:\\workspace\\tensorflow\\tensorflow\\contrib\\cmake\\build\\tf_core_lib.vcxproj\"(9) \ud504\ub85c\uc81d\ud2b8\uac00 1 \ub178\ub4dc\uc5d0\uc11c\r\n \"D:\\workspace\\tensorflow\\tensorflow\\contrib\\cmake\\build\\zlib_copy_headers_to_destination.vc\r\nxproj\"(35)\uc744(\ub97c) \ube4c\ub4dc\ud558\uace0 \uc788\uc2b5\ub2c8\ub2e4(\uae30\ubcf8 \ub300\uc0c1).\r\n\"D:\\workspace\\tensorflow\\tensorflow\\contrib\\cmake\\build\\zlib_copy_headers_to_destination.vcx\r\nproj\"(35) \ud504\ub85c\uc81d\ud2b8\uac00 1 \ub178\ub4dc\uc5d0\uc11c \"D:\\workspace\\tensorflow\\tensorflow\\contrib\\cmake\\build\\zlib_create_d\r\nestination_dir.vcxproj\"(36)\uc744(\ub97c) \ube4c\ub4dc\ud558\uace0 \uc788\uc2b5\ub2c8\ub2e4(\uae30\ubcf8 \ub300\uc0c1).\r\nInitializeBuildStatus:\r\n  \"AlwaysCreate\"\uc774(\uac00) \uc9c0\uc815\ub418\uc5c8\uae30 \ub54c\ubb38\uc5d0 \"x64\\Release\\zlib_create_destination_dir\\zlib_cre.A3320549.tl\r\n  og\\unsuccessfulbuild\"\uc744(\ub97c) \ub9cc\ub4e4\uace0 \uc788\uc2b5\ub2c8\ub2e4.\r\nFinalizeBuildStatus:\r\n  \"x64\\Release\\zlib_create_destination_dir\\zlib_cre.A3320549.tlog\\unsuccessfulbuild\" \ud30c\uc77c\uc744  \uc0ad\uc81c\ud558\r\n  \uace0 \uc788\uc2b5\ub2c8\ub2e4.\r\n  \"x64\\Release\\zlib_create_destination_dir\\zlib_cre.A3320549.tlog\\zlib_create_destination_di\r\n  r.lastbuildstate\"\uc5d0 \uc5f0\uacb0(touching)\ud558\uace0 \uc788\uc2b5\ub2c8\ub2e4.\r\n\"D:\\workspace\\tensorflow\\tensorflow\\contrib\\cmake\\build\\zlib_create_destination_dir.vcxproj\"\r\n \ud504\ub85c\uc81d\ud2b8\ub97c \ube4c\ub4dc\ud588\uc2b5\ub2c8\ub2e4(\uae30\ubcf8 \ub300\uc0c1).\r\n\r\nInitializeBuildStatus:\r\n  \"AlwaysCreate\"\uc774(\uac00) \uc9c0\uc815\ub418\uc5c8\uae30 \ub54c\ubb38\uc5d0 \"x64\\Release\\zlib_copy_headers_to_destination\\zlib_cop.ED29D1\r\n  64.tlog\\unsuccessfulbuild\"\uc744(\ub97c) \ub9cc\ub4e4\uace0 \uc788\uc2b5\ub2c8\ub2e4.\r\nPreBuildEvent:\r\n  setlocal\r\n  \"C:\\Program Files\\CMake\\bin\\cmake.exe\" -E copy_if_different D:/workspace/tensorflow/tensor\r\n  flow/contrib/cmake/build/zlib/install/include/zconf.h D:/workspace/tensorflow/tensorflow/c\r\n  ontrib/cmake/build/external/zlib_archive\r\n  if %errorlevel% neq 0 goto :cmEnd\r\n  :cmEnd\r\n  endlocal & call :cmErrorLevel %errorlevel% & goto :cmDone\r\n  :cmErrorLevel\r\n  exit /b %1\r\n  :cmDone\r\n  if %errorlevel% neq 0 goto :VCEnd\r\n  setlocal\r\n  \"C:\\Program Files\\CMake\\bin\\cmake.exe\" -E copy_if_different D:/workspace/tensorflow/tensor\r\n  flow/contrib/cmake/build/zlib/install/include/zlib.h D:/workspace/tensorflow/tensorflow/co\r\n  ntrib/cmake/build/external/zlib_archive\r\n  if %errorlevel% neq 0 goto :cmEnd\r\n  :cmEnd\r\n  endlocal & call :cmErrorLevel %errorlevel% & goto :cmDone\r\n  :cmErrorLevel\r\n  exit /b %1\r\n  :cmDone\r\n  if %errorlevel% neq 0 goto :VCEnd\r\n  :VCEnd\r\nFinalizeBuildStatus:\r\n  \"x64\\Release\\zlib_copy_headers_to_destination\\zlib_cop.ED29D164.tlog\\unsuccessfulbuild\" \ud30c \uc77c\r\n  \uc744 \uc0ad\uc81c\ud558\uace0 \uc788\uc2b5\ub2c8\ub2e4.\r\n  \"x64\\Release\\zlib_copy_headers_to_destination\\zlib_cop.ED29D164.tlog\\zlib_copy_headers_to_\r\n  destination.lastbuildstate\"\uc5d0 \uc5f0\uacb0(touching)\ud558\uace0 \uc788\uc2b5\ub2c8\ub2e4.\r\n\"D:\\workspace\\tensorflow\\tensorflow\\contrib\\cmake\\build\\zlib_copy_headers_to_destination.vcx\r\nproj\" \ud504\ub85c\uc81d\ud2b8\ub97c \ube4c\ub4dc\ud588\uc2b5\ub2c8\ub2e4(\uae30\ubcf8 \ub300\uc0c1).\r\n\r\nInitializeBuildStatus:\r\n  \"AlwaysCreate\"\uc774(\uac00) \uc9c0\uc815\ub418\uc5c8\uae30 \ub54c\ubb38\uc5d0 \"tf_core_lib.dir\\Release\\tf_core_lib.tlog\\unsuccessfulbuild\"\uc744\r\n  (\ub97c) \ub9cc\ub4e4\uace0 \uc788\uc2b5\ub2c8\ub2e4.\r\nCustomBuild:\r\n  \ubaa8\ub4e0 \ucd9c\ub825\uc774 \ucd5c\uc2e0 \uc0c1\ud0dc\uc785\ub2c8\ub2e4.\r\nClCompile:\r\n  \ubaa8\ub4e0 \ucd9c\ub825\uc774 \ucd5c\uc2e0 \uc0c1\ud0dc\uc785\ub2c8\ub2e4.\r\n  \ubaa8\ub4e0 \ucd9c\ub825\uc774 \ucd5c\uc2e0 \uc0c1\ud0dc\uc785\ub2c8\ub2e4.\r\n  \ubaa8\ub4e0 \ucd9c\ub825\uc774 \ucd5c\uc2e0 \uc0c1\ud0dc\uc785\ub2c8\ub2e4.\r\n  \ubaa8\ub4e0 \ucd9c\ub825\uc774 \ucd5c\uc2e0 \uc0c1\ud0dc\uc785\ub2c8\ub2e4.\r\n  \ubaa8\ub4e0 \ucd9c\ub825\uc774 \ucd5c\uc2e0 \uc0c1\ud0dc\uc785\ub2c8\ub2e4.\r\n  \ubaa8\ub4e0 \ucd9c\ub825\uc774 \ucd5c\uc2e0 \uc0c1\ud0dc\uc785\ub2c8\ub2e4.\r\n  \ubaa8\ub4e0 \ucd9c\ub825\uc774 \ucd5c\uc2e0 \uc0c1\ud0dc\uc785\ub2c8\ub2e4.\r\n  \ubaa8\ub4e0 \ucd9c\ub825\uc774 \ucd5c\uc2e0 \uc0c1\ud0dc\uc785\ub2c8\ub2e4.\r\n  \ubaa8\ub4e0 \ucd9c\ub825\uc774 \ucd5c\uc2e0 \uc0c1\ud0dc\uc785\ub2c8\ub2e4.\r\n  \ubaa8\ub4e0 \ucd9c\ub825\uc774 \ucd5c\uc2e0 \uc0c1\ud0dc\uc785\ub2c8\ub2e4.\r\n  \ubaa8\ub4e0 \ucd9c\ub825\uc774 \ucd5c\uc2e0 \uc0c1\ud0dc\uc785\ub2c8\ub2e4.\r\nLib:\r\n  \ubaa8\ub4e0 \ucd9c\ub825\uc774 \ucd5c\uc2e0 \uc0c1\ud0dc\uc785\ub2c8\ub2e4.\r\n  tf_core_lib.vcxproj -> D:\\workspace\\tensorflow\\tensorflow\\contrib\\cmake\\build\\tf_core_lib.\r\n  dir\\Release\\tf_core_lib.lib\r\nFinalizeBuildStatus:\r\n  \"tf_core_lib.dir\\Release\\tf_core_lib.tlog\\unsuccessfulbuild\" \ud30c\uc77c\uc744 \uc0ad\uc81c\ud558\uace0 \uc788\uc2b5\ub2c8\ub2e4.\r\n  \"tf_core_lib.dir\\Release\\tf_core_lib.tlog\\tf_core_lib.lastbuildstate\"\uc5d0 \uc5f0\uacb0(touching)\ud558\uace0 \uc788\uc2b5\ub2c8\ub2e4\r\n  .\r\n\"D:\\workspace\\tensorflow\\tensorflow\\contrib\\cmake\\build\\tf_core_lib.vcxproj\" \ud504\ub85c\uc81d\ud2b8\ub97c \ube4c\ub4dc \ud588\uc2b5\ub2c8\ub2e4(\uae30\ubcf8\r\n \ub300\uc0c1).\r\n\r\nInitializeBuildStatus:\r\n  \"proto_text.dir\\Release\\proto_text.tlog\\unsuccessfulbuild\"\uc5d0 \uc5f0\uacb0(touching)\ud558\uace0 \uc788\uc2b5\ub2c8\ub2e4.\r\nCustomBuild:\r\n  \ubaa8\ub4e0 \ucd9c\ub825\uc774 \ucd5c\uc2e0 \uc0c1\ud0dc\uc785\ub2c8\ub2e4.\r\nClCompile:\r\n  \ubaa8\ub4e0 \ucd9c\ub825\uc774 \ucd5c\uc2e0 \uc0c1\ud0dc\uc785\ub2c8\ub2e4.\r\nLink:\r\n  C:\\Program Files (x86)\\Microsoft Visual Studio 14.0\\VC\\bin\\amd64\\link.exe /ERRORREPORT:QUE\r\n  UE /OUT:\"D:\\workspace\\tensorflow\\tensorflow\\contrib\\cmake\\build\\Release\\proto_text.exe\" /I\r\n  NCREMENTAL:NO /NOLOGO kernel32.lib user32.lib gdi32.lib winspool.lib shell32.lib ole32.lib\r\n   oleaut32.lib uuid.lib comdlg32.lib advapi32.lib zlib\\install\\lib\\zlibstatic.lib gif\\insta\r\n  ll\\lib\\giflib.lib png\\install\\lib\\libpng12_static.lib jpeg\\install\\lib\\libjpeg.lib lmdb\\in\r\n  stall\\lib\\lmdb.lib jsoncpp\\src\\jsoncpp\\src\\lib_json\\Release\\jsoncpp.lib farmhash\\install\\l\r\n  ib\\farmhash.lib fft2d\\\\src\\lib\\fft2d.lib highwayhash\\install\\lib\\highwayhash.lib protobuf\\\r\n  src\\protobuf\\Release\\libprotobuf.lib re2\\src\\re2\\Release\\re2.lib grpc\\src\\grpc\\Release\\grp\r\n  c++_unsecure.lib grpc\\src\\grpc\\Release\\grpc_unsecure.lib grpc\\src\\grpc\\Release\\gpr.lib wso\r\n  ck32.lib ws2_32.lib shlwapi.lib \"C:\\Program Files\\NVIDIA GPU Computing Toolkit\\CUDA\\v8.0\\l\r\n  ib\\x64\\cudart_static.lib\" \"C:\\Program Files\\NVIDIA GPU Computing Toolkit\\CUDA\\v8.0\\lib\\x64\r\n  \\cuda.lib\" \"C:\\Program Files\\NVIDIA GPU Computing Toolkit\\CUDA\\v8.0\\lib\\x64\\cublas.lib\" \"C\r\n  :\\Program Files\\NVIDIA GPU Computing Toolkit\\CUDA\\v8.0\\lib\\x64\\cublas_device.lib\" \"C:\\Prog\r\n  ram Files\\NVIDIA GPU Computing Toolkit\\CUDA\\v8.0\\lib\\x64\\cufft.lib\" \"C:\\Program Files\\NVID\r\n  IA GPU Computing Toolkit\\CUDA\\v8.0\\lib\\x64\\curand.lib\" \"C:\\Program Files\\NVIDIA GPU Comput\r\n  ing Toolkit\\CUDA\\v8.0\\extras\\CUPTI\\libx64\\cupti.lib\" \"C:\\Program Files\\NVIDIA GPU Computin\r\n  g Toolkit\\CUDA\\v8.0\\lib\\x64\\cusolver.lib\" \"C:\\Program Files\\NVIDIA GPU Computing Toolkit\\C\r\n  UDA\\v8.0\\lib\\x64\\cudnn.lib\" Release\\tf_protos_cc.lib /MANIFEST /MANIFESTUAC:\"level='asInvo\r\n  ker' uiAccess='false'\" /manifest:embed /PDB:\"D:/workspace/tensorflow/tensorflow/contrib/cm\r\n  ake/build/Release/proto_text.pdb\" /SUBSYSTEM:CONSOLE /TLBID:1 /DYNAMICBASE /NXCOMPAT /IMPL\r\n  IB:\"D:/workspace/tensorflow/tensorflow/contrib/cmake/build/Release/proto_text.lib\" /MACHIN\r\n  E:X64  /machine:x64 /ignore:4049 /ignore:4197 /ignore:4217 /ignore:4221 proto_text.dir\\Rel\r\n  ease\\gen_proto_text_functions.obj\r\n  proto_text.dir\\Release\\gen_proto_text_functions_lib.obj\r\n  D:\\workspace\\tensorflow\\tensorflow\\contrib\\cmake\\build\\tf_core_lib.dir\\Release\\arena.obj\r\n  D:\\workspace\\tensorflow\\tensorflow\\contrib\\cmake\\build\\tf_core_lib.dir\\Release\\bitmap.obj\r\n  D:\\workspace\\tensorflow\\tensorflow\\contrib\\cmake\\build\\tf_core_lib.dir\\Release\\coding.obj\r\n  D:\\workspace\\tensorflow\\tensorflow\\contrib\\cmake\\build\\tf_core_lib.dir\\Release\\status.obj\r\n  D:\\workspace\\tensorflow\\tensorflow\\contrib\\cmake\\build\\tf_core_lib.dir\\Release\\stringpiece\r\n  .obj\r\n  D:\\workspace\\tensorflow\\tensorflow\\contrib\\cmake\\build\\tf_core_lib.dir\\Release\\threadpool.\r\n  obj\r\n  D:\\workspace\\tensorflow\\tensorflow\\contrib\\cmake\\build\\tf_core_lib.dir\\Release\\gif_io.obj\r\n  D:\\workspace\\tensorflow\\tensorflow\\contrib\\cmake\\build\\tf_core_lib.dir\\Release\\crc32c.obj\r\n  D:\\workspace\\tensorflow\\tensorflow\\contrib\\cmake\\build\\tf_core_lib.dir\\Release\\crc32c_acce\r\n  lerate.obj\r\n  D:\\workspace\\tensorflow\\tensorflow\\contrib\\cmake\\build\\tf_core_lib.dir\\Release\\hash.obj\r\n  D:\\workspace\\tensorflow\\tensorflow\\contrib\\cmake\\build\\tf_core_lib.dir\\Release\\histogram.o\r\n  bj\r\n  D:\\workspace\\tensorflow\\tensorflow\\contrib\\cmake\\build\\tf_core_lib.dir\\Release\\block.obj\r\n  D:\\workspace\\tensorflow\\tensorflow\\contrib\\cmake\\build\\tf_core_lib.dir\\Release\\block_build\r\n  er.obj\r\n  D:\\workspace\\tensorflow\\tensorflow\\contrib\\cmake\\build\\tf_core_lib.dir\\Release\\buffered_in\r\n  putstream.obj\r\n  D:\\workspace\\tensorflow\\tensorflow\\contrib\\cmake\\build\\tf_core_lib.dir\\Release\\compression\r\n  .obj\r\n  D:\\workspace\\tensorflow\\tensorflow\\contrib\\cmake\\build\\tf_core_lib.dir\\Release\\format.obj\r\n  D:\\workspace\\tensorflow\\tensorflow\\contrib\\cmake\\build\\tf_core_lib.dir\\Release\\inputbuffer\r\n  .obj\r\n  D:\\workspace\\tensorflow\\tensorflow\\contrib\\cmake\\build\\tf_core_lib.dir\\Release\\inputstream\r\n  _interface.obj\r\n  D:\\workspace\\tensorflow\\tensorflow\\contrib\\cmake\\build\\tf_core_lib.dir\\Release\\iterator.ob\r\n  j\r\n  D:\\workspace\\tensorflow\\tensorflow\\contrib\\cmake\\build\\tf_core_lib.dir\\Release\\path.obj\r\n  D:\\workspace\\tensorflow\\tensorflow\\contrib\\cmake\\build\\tf_core_lib.dir\\Release\\random_inpu\r\n  tstream.obj\r\n  D:\\workspace\\tensorflow\\tensorflow\\contrib\\cmake\\build\\tf_core_lib.dir\\Release\\record_read\r\n  er.obj\r\n  D:\\workspace\\tensorflow\\tensorflow\\contrib\\cmake\\build\\tf_core_lib.dir\\Release\\record_writ\r\n  er.obj\r\n  D:\\workspace\\tensorflow\\tensorflow\\contrib\\cmake\\build\\tf_core_lib.dir\\Release\\snappy_inpu\r\n  tbuffer.obj\r\n  D:\\workspace\\tensorflow\\tensorflow\\contrib\\cmake\\build\\tf_core_lib.dir\\Release\\snappy_outp\r\n  utbuffer.obj\r\n  D:\\workspace\\tensorflow\\tensorflow\\contrib\\cmake\\build\\tf_core_lib.dir\\Release\\table.obj\r\n  D:\\workspace\\tensorflow\\tensorflow\\contrib\\cmake\\build\\tf_core_lib.dir\\Release\\table_build\r\n  er.obj\r\n  D:\\workspace\\tensorflow\\tensorflow\\contrib\\cmake\\build\\tf_core_lib.dir\\Release\\two_level_i\r\n  terator.obj\r\n  D:\\workspace\\tensorflow\\tensorflow\\contrib\\cmake\\build\\tf_core_lib.dir\\Release\\zlib_inputs\r\n  tream.obj\r\n  D:\\workspace\\tensorflow\\tensorflow\\contrib\\cmake\\build\\tf_core_lib.dir\\Release\\zlib_output\r\n  buffer.obj\r\n  D:\\workspace\\tensorflow\\tensorflow\\contrib\\cmake\\build\\tf_core_lib.dir\\Release\\jpeg_handle\r\n  .obj\r\n  D:\\workspace\\tensorflow\\tensorflow\\contrib\\cmake\\build\\tf_core_lib.dir\\Release\\jpeg_mem.ob\r\n  j\r\n  D:\\workspace\\tensorflow\\tensorflow\\contrib\\cmake\\build\\tf_core_lib.dir\\Release\\collection_\r\n  registry.obj\r\n  D:\\workspace\\tensorflow\\tensorflow\\contrib\\cmake\\build\\tf_core_lib.dir\\Release\\png_io.obj\r\n  D:\\workspace\\tensorflow\\tensorflow\\contrib\\cmake\\build\\tf_core_lib.dir\\Release\\distributio\r\n  n_sampler.obj\r\n  D:\\workspace\\tensorflow\\tensorflow\\contrib\\cmake\\build\\tf_core_lib.dir\\Release\\random.obj\r\n  D:\\workspace\\tensorflow\\tensorflow\\contrib\\cmake\\build\\tf_core_lib.dir\\Release\\simple_phil\r\n  ox.obj\r\n  D:\\workspace\\tensorflow\\tensorflow\\contrib\\cmake\\build\\tf_core_lib.dir\\Release\\weighted_pi\r\n  cker.obj\r\n  D:\\workspace\\tensorflow\\tensorflow\\contrib\\cmake\\build\\tf_core_lib.dir\\Release\\base64.obj\r\n  D:\\workspace\\tensorflow\\tensorflow\\contrib\\cmake\\build\\tf_core_lib.dir\\Release\\numbers.obj\r\n  D:\\workspace\\tensorflow\\tensorflow\\contrib\\cmake\\build\\tf_core_lib.dir\\Release\\ordered_cod\r\n  e.obj\r\n  D:\\workspace\\tensorflow\\tensorflow\\contrib\\cmake\\build\\tf_core_lib.dir\\Release\\proto_text_\r\n  util.obj\r\n  D:\\workspace\\tensorflow\\tensorflow\\contrib\\cmake\\build\\tf_core_lib.dir\\Release\\scanner.obj\r\n  D:\\workspace\\tensorflow\\tensorflow\\contrib\\cmake\\build\\tf_core_lib.dir\\Release\\str_util.ob\r\n  j\r\n  D:\\workspace\\tensorflow\\tensorflow\\contrib\\cmake\\build\\tf_core_lib.dir\\Release\\strcat.obj\r\n  D:\\workspace\\tensorflow\\tensorflow\\contrib\\cmake\\build\\tf_core_lib.dir\\Release\\stringprint\r\n  f.obj\r\n  D:\\workspace\\tensorflow\\tensorflow\\contrib\\cmake\\build\\tf_core_lib.dir\\Release\\wav_io.obj\r\n  D:\\workspace\\tensorflow\\tensorflow\\contrib\\cmake\\build\\tf_core_lib.dir\\Release\\cpu_feature\r\n  _guard.obj\r\n  D:\\workspace\\tensorflow\\tensorflow\\contrib\\cmake\\build\\tf_core_lib.dir\\Release\\cpu_info.ob\r\n  j\r\n  D:\\workspace\\tensorflow\\tensorflow\\contrib\\cmake\\build\\tf_core_lib.dir\\Release\\D_\\workspac\r\n  e\\tensorflow\\tensorflow\\core\\platform\\cuda_libdevice_path.cc.obj\r\n  D:\\workspace\\tensorflow\\tensorflow\\contrib\\cmake\\build\\tf_core_lib.dir\\Release\\denormal.ob\r\n  j\r\n  D:\\workspace\\tensorflow\\tensorflow\\contrib\\cmake\\build\\tf_core_lib.dir\\Release\\D_\\workspac\r\n  e\\tensorflow\\tensorflow\\core\\platform\\env.cc.obj\r\n  D:\\workspace\\tensorflow\\tensorflow\\contrib\\cmake\\build\\tf_core_lib.dir\\Release\\D_\\workspac\r\n  e\\tensorflow\\tensorflow\\core\\platform\\env_time.cc.obj\r\n  D:\\workspace\\tensorflow\\tensorflow\\contrib\\cmake\\build\\tf_core_lib.dir\\Release\\file_system\r\n  .obj\r\n  D:\\workspace\\tensorflow\\tensorflow\\contrib\\cmake\\build\\tf_core_lib.dir\\Release\\protobuf_ut\r\n  il.obj\r\n  D:\\workspace\\tensorflow\\tensorflow\\contrib\\cmake\\build\\tf_core_lib.dir\\Release\\setround.ob\r\n  j\r\n  D:\\workspace\\tensorflow\\tensorflow\\contrib\\cmake\\build\\tf_core_lib.dir\\Release\\tensor_codi\r\n  ng.obj\r\n  D:\\workspace\\tensorflow\\tensorflow\\contrib\\cmake\\build\\tf_core_lib.dir\\Release\\D_\\workspac\r\n  e\\tensorflow\\tensorflow\\core\\platform\\tracing.cc.obj\r\n  D:\\workspace\\tensorflow\\tensorflow\\contrib\\cmake\\build\\tf_core_lib.dir\\Release\\D_\\workspac\r\n  e\\tensorflow\\tensorflow\\core\\platform\\default\\cuda_libdevice_path.cc.obj\r\n  D:\\workspace\\tensorflow\\tensorflow\\contrib\\cmake\\build\\tf_core_lib.dir\\Release\\gpu_tracer.\r\n  obj\r\n  D:\\workspace\\tensorflow\\tensorflow\\contrib\\cmake\\build\\tf_core_lib.dir\\Release\\logging.obj\r\n  D:\\workspace\\tensorflow\\tensorflow\\contrib\\cmake\\build\\tf_core_lib.dir\\Release\\protobuf.ob\r\n  j\r\n  D:\\workspace\\tensorflow\\tensorflow\\contrib\\cmake\\build\\tf_core_lib.dir\\Release\\D_\\workspac\r\n  e\\tensorflow\\tensorflow\\core\\platform\\default\\tracing.cc.obj\r\n  D:\\workspace\\tensorflow\\tensorflow\\contrib\\cmake\\build\\tf_core_lib.dir\\Release\\resource_ha\r\n  ndle.obj\r\n  D:\\workspace\\tensorflow\\tensorflow\\contrib\\cmake\\build\\tf_core_lib.dir\\Release\\D_\\workspac\r\n  e\\tensorflow\\tensorflow\\core\\platform\\windows\\env.cc.obj\r\n  D:\\workspace\\tensorflow\\tensorflow\\contrib\\cmake\\build\\tf_core_lib.dir\\Release\\D_\\workspac\r\n  e\\tensorflow\\tensorflow\\core\\platform\\windows\\env_time.cc.obj\r\n  D:\\workspace\\tensorflow\\tensorflow\\contrib\\cmake\\build\\tf_core_lib.dir\\Release\\D_\\workspac\r\n  e\\tensorflow\\tensorflow\\core\\platform\\windows\\error.cc.obj\r\n  D:\\workspace\\tensorflow\\tensorflow\\contrib\\cmake\\build\\tf_core_lib.dir\\Release\\net.obj\r\n  D:\\workspace\\tensorflow\\tensorflow\\contrib\\cmake\\build\\tf_core_lib.dir\\Release\\port.obj\r\n  D:\\workspace\\tensorflow\\tensorflow\\contrib\\cmake\\build\\tf_core_lib.dir\\Release\\windows_fil\r\n  e_system.obj\r\n  D:\\workspace\\tensorflow\\tensorflow\\contrib\\cmake\\build\\tf_core_lib.dir\\Release\\D_\\workspac\r\n  e\\tensorflow\\tensorflow\\core\\platform\\posix\\error.cc.obj\r\ngpu_tracer.obj : error LNK2019: \"public: void __cdecl tensorflow::StepStatsCollector::Save(c\r\nlass std::basic_string<char,struct std::char_traits<char>,class std::allocator<char> > const\r\n &,class tensorflow::NodeExecStats *)\" (?Save@StepStatsCollector@tensorflow@@QEAAXAEBV?$basi\r\nc_string@DU?$char_traits@D@std@@V?$allocator@D@2@@std@@PEAVNodeExecStats@2@@Z) \uc678\ubd80 \uae30\ud638(\ucc38\uc870 \uc704\uce58:\r\n\"public: virtual class tensorflow::Status __cdecl tensorflow::gputracer::GPUTracerImpl::Coll\r\nect(class tensorflow::StepStatsCollector *)\" (?Collect@GPUTracerImpl@gputracer@tensorflow@@U\r\nEAA?AVStatus@3@PEAVStepStatsCollector@3@@Z) \ud568\uc218)\uc5d0\uc11c \ud655\uc778\ud558\uc9c0 \ubabb\ud588\uc2b5\ub2c8\ub2e4. [D:\\workspace\\tensorflow\\tenso\r\nrflow\\contrib\\cmake\\build\\proto_text.vcxproj]\r\ngpu_tracer.obj : error LNK2019: \"public: enum CUptiResult __cdecl perftools::gputools::profi\r\nler::CuptiWrapper::ActivityDisable(enum CUpti_ActivityKind)\" (?ActivityDisable@CuptiWrapper@\r\nprofiler@gputools@perftools@@QEAA?AW4CUptiResult@@W4CUpti_ActivityKind@@@Z) \uc678\ubd80 \uae30\ud638(\ucc38\uc870 \uc704\uce58: \"pu\r\nblic: class tensorflow::Status __cdecl tensorflow::gputracer::CUPTIManager::DisableTrace(voi\r\nd)\" (?DisableTrace@CUPTIManager@gputracer@tensorflow@@QEAA?AVStatus@3@XZ) \ud568\uc218)\uc5d0\uc11c \ud655\uc778\ud558\uc9c0 \ubabb\ud588\uc2b5\ub2c8\ub2e4.\r\n[D:\\workspace\\tensorflow\\tensorflow\\contrib\\cmake\\build\\proto_text.vcxproj]\r\ngpu_tracer.obj : error LNK2019: \"public: enum CUptiResult __cdecl perftools::gputools::profi\r\nler::CuptiWrapper::ActivityEnable(enum CUpti_ActivityKind)\" (?ActivityEnable@CuptiWrapper@pr\r\nofiler@gputools@perftools@@QEAA?AW4CUptiResult@@W4CUpti_ActivityKind@@@Z) \uc678\ubd80 \uae30\ud638(\ucc38\uc870 \uc704\uce58: \"publ\r\nic: class tensorflow::Status __cdecl tensorflow::gputracer::CUPTIManager::EnableTrace(class\r\ntensorflow::gputracer::CUPTIClient *)\" (?EnableTrace@CUPTIManager@gputracer@tensorflow@@QEAA\r\n?AVStatus@3@PEAVCUPTIClient@23@@Z) \ud568\uc218)\uc5d0\uc11c \ud655\uc778\ud558\uc9c0 \ubabb\ud588\uc2b5\ub2c8\ub2e4. [D:\\workspace\\tensorflow\\tensorflow\\con\r\ntrib\\cmake\\build\\proto_text.vcxproj]\r\ngpu_tracer.obj : error LNK2019: \"public: enum CUptiResult __cdecl perftools::gputools::profi\r\nler::CuptiWrapper::ActivityFlushAll(unsigned int)\" (?ActivityFlushAll@CuptiWrapper@profiler@\r\ngputools@perftools@@QEAA?AW4CUptiResult@@I@Z) \uc678\ubd80 \uae30\ud638(\ucc38\uc870 \uc704\uce58: \"public: class tensorflow::Status\r\n __cdecl tensorflow::gputracer::CUPTIManager::DisableTrace(void)\" (?DisableTrace@CUPTIManage\r\nr@gputracer@tensorflow@@QEAA?AVStatus@3@XZ) \ud568\uc218)\uc5d0\uc11c \ud655\uc778\ud558\uc9c0 \ubabb\ud588\uc2b5\ub2c8\ub2e4. [D:\\workspace\\tensorflow\\tenso\r\nrflow\\contrib\\cmake\\build\\proto_text.vcxproj]\r\ngpu_tracer.obj : error LNK2019: \"public: enum CUptiResult __cdecl perftools::gputools::profi\r\nler::CuptiWrapper::ActivityGetNextRecord(unsigned char *,unsigned __int64,struct CUpti_Activ\r\nity * *)\" (?ActivityGetNextRecord@CuptiWrapper@profiler@gputools@perftools@@QEAA?AW4CUptiRes\r\nult@@PEAE_KPEAPEAUCUpti_Activity@@@Z) \uc678\ubd80 \uae30\ud638(\ucc38\uc870 \uc704\uce58: \"private: void __cdecl tensorflow::gputra\r\ncer::CUPTIManager::InternalBufferCompleted(struct CUctx_st *,unsigned int,unsigned char *,un\r\nsigned __int64,unsigned __int64)\" (?InternalBufferCompleted@CUPTIManager@gputracer@tensorflo\r\nw@@AEAAXPEAUCUctx_st@@IPEAE_K2@Z) \ud568\uc218)\uc5d0\uc11c \ud655\uc778\ud558\uc9c0 \ubabb\ud588\uc2b5\ub2c8\ub2e4. [D:\\workspace\\tensorflow\\tensorflow\\cont\r\nrib\\cmake\\build\\proto_text.vcxproj]\r\ngpu_tracer.obj : error LNK2019: \"public: enum CUptiResult __cdecl perftools::gputools::profi\r\nler::CuptiWrapper::ActivityGetNumDroppedRecords(struct CUctx_st *,unsigned int,unsigned __in\r\nt64 *)\" (?ActivityGetNumDroppedRecords@CuptiWrapper@profiler@gputools@perftools@@QEAA?AW4CUp\r\ntiResult@@PEAUCUctx_st@@IPEA_K@Z) \uc678\ubd80 \uae30\ud638(\ucc38\uc870 \uc704\uce58: \"private: void __cdecl tensorflow::gputracer:\r\n:CUPTIManager::InternalBufferCompleted(struct CUctx_st *,unsigned int,unsigned char *,unsign\r\ned __int64,unsigned __int64)\" (?InternalBufferCompleted@CUPTIManager@gputracer@tensorflow@@A\r\nEAAXPEAUCUctx_st@@IPEAE_K2@Z) \ud568\uc218)\uc5d0\uc11c \ud655\uc778\ud558\uc9c0 \ubabb\ud588\uc2b5\ub2c8\ub2e4. [D:\\workspace\\tensorflow\\tensorflow\\contrib\\\r\ncmake\\build\\proto_text.vcxproj]\r\ngpu_tracer.obj : error LNK2019: \"public: enum CUptiResult __cdecl perftools::gputools::profi\r\nler::CuptiWrapper::ActivityRegisterCallbacks(void (__cdecl*)(unsigned char * *,unsigned __in\r\nt64 *,unsigned __int64 *),void (__cdecl*)(struct CUctx_st *,unsigned int,unsigned char *,uns\r\nigned __int64,unsigned __int64))\" (?ActivityRegisterCallbacks@CuptiWrapper@profiler@gputools\r\n@perftools@@QEAA?AW4CUptiResult@@P6AXPEAPEAEPEA_K1@ZP6AXPEAUCUctx_st@@IPEAE_K5@Z@Z) \uc678\ubd80 \uae30\ud638(\ucc38\uc870\r\n \uc704\uce58: \"public: __cdecl tensorflow::gputracer::CUPTIManager::CUPTIManager(void)\" (??0CUPTIMana\r\nger@gputracer@tensorflow@@QEAA@XZ) \ud568\uc218)\uc5d0\uc11c \ud655\uc778\ud558\uc9c0 \ubabb\ud588\uc2b5\ub2c8\ub2e4. [D:\\workspace\\tensorflow\\tensorflow\\con\r\ntrib\\cmake\\build\\proto_text.vcxproj]\r\ngpu_tracer.obj : error LNK2019: \"public: enum CUptiResult __cdecl perftools::gputools::profi\r\nler::CuptiWrapper::GetTimestamp(unsigned __int64 *)\" (?GetTimestamp@CuptiWrapper@profiler@gp\r\nutools@perftools@@QEAA?AW4CUptiResult@@PEA_K@Z) \uc678\ubd80 \uae30\ud638(\ucc38\uc870 \uc704\uce58: \"public: virtual class tensorfl\r\now::Status __cdecl tensorflow::gputracer::GPUTracerImpl::Start(void)\" (?Start@GPUTracerImpl@\r\ngputracer@tensorflow@@UEAA?AVStatus@3@XZ) \ud568\uc218)\uc5d0\uc11c \ud655\uc778\ud558\uc9c0 \ubabb\ud588\uc2b5\ub2c8\ub2e4. [D:\\workspace\\tensorflow\\tensorf\r\nlow\\contrib\\cmake\\build\\proto_text.vcxproj]\r\ngpu_tracer.obj : error LNK2019: \"public: enum CUptiResult __cdecl perftools::gputools::profi\r\nler::CuptiWrapper::EnableCallback(unsigned int,struct CUpti_Subscriber_st *,enum CUpti_Callb\r\nackDomain,unsigned int)\" (?EnableCallback@CuptiWrapper@profiler@gputools@perftools@@QEAA?AW4\r\nCUptiResult@@IPEAUCUpti_Subscriber_st@@W4CUpti_CallbackDomain@@I@Z) \uc678\ubd80 \uae30\ud638(\ucc38\uc870 \uc704\uce58: \"public: vi\r\nrtual class tensorflow::Status __cdecl tensorflow::gputracer::GPUTracerImpl::Start(void)\" (?\r\nStart@GPUTracerImpl@gputracer@tensorflow@@UEAA?AVStatus@3@XZ) \ud568\uc218)\uc5d0\uc11c \ud655\uc778\ud558\uc9c0 \ubabb\ud588\uc2b5\ub2c8\ub2e4. [D:\\workspac\r\ne\\tensorflow\\tensorflow\\contrib\\cmake\\build\\proto_text.vcxproj]\r\ngpu_tracer.obj : error LNK2019: \"public: enum CUptiResult __cdecl perftools::gputools::profi\r\nler::CuptiWrapper::Subscribe(struct CUpti_Subscriber_st * *,void (__cdecl*)(void *,enum CUpt\r\ni_CallbackDomain,unsigned int,void const *),void *)\" (?Subscribe@CuptiWrapper@profiler@gputo\r\nols@perftools@@QEAA?AW4CUptiResult@@PEAPEAUCUpti_Subscriber_st@@P6AXPEAXW4CUpti_CallbackDoma\r\nin@@IPEBX@Z1@Z) \uc678\ubd80 \uae30\ud638(\ucc38\uc870 \uc704\uce58: \"public: virtual class tensorflow::Status __cdecl tensorflow::g\r\nputracer::GPUTracerImpl::Start(void)\" (?Start@GPUTracerImpl@gputracer@tensorflow@@UEAA?AVSta\r\ntus@3@XZ) \ud568\uc218)\uc5d0\uc11c \ud655\uc778\ud558\uc9c0 \ubabb\ud588\uc2b5\ub2c8\ub2e4. [D:\\workspace\\tensorflow\\tensorflow\\contrib\\cmake\\build\\proto_te\r\nxt.vcxproj]\r\ngpu_tracer.obj : error LNK2019: \"public: enum CUptiResult __cdecl perftools::gputools::profi\r\nler::CuptiWrapper::Unsubscribe(struct CUpti_Subscriber_st *)\" (?Unsubscribe@CuptiWrapper@pro\r\nfiler@gputools@perftools@@QEAA?AW4CUptiResult@@PEAUCUpti_Subscriber_st@@@Z) \uc678\ubd80 \uae30\ud638(\ucc38\uc870 \uc704\uce58: \"pu\r\nblic: virtual class tensorflow::Status __cdecl tensorflow::gputracer::GPUTracerImpl::Stop(vo\r\nid)\" (?Stop@GPUTracerImpl@gputracer@tensorflow@@UEAA?AVStatus@3@XZ) \ud568\uc218)\uc5d0\uc11c \ud655\uc778\ud558\uc9c0 \ubabb\ud588\uc2b5\ub2c8\ub2e4. [D:\\wo\r\nrkspace\\tensorflow\\tensorflow\\contrib\\cmake\\build\\proto_text.vcxproj]\r\nD:\\workspace\\tensorflow\\tensorflow\\contrib\\cmake\\build\\Release\\proto_text.exe : fatal error\r\nLNK1120: 11\uac1c\uc758 \ud655\uc778\ud560 \uc218 \uc5c6\ub294 \uc678\ubd80 \ucc38\uc870\uc785\ub2c8\ub2e4. [D:\\workspace\\tensorflow\\tensorflow\\contrib\\cmake\\build\\pro\r\nto_text.vcxproj]\r\n\"D:\\workspace\\tensorflow\\tensorflow\\contrib\\cmake\\build\\proto_text.vcxproj\" \ud504\ub85c\uc81d\ud2b8\ub97c \ube4c\ub4dc\ud588\uc2b5\ub2c8\ub2e4(\uae30\ubcf8\r\n\ub300\uc0c1). - \uc2e4\ud328\r\n\r\n\"D:\\workspace\\tensorflow\\tensorflow\\contrib\\cmake\\build\\tf_core_framework.vcxproj\" \ud504\ub85c\uc81d\ud2b8\ub97c \ube4c\ub4dc\ud588\r\n\uc2b5\ub2c8\ub2e4(\uae30\ubcf8 \ub300\uc0c1). - \uc2e4\ud328\r\n\r\n\"D:\\workspace\\tensorflow\\tensorflow\\contrib\\cmake\\build\\tf_cc_framework.vcxproj\" \ud504\ub85c\uc81d\ud2b8\ub97c  \ube4c\ub4dc\ud588\uc2b5\ub2c8\r\n\ub2e4(\uae30\ubcf8 \ub300\uc0c1). - \uc2e4\ud328\r\n\r\n\"D:\\workspace\\tensorflow\\tensorflow\\contrib\\cmake\\build\\tf_tutorials_example_trainer.vcxproj\r\n\"(1) \ud504\ub85c\uc81d\ud2b8\uac00 1 \ub178\ub4dc\uc5d0\uc11c \"D:\\workspace\\tensorflow\\tensorflow\\contrib\\cmake\\build\\tf_cc_ops.vcxproj\"\r\n(37)\uc744(\ub97c) \ube4c\ub4dc\ud558\uace0 \uc788\uc2b5\ub2c8\ub2e4(\uae30\ubcf8 \ub300\uc0c1).\r\n\"D:\\workspace\\tensorflow\\tensorflow\\contrib\\cmake\\build\\tf_cc_ops.vcxproj\"(37) \ud504\ub85c\uc81d\ud2b8\uac00 1  \ub178\ub4dc\uc5d0\uc11c\r\n\"D:\\workspace\\tensorflow\\tensorflow\\contrib\\cmake\\build\\create_cc_ops_header_dir.vcxproj\"(47\r\n)\uc744(\ub97c) \ube4c\ub4dc\ud558\uace0 \uc788\uc2b5\ub2c8\ub2e4(\uae30\ubcf8 \ub300\uc0c1).\r\nInitializeBuildStatus:\r\n  \"AlwaysCreate\"\uc774(\uac00) \uc9c0\uc815\ub418\uc5c8\uae30 \ub54c\ubb38\uc5d0 \"x64\\Release\\create_cc_ops_header_dir\\create_c.0DE93F51.tlog\\\r\n  unsuccessfulbuild\"\uc744(\ub97c) \ub9cc\ub4e4\uace0 \uc788\uc2b5\ub2c8\ub2e4.\r\nFinalizeBuildStatus:\r\n  \"x64\\Release\\create_cc_ops_header_dir\\create_c.0DE93F51.tlog\\unsuccessfulbuild\" \ud30c\uc77c\uc744 \uc0ad\uc81c\ud558\uace0 \uc788\r\n  \uc2b5\ub2c8\ub2e4.\r\n  \"x64\\Release\\create_cc_ops_header_dir\\create_c.0DE93F51.tlog\\create_cc_ops_header_dir.last\r\n  buildstate\"\uc5d0 \uc5f0\uacb0(touching)\ud558\uace0 \uc788\uc2b5\ub2c8\ub2e4.\r\n\"D:\\workspace\\tensorflow\\tensorflow\\contrib\\cmake\\build\\create_cc_ops_header_dir.vcxproj\" \ud504 \ub85c\r\n\uc81d\ud2b8\ub97c \ube4c\ub4dc\ud588\uc2b5\ub2c8\ub2e4(\uae30\ubcf8 \ub300\uc0c1).\r\n\r\n\"D:\\workspace\\tensorflow\\tensorflow\\contrib\\cmake\\build\\tf_cc_ops.vcxproj\" \ud504\ub85c\uc81d\ud2b8\ub97c \ube4c\ub4dc\ud588 \uc2b5\ub2c8\ub2e4(\uae30\ubcf8 \ub300\r\n\uc0c1). - \uc2e4\ud328\r\n\r\n\"D:\\workspace\\tensorflow\\tensorflow\\contrib\\cmake\\build\\tf_tutorials_example_trainer.vcxproj\r\n\"(1) \ud504\ub85c\uc81d\ud2b8\uac00 1 \ub178\ub4dc\uc5d0\uc11c \"D:\\workspace\\tensorflow\\tensorflow\\contrib\\cmake\\build\\tf_stream_executor\r\n.vcxproj\"(107)\uc744(\ub97c) \ube4c\ub4dc\ud558\uace0 \uc788\uc2b5\ub2c8\ub2e4(\uae30\ubcf8 \ub300\uc0c1).\r\nInitializeBuildStatus:\r\n  \"AlwaysCreate\"\uc774(\uac00) \uc9c0\uc815\ub418\uc5c8\uae30 \ub54c\ubb38\uc5d0 \"tf_stream_executor.dir\\Release\\tf_strea.A6006ACF.tlog\\unsucc\r\n  essfulbuild\"\uc744(\ub97c) \ub9cc\ub4e4\uace0 \uc788\uc2b5\ub2c8\ub2e4.\r\nCustomBuild:\r\n  \ubaa8\ub4e0 \ucd9c\ub825\uc774 \ucd5c\uc2e0 \uc0c1\ud0dc\uc785\ub2c8\ub2e4.\r\nClCompile:\r\n  \ubaa8\ub4e0 \ucd9c\ub825\uc774 \ucd5c\uc2e0 \uc0c1\ud0dc\uc785\ub2c8\ub2e4.\r\nLib:\r\n  \ubaa8\ub4e0 \ucd9c\ub825\uc774 \ucd5c\uc2e0 \uc0c1\ud0dc\uc785\ub2c8\ub2e4.\r\n  tf_stream_executor.vcxproj -> D:\\workspace\\tensorflow\\tensorflow\\contrib\\cmake\\build\\tf_st\r\n  ream_executor.dir\\Release\\tf_stream_executor.lib\r\nFinalizeBuildStatus:\r\n  \"tf_stream_executor.dir\\Release\\tf_strea.A6006ACF.tlog\\unsuccessfulbuild\" \ud30c\uc77c\uc744 \uc0ad\uc81c\ud558\uace0  \uc788\uc2b5\ub2c8\ub2e4.\r\n  \"tf_stream_executor.dir\\Release\\tf_strea.A6006ACF.tlog\\tf_stream_executor.lastbuildstate\"\uc5d0\r\n   \uc5f0\uacb0(touching)\ud558\uace0 \uc788\uc2b5\ub2c8\ub2e4.\r\n\"D:\\workspace\\tensorflow\\tensorflow\\contrib\\cmake\\build\\tf_stream_executor.vcxproj\" \ud504\ub85c\uc81d\ud2b8 \ub97c \ube4c\ub4dc\r\n\ud588\uc2b5\ub2c8\ub2e4(\uae30\ubcf8 \ub300\uc0c1).\r\n\r\n\"D:\\workspace\\tensorflow\\tensorflow\\contrib\\cmake\\build\\tf_tutorials_example_trainer.vcxproj\r\n\" \ud504\ub85c\uc81d\ud2b8\ub97c \ube4c\ub4dc\ud588\uc2b5\ub2c8\ub2e4(\uae30\ubcf8 \ub300\uc0c1). - \uc2e4\ud328\r\n\r\n\r\n\ube4c\ub4dc\ud558\uc9c0 \ubabb\ud588\uc2b5\ub2c8\ub2e4.\r\n\r\n\"D:\\workspace\\tensorflow\\tensorflow\\contrib\\cmake\\build\\tf_tutorials_example_trainer.vcxproj\r\n\"(\uae30\ubcf8 \ub300\uc0c1)(1)->\r\n\"D:\\workspace\\tensorflow\\tensorflow\\contrib\\cmake\\build\\tf_cc_framework.vcxproj\"(\uae30\ubcf8 \ub300\uc0c1)(3)->\r\n\"D:\\workspace\\tensorflow\\tensorflow\\contrib\\cmake\\build\\tf_core_framework.vcxproj\"(\uae30\ubcf8 \ub300\uc0c1)(4)\r\n->\r\n\"D:\\workspace\\tensorflow\\tensorflow\\contrib\\cmake\\build\\proto_text.vcxproj\"(\uae30\ubcf8 \ub300\uc0c1)(5)->\r\n(Link \ub300\uc0c1) ->\r\n  gpu_tracer.obj : error LNK2019: \"public: void __cdecl tensorflow::StepStatsCollector::Save\r\n(class std::basic_string<char,struct std::char_traits<char>,class std::allocator<char> > con\r\nst &,class tensorflow::NodeExecStats *)\" (?Save@StepStatsCollector@tensorflow@@QEAAXAEBV?$ba\r\nsic_string@DU?$char_traits@D@std@@V?$allocator@D@2@@std@@PEAVNodeExecStats@2@@Z) \uc678\ubd80 \uae30\ud638(\ucc38\uc870 \uc704\uce58\r\n: \"public: virtual class tensorflow::Status __cdecl tensorflow::gputracer::GPUTracerImpl::Co\r\nllect(class tensorflow::StepStatsCollector *)\" (?Collect@GPUTracerImpl@gputracer@tensorflow@\r\n@UEAA?AVStatus@3@PEAVStepStatsCollector@3@@Z) \ud568\uc218)\uc5d0\uc11c \ud655\uc778\ud558\uc9c0 \ubabb\ud588\uc2b5\ub2c8\ub2e4. [D:\\workspace\\tensorflow\\ten\r\nsorflow\\contrib\\cmake\\build\\proto_text.vcxproj]\r\n  gpu_tracer.obj : error LNK2019: \"public: enum CUptiResult __cdecl perftools::gputools::pro\r\nfiler::CuptiWrapper::ActivityDisable(enum CUpti_ActivityKind)\" (?ActivityDisable@CuptiWrappe\r\nr@profiler@gputools@perftools@@QEAA?AW4CUptiResult@@W4CUpti_ActivityKind@@@Z) \uc678\ubd80 \uae30\ud638(\ucc38\uc870 \uc704\uce58: \"\r\npublic: class tensorflow::Status __cdecl tensorflow::gputracer::CUPTIManager::DisableTrace(v\r\noid)\" (?DisableTrace@CUPTIManager@gputracer@tensorflow@@QEAA?AVStatus@3@XZ) \ud568\uc218)\uc5d0\uc11c \ud655\uc778\ud558 \uc9c0 \ubabb\ud588\uc2b5\ub2c8\ub2e4\r\n. [D:\\workspace\\tensorflow\\tensorflow\\contrib\\cmake\\build\\proto_text.vcxproj]\r\n  gpu_tracer.obj : error LNK2019: \"public: enum CUptiResult __cdecl perftools::gputools::pro\r\nfiler::CuptiWrapper::ActivityEnable(enum CUpti_ActivityKind)\" (?ActivityEnable@CuptiWrapper@\r\nprofiler@gputools@perftools@@QEAA?AW4CUptiResult@@W4CUpti_ActivityKind@@@Z) \uc678\ubd80 \uae30\ud638(\ucc38\uc870 \uc704\uce58: \"pu\r\nblic: class tensorflow::Status __cdecl tensorflow::gputracer::CUPTIManager::EnableTrace(clas\r\ns tensorflow::gputracer::CUPTIClient *)\" (?EnableTrace@CUPTIManager@gputracer@tensorflow@@QE\r\nAA?AVStatus@3@PEAVCUPTIClient@23@@Z) \ud568\uc218)\uc5d0\uc11c \ud655\uc778\ud558\uc9c0 \ubabb\ud588\uc2b5\ub2c8\ub2e4. [D:\\workspace\\tensorflow\\tensorflow\\c\r\nontrib\\cmake\\build\\proto_text.vcxproj]\r\n  gpu_tracer.obj : error LNK2019: \"public: enum CUptiResult __cdecl perftools::gputools::pro\r\nfiler::CuptiWrapper::ActivityFlushAll(unsigned int)\" (?ActivityFlushAll@CuptiWrapper@profile\r\nr@gputools@perftools@@QEAA?AW4CUptiResult@@I@Z) \uc678\ubd80 \uae30\ud638(\ucc38\uc870 \uc704\uce58: \"public: class tensorflow::Stat\r\nus __cdecl tensorflow::gputracer::CUPTIManager::DisableTrace(void)\" (?DisableTrace@CUPTIMana\r\nger@gputracer@tensorflow@@QEAA?AVStatus@3@XZ) \ud568\uc218)\uc5d0\uc11c \ud655\uc778\ud558\uc9c0 \ubabb\ud588\uc2b5\ub2c8\ub2e4. [D:\\workspace\\tensorflow\\ten\r\nsorflow\\contrib\\cmake\\build\\proto_text.vcxproj]\r\n  gpu_tracer.obj : error LNK2019: \"public: enum CUptiResult __cdecl perftools::gputools::pro\r\nfiler::CuptiWrapper::ActivityGetNextRecord(unsigned char *,unsigned __int64,struct CUpti_Act\r\nivity * *)\" (?ActivityGetNextRecord@CuptiWrapper@profiler@gputools@perftools@@QEAA?AW4CUptiR\r\nesult@@PEAE_KPEAPEAUCUpti_Activity@@@Z) \uc678\ubd80 \uae30\ud638(\ucc38\uc870 \uc704\uce58: \"private: void __cdecl tensorflow::gput\r\nracer::CUPTIManager::InternalBufferCompleted(struct CUctx_st *,unsigned int,unsigned char *,\r\nunsigned __int64,unsigned __int64)\" (?InternalBufferCompleted@CUPTIManager@gputracer@tensorf\r\nlow@@AEAAXPEAUCUctx_st@@IPEAE_K2@Z) \ud568\uc218)\uc5d0\uc11c \ud655\uc778\ud558\uc9c0 \ubabb\ud588\uc2b5\ub2c8\ub2e4. [D:\\workspace\\tensorflow\\tensorflow\\co\r\nntrib\\cmake\\build\\proto_text.vcxproj]\r\n  gpu_tracer.obj : error LNK2019: \"public: enum CUptiResult __cdecl perftools::gputools::pro\r\nfiler::CuptiWrapper::ActivityGetNumDroppedRecords(struct CUctx_st *,unsigned int,unsigned __\r\nint64 *)\" (?ActivityGetNumDroppedRecords@CuptiWrapper@profiler@gputools@perftools@@QEAA?AW4C\r\nUptiResult@@PEAUCUctx_st@@IPEA_K@Z) \uc678\ubd80 \uae30\ud638(\ucc38\uc870 \uc704\uce58: \"private: void __cdecl tensorflow::gputrace\r\nr::CUPTIManager::InternalBufferCompleted(struct CUctx_st *,unsigned int,unsigned char *,unsi\r\ngned __int64,unsigned __int64)\" (?InternalBufferCompleted@CUPTIManager@gputracer@tensorflow@\r\n@AEAAXPEAUCUctx_st@@IPEAE_K2@Z) \ud568\uc218)\uc5d0\uc11c \ud655\uc778\ud558\uc9c0 \ubabb\ud588\uc2b5\ub2c8\ub2e4. [D:\\workspace\\tensorflow\\tensorflow\\contri\r\nb\\cmake\\build\\proto_text.vcxproj]\r\n  gpu_tracer.obj : error LNK2019: \"public: enum CUptiResult __cdecl perftools::gputools::pro\r\nfiler::CuptiWrapper::ActivityRegisterCallbacks(void (__cdecl*)(unsigned char * *,unsigned __\r\nint64 *,unsigned __int64 *),void (__cdecl*)(struct CUctx_st *,unsigned int,unsigned char *,u\r\nnsigned __int64,unsigned __int64))\" (?ActivityRegisterCallbacks@CuptiWrapper@profiler@gputoo\r\nls@perftools@@QEAA?AW4CUptiResult@@P6AXPEAPEAEPEA_K1@ZP6AXPEAUCUctx_st@@IPEAE_K5@Z@Z) \uc678\ubd80 \uae30\ud638(\r\n\ucc38\uc870 \uc704\uce58: \"public: __cdecl tensorflow::gputracer::CUPTIManager::CUPTIManager(void)\" (??0CUPTIMa\r\nnager@gputracer@tensorflow@@QEAA@XZ) \ud568\uc218)\uc5d0\uc11c \ud655\uc778\ud558\uc9c0 \ubabb\ud588\uc2b5\ub2c8\ub2e4. [D:\\workspace\\tensorflow\\tensorflow\\c\r\nontrib\\cmake\\build\\proto_text.vcxproj]\r\n  gpu_tracer.obj : error LNK2019: \"public: enum CUptiResult __cdecl perftools::gputools::pro\r\nfiler::CuptiWrapper::GetTimestamp(unsigned __int64 *)\" (?GetTimestamp@CuptiWrapper@profiler@\r\ngputools@perftools@@QEAA?AW4CUptiResult@@PEA_K@Z) \uc678\ubd80 \uae30\ud638(\ucc38\uc870 \uc704\uce58: \"public: virtual class tensor\r\nflow::Status __cdecl tensorflow::gputracer::GPUTracerImpl::Start(void)\" (?Start@GPUTracerImp\r\nl@gputracer@tensorflow@@UEAA?AVStatus@3@XZ) \ud568\uc218)\uc5d0\uc11c \ud655\uc778\ud558\uc9c0 \ubabb\ud588\uc2b5\ub2c8\ub2e4. [D:\\workspace\\tensorflow\\tenso\r\nrflow\\contrib\\cmake\\build\\proto_text.vcxproj]\r\n  gpu_tracer.obj : error LNK2019: \"public: enum CUptiResult __cdecl perftools::gputools::pro\r\nfiler::CuptiWrapper::EnableCallback(unsigned int,struct CUpti_Subscriber_st *,enum CUpti_Cal\r\nlbackDomain,unsigned int)\" (?EnableCallback@CuptiWrapper@profiler@gputools@perftools@@QEAA?A\r\nW4CUptiResult@@IPEAUCUpti_Subscriber_st@@W4CUpti_CallbackDomain@@I@Z) \uc678\ubd80 \uae30\ud638(\ucc38\uc870 \uc704\uce58: \"public:\r\nvirtual class tensorflow::Status __cdecl tensorflow::gputracer::GPUTracerImpl::Start(void)\"\r\n(?Start@GPUTracerImpl@gputracer@tensorflow@@UEAA?AVStatus@3@XZ) \ud568\uc218)\uc5d0\uc11c \ud655\uc778\ud558\uc9c0 \ubabb\ud588\uc2b5\ub2c8\ub2e4. [D:\\worksp\r\nace\\tensorflow\\tensorflow\\contrib\\cmake\\build\\proto_text.vcxproj]\r\n  gpu_tracer.obj : error LNK2019: \"public: enum CUptiResult __cdecl perftools::gputools::pro\r\nfiler::CuptiWrapper::Subscribe(struct CUpti_Subscriber_st * *,void (__cdecl*)(void *,enum CU\r\npti_CallbackDomain,unsigned int,void const *),void *)\" (?Subscribe@CuptiWrapper@profiler@gpu\r\ntools@perftools@@QEAA?AW4CUptiResult@@PEAPEAUCUpti_Subscriber_st@@P6AXPEAXW4CUpti_CallbackDo\r\nmain@@IPEBX@Z1@Z) \uc678\ubd80 \uae30\ud638(\ucc38\uc870 \uc704\uce58: \"public: virtual class tensorflow::Status __cdecl tensorflow:\r\n:gputracer::GPUTracerImpl::Start(void)\" (?Start@GPUTracerImpl@gputracer@tensorflow@@UEAA?AVS\r\ntatus@3@XZ) \ud568\uc218)\uc5d0\uc11c \ud655\uc778\ud558\uc9c0 \ubabb\ud588\uc2b5\ub2c8\ub2e4. [D:\\workspace\\tensorflow\\tensorflow\\contrib\\cmake\\build\\proto_\r\ntext.vcxproj]\r\n  gpu_tracer.obj : error LNK2019: \"public: enum CUptiResult __cdecl perftools::gputools::pro\r\nfiler::CuptiWrapper::Unsubscribe(struct CUpti_Subscriber_st *)\" (?Unsubscribe@CuptiWrapper@p\r\nrofiler@gputools@perftools@@QEAA?AW4CUptiResult@@PEAUCUpti_Subscriber_st@@@Z) \uc678\ubd80 \uae30\ud638(\ucc38\uc870 \uc704\uce58: \"\r\npublic: virtual class tensorflow::Status __cdecl tensorflow::gputracer::GPUTracerImpl::Stop(\r\nvoid)\" (?Stop@GPUTracerImpl@gputracer@tensorflow@@UEAA?AVStatus@3@XZ) \ud568\uc218)\uc5d0\uc11c \ud655\uc778\ud558\uc9c0 \ubabb\ud588\uc2b5\ub2c8\ub2e4. [D:\\\r\nworkspace\\tensorflow\\tensorflow\\contrib\\cmake\\build\\proto_text.vcxproj]\r\n  D:\\workspace\\tensorflow\\tensorflow\\contrib\\cmake\\build\\Release\\proto_text.exe : fatal erro\r\nr LNK1120: 11\uac1c\uc758 \ud655\uc778\ud560 \uc218 \uc5c6\ub294 \uc678\ubd80 \ucc38\uc870\uc785\ub2c8\ub2e4. [D:\\workspace\\tensorflow\\tensorflow\\contrib\\cmake\\build\\p\r\nroto_text.vcxproj]\r\n\r\n    \uacbd\uace0 0\uac1c\r\n    \uc624\ub958 12\uac1c\r\n\r\n\uacbd\uacfc \uc2dc\uac04: 00:00:06.72\r\n\r\nD:\\workspace\\tensorflow\\tensorflow\\contrib\\cmake\\build>\r\n", "comments": ["Sorry you're having trouble here. Unfortunately, the TensorFlow maintainers do not currently have the bandwidth to support builds on Windows (see https://www.tensorflow.org/install/install_sources), so we won't be able to help you out here and rely on community support for this.\r\n\r\nIf you are able to resolve this, we would encourage you to send a pull request so that others can benefit. Thanks!"]}, {"number": 11657, "title": "BUG: When restore model from check point", "body": "Please go to Stack Overflow for help and support:\r\n\r\nhttp://stackoverflow.com/questions/tagged/tensorflow\r\n\r\nIf you open a GitHub issue, here is our policy:\r\n\r\n1. It must be a bug or a feature request.\r\n2. The form below must be filled out.\r\n\r\n------------------------\r\n\r\n### System information\r\n- **Have I written custom code (as opposed to using a stock example script provided in TensorFlow)**:\r\n- **OS Platform and Distribution (e.g., Linux Ubuntu 16.04)**: win 10\r\n- **TensorFlow installed from (source or binary)**: binary\r\n- **TensorFlow version (use command below)**:1.10\r\n- **Python version**: 3.52\r\n- **Bazel version (if compiling from source)**:\r\n- **CUDA/cuDNN version**:8.0/5.1\r\n- **GPU model and memory**:2Gb\r\n- **Exact command to reproduce**:\r\n\r\n\r\n### Describe the problem\r\nI trained my model in a GPU version tensorflow(1.10), but when I restore the model in another computer without GPU it throw the error at the fallow command:\r\n`result = mnist_classifier.predict(x = feature, batch_size = 1,as_iterable = False)`\r\n\r\nI had tested the whole project on the computer which trained the model, so I think the code is right.\r\n\r\n\r\n\r\n### Source code / logs\r\n> Traceback (most recent call last):\r\n>   File \"D:\\xieminzhao\\tf-test\\main_func\\main_func.py\", line 71, in <module>\r\n>     print(rf.cooper_recog(img_test_2)) # had been tested.\r\n>   File \"D:\\xieminzhao\\tf-test\\main_func\\recognition_func.py\", line 37, in cooper_recog\r\n>     return recogni_is_cooper.is_cooper(image);\r\n>   File \"D:\\xieminzhao\\tf-test\\main_func\\recogni_is_cooper.py\", line 110, in is_cooper\r\n>     result = mnist_classifier.predict(x = feature, batch_size = 1,as_iterable = False)\r\n> AssertionError\r\n", "comments": ["Could you paste more of the log? We can't see what the actual error is yet.", "@drpngx this is all the log tensorflow print and this is why it is difficultly to fix it..\r\nBut I fixed just now. The problem is I used the different model_dir in two computers. Although I copy the necessary files to the direct, tensorflow can't find the trained model.\r\nFixing Way: using the  relative directory and making sure the directories in two model are same."]}, {"number": 11656, "title": "Branch 162681705", "body": "", "comments": ["Jenkins, test this please", "Jenkins, test this please"]}, {"number": 11655, "title": "Repo Update", "body": "", "comments": ["Can one of the admins verify this patch?"]}, {"number": 11654, "title": "Merge1.3.0rc0 back to master", "body": "", "comments": []}, {"number": 11653, "title": "Branch 162658391", "body": "", "comments": ["Jenkins, test this please", "Flakiness in spectral ops test:\r\n\r\n```\r\nFAIL: //tensorflow/contrib/signal:spectral_ops_test (see /private/var/tmp/_bazel_jenkins/13e370a18c169b19baeafefb05212b85/execroot/tensorflow-pull-requests-mac/bazel-out/darwin_x86_64-opt/testlogs/tensorflow/contrib/signal/spectral_ops_test/test.log).\r\nINFO: From Testing //tensorflow/contrib/signal:spectral_ops_test:\r\n==================== Test output for //tensorflow/contrib/signal:spectral_ops_test:\r\n2017-07-20 21:05:37.224871: W tensorflow/core/platform/cpu_feature_guard.cc:45] The TensorFlow library wasn't compiled to use SSE4.2 instructions, but these are available on your machine and could speed up CPU computations.\r\n2017-07-20 21:05:37.224894: W tensorflow/core/platform/cpu_feature_guard.cc:45] The TensorFlow library wasn't compiled to use AVX instructions, but these are available on your machine and could speed up CPU computations.\r\n.F....\r\n======================================================================\r\nFAIL: test_gradients_numerical (__main__.SpectralOpsTest)\r\n----------------------------------------------------------------------\r\nTraceback (most recent call last):\r\n  File \"/private/var/tmp/_bazel_jenkins/13e370a18c169b19baeafefb05212b85/execroot/tensorflow-pull-requests-mac/bazel-out/darwin_x86_64-opt/bin/tensorflow/contrib/signal/spectral_ops_test.runfiles/org_tensorflow/tensorflow/contrib/signal/python/kernel_tests/spectral_ops_test.py\", line 245, in test_gradients_numerical\r\n    self.assertLess(stft_error, stft_bound)\r\nAssertionError: 0.00093367695808410645 not less than 0.0008\r\n\r\n----------------------------------------------------------------------\r\nRan 6 tests in 46.787s\r\n\r\nFAILED (failures=1)**\r\n```\r\n\r\n@rryan ", "Flakiness in custom_grad_test in bayesflow:\r\n\r\n```\r\nFAIL: //tensorflow/contrib/bayesflow:custom_grad_test (see /private/var/tmp/_bazel_jenkins/13e370a18c169b19baeafefb05212b85/execroot/tensorflow-pull-requests-mac/bazel-out/darwin_x86_64-opt/testlogs/tensorflow/contrib/bayesflow/custom_grad_test/test.log).\r\nINFO: From Testing //tensorflow/contrib/bayesflow:custom_grad_test:\r\n==================== Test output for //tensorflow/contrib/bayesflow:custom_grad_test:\r\n.2017-07-20 21:06:37.116599: W tensorflow/core/platform/cpu_feature_guard.cc:45] The TensorFlow library wasn't compiled to use SSE4.2 instructions, but these are available on your machine and could speed up CPU computations.\r\n2017-07-20 21:06:37.116621: W tensorflow/core/platform/cpu_feature_guard.cc:45] The TensorFlow library wasn't compiled to use AVX instructions, but these are available on your machine and could speed up CPU computations.\r\nFF...\r\n======================================================================\r\nFAIL: test_works_correctly (__main__.CustomGradientTest)\r\n----------------------------------------------------------------------\r\nTraceback (most recent call last):\r\n  File \"/private/var/tmp/_bazel_jenkins/13e370a18c169b19baeafefb05212b85/execroot/tensorflow-pull-requests-mac/bazel-out/darwin_x86_64-opt/bin/tensorflow/contrib/bayesflow/custom_grad_test.runfiles/org_tensorflow/tensorflow/contrib/bayesflow/python/kernel_tests/custom_grad_test.py\", line 51, in test_works_correctly\r\n    self.assertAllEqual(f(x_), fx_)\r\n  File \"/private/var/tmp/_bazel_jenkins/13e370a18c169b19baeafefb05212b85/execroot/tensorflow-pull-requests-mac/bazel-out/darwin_x86_64-opt/bin/tensorflow/contrib/bayesflow/custom_grad_test.runfiles/org_tensorflow/tensorflow/python/framework/test_util.py\", line 752, in assertAllEqual\r\n    np.testing.assert_array_equal(b, a)\r\n  File \"/usr/local/lib/python2.7/site-packages/numpy-1.11.2-py2.7-macosx-10.11-x86_64.egg/numpy/testing/utils.py\", line 813, in assert_array_equal\r\n    verbose=verbose, header='Arrays are not equal')\r\n  File \"/usr/local/lib/python2.7/site-packages/numpy-1.11.2-py2.7-macosx-10.11-x86_64.egg/numpy/testing/utils.py\", line 739, in assert_array_compare\r\n    raise AssertionError(msg)\r\nAssertionError: \r\nArrays are not equal\r\n\r\n(mismatch 0.26%)\r\n x: array([ 5000.    ,  4998.    ,  4996.0004, ...,  4996.0004,  4998.    ,\r\n        5000.    ])\r\n y: array([ 5000.    ,  4998.    ,  4996.0004, ...,  4996.0004,  4998.    ,\r\n        5000.    ])\r\n\r\n======================================================================\r\nFAIL: test_works_correctly_both_f_g_zero (__main__.CustomGradientTest)\r\n----------------------------------------------------------------------\r\nTraceback (most recent call last):\r\n  File \"/private/var/tmp/_bazel_jenkins/13e370a18c169b19baeafefb05212b85/execroot/tensorflow-pull-requests-mac/bazel-out/darwin_x86_64-opt/bin/tensorflow/contrib/bayesflow/custom_grad_test.runfiles/org_tensorflow/tensorflow/contrib/bayesflow/python/kernel_tests/custom_grad_test.py\", line 65, in test_works_correctly_both_f_g_zero\r\n    self.assertAllEqual(f(x_), fx_)\r\n  File \"/private/var/tmp/_bazel_jenkins/13e370a18c169b19baeafefb05212b85/execroot/tensorflow-pull-requests-mac/bazel-out/darwin_x86_64-opt/bin/tensorflow/contrib/bayesflow/custom_grad_test.runfiles/org_tensorflow/tensorflow/python/framework/test_util.py\", line 752, in assertAllEqual\r\n    np.testing.assert_array_equal(b, a)\r\n  File \"/usr/local/lib/python2.7/site-packages/numpy-1.11.2-py2.7-macosx-10.11-x86_64.egg/numpy/testing/utils.py\", line 813, in assert_array_equal\r\n    verbose=verbose, header='Arrays are not equal')\r\n  File \"/usr/local/lib/python2.7/site-packages/numpy-1.11.2-py2.7-macosx-10.11-x86_64.egg/numpy/testing/utils.py\", line 739, in assert_array_compare\r\n    raise AssertionError(msg)\r\nAssertionError: \r\nArrays are not equal\r\n\r\n(mismatch 0.26%)\r\n x: array([ 5000.    ,  4998.    ,  4996.0004, ...,  4996.0004,  4998.    ,\r\n        5000.    ])\r\n y: array([ 5000.    ,  4998.    ,  4996.0004, ...,  4996.0004,  4998.    ,\r\n        5000.    ])\r\n\r\n----------------------------------------------------------------------\r\nRan 6 tests in 0.376s\r\n\r\nFAILED (failures=2)\r\nnot equal where =  (array([ 560,  753,  896,  958, 1117, 1796, 2137, 2229, 2397, 2801, 2977,\r\n       3334, 4569, 4667, 4902, 5430, 5788, 6575, 7602, 7862, 8203, 8783,\r\n       8882, 9041, 9246, 9457]),)\r\nnot equal lhs =  [  3.94262053e+03   3.60727387e+03   3.36841610e+03   3.26739790e+03\r\n   3.01536429e+03   2.05289301e+03   1.63910906e+03   1.53544112e+03\r\n   1.35487221e+03   9.66873815e+02   8.18264895e+02   5.54889022e+02\r\n   3.70734643e+01   2.21156729e+01   1.90163031e+00   3.70734643e+01\r\n   1.24371323e+02   4.96539353e+02   1.35487221e+03   1.63910906e+03\r\n   2.05289301e+03   2.86354713e+03   3.01536429e+03   3.26739790e+03\r\n   3.60727387e+03   3.97465614e+03]\r\nnot equal rhs =  [  3.94262053e+03   3.60727387e+03   3.36841610e+03   3.26739790e+03\r\n   3.01536429e+03   2.05289301e+03   1.63910906e+03   1.53544112e+03\r\n   1.35487221e+03   9.66873815e+02   8.18264895e+02   5.54889022e+02\r\n   3.70734643e+01   2.21156729e+01   1.90163031e+00   3.70734643e+01\r\n   1.24371323e+02   4.96539353e+02   1.35487221e+03   1.63910906e+03\r\n   2.05289301e+03   2.86354713e+03   3.01536429e+03   3.26739790e+03\r\n   3.60727387e+03   3.97465614e+03]\r\nnot equal where =  (array([ 560,  753,  896,  958, 1117, 1796, 2137, 2229, 2397, 2801, 2977,\r\n       3334, 4569, 4667, 4902, 5430, 5788, 6575, 7602, 7862, 8203, 8783,\r\n       8882, 9041, 9246, 9457]),)\r\nnot equal lhs =  [  3.94262053e+03   3.60727387e+03   3.36841610e+03   3.26739790e+03\r\n   3.01536429e+03   2.05289301e+03   1.63910906e+03   1.53544112e+03\r\n   1.35487221e+03   9.66873815e+02   8.18264895e+02   5.54889022e+02\r\n   3.70734643e+01   2.21156729e+01   1.90163031e+00   3.70734643e+01\r\n   1.24371323e+02   4.96539353e+02   1.35487221e+03   1.63910906e+03\r\n   2.05289301e+03   2.86354713e+03   3.01536429e+03   3.26739790e+03\r\n   3.60727387e+03   3.97465614e+03]\r\nnot equal rhs =  [  3.94262053e+03   3.60727387e+03   3.36841610e+03   3.26739790e+03\r\n   3.01536429e+03   2.05289301e+03   1.63910906e+03   1.53544112e+03\r\n   1.35487221e+03   9.66873815e+02   8.18264895e+02   5.54889022e+02\r\n   3.70734643e+01   2.21156729e+01   1.90163031e+00   3.70734643e+01\r\n   1.24371323e+02   4.96539353e+02   1.35487221e+03   1.63910906e+03\r\n   2.05289301e+03   2.86354713e+03   3.01536429e+03   3.26739790e+03\r\n   3.60727387e+03   3.97465614e+03]\r\n================================================================================\r\n```\r\n\r\n@jvdillon ", "On Thu, Jul 20, 2017 at 2:56 PM, ebrevdo <notifications@github.com> wrote:\n\n> Flakiness in custom_grad_test in bayesflow:\n>\n> FAIL: //tensorflow/contrib/bayesflow:custom_grad_test (see /private/var/tmp/_bazel_jenkins/13e370a18c169b19baeafefb05212b85/execroot/tensorflow-pull-requests-mac/bazel-out/darwin_x86_64-opt/testlogs/tensorflow/contrib/bayesflow/custom_grad_test/test.log).\n> INFO: From Testing //tensorflow/contrib/bayesflow:custom_grad_test:\n> ==================== Test output for //tensorflow/contrib/bayesflow:custom_grad_test:\n> .2017-07-20 21:06:37.116599: W tensorflow/core/platform/cpu_feature_guard.cc:45] The TensorFlow library wasn't compiled to use SSE4.2 instructions, but these are available on your machine and could speed up CPU computations.\n> 2017-07-20 21:06:37.116621: W tensorflow/core/platform/cpu_feature_guard.cc:45] The TensorFlow library wasn't compiled to use AVX instructions, but these are available on your machine and could speed up CPU computations.\n> FF...\n> ======================================================================\n> FAIL: test_works_correctly (__main__.CustomGradientTest)\n> ----------------------------------------------------------------------\n> Traceback (most recent call last):\n>   File \"/private/var/tmp/_bazel_jenkins/13e370a18c169b19baeafefb05212b85/execroot/tensorflow-pull-requests-mac/bazel-out/darwin_x86_64-opt/bin/tensorflow/contrib/bayesflow/custom_grad_test.runfiles/org_tensorflow/tensorflow/contrib/bayesflow/python/kernel_tests/custom_grad_test.py\", line 51, in test_works_correctly\n>     self.assertAllEqual(f(x_), fx_)\n>   File \"/private/var/tmp/_bazel_jenkins/13e370a18c169b19baeafefb05212b85/execroot/tensorflow-pull-requests-mac/bazel-out/darwin_x86_64-opt/bin/tensorflow/contrib/bayesflow/custom_grad_test.runfiles/org_tensorflow/tensorflow/python/framework/test_util.py\", line 752, in assertAllEqual\n>     np.testing.assert_array_equal(b, a)\n>   File \"/usr/local/lib/python2.7/site-packages/numpy-1.11.2-py2.7-macosx-10.11-x86_64.egg/numpy/testing/utils.py\", line 813, in assert_array_equal\n>     verbose=verbose, header='Arrays are not equal')\n>   File \"/usr/local/lib/python2.7/site-packages/numpy-1.11.2-py2.7-macosx-10.11-x86_64.egg/numpy/testing/utils.py\", line 739, in assert_array_compare\n>     raise AssertionError(msg)\n> AssertionError:\n> Arrays are not equal\n>\n> (mismatch 0.26%)\n>  x: array([ 5000.    ,  4998.    ,  4996.0004, ...,  4996.0004,  4998.    ,\n>         5000.    ])\n>  y: array([ 5000.    ,  4998.    ,  4996.0004, ...,  4996.0004,  4998.    ,\n>         5000.    ])\n>\n> ======================================================================\n> FAIL: test_works_correctly_both_f_g_zero (__main__.CustomGradientTest)\n> ----------------------------------------------------------------------\n> Traceback (most recent call last):\n>   File \"/private/var/tmp/_bazel_jenkins/13e370a18c169b19baeafefb05212b85/execroot/tensorflow-pull-requests-mac/bazel-out/darwin_x86_64-opt/bin/tensorflow/contrib/bayesflow/custom_grad_test.runfiles/org_tensorflow/tensorflow/contrib/bayesflow/python/kernel_tests/custom_grad_test.py\", line 65, in test_works_correctly_both_f_g_zero\n>     self.assertAllEqual(f(x_), fx_)\n>   File \"/private/var/tmp/_bazel_jenkins/13e370a18c169b19baeafefb05212b85/execroot/tensorflow-pull-requests-mac/bazel-out/darwin_x86_64-opt/bin/tensorflow/contrib/bayesflow/custom_grad_test.runfiles/org_tensorflow/tensorflow/python/framework/test_util.py\", line 752, in assertAllEqual\n>     np.testing.assert_array_equal(b, a)\n>   File \"/usr/local/lib/python2.7/site-packages/numpy-1.11.2-py2.7-macosx-10.11-x86_64.egg/numpy/testing/utils.py\", line 813, in assert_array_equal\n>     verbose=verbose, header='Arrays are not equal')\n>   File \"/usr/local/lib/python2.7/site-packages/numpy-1.11.2-py2.7-macosx-10.11-x86_64.egg/numpy/testing/utils.py\", line 739, in assert_array_compare\n>     raise AssertionError(msg)\n> AssertionError:\n> Arrays are not equal\n>\n> (mismatch 0.26%)\n>  x: array([ 5000.    ,  4998.    ,  4996.0004, ...,  4996.0004,  4998.    ,\n>         5000.    ])\n>  y: array([ 5000.    ,  4998.    ,  4996.0004, ...,  4996.0004,  4998.    ,\n>         5000.    ])\n>\n> ----------------------------------------------------------------------\n> Ran 6 tests in 0.376s\n>\n> FAILED (failures=2)\n> not equal where =  (array([ 560,  753,  896,  958, 1117, 1796, 2137, 2229, 2397, 2801, 2977,\n>        3334, 4569, 4667, 4902, 5430, 5788, 6575, 7602, 7862, 8203, 8783,\n>        8882, 9041, 9246, 9457]),)\n> not equal lhs =  [  3.94262053e+03   3.60727387e+03   3.36841610e+03   3.26739790e+03\n>    3.01536429e+03   2.05289301e+03   1.63910906e+03   1.53544112e+03\n>    1.35487221e+03   9.66873815e+02   8.18264895e+02   5.54889022e+02\n>    3.70734643e+01   2.21156729e+01   1.90163031e+00   3.70734643e+01\n>    1.24371323e+02   4.96539353e+02   1.35487221e+03   1.63910906e+03\n>    2.05289301e+03   2.86354713e+03   3.01536429e+03   3.26739790e+03\n>    3.60727387e+03   3.97465614e+03]\n> not equal rhs =  [  3.94262053e+03   3.60727387e+03   3.36841610e+03   3.26739790e+03\n>    3.01536429e+03   2.05289301e+03   1.63910906e+03   1.53544112e+03\n>    1.35487221e+03   9.66873815e+02   8.18264895e+02   5.54889022e+02\n>    3.70734643e+01   2.21156729e+01   1.90163031e+00   3.70734643e+01\n>    1.24371323e+02   4.96539353e+02   1.35487221e+03   1.63910906e+03\n>    2.05289301e+03   2.86354713e+03   3.01536429e+03   3.26739790e+03\n>    3.60727387e+03   3.97465614e+03]\n> not equal where =  (array([ 560,  753,  896,  958, 1117, 1796, 2137, 2229, 2397, 2801, 2977,\n>        3334, 4569, 4667, 4902, 5430, 5788, 6575, 7602, 7862, 8203, 8783,\n>        8882, 9041, 9246, 9457]),)\n> not equal lhs =  [  3.94262053e+03   3.60727387e+03   3.36841610e+03   3.26739790e+03\n>    3.01536429e+03   2.05289301e+03   1.63910906e+03   1.53544112e+03\n>    1.35487221e+03   9.66873815e+02   8.18264895e+02   5.54889022e+02\n>    3.70734643e+01   2.21156729e+01   1.90163031e+00   3.70734643e+01\n>    1.24371323e+02   4.96539353e+02   1.35487221e+03   1.63910906e+03\n>    2.05289301e+03   2.86354713e+03   3.01536429e+03   3.26739790e+03\n>    3.60727387e+03   3.97465614e+03]\n> not equal rhs =  [  3.94262053e+03   3.60727387e+03   3.36841610e+03   3.26739790e+03\n>    3.01536429e+03   2.05289301e+03   1.63910906e+03   1.53544112e+03\n>    1.35487221e+03   9.66873815e+02   8.18264895e+02   5.54889022e+02\n>    3.70734643e+01   2.21156729e+01   1.90163031e+00   3.70734643e+01\n>    1.24371323e+02   4.96539353e+02   1.35487221e+03   1.63910906e+03\n>    2.05289301e+03   2.86354713e+03   3.01536429e+03   3.26739790e+03\n>    3.60727387e+03   3.97465614e+03]\n> ================================================================================\n>\n> @jvdillon <https://github.com/jvdillon>\n>\n\nGrr. Looks like some compiler is not IEEE754 compliant. Ill need to change\nassertAllEqual to assertAllClose. Sending out cl shortly.\n\n> \u2014\n> You are receiving this because you were mentioned.\n> Reply to this email directly, view it on GitHub\n> <https://github.com/tensorflow/tensorflow/pull/11653#issuecomment-316841305>,\n> or mute the thread\n> <https://github.com/notifications/unsubscribe-auth/ABFZtvJ-0hByzBOAeyjkmcoGQj-qUaNTks5sP80NgaJpZM4OepV0>\n> .\n>\n"]}, {"number": 11652, "title": "can't import data_utils from tensorflow.models.rnn.translate(No module name tensorflow.models)", "body": "i encountered this while trying to import data_utils from tensorflow.models.rnn.translate.(in the end - NO module named tensorfow.models was my output)\r\n\r\n", "comments": ["I apologize but I am having a hard time understanding what the problem is, where the problem is, and what version it affects. Please resubmit and pay attention to the issue template (https://github.com/tensorflow/tensorflow/issues/new) . Please provide all the information it asks, particularly detailed steps to reproduce the problem. Thank you."]}, {"number": 11651, "title": "Feature Request: tf.extract_image_patches gradients operation for variable size inputs", "body": "### System information\r\n- **Have I written custom code (as opposed to using a stock example script provided in TensorFlow)**: Yes\r\n- **OS Platform and Distribution (e.g., Linux Ubuntu 16.04)**: Scientific Linux 7.3\r\n- **TensorFlow installed from (source or binary)**: Binary\r\n- **TensorFlow version (use command below)**: v1.1.0-rc0-61-g1ec6ed5 1.1.0 GPU\r\n- **Python version**: 3.6.1\r\n- **Bazel version (if compiling from source)**: n/a\r\n- **CUDA/cuDNN version**: 8.0.44\r\n- **GPU model and memory**: n/a\r\n\r\n### Describe the problem\r\nI'm using the `tf.extract_image_patches` operation to extract a number of overlapping frames from an image with variable size. The current gradient operation fails unless the input image dimensions are fixed.\r\nSpecifically, in my case my code fails here \r\nhttps://github.com/tensorflow/tensorflow/blob/master/tensorflow/python/ops/array_grad.py#L690\r\nwhere `rows_in`, `rows_out` and `cols_out` are all `None`.\r\n\r\nFor more background: my application is in speech processing and my \"image\" is a spectrogram-like array of features which has a fixed height but can vary in length with the duration of the input audio. I'm trying to split it into overlapping windows dynamically to pass to a classifier downstream.\r\nIn my case the input  has shape `(1 x None x 128 x  1)`, where the unknown dimension is typically ~15,000, my image patches are `400x128` and the result has shape `(1 x None x None x 51200)`.\r\n\r\nI feel it should be possible to modify the gradient op to accommodate dynamic input dimensions, would this be a reasonable feature addition?\r\nThe current gradient implementation was added here: https://github.com/tensorflow/tensorflow/issues/2921\r\nPerhaps this feature request would tie in with https://github.com/tensorflow/tensorflow/issues/6847 ?\r\n\r\n### Source code/Logs\r\nI think the information provided explains my problem well enough, let me know if I should provide a more detailed problem description.\r\nAn expanded code snippet can also be found here: https://github.com/PaddyT/waveform-asr/blob/master/waveasr/models/wavenet.py#L455#L495\r\n``\r\nextracted = tf.extract_image_patches(images=input_image,\r\n                                                           ksizes=[1, 400, 128, 1],\r\n                                                           strides=[1, 160, 1, 1],\r\n                                                           rates=[1, 1, 1, 1],\r\n                                                           padding='VALID')``\r\n\r\n\r\n```\r\n File \"~/diss/waveform-asr/tests/test_graphs/test_wavenet.py\", line 35, in <module>\r\n    alpha=0.5)\r\n  File \"~/diss/waveform-asr/waveasr/models/wavenet.py\", line 321, in __init__\r\n    self.train_op = self.optimizer.minimize(loss=self.objective, global_step=self.global_step)\r\n  File \"~/miniconda2/envs/diss/lib/python3.6/site-packages/tensorflow/python/training/optimizer.py\", line 315, in minimize\r\n    grad_loss=grad_loss)\r\n  File \"~/miniconda2/envs/diss/lib/python3.6/site-packages/tensorflow/python/training/optimizer.py\", line 386, in compute_gradients\r\n    colocate_gradients_with_ops=colocate_gradients_with_ops)\r\n  File \"~/miniconda2/envs/diss/lib/python3.6/site-packages/tensorflow/python/ops/gradients_impl.py\", line 560, in gradients\r\n    grad_scope, op, func_call, lambda: grad_fn(op, *out_grads))\r\n  File \"~/miniconda2/envs/diss/lib/python3.6/site-packages/tensorflow/python/ops/gradients_impl.py\", line 368, in _MaybeCompile\r\n    return grad_fn()  # Exit early\r\n  File \"~/miniconda2/envs/diss/lib/python3.6/site-packages/tensorflow/python/ops/gradients_impl.py\", line 560, in <lambda>\r\n    grad_scope, op, func_call, lambda: grad_fn(op, *out_grads))\r\n  File \"~/miniconda2/envs/diss/lib/python3.6/site-packages/tensorflow/python/ops/array_grad.py\", line 610, in _ExtractImagePatchesGrad\r\n    rows_out = int(ceil((rows_in - ksize_r_eff + 1) / stride_r))\r\nTypeError: unsupported operand type(s) for -: 'NoneType' and 'int'```", "comments": ["@gpapan wdyt?", "Hi, \r\nI am also having the same issue with the requirement of static shape of the input.  ", "+1\r\nCan confirm this for TF v1.2.1.", "Good to hear!\r\n\r\nFor what it's worth in the meantime, to anyone else with this problem, I solved my requirement by replacing `extract_image_patches` with a carefully constructed sparse convolution (which i would speculate is what  `extract_image_patches` does under the hood in any case). You can see my fix via my repo link in the original post.", "It has been 14 days with no activity and this issue has an assignee.Please update the label and/or status accordingly.", "Is that bug still in the latest version?", "Nagging Awaiting Response: It has been 14 days with no activityand the `awaiting response` label was assigned. Is this still an issue?", "Automatically closing due to lack of recent activity. Please update the issue when new information becomes available, and we will reopen the issue. Thanks!", "I can confirm this still occurs in tensorflow 1.4.1, for example if I run:\r\n\r\n```\r\ninput_image = tf.placeholder(tf.float32, (5, None, None, 5), \"tmp\")\r\nextracted = tf.extract_image_patches(images=input_image,\r\n                                         ksizes=[1, 2, 2, 1],\r\n                                         strides=[1, 1, 1, 1],\r\n                                         rates=[1, 1, 1, 1], padding='VALID')\r\ngrad = tf.gradients(tf.reduce_sum(extracted), input_image)\r\nsess = tf.Session()\r\nsess.run(grad, {input_image: np.random.normal(size=(5, 2, 2, 5))})\r\n```\r\n\r\n I would still find it useful if this feature was added.", "Nagging Awaiting Response: It has been 14 days with no activityand the `awaiting response` label was assigned. Is this still an issue?", "Nagging Awaiting Response: It has been 14 days with no activityand the `awaiting response` label was assigned. Is this still an issue?", "Nagging Awaiting Response: It has been 14 days with no activityand the `awaiting response` label was assigned. Is this still an issue?", "It has been 14 days with no activity and the `awaiting response` label was assigned. Is this still an issue?", "It has been 14 days with no activity and the `awaiting response` label was assigned. Is this still an issue?", "It has been 29 days with no activity and the `awaiting response` label was assigned. Is this still an issue?", "Could I try to fix that issue?", "Problem still occurs with Tensorflow 2.0", "Are you satisfied with the resolution of your issue?\n<a href=\"https://docs.google.com/forms/d/e/1FAIpQLSfaP12TRhd9xSxjXZjcZFNXPGk4kc1-qMdv3gc6bEP90vY1ew/viewform?entry.85265664=Yes&entry.2137816233=11651\">Yes</a>\n<a href=\"https://docs.google.com/forms/d/e/1FAIpQLSfaP12TRhd9xSxjXZjcZFNXPGk4kc1-qMdv3gc6bEP90vY1ew/viewform?entry.85265664=No&entry.2137816233=11651\">No</a>\n"]}, {"number": 11650, "title": "BUG: DropoutWrapper incorrectly updates memory state", "body": "### Describe the problem\r\nGRU units (wikipedia):\r\n![image](https://user-images.githubusercontent.com/26974149/28431669-fb89275a-6d39-11e7-929a-43be917d2602.png)\r\n\r\ntf.contrib.rnn.DropoutWrapper documentation:\r\nstate_keep_prob: unit Tensor or float between 0 and 1, output keep probability; if it is constant and 1, no output dropout will be added. State dropout is performed on the output states of the cell.\r\n\r\nIn GRU units, the output state is the memory state. When variational_recurrent=True, the same temporal dropout mask is applied to the output state, in each time step, with the remaining outputs divided by the dropout probability. This leads to exponential growth of the memory state and exploding outputs (given long enough time series):\r\n![image](https://user-images.githubusercontent.com/26974149/28432360-7644d7b2-6d3c-11e7-8999-80ff55344f61.png)\r\n\r\nThe correct way is probably to divide U_z, U_r and U_h and not the output state.\r\n\r\n### Source code / logs\r\n```\r\n################################### \r\ndef length(sequence):\r\n\tused = tf.sign(tf.reduce_max(tf.abs(sequence), axis=2))\r\n\tlength = tf.reduce_sum(used, axis=1)\r\n\treturn length\r\n################################### \r\ndef GRU(x, units, act, in_dp, out_dp, tmp_dp):\r\n\tgru_cell = tf.contrib.rnn.GRUCell(units, activation=act, kernel_initializer=tf.contrib.layers.xavier_initializer(uniform=True))\r\n\twrapped_gru_cell = tf.contrib.rnn.DropoutWrapper(gru_cell, input_keep_prob=in_dp, output_keep_prob=out_dp, state_keep_prob=tmp_dp, variational_recurrent=True, dtype=x.dtype, input_size=x.get_shape()[2])\r\n\toutputs, state = tf.nn.dynamic_rnn(wrapped_gru_cell, x, dtype=x.dtype, sequence_length=length(x))\r\n\treturn [outputs, state]\r\n################################### \r\nRunning with parameters (all exploded):\r\nact=tf.nn.tanh, in_dp=1., out_dp=1., tmp_dp=0.5/0.9, n_hidden = 32/64/128\r\n```\r\n\r\n### System information\r\n== cat /etc/issue ===============================================\r\nLinux mvdslab 4.4.0-83-generic #106-Ubuntu SMP Mon Jun 26 17:54:43 UTC 2017 x86_64 x86_64 x86_64 GNU/Linux\r\nVERSION=\"16.04.2 LTS (Xenial Xerus)\"\r\nVERSION_ID=\"16.04\"\r\nVERSION_CODENAME=xenial\r\n\r\n== are we in docker =============================================\r\nNo\r\n\r\n== compiler =====================================================\r\nc++ (Ubuntu 5.4.0-6ubuntu1~16.04.4) 5.4.0 20160609\r\nCopyright (C) 2015 Free Software Foundation, Inc.\r\nThis is free software; see the source for copying conditions.  There is NO\r\nwarranty; not even for MERCHANTABILITY or FITNESS FOR A PARTICULAR PURPOSE.\r\n\r\n\r\n== uname -a =====================================================\r\nLinux mvdslab 4.4.0-83-generic #106-Ubuntu SMP Mon Jun 26 17:54:43 UTC 2017 x86_64 x86_64 x86_64 GNU/Linux\r\n\r\n== check pips ===================================================\r\nnumpy (1.12.1)\r\nnumpydoc (0.6.0)\r\nprotobuf (3.3.0)\r\ntensorflow (1.2.0)\r\ntensorflow-gpu (1.2.0)\r\n\r\n== check for virtualenv =========================================\r\nFalse\r\n\r\n== tensorflow import ============================================\r\ntf.VERSION = 1.2.0\r\ntf.GIT_VERSION = v1.2.0-1131-gbc691dd\r\ntf.COMPILER_VERSION = v1.2.0-1131-gbc691dd\r\nSanity check: array([1], dtype=int32)\r\n\r\n== env ==========================================================\r\nLD_LIBRARY_PATH /home/anton/torch/install/lib:/usr/local/cuda-8.0/lib64\r\nDYLD_LIBRARY_PATH /home/anton/torch/install/lib:/home/anton/torch/install/lib:\r\n\r\n== nvidia-smi ===================================================\r\nThu Jul 20 10:36:06 2017       \r\n+-----------------------------------------------------------------------------+\r\n| NVIDIA-SMI 375.66                 Driver Version: 375.66                    |\r\n|-------------------------------+----------------------+----------------------+\r\n| GPU  Name        Persistence-M| Bus-Id        Disp.A | Volatile Uncorr. ECC |\r\n| Fan  Temp  Perf  Pwr:Usage/Cap|         Memory-Usage | GPU-Util  Compute M. |\r\n|===============================+======================+======================|\r\n|   0  Quadro K1200        Off  | 0000:01:00.0      On |                  N/A |\r\n| 39%   38C    P0     1W /  35W |    459MiB /  4034MiB |      3%      Default |\r\n+-------------------------------+----------------------+----------------------+\r\n                                                                               \r\n+-----------------------------------------------------------------------------+\r\n| Processes:                                                       GPU Memory |\r\n|  GPU       PID  Type  Process name                               Usage      |\r\n|=============================================================================|\r\n|    0      1183    G   /usr/lib/xorg/Xorg                             110MiB |\r\n|    0      6218    G   ...el-token=544D2517E333A364F4E0C0630D2C9DD1   347MiB |\r\n+-----------------------------------------------------------------------------+\r\n\r\n== cuda libs  ===================================================\r\n/usr/local/cuda-8.0/lib64/libcudart.so.8.0.61\r\n/usr/local/cuda-8.0/lib64/libcudart_static.a\r\n/usr/local/cuda-8.0/doc/man/man7/libcudart.7\r\n/usr/local/cuda-8.0/doc/man/man7/libcudart.so.7", "comments": ["Update:\r\nThe same problem occurs with LSTM:\r\n![image](https://user-images.githubusercontent.com/26974149/28434593-b7d913ca-6d44-11e7-9429-c7d6bc75ed81.png)\r\n\r\nc_t-1 is divided by the dropout probability and grows exponentially. I guess h_t-1 should be computed using the divided c_t-1 and c_t should be updated using the unmodified c_t-1.", "Update:\r\nThe same problem occurs with variational_recurrent=false.\r\nLine 754 in rnn_cell_impl.py updates the memory state with the dropout mask and divides the state by the probability, which is wrong. The division in dropout is performed to adjust for a constant expected activation arguments. However, it should not modify the internal memory state of the unit. \r\nWith variational_recurrent=false, we have a random recurrent dropout mask at each step and we don't get the same \"accumulating effect\" as with variational_recurrent=true. As a result, the memory state remains in the same magnitude as the candidate update (right hand element in the memory state update equation) and is practically impossible to debug. I wonder if this is the cause for the general consensus that recurrent dropout doesn't work/cause RNN to not remember.\r\n\r\n", "@ebrevdo : Mind taking a look?", "Will need to confirm with folks internally, but we may have to add an exclusions field to the wrapper to avoid dropping out the c state.", "Has anyone had a chance to look at this?  I agree with @santon834 that it looks like variational dropout  has been wrongly implemented for the LSTM and GRU if state_keep_prob < 1.  I think that the LSTM could be fixed by excluding the c state from dropout.   However, fixing the GRU would require more changes as dropout should only be applied after the weights (U) are applied but not after the multiplication by z.   I am not sure the best way to achieve this but perhaps a new pair of cells with dropout built in might be the way forward?\r\n\r\nTo be clear: the bug applies not just to the division by p, but also to the application of the dropout mask: it should only be applied to the results of multiplication by weights, not to the propagation of cell state (z*h in the case of the GRU and c in the case of LSTM).\r\n\r\nI also agree that it the implemetation seems to give poor results even when variational_recurrent=False and it might work better if it did not drop the internal LSTM state.   However, I guess the best implementation of non-variational dropout for LSTM is more open to debate so I would not call that part wrong necessary.", "@santon834 You might want to check out https://arxiv.org/pdf/1603.05118.pdf\r\n\r\nIt looks like not dropping the LSTM memory state might actually be the key to getting good performance from dropout in LSTMs.  Using one mask per sequence might be redundant as long as you do this.", "I'm testing a fix for LSTM-type cells now.  GRU, as you suggested, is\nharder to fix.\n\nOn Mon, Aug 14, 2017 at 12:52 PM, davidhstern <notifications@github.com>\nwrote:\n\n> @santon834 <https://github.com/santon834> You might want to check out\n> https://arxiv.org/pdf/1603.05118.pdf\n>\n> It looks like not dropping the LSTM memory state might actually be the key\n> to getting good performance from dropout in LSTMs. Using one mask per\n> sequence might be redundant as long as you do this.\n>\n> \u2014\n> You are receiving this because you were mentioned.\n> Reply to this email directly, view it on GitHub\n> <https://github.com/tensorflow/tensorflow/issues/11650#issuecomment-322291027>,\n> or mute the thread\n> <https://github.com/notifications/unsubscribe-auth/ABtim65PMlLDU66Zf5WvgYO3W_BBb4V3ks5sYKVtgaJpZM4Oee9R>\n> .\n>\n", "FWIW, I found that simply applying regular dropout to the c tensor in the GRUCell gives good results, as suggested by the paper linked above.   Obviously this meant modifying the GRUCell.  I am not sure how to do it in the wrapper.   ", "That's impossible to do in the wrapper; I think one would have to add a new\nGRUCell type to get this behavior.\n\nOn Tue, Aug 15, 2017 at 11:54 AM, davidhstern <notifications@github.com>\nwrote:\n\n> FWIW, I found that simply applying regular dropout to the c tensor in the\n> GRUCell gives good results, as suggested by the paper linked above.\n> Obviously this meant modifying the GRUCell. I am not sure how to do it in\n> the wrapper.\n>\n> \u2014\n> You are receiving this because you were mentioned.\n> Reply to this email directly, view it on GitHub\n> <https://github.com/tensorflow/tensorflow/issues/11650#issuecomment-322555880>,\n> or mute the thread\n> <https://github.com/notifications/unsubscribe-auth/ABtim-yXkOBDvZi7XUpAxvIpscH9aK4eks5sYelUgaJpZM4Oee9R>\n> .\n>\n", "@ebrevdo Is this implemented for GRUs?"]}, {"number": 11649, "title": "Updating RELEASE notes.", "body": "", "comments": []}, {"number": 11648, "title": "added link to benchmarks in community page", "body": "", "comments": ["Can one of the admins verify this patch?", "Jenkins, test this please"]}, {"number": 11647, "title": "fix windows gpu build", "body": "https://github.com/tensorflow/tensorflow/commit/083f5433f65b92a406f41806e7bc8c5d0ae679ac introduced some issues for windows gpu builds because tools like proto_text don't link with all gpu libraries  needed for gpu_tracer.cc.", "comments": ["Can one of the admins verify this patch?", "Jenkins, test this please.\r\n\r\n(Alas this won't run the GPU tests... @gunan or @yifeif, do you remember how to trigger them manually on a PR?)", "@mrry we can create an experimental build copying the windows GPU build and configure the experimental build to @guschmue's branch. let me know if you want to do that.", "That sounds good to me---but I'm also happy to trust that Guenther has tested this locally and merge this PR without waiting for the GPU build to complete.", "sgtm", ":) \r\nI did build it on my desktop for gpu and the cpu build passed our jenkins (including unit test). \r\ngpu build ... jenkins still is working on it.", "No need for an experimental build. We already have a manually triggered windows GPU cmake build on jenkins:\r\nhttp://ci.tensorflow.org/job/tf-pr-win-cmake-gpu/14/\r\nAlso, if @guschmue confirms passing runs, I am OK with merging without waiting for our build.", "our jenkins passed for gpu as well, unit tests included", "The build is fixed, but looks like in our build this test is failing:\r\n```\r\ntensorflow/contrib/factorization/python/ops/gmm_test.py\r\n```\r\n\r\nMerging now as this fixes the build, then we can look into the failing test.", "I think there might be more wrong. Installed the build to check on gmm_test.py ... the test worked BUT there was a error message about cuinit and some of my test apps don't find a gpu.\r\nDon't know why the unittests are not failing on mass.\r\nThe build break came with a large merge ... maybe something else came in. Going to take a look first thing tomorrow.", "false alert. my desktop and our jenkins box are fine with the build. Going to look at the gmm_test failure."]}, {"number": 11646, "title": "Update CODE_OF_CONDUCT.md with additional protected characteristic", "body": "Government/Military/Veteran affiliation (government catch-all) protected characteristic added to opening paragraph.", "comments": ["Can one of the admins verify this patch?", "Thanks for your pull request.  It looks like this may be your first contribution to a Google open source project. Before we can look at your pull request, you'll need to sign a Contributor License Agreement (CLA).\n\n:memo: **Please visit <https://cla.developers.google.com/> to sign.**\n\nOnce you've signed, please reply here (e.g. `I signed it!`) and we'll verify.  Thanks.\n\n---\n\n- If you've already signed a CLA, it's possible we don't have your GitHub username or you're using a different email address.  Check [your existing CLA data](https://cla.developers.google.com/clas) and verify that your [email is set on your git commits](https://help.github.com/articles/setting-your-email-in-git/).\n- If your company signed a CLA, they designated a Point of Contact who decides which employees are authorized to participate. You may need to contact the Point of Contact for your company and ask to be added to the group of authorized contributors. If you don't know who your Point of Contact is, direct the project maintainer to go/cla#troubleshoot.\n- In order to pass this check, please resolve this problem and have the pull request author add another comment and the bot will run again.\n\n<!-- need_sender_cla -->", "CLA signed", "CLAs look good, thanks!\n\n<!-- ok -->", "@martinwicke is out this week so maybe he can speak more to this when he gets back.  Since I'm trying to help and I have no context, I believe this code of conduct was taken from http://contributor-covenant.org/ -- perhaps it makes sense to make this request there first so we don't deviate?", "@vrv PR on Contributor Covenant completed. As the CoC used here has content from multiple sources, a minor change with an addition of a protected characteristic should not conflict with the source originals.\r\n\r\nI welcome comments from @martinwicke when he returns.", "Thanks, will probably wait for https://github.com/ContributorCovenant/contributor_covenant/pull/432 to be merged.", "@martinwicke can you please comment on this.", "@germanmarky Closing this out since there's no update on that pull request and  we don't want to deviate from contributor covenant. Feel free to reopen or resend when the change gets merged there (we'll also likely update it on our own when that happens)."]}, {"number": 11645, "title": "1.3.0rc0 GPU Windows Binaries are broken.", "body": "UPDATE: This is most likely due to the new cuDNN requirement not being specified. Users stumbling across this issue should check what cuDNN version they have installed as 1.3 binaries are built with cuDNN v6.\r\n\r\n### System information\r\n- **Have I written custom code (as opposed to using a stock example script provided in TensorFlow)**:\r\n- **OS Platform and Distribution (e.g., Linux Ubuntu 16.04)**: Win10-64\r\n- **TensorFlow installed from (source or binary)**: Binary\r\n- **TensorFlow version (use command below)**: 1.3.0rc0 GPU\r\n- **Python version**: 3.6\r\n- **CUDA/cuDNN version**: 8/5.1\r\n- **GPU model and memory**: k40 12gb\r\n- **Exact command to reproduce**: `import tensorflow as tf`\r\n\r\n### Describe the problem\r\n_Only tried GPU versions_\r\nDespite what the release config matrix says here: https://ci.tensorflow.org/view/Release/job/release-win/lastBuild/ it appears that the binaries (pip and from ci) for 1.3.0rc0 do not work on windows. Each time will return the pywrap/DLL error etc. Checked with @mrry check script and everything is ok. Tried with python 3.5 and 3.6. 1.2.1 works on both those python versions just fine. I noticed that the 3.5 build for win-gpu was failing but jenkins reckons 3.6 build is ok but i'm unable to replicate a successful install.\r\n\r\nNote that I have been running tf-gpu on this machine for a while now so not a dll problem etc. Epecially as a) mrry check script is ok and b) 1.2.1 works just \r\n\r\n### Source code / logs\r\n*insert pywrap/DLL error here*", "comments": ["Update: @mrry reckons that 1.3 binaries use cuDNN6 by default. Could this be the cause?", "Yes, 1.3 (even the RCs) are built with cudnn 6 by default.\r\n@av8ramit Could you add this to the release notes?\r\n@jubjamie Do you think if we simply update release notes, would that be sufficient to close this issue?", "@gunan As long as the different cuDNN version is the reason for them not working then I think a clear message to indicate to users there is a change is reasonable. \r\n\r\nJust aware that some users with less patience than me may eventually upgrade to 1.3 and, unless you read the release notes, you may not realise that cuDNN requirements have changed. This could cause an increase in install error reports. I guess that's up to you what is sufficient to placate the issue!\r\n\r\nPaging @mrry to perhaps see if he can edit his excellent check script to warn of incompatible cuDNN based on TF version as currently it identifies that cuDNN is installed but turns out it's the wrong version.", "PR is out.\r\nhttps://github.com/tensorflow/tensorflow/pull/11649", "Release notes are updated. Assigning to @mrry to close or pursue further.", "I updated the gist: https://gist.github.com/mrry/ee5dbcfdd045fa48a27d56664411d41c\r\n\r\nIt's not perfect, since you can't tell what version of TensorFlow is installed without importing the TensorFlow native extension, which would presumably fail! (Perhaps there's some way to scrape `pip` for this information, but I haven't tried.)\r\n\r\nClosing this issue for now.", "(Incidentally #9170 is probably the best place to discuss how to provide better error messages in this case.)"]}, {"number": 11644, "title": "Is there a way to visualise the hidden layer during the Seq2Seq translation in translate.py ", "body": "Is there any way I could visualise the hidden layer process during the translation process in Sequence to Sequence Modelling using Tensorflow.\r\n\r\nTensorflow version: 1.0 CPU version Python: 2.7 Windows", "comments": ["Have you tried\r\n\r\n1. [TensorBoard](https://www.tensorflow.org/get_started/summaries_and_tensorboard)\r\nor\r\n2. [TensorFlow Debugger (tfdbg)](https://www.tensorflow.org/versions/master/programmers_guide/debugger)\r\n\r\n?", "I did try using tensorboard and couldn't find the metadata file ", "This question is better asked on  [StackOverflow](http://stackoverflow.com/questions/tagged/tensorflow) since it is not a  bug or feature request. There is also a larger community that reads questions there. Thanks!"]}, {"number": 11643, "title": "Fix build doc README", "body": "README for generating documentation includes outdated information.\r\n\r\n- `src_dir` must be absolute path\r\n- docs_src was moved to `tensorflow/docs_src`", "comments": ["Can one of the admins verify this patch?"]}, {"number": 11642, "title": "how to load my pretrain model in ckpt file v2 format\uff1f", "body": "Hi,when I use ckpt v1 format,the command line as follows,\r\n`python ./faster_rcnn/test_net.py --gpu 0 --weights ./models/VGGnet_fast_rcnn_iter_150000.ckpt  --imdb voc_2007_test --cfg ./experiments/cfgs/faster_rcnn_end2end.yml  --network VGGnet_test`\r\nit works.\r\nbut I train my model in voc 2007 dataset ,the output like this.\r\n![2017-07-20 21-27-37](https://user-images.githubusercontent.com/10908813/28419655-48ddb6d0-6d92-11e7-8e8f-8a5b0a2b14ee.png)\r\n\r\nthe test_net.py code as follows,\r\n```\r\n'# start a session\r\n    saver = tf.train.Saver()\r\n    sess = tf.Session(config=tf.ConfigProto(allow_soft_placement=True))\r\n    saver.restore(sess, args.model)\r\n    print ('Loading model weights from {:s}').format(args.model)\r\n    test_net(sess, network, imdb, weights_filename)'\r\n```\r\nthe output is:\r\n`Waiting for ./output/faster_rcnn_end2end_pva_voc/voc_2007_trainval/PVAnet_iter_10000.ckpt to exist...`\r\nI  have read some issues. but can't solve it . \r\nI need some help about this question.\r\nhow to load my pretrain model in ckpt file v2 format ?  modify my test_net.py?\r\nthanks!\r\n\r\n\r\n", "comments": ["I apologize but I am having a hard time understanding what the problem is, where the problem is, and what version it affects. Please resubmit and pay attention to the issue template (https://github.com/tensorflow/tensorflow/issues/new) . Please provide all the information it asks. Thank you.\r\n\r\n(In particular, I'm not quite sure what `faster_rcnn/test_net.py` is. This file doesn't seem to be part of the TensorFlow distribution, so perhaps this is some third-party code? And where is the checkpoint that you're using come from?)", "my problem like this   issue [https://github.com/smallcorgi/Faster-RCNN_TF/issues/79](url) .it provide one solution \uff0cbut I want to know how to use ckpt v2 format.What's the difference between ckpt v2 format and ckpt v1 format?"]}, {"number": 11641, "title": "[OpenCL] DenseUpdate sync", "body": "Fixes undefined symbol for tensorflow::functor::DenseUpdate<Eigen::SyclDevice, linking error.", "comments": ["Can one of the admins verify this patch?", "Jenkins, test this please."]}, {"number": 11640, "title": "mnist_with_summaries.py kills gpu", "body": "### System information\r\n- **OS Platform and Distribution (e.g., Linux Ubuntu 16.04)**: Antergos GNU/Linux x86_64\r\n- **TensorFlow installed from (source or binary)**: binary\r\n- **TensorFlow version (use command below)**: 1.2.1\r\n- **Python version**: 3.6.1\r\n- **CUDA/cuDNN version**: 8.0.61 / 6.0.21\r\n- **GPU model and memory**: Nvidia GeForce 840m (Optimus), 2GB memory\r\n- **Exact command to reproduce**: python mnist_with_summaries.py\r\n\r\n### Description\r\nRunning the following tutorial code produces an error(see below), and renders the gpu unusable until the system is rebooted:\r\nhttps://github.com/tensorflow/tensorflow/blob/master/tensorflow/examples/tutorials/mnist/mnist_with_summaries.py\r\n\r\nIf we comment out line 167:\r\n#run_options = tf.RunOptions(trace_level=tf.RunOptions.FULL_TRACE)\r\nand line 171:\r\n#options=run_options,\r\nthen the code runs fine without error.\r\n\r\n### Source code / logs\r\n2017-07-20 11:55:43.203763: I tensorflow/stream_executor/dso_loader.cc:129] Couldn't open CUDA library libcupti.so.8.0. LD_LIBRARY_PATH: /usr/lib/nvidia:/usr/lib32/nvidia:/usr/lib:/usr/lib32:/usr/lib:\r\n2017-07-20 11:55:43.203810: F ./tensorflow/stream_executor/lib/statusor.h:205] Non-OK-status: status_ status: Failed precondition: could not dlopen DSO: libcupti.so.8.0; dlerror: libcupti.so.8.0: cannot open shared object file: No such file or directory\r\n", "comments": ["This seems similar to #8830, could you try the resolution there?", "Thanks @asimshankar, it worked with the corresponding path for the archlinux cuda package directory layout: https://www.archlinux.org/packages/community/x86_64/cuda/\r\n\r\n`export LD_LIBRARY_PATH=/opt/cuda/extras/CUPTI/lib64:$LD_LIBRARY_PATH`\r\n\r\nI guess it is advisable to add this to ~/.bashrc", "Thank You! ", "It doesn't work."]}, {"number": 11639, "title": "Windows 64-bit GPU Build Failing", "body": "The nightly windows 64-bit GPU build has been failing for over 3 days.\r\nI could reproduce the error on different machines:\r\n\r\nhttps://ci.tensorflow.org/view/Nightly/job/nightly-win/M=windows-gpu,PY=36/245/consoleText\r\n\r\nMaybe the health monitor on the main site could include this build as well? Otherwise breaking errors might not be noticed for some longer time.\r\n", "comments": ["+1 Keen to get 1.3rc0 rolling but still on python3.5 which seems to be the one failing.", "@zheng-xq @gunan some libcupti issue? I thought we had this dependency for a while.\r\n\r\n```\r\n    47>gpu_tracer.obj : error LNK2019: unresolved external symbol \"public: void __cdecl tensorflow::StepStatsCollector::Save(class std::basic_string<char,struct std::char_traits<char>,class std::allocator<char> > const &,class tensorflow::NodeExecStats *)\" (?Save@StepStatsCollector@tensorflow@@QEAAXAEBV?$basic_string@DU?$char_traits@D@std@@V?$allocator@D@2@@std@@PEAVNodeExecStats@2@@Z) referenced in function \"public: virtual class tensorflow::Status __cdecl tensorflow::gputracer::GPUTracerImpl::Collect(class tensorflow::StepStatsCollector *)\" (?Collect@GPUTracerImpl@gputracer@tensorflow@@UEAA?AVStatus@3@PEAVStepStatsCollector@3@@Z) [C:\\tf_jenkins\\home\\workspace\\nightly-win\\M\\windows-gpu\\PY\\36\\cmake_build\\proto_text.vcxproj]\r\n```", "The release branch is building OK, for 1.3, please use the branch.\nIn master branch, there are some new files added, but cmakefile updates\nwere missing. @mrry @guschmue for more information.\n\nOn Jul 20, 2017 8:00 PM, \"drpngx\" <notifications@github.com> wrote:\n\n@zheng-xq <https://github.com/zheng-xq> @gunan <https://github.com/gunan>\nsome libcupti issue? I thought we had this dependency for a while.\n\n    47>gpu_tracer.obj : error LNK2019: unresolved external symbol\n\"public: void __cdecl tensorflow::StepStatsCollector::Save(class\nstd::basic_string<char,struct std::char_traits<char>,class\nstd::allocator<char> > const &,class tensorflow::NodeExecStats *)\"\n(?Save@StepStatsCollector@tensorflow@@QEAAXAEBV?$basic_string@DU?$char_traits@D@std@@V?$allocator@D@2@@std@@PEAVNodeExecStats@2@@Z)\nreferenced in function \"public: virtual class tensorflow::Status\n__cdecl tensorflow::gputracer::GPUTracerImpl::Collect(class\ntensorflow::StepStatsCollector *)\"\n(?Collect@GPUTracerImpl@gputracer@tensorflow@@UEAA?AVStatus@3@PEAVStepStatsCollector@3@@Z)\n[C:\\tf_jenkins\\home\\workspace\\nightly-win\\M\\windows-gpu\\PY\\36\\cmake_build\\proto_text.vcxproj]\n\n\u2014\nYou are receiving this because you were mentioned.\nReply to this email directly, view it on GitHub\n<https://github.com/tensorflow/tensorflow/issues/11639#issuecomment-316766650>,\nor mute the thread\n<https://github.com/notifications/unsubscribe-auth/AHlCOSFborGOqiGMsc6CvPFkn0Ov-OFyks5sP4eigaJpZM4Od8Je>\n.\n", "for the master - just sent a PR for it.", "#11647 for reference", "Build is now green in our CI. Please sync to master and try again.", "Yay, thanks!\n\nOn Jul 22, 2017 1:50 PM, \"gunan\" <notifications@github.com> wrote:\n\n> Closed #11639 <https://github.com/tensorflow/tensorflow/issues/11639>.\n>\n> \u2014\n> You are receiving this because you were assigned.\n> Reply to this email directly, view it on GitHub\n> <https://github.com/tensorflow/tensorflow/issues/11639#event-1174994823>,\n> or mute the thread\n> <https://github.com/notifications/unsubscribe-auth/AT_SbTVD-69KYOO4rA7gIxjoi6KIMhlEks5sQmB9gaJpZM4Od8Je>\n> .\n>\n"]}, {"number": 11638, "title": "Probably wrong implementation for tf.layers.max_pooling1d when data_format='channels_first'", "body": "In function ``call`` of class ``_Pooling1D``,  when the input ``data_format='channels_first'``, it should transform input tensor from '**N,C,H**' to '**N,C,H,W**' (batch_size, channels, height, width), meaning that we should expand dimension on the last dimension. \r\n\r\nHowever, in the code we use ``inputs = array_ops.expand_dims(inputs, 1)``, expanding on the second dimension and transforming from '**N,C,H**' to '**N,1,C,H**'. Then the ``pool_shape`` and ``strides`` are looking at the third dimension, which is not consistant with our ``expand_dims(inputs, 1)`` used before.\r\n\r\nI think the code should be changed to ``inputs = array_ops.expand_dims(inputs, -1)`` and ``return array_ops.squeeze(outputs, -1)``. Using **-1** will expand and squeeze on the last dimension, transforming from '**N,C,H**' to **'**N,C,H,1**', and then doing ``pool_shape`` and ``strides`` on the third dimension.\r\n\r\n### Source Code\r\n------------------------\r\n````\r\n  def call(self, inputs):\r\n    # There is no TF op for 1D pooling, hence we make the inputs 4D.\r\n    if self.data_format == 'channels_last':\r\n      inputs = array_ops.expand_dims(inputs, 2)\r\n      pool_shape = (1,) + self.pool_size + (1, 1)\r\n      strides = (1,) + self.strides + (1, 1)\r\n      data_format = 'NHWC'\r\n    else:\r\n      inputs = array_ops.expand_dims(inputs, 1)\r\n      pool_shape = (1, 1) + self.pool_size + (1,)\r\n      strides = (1, 1) + self.strides + (1,)\r\n      data_format = 'NCHW'\r\n````\r\n\r\n", "comments": ["@zhangyaobit, could you take a quick look?", "Indeed, looks not right to me. @fchollet, could you take a look?", "I agree with @ZekunZh. The `expand_dims` in `_Pooling1D` should transform:\r\n- `NHC` to `NHWC ` for `channels_last` with `expand_dims(inputs, 2)`\r\n- `NCH` to `NCHW` for `channels_first` with `expand_dims(inputs, -1)` not `1`", "Marked as contribution welcome. Anyone is welcome to implement the fix proposed by @ZekunZh", "How about contributing your idea @ZekunZh?", "Thanks for your invitation ! @taehoonlee \r\nI have proposed my solution in my first post. To be clearer, my suggestion of code for ``call`` function of ``_Pooling1D`` class :\r\n````\r\n  def call(self, inputs):\r\n    # There is no TF op for 1D pooling, hence we make the inputs 4D.\r\n    if self.data_format == 'channels_last':\r\n      ...\r\n    else:\r\n      inputs = array_ops.expand_dims(inputs, -1)\r\n      pool_shape = (1, 1) + self.pool_size + (1,)\r\n      strides = (1, 1) + self.strides + (1,)\r\n      data_format = 'NCHW'\r\n\r\n    outputs = ...\r\n\r\n    if self.data_format == 'channels_last':\r\n      ...\r\n    else:\r\n      return array_ops.squeeze(outputs, -1)\r\n````\r\nI will make my pull request very soon.", "Please remove the assignee, as this issue is inviting external contributions. Otherwise, remove the `contributions welcome` label. Thank you.", "Please remove the assignee, as this issue is inviting external contributions. Otherwise, remove the `contributions welcome` label. Thank you.", "Please remove the assignee, as this issue is inviting external contributions. Otherwise, remove the `contributions welcome` label. Thank you.", "The issue is already fixed (refer to the [codes](https://github.com/tensorflow/tensorflow/blob/master/tensorflow/python/layers/pooling.py#L74)).", "Closed through #15500"]}, {"number": 11637, "title": "when i train a GAN model AdamOptimizer get ValueError ", "body": "    with tf.variable_scope(tf.get_variable_scope(),reuse=None):\r\n        d_optim = tf.train.AdamOptimizer(learning_rate=learning_rate, beta1=0.5).minimize(d_loss, var_list=d_vars, global_step=global_step)\r\n        g_optim = tf.train.AdamOptimizer(learning_rate=learning_rate, beta1=0.5).minimize(g_loss, var_list=g_vars, global_step=global_step)\r\n\r\ni set reuse=None but it still has ValueError: Variable d_bn2/beta/Adam/ does not exist, or was not created with tf.get_variable(). Did you mean to set reuse=None in VarScope?\r\ni even tried set it to False ,but it still has the error\r\nis that a bug in version r1.2?", "comments": ["did you create the variable before?", "d_loss_real=tf.reduce_mean(tf.nn.sigmoid_cross_entropy_with_logits(labels=tf.ones_like(D),logits=D_log))\r\n    d_loss_fake=tf.reduce_mean(tf.nn.sigmoid_cross_entropy_with_logits(labels=tf.zeros_like(D_),logits=D_log_))\r\n    d_loss=d_loss_fake+d_loss_real\r\n    g_loss=tf.reduce_mean(tf.nn.sigmoid_cross_entropy_with_logits(labels=tf.ones_like(D_),logits=D_log_))\r\n    boolean_error_real=tf.cast(tf.not_equal(tf.reshape(tf.to_int32(tf.round(D_log)),[batch_size,128]),tf.reshape(K,[batch_size,128])),tf.int32)\r\n    bit_error_real=tf.reduce_sum(boolean_error_real,[1])\r\n    boolean_error_fake = tf.cast(tf.not_equal(tf.reshape(tf.to_int32(tf.round(D_log_)),[batch_size,128]), tf.reshape(K, [batch_size, 128])), tf.int32)\r\n    bit_error_fake = tf.reduce_sum(boolean_error_fake, [1])\r\n\r\n    z_sum = tf.summary.histogram(\"z\", z)\r\n    d_sum = tf.summary.histogram(\"d\", D)\r\n    d__sum = tf.summary.histogram(\"d_\", D_)\r\n    G_sum = tf.summary.histogram(\"G\", G)\r\n\r\n    d_loss_real_sum = tf.summary.scalar(\"d_loss_real\", d_loss_real)\r\n    d_loss_fake_sum = tf.summary.scalar(\"d_loss_fake\", d_loss_fake)\r\n    d_loss_sum = tf.summary.scalar(\"d_loss\", d_loss)\r\n    g_loss_sum = tf.summary.scalar(\"g_loss\", g_loss)\r\n    bit_error_real_sum=tf.summary.scalar(\"bit_error_real\",bit_error_real)\r\n    bit_error_fake_sum=tf.summary.scalar(\"bit_error_fake\",bit_error_fake)\r\n\r\n    # \u5408\u5e76\u5404\u81ea\u7684\u603b\u7ed3\r\n    g_sum = tf.summary.merge([z_sum, d__sum, G_sum, d_loss_fake_sum, g_loss_sum])\r\n    d_sum = tf.summary.merge([z_sum, d_sum, d_loss_real_sum, d_loss_sum])\r\n\r\n    # \u751f\u6210\u5668\u548c\u5224\u522b\u5668\u8981\u66f4\u65b0\u7684\u53d8\u91cf\uff0c\u7528\u4e8e tf.train.Optimizer \u7684 var_list\r\n    t_vars = tf.trainable_variables()\r\n    d_vars = [var for var in t_vars if 'd_' in var.name]\r\n    g_vars = [var for var in t_vars if 'g_' in var.name]\r\n\r\n    saver = tf.train.Saver()\r\n    #tf.get_variable_scope().reuse_variables()\r\n    # \u4f18\u5316\u7b97\u6cd5\u91c7\u7528 Adam\r\n    with tf.variable_scope(tf.get_variable_scope(),reuse=None):\r\n        d_optim = tf.train.AdamOptimizer(learning_rate=learning_rate, beta1=0.5).minimize(d_loss, var_list=d_vars, global_step=global_step)\r\n        g_optim = tf.train.AdamOptimizer(learning_rate=learning_rate, beta1=0.5).minimize(g_loss, var_list=g_vars, global_step=global_step)\r\n\r\nyes,i did @drpngx ", "This question is better asked on  [StackOverflow](http://stackoverflow.com/questions/tagged/tensorflow) since it is not a  bug or feature request. There is also a larger community that reads questions there. Thanks!"]}]