[{"number": 54994, "title": "Provide more helpful messages for some errors when using DistributedValues by registering a custom tensor conversion function for PerReplica. The conversion function first checks the distribution context and raises an error if it's not a per-replica context, instructing the user to enter one. Otherwise, returns the Tensor from PerReplica `values`.", "body": "Provide more helpful messages for some errors when using DistributedValues by registering a custom tensor conversion function for PerReplica. The conversion function first checks the distribution context and raises an error if it's not a per-replica context, instructing the user to enter one. Otherwise, returns the Tensor from PerReplica `values`.\n", "comments": []}, {"number": 54993, "title": "[mhlo] Restrict the op-regions of mhlo::scatterOp from returning tuple-types.", "body": "[mhlo] Restrict the op-regions of mhlo::scatterOp from returning tuple-types.\n\nDuring import (from HLO) we flatten the tuple return-types of region-blocks.\n", "comments": []}, {"number": 54992, "title": "Added new syntax constructions to abstract types.", "body": "Added new syntax constructions to abstract types.\nSupport of different types in single high level kernel representation.\n", "comments": []}, {"number": 54991, "title": "TensorFlow API Versions Hyperlink for 2.7 points to 2.8", "body": "## URL(s) with the issue:\r\n\r\nhttps://www.tensorflow.org/versions\r\n\r\n## Description of issue (what needs changing):\r\nThe link to version r2.7 points to `https://www.tensorflow.org/api_docs/python/tf` but should point point to `https://www.tensorflow.org/versions/r2.7/api_docs/python/tf`.\r\n", "comments": ["Thanks for the PR, I have submitted the fix internally which should reflect the updated changes.", "Hi, You can see the changes in the document now. You can close this issue. Thanks!", "I verified the changes in the page, all works as expected, thanks @sachinprasadhs =)", "Are you satisfied with the resolution of your issue?\r\n[Yes](https://goo.gl/forms/Oe0tEvODFRoI2gJF3)\r\n[No](https://goo.gl/forms/fUjzOfrtkFbrOT8d2)"]}, {"number": 54990, "title": "Introduced optional type argument for tensor Write selector.", "body": "Introduced optional type argument for tensor Write selector.\nAllow to use tensors with different types for the same kernel source file.\n", "comments": []}, {"number": 54989, "title": "Support lowering depth-wise convolution with non-zero padding.", "body": "Support lowering depth-wise convolution with non-zero padding.\n", "comments": []}, {"number": 54988, "title": "Build of unit tests fails", "body": "<em>Please make sure that this is a build/installation issue. As per our [GitHub Policy](https://github.com/tensorflow/tensorflow/blob/master/ISSUES.md), we only address code/doc bugs, performance issues, feature requests and build/installation issues on GitHub. tag:build_template</em>\r\n\r\n**System information**\r\n- OS Platform and Distribution (e.g., Linux Ubuntu 16.04): Ubuntu 18.04\r\n- Mobile device (e.g. iPhone 8, Pixel 2, Samsung Galaxy) if the issue happens on mobile device: n/a\r\n- TensorFlow installed from (source or binary): source\r\n- TensorFlow version: git HEAD\r\n- Python version: 3.7.5\r\n- Installed using virtualenv? pip? conda?: no\r\n- Bazel version (if compiling from source): 5.0.0\r\n- GCC/Compiler version (if compiling from source): 10.3.0\r\n- CUDA/cuDNN version: n/a\r\n- GPU model and memory: n/a\r\n\r\n\r\n\r\n**Describe the problem**\r\n\r\nBuilding unit tests fails with\r\n\r\n================================================================================\r\nERROR: /tmp/workspace/tensorflow-git/tensorflow/compiler/mlir/lite/quantization/BUILD:152:20: Compiling tensorflow/compiler/mlir/lite/quantization/tools/tflite_op_coverage_spec_getters_gen.cc failed: (Exit 1): gcc failed: error executing command \r\n  (cd /root/.cache/bazel/_bazel_root/db210f68f81d95ddcca9ae96b16ed72c/execroot/org_tensorflow && \\\r\n  exec env - \\\r\n    LD_LIBRARY_PATH=/opt/rh/devtoolset-10/root/usr/lib64:/opt/rh/devtoolset-10/root/usr/lib:/opt/rh/devtoolset-10/root/usr/lib64/dyninst:/opt/rh/devtoolset-10/root/usr/lib/dyninst:/usr/local/lib64:/usr/lib \\\r\n    PATH=/tmp/workspace/venv-cp310-cp310/bin:/opt/rh/devtoolset-10/root/usr/bin:/usr/local/sbin:/usr/local/bin:/usr/sbin:/usr/bin:/sbin:/bin \\\r\n    PWD=/proc/self/cwd \\\r\n  /opt/rh/devtoolset-10/root/usr/bin/gcc -U_FORTIFY_SOURCE -fstack-protector -Wall -Wunused-but-set-parameter -Wno-free-nonheap-object -fno-omit-frame-pointer -g0 -O2 '-D_FORTIFY_SOURCE=1' -DNDEBUG -ffunction-sections -fdata-sections '-std=c++11' -MD -MF bazel-out/aarch64-opt-exec-50AE0418/bin/tensorflow/compiler/mlir/lite/quantization/_objs/tflite_op_coverage_spec_getters_gen/tflite_op_coverage_spec_getters_gen.d '-frandom-seed=bazel-out/aarch64-opt-exec-50AE0418/bin/tensorflow/compiler/mlir/lite/quantization/_objs/tflite_op_coverage_spec_getters_gen/tflite_op_coverage_spec_getters_gen.o' '-DLLVM_ON_UNIX=1' '-DHAVE_BACKTRACE=1' '-DBACKTRACE_HEADER=<execinfo.h>' '-DLTDL_SHLIB_EXT=\".so\"' '-DLLVM_PLUGIN_EXT=\".so\"' '-DLLVM_ENABLE_THREADS=1' '-DHAVE_DEREGISTER_FRAME=1' '-DHAVE_LIBPTHREAD=1' '-DHAVE_PTHREAD_GETNAME_NP=1' '-DHAVE_PTHREAD_GETSPECIFIC=1' '-DHAVE_PTHREAD_H=1' '-DHAVE_PTHREAD_SETNAME_NP=1' '-DHAVE_REGISTER_FRAME=1' '-DHAVE_SETENV_R=1' '-DHAVE_STRERROR_R=1' '-DHAVE_SYSEXITS_H=1' '-DHAVE_UNISTD_H=1' -D_GNU_SOURCE '-DHAVE_LINK_H=1' '-DHAVE_LSEEK64=1' '-DHAVE_MALLINFO=1' '-DHAVE_SBRK=1' '-DHAVE_STRUCT_STAT_ST_MTIM_TV_NSEC=1' '-DLLVM_NATIVE_ARCH=\"AArch64\"' '-DLLVM_NATIVE_ASMPARSER=LLVMInitializeAArch64AsmParser' '-DLLVM_NATIVE_ASMPRINTER=LLVMInitializeAArch64AsmPrinter' '-DLLVM_NATIVE_DISASSEMBLER=LLVMInitializeAArch64Disassembler' '-DLLVM_NATIVE_TARGET=LLVMInitializeAArch64Target' '-DLLVM_NATIVE_TARGETINFO=LLVMInitializeAArch64TargetInfo' '-DLLVM_NATIVE_TARGETMC=LLVMInitializeAArch64TargetMC' '-DLLVM_NATIVE_TARGETMCA=LLVMInitializeAArch64TargetMCA' '-DLLVM_HOST_TRIPLE=\"aarch64-unknown-linux-gnu\"' '-DLLVM_DEFAULT_TARGET_TRIPLE=\"aarch64-unknown-linux-gnu\"' -D__STDC_LIMIT_MACROS -D__STDC_CONSTANT_MACROS -D__STDC_FORMAT_MACROS -iquote. -iquotebazel-out/aarch64-opt-exec-50AE0418/bin -iquoteexternal/com_google_absl -iquotebazel-out/aarch64-opt-exec-50AE0418/bin/external/com_google_absl -iquoteexternal/llvm-project -iquotebazel-out/aarch64-opt-exec-50AE0418/bin/external/llvm-project -iquoteexternal/llvm_terminfo -iquotebazel-out/aarch64-opt-exec-50AE0418/bin/external/llvm_terminfo -iquoteexternal/llvm_zlib -iquotebazel-out/aarch64-opt-exec-50AE0418/bin/external/llvm_zlib -iquoteexternal/bazel_tools -iquotebazel-out/aarch64-opt-exec-50AE0418/bin/external/bazel_tools -Ibazel-out/aarch64-opt-exec-50AE0418/bin/external/llvm-project/mlir/_virtual_includes/BuiltinAttributeInterfacesIncGen -Ibazel-out/aarch64-opt-exec-50AE0418/bin/external/llvm-project/mlir/_virtual_includes/BuiltinAttributesIncGen -Ibazel-out/aarch64-opt-exec-50AE0418/bin/external/llvm-project/mlir/_virtual_includes/BuiltinDialectIncGen -Ibazel-out/aarch64-opt-exec-50AE0418/bin/external/llvm-project/mlir/_virtual_includes/BuiltinLocationAttributesIncGen -Ibazel-out/aarch64-opt-exec-50AE0418/bin/external/llvm-project/mlir/_virtual_includes/BuiltinOpsIncGen -Ibazel-out/aarch64-opt-exec-50AE0418/bin/external/llvm-project/mlir/_virtual_includes/BuiltinTypeInterfacesIncGen -Ibazel-out/aarch64-opt-exec-50AE0418/bin/external/llvm-project/mlir/_virtual_includes/BuiltinTypesIncGen -Ibazel-out/aarch64-opt-exec-50AE0418/bin/external/llvm-project/mlir/_virtual_includes/CallOpInterfacesIncGen -Ibazel-out/aarch64-opt-exec-50AE0418/bin/external/llvm-project/mlir/_virtual_includes/CastOpInterfacesIncGen -Ibazel-out/aarch64-opt-exec-50AE0418/bin/external/llvm-project/mlir/_virtual_includes/FunctionInterfacesIncGen -Ibazel-out/aarch64-opt-exec-50AE0418/bin/external/llvm-project/mlir/_virtual_includes/InferTypeOpInterfaceIncGen -Ibazel-out/aarch64-opt-exec-50AE0418/bin/external/llvm-project/mlir/_virtual_includes/OpAsmInterfaceIncGen -Ibazel-out/aarch64-opt-exec-50AE0418/bin/external/llvm-project/mlir/_virtual_includes/RegionKindInterfaceIncGen -Ibazel-out/aarch64-opt-exec-50AE0418/bin/external/llvm-project/mlir/_virtual_includes/SideEffectInterfacesIncGen -Ibazel-out/aarch64-opt-exec-50AE0418/bin/external/llvm-project/mlir/_virtual_includes/SubElementInterfacesIncGen -Ibazel-out/aarch64-opt-exec-50AE0418/bin/external/llvm-project/mlir/_virtual_includes/SymbolInterfacesIncGen -Ibazel-out/aarch64-opt-exec-50AE0418/bin/external/llvm-project/mlir/_virtual_includes/TensorEncodingIncGen -isystem external/llvm-project/llvm/include -isystem bazel-out/aarch64-opt-exec-50AE0418/bin/external/llvm-project/llvm/include -isystem external/llvm-project/mlir/include -isystem bazel-out/aarch64-opt-exec-50AE0418/bin/external/llvm-project/mlir/include -g0 -w -g0 '-std=c++14' -DEIGEN_AVOID_STL_ARRAY -Iexternal/gemmlowp -Wno-sign-compare '-ftemplate-depth=900' -fno-exceptions '-DTENSORFLOW_USE_XLA=1' -pthread -fno-canonical-system-headers -Wno-builtin-macro-redefined '-D__DATE__=\"redacted\"' '-D__TIMESTAMP__=\"redacted\"' '-D__TIME__=\"redacted\"' -c tensorflow/compiler/mlir/lite/quantization/tools/tflite_op_coverage_spec_getters_gen.cc -o bazel-out/aarch64-opt-exec-50AE0418/bin/tensorflow/compiler/mlir/lite/quantization/_objs/tflite_op_coverage_spec_getters_gen/tflite_op_coverage_spec_getters_gen.o)\r\n# Configuration: 60dfdb78461e1be6bbf375554f969ad44a05ceccb450bdfffe3de8778874f0b9\r\n# Execution platform: @local_execution_config_platform//:platform\r\ntensorflow/compiler/mlir/lite/quantization/tools/tflite_op_coverage_spec_getters_gen.cc: In function 'bool CheckTypeConstraints(llvm::Init*, std::list<std::basic_string<char> >, bool)':\r\ntensorflow/compiler/mlir/lite/quantization/tools/tflite_op_coverage_spec_getters_gen.cc:139:49: error: no matching function for call to 'StrContains(llvm::StringRef&, const string&)'\r\n  139 |     if (!absl::StrContains(supported_types, type)) return false;\r\n      |                                                 ^\r\nIn file included from tensorflow/compiler/mlir/lite/quantization/tools/tflite_op_coverage_spec_getters_gen.cc:20:\r\nexternal/com_google_absl/absl/strings/match.h:46:13: note: candidate: 'bool absl::lts_20211102::StrContains(absl::lts_20211102::string_view, absl::lts_20211102::string_view)'\r\n   46 | inline bool StrContains(absl::string_view haystack,\r\n      |             ^~~~~~~~~~~\r\nexternal/com_google_absl/absl/strings/match.h:46:43: note:   no known conversion for argument 1 from 'llvm::StringRef' to 'absl::lts_20211102::string_view'\r\n   46 | inline bool StrContains(absl::string_view haystack,\r\n      |                         ~~~~~~~~~~~~~~~~~~^~~~~~~~\r\nexternal/com_google_absl/absl/strings/match.h:51:13: note: candidate: 'bool absl::lts_20211102::StrContains(absl::lts_20211102::string_view, char)'\r\n   51 | inline bool StrContains(absl::string_view haystack, char needle) noexcept {\r\n      |             ^~~~~~~~~~~\r\nexternal/com_google_absl/absl/strings/match.h:51:43: note:   no known conversion for argument 1 from 'llvm::StringRef' to 'absl::lts_20211102::string_view'\r\n   51 | inline bool StrContains(absl::string_view haystack, char needle) noexcept {\r\n      |                         ~~~~~~~~~~~~~~~~~~^~~~~~~~\r\nINFO: Elapsed time: 64.881s, Critical Path: 44.85s\r\n\r\n\r\n**Provide the exact sequence of commands / steps that you executed before running into the problem**\r\n\r\nbazel test --test_timeout=300,500,-1,-1 --flaky_test_attempts=3 --test_output=all --cache_test_results=no --config=nonccl --verbose_failures --build_tag_filters=-no_oss,-oss_serial,-gpu,-tpu,-benchmark-test,-v1only,-no_aarch64,-requires-gpu --test_tag_filters=-no_oss,-oss_serial,-gpu,-tpu,-benchmark-test,-v1only,-no_aarch64,-requires-gpu --jobs=75 -- //tensorflow/... -//tensorflow/compiler/tf2tensorrt/... -//tensorflow/compiler/xrt/... -//tensorflow/core/tpu/... -//tensorflow/go/... -//tensorflow/java/... -//tensorflow/python/integration_testing/... -//tensorflow/tools/toolchains/... -//tensorflow/lite/... -//tensorflow/python/tools/... -//tensorflow/compiler/mlir/lite/tests:const-fold.mlir.test -//tensorflow/compiler/mlir/lite/tests:prepare-tf.mlir.test -//tensorflow/python/data/experimental/kernel_tests/service:fault_tolerance_test -//tensorflow/python/eager:function_test -//tensorflow/python/kernel_tests/linalg:self_adjoint_eig_op_test\r\n\r\n**Any other info / logs**\r\nInclude any logs or source code that would be helpful to diagnose the problem. If including tracebacks, please include the full traceback. Large logs and files should be attached.\r\n", "comments": ["Not sure why this was tagged TF 2.8, it does not affect TF 2.8 AFAIK.\r\nThis was introduced by https://github.com/tensorflow/tensorflow/commit/559586be3d2c43a15d68b0bae2493cabf52f430b\r\nThis seems to have been fixed by https://github.com/tensorflow/tensorflow/commit/32cc6df68dcc26cc2958f8bf557c77ac623baf9c", "Are you satisfied with the resolution of your issue?\n<a href=\"https://docs.google.com/forms/d/e/1FAIpQLSfaP12TRhd9xSxjXZjcZFNXPGk4kc1-qMdv3gc6bEP90vY1ew/viewform?entry.85265664=Yes&entry.2137816233=https://github.com/tensorflow/tensorflow/issues/54988\">Yes</a>\n<a href=\"https://docs.google.com/forms/d/e/1FAIpQLSfaP12TRhd9xSxjXZjcZFNXPGk4kc1-qMdv3gc6bEP90vY1ew/viewform?entry.85265664=No&entry.2137816233=https://github.com/tensorflow/tensorflow/issues/54988\">No</a>\n"]}, {"number": 54987, "title": "Add FFT lowering.", "body": "Add FFT lowering.\n", "comments": []}, {"number": 54986, "title": "Not able to build tensorflow2.5.3 from source", "body": "\r\n### System information\r\n\r\n-   **Have I written custom code (as opposed to using a stock example script\r\n    provided in TensorFlow)**: - Yes\r\n-   **OS Platform and Distribution (e.g., Linux Ubuntu 16.04)**:  Centos 7\r\n-   **Mobile device (e.g. iPhone 8, Pixel 2, Samsung Galaxy) if the issue\r\n    happens on a mobile device**: No \r\n-   **TensorFlow installed from (source or binary)**: source\r\n-   **TensorFlow version (use command below)**: 2.5.3\r\n-   **Python version**: 3.8\r\n-   **Bazel version (if compiling from source)**: 3.7.2\r\n-   **GCC/Compiler version (if compiling from source)**: 9.3.0\r\n-   **CUDA/cuDNN version**: not applied\r\n-   **GPU model and memory**: not applied\r\n-   **Exact command to reproduce**:  bazel --output_user_root=/cache/ build --config=v2 --copt=-m64 --copt=-march=native --config=monolithic --config=opt --verbose_failures -c opt --cxxopt=-std=c++17 --cxxopt=\"-D_GLIBCXX_USE_CXX11_ABI=0\" //tensorflow:tensorflow_cc //tensorflow:install_headers tensorflow:tensorflow_framework //tensorflow/tools/... //tensorflow/examples/...\r\n\r\n\r\n### Describe the problem\r\nDescribe the problem clearly here. Be sure to convey here why it's a bug in TensorFlow or a feature request.\r\n\r\nI have built bazel 3.7.0 from the source and now building TensorFlow 2.5.3 from the source with GCC 9.3.0 from devtoolset in centos 7. I am getting the below error.  \r\n\r\n### Source code / logs\r\nInclude any logs or source code that would be helpful to diagnose the problem. If including tracebacks, please include the full traceback. Large logs and files should be attached. Try to provide a reproducible test case that is the bare minimum necessary to generate the problem.\r\n\r\nError Message -\r\n\r\nbazel --output_user_root=/cache/ build --config=v2 --copt=-m64 --copt=-march=native --config=monolithic --config=opt --verbose_failures -c opt --cxxopt=-std=c++17 --cxxopt=\"-D_GLIBCXX_USE_CXX11_ABI=0\" //tensorflow:tensorflow_cc //tensorflow:install_headers tensorflow:tensorflow_framework //tensorflow/tools/... //tensorflow/examples/...\r\nExtracting Bazel installation...\r\nStarting local Bazel server and connecting to it...\r\nWARNING: The following configs were expanded more than once: [v2]. For repeatable flags, repeats are counted twice and may lead to unexpected behavior.\r\nINFO: Options provided by the client:\r\n  Inherited 'common' options: --isatty=1 --terminal_columns=138\r\nINFO: Reading rc options for 'build' from /tensorflow-2.5.3/.bazelrc:\r\n  Inherited 'common' options: --experimental_repo_remote_exec\r\nINFO: Reading rc options for 'build' from /tensorflow-2.5.3/.bazelrc:\r\n  'build' options: --define framework_shared_object=true --java_toolchain=@tf_toolchains//toolchains/java:tf_java_toolchain --host_java_toolchain=@tf_toolchains//toolchains/java:tf_java_toolchain --define=use_fast_cpp_protos=true --define=allow_oversize_protos=true --spawn_strategy=standalone -c opt --announce_rc --define=grpc_no_ares=true --noincompatible_remove_legacy_whole_archive --noincompatible_prohibit_aapt1 --enable_platform_specific_config --define=with_xla_support=true --config=short_logs --config=v2\r\nINFO: Reading rc options for 'build' from /tensorflow-2.5.3/.tf_configure.bazelrc:\r\n  'build' options: --action_env PYTHON_BIN_PATH=/remote/home/rrajeev/Software/anaconda3/envs/tf/bin/python3 --action_env PYTHON_LIB_PATH=/remote/home/rrajeev/Software/anaconda3/envs/tf/lib/python3.8/site-packages --python_path=/remote/home/rrajeev/Software/anaconda3/envs/tf/bin/python3\r\nINFO: Found applicable config definition build:short_logs in file /tensorflow-2.5.3/.bazelrc: --output_filter=DONT_MATCH_ANYTHING\r\nINFO: Found applicable config definition build:v2 in file /tensorflow-2.5.3/.bazelrc: --define=tf_api_version=2 --action_env=TF2_BEHAVIOR=1\r\nINFO: Found applicable config definition build:v2 in file /tensorflow-2.5.3/.bazelrc: --define=tf_api_version=2 --action_env=TF2_BEHAVIOR=1\r\nINFO: Found applicable config definition build:monolithic in file /tensorflow-2.5.3/.bazelrc: --define framework_shared_object=false\r\nINFO: Found applicable config definition build:opt in file /tensorflow-2.5.3/.tf_configure.bazelrc: --copt=-Wno-sign-compare --host_copt=-Wno-sign-compare\r\nINFO: Found applicable config definition build:linux in file /tensorflow-2.5.3/.bazelrc: --copt=-w --host_copt=-w --define=PREFIX=/usr --define=LIBDIR=$(PREFIX)/lib --define=INCLUDEDIR=$(PREFIX)/include --define=PROTOBUF_INCLUDE_PATH=$(PREFIX)/include --cxxopt=-std=c++14 --host_cxxopt=-std=c++14 --config=dynamic_kernels\r\nINFO: Found applicable config definition build:dynamic_kernels in file /tensorflow-2.5.3/.bazelrc: --define=dynamic_loaded_kernels=true --copt=-DAUTOLOAD_DYNAMIC_KERNELS\r\nDEBUG: Rule 'io_bazel_rules_docker' indicated that a canonical reproducible form can be obtained by modifying arguments shallow_since = \"1556410077 -0400\"\r\nDEBUG: Repository io_bazel_rules_docker instantiated at:\r\n  /tensorflow-2.5.3/WORKSPACE:23:14: in <toplevel>\r\n  /tensorflow-2.5.3/tensorflow/workspace0.bzl:105:34: in workspace\r\n  /cache/1c211944fffc93afc232f5e22d2690de/external/bazel_toolchains/repositories/repositories.bzl:37:23: in repositories\r\nRepository rule git_repository defined at:\r\n  /cache/1c211944fffc93afc232f5e22d2690de/external/bazel_tools/tools/build_defs/repo/git.bzl:199:33: in <toplevel>\r\nINFO: Analyzed 193 targets (453 packages loaded, 36344 targets configured).\r\nINFO: Found 193 targets...\r\nERROR: /tensorflow-2.5.3/tensorflow/compiler/mlir/lite/BUILD:627:20: Linking of rule '//tensorflow/compiler/mlir/lite:converter-gen' failed (Exit 1): gcc failed: error executing command \r\n  (cd /cache/1c211944fffc93afc232f5e22d2690de/execroot/org_tensorflow && \\\r\n  exec env - \\\r\n    LD_LIBRARY_PATH=/usr/path \\\r\n    PATH= /usr/path\r\n    PWD=/proc/self/cwd \\\r\n  /opt/rh/devtoolset-9/root/usr/bin/gcc @bazel-out/k8-opt-exec-50AE0418/bin/tensorflow/compiler/mlir/lite/converter-gen-2.params)\r\nExecution platform: @local_execution_config_platform//:platform\r\nbazel-out/k8-opt-exec-50AE0418/bin/tensorflow/compiler/mlir/lite/_objs/converter-gen/converter_gen.o:converter_gen.cc:function llvm::detail::provider_format_adapter<int&>::~provider_format_adapter(): error: undefined reference to 'operator delete(void*, unsigned long)'\r\nbazel-out/k8-opt-exec-50AE0418/bin/tensorflow/compiler/mlir/lite/_objs/converter-gen/converter_gen.o:converter_gen.cc:function llvm::detail::provider_format_adapter<unsigned long>::~provider_format_adapter(): error: undefined reference to 'operator delete(void*, unsigned long)'\r\nbazel-out/k8-opt-exec-50AE0418/bin/tensorflow/compiler/mlir/lite/_objs/converter-gen/converter_gen.o:converter_gen.cc:function llvm::detail::provider_format_adapter<llvm::StringRef>::~provider_format_adapter(): error: undefined reference to 'operator delete(void*, unsigned long)'\r\nbazel-out/k8-opt-exec-50AE0418/bin/tensorflow/compiler/mlir/lite/_objs/converter-gen/converter_gen.o:converter_gen.cc:function llvm::detail::provider_format_adapter<llvm::StringRef&>::~provider_format_adapter(): error: undefined reference to 'operator delete(void*, unsigned long)'\r\nbazel-out/k8-opt-exec-50AE0418/bin/external/llvm-project/llvm/_objs/TableGen/Main.o:Main.cpp:function llvm::TableGenMain(char const*, bool (*)(llvm::raw_ostream&, llvm::RecordKeeper&)): error: undefined reference to 'std::_V2::system_category()'\r\nbazel-out/k8-opt-exec-50AE0418/bin/external/llvm-project/llvm/_objs/TableGen/Main.o:Main.cpp:function llvm::TableGenMain(char const*, bool (*)(llvm::raw_ostream&, llvm::RecordKeeper&)): error: undefined reference to 'std::_V2::system_category()'\r\nbazel-out/k8-opt-exec-50AE0418/bin/external/llvm-project/llvm/_objs/Support/CommandLine.o:CommandLine.cpp:function ExpandResponseFile(llvm::StringRef, llvm::StringSaver&, void (*)(llvm::StringRef, llvm::StringSaver&, llvm::SmallVectorImpl<char const*>&, bool), llvm::SmallVectorImpl<char const*>&, bool, bool, llvm::vfs::FileSystem&): error: undefined reference to 'std::_V2::generic_category()'\r\nbazel-out/k8-opt-exec-50AE0418/bin/external/llvm-project/llvm/_objs/Support/ConvertUTFWrapper.o:ConvertUTFWrapper.cpp:function llvm::convertUTF16ToUTF8String(llvm::ArrayRef<char>, std::string&): error: undefined reference to 'std::__throw_out_of_range_fmt(char const*, ...)'\r\nbazel-out/k8-opt-exec-50AE0418/bin/external/llvm-project/llvm/_objs/Support/Error.o:Error.cpp:function (anonymous namespace)::ErrorErrorCategory::~ErrorErrorCategory(): error: undefined reference to 'std::_V2::error_category::~error_category()'\r\nbazel-out/k8-opt-exec-50AE0418/bin/external/llvm-project/llvm/_objs/Support/Error.o:Error.cpp:function (anonymous namespace)::ErrorErrorCategory::~ErrorErrorCategory(): error: undefined reference to 'std::_V2::error_category::~error_category()'\r\nbazel-out/k8-opt-exec-50AE0418/bin/external/llvm-project/llvm/_objs/Support/Error.o:Error.cpp:function llvm::object_deleter<(anonymous namespace)::ErrorErrorCategory>::call(void*): error: undefined reference to 'std::_V2::error_category::~error_category()'\r\nbazel-out/k8-opt-exec-50AE0418/bin/external/llvm-project/llvm/_objs/Support/Error.o:Error.cpp:function llvm::errorToErrorCode(llvm::Error): error: undefined reference to 'std::_V2::system_category()'\r\nbazel-out/k8-opt-exec-50AE0418/bin/external/llvm-project/llvm/_objs/Support/Error.o:Error.cpp:typeinfo for (anonymous namespace)::ErrorErrorCategory: error: undefined reference to 'typeinfo for std::_V2::error_category'\r\nbazel-out/k8-opt-exec-50AE0418/bin/external/llvm-project/llvm/_objs/Support/Error.o:Error.cpp:vtable for (anonymous namespace)::ErrorErrorCategory: error: undefined reference to 'std::_V2::error_category::_M_message(int) const'\r\nbazel-out/k8-opt-exec-50AE0418/bin/external/llvm-project/llvm/_objs/Support/Error.o:Error.cpp:vtable for (anonymous namespace)::ErrorErrorCategory: error: undefined reference to 'std::_V2::error_category::default_error_condition(int) const'\r\nbazel-out/k8-opt-exec-50AE0418/bin/external/llvm-project/llvm/_objs/Support/Error.o:Error.cpp:vtable for (anonymous namespace)::ErrorErrorCategory: error: undefined reference to 'std::_V2::error_category::equivalent(int, std::error_condition const&) const'\r\nbazel-out/k8-opt-exec-50AE0418/bin/external/llvm-project/llvm/_objs/Support/Error.o:Error.cpp:vtable for (anonymous namespace)::ErrorErrorCategory: error: undefined reference to 'std::_V2::error_category::equivalent(std::error_code const&, int) const'\r\nbazel-out/k8-opt-exec-50AE0418/bin/external/llvm-project/llvm/_objs/Support/raw_ostream.o:raw_ostream.cpp:function getFD(llvm::StringRef, std::error_code&, llvm::sys::fs::CreationDisposition, llvm::sys::fs::FileAccess, llvm::sys::fs::OpenFlags): error: undefined reference to 'std::_V2::system_category()'\r\nbazel-out/k8-opt-exec-50AE0418/bin/external/llvm-project/llvm/_objs/Support/raw_ostream.o:raw_ostream.cpp:function llvm::raw_fd_ostream::write_impl(char const*, unsigned long): error: undefined reference to 'std::_V2::generic_category()'\r\nbazel-out/k8-opt-exec-50AE0418/bin/external/llvm-project/llvm/_objs/Support/raw_ostream.o:raw_ostream.cpp:function llvm::raw_fd_ostream::seek(unsigned long): error: undefined reference to 'std::_V2::generic_category()'\r\nbazel-out/k8-opt-exec-50AE0418/bin/external/llvm-project/llvm/_objs/Support/MemoryBuffer.o:MemoryBuffer.cpp:function getMemBufferCopyImpl(llvm::StringRef, llvm::Twine const&): error: undefined reference to 'std::_V2::generic_category()'\r\nbazel-out/k8-opt-exec-50AE0418/bin/external/llvm-project/llvm/_objs/Support/SmallPtrSet.o:SmallPtrSet.cpp:function llvm::SmallPtrSetImplBase::Grow(unsigned int): warning: memset used with constant zero length parameter; this could be due to transposed parameters\r\nbazel-out/k8-opt-exec-50AE0418/bin/external/llvm-project/llvm/_objs/Support/SourceMgr.o:SourceMgr.cpp:function llvm::SMDiagnostic::print(char const*, llvm::raw_ostream&, bool, bool) const: error: undefined reference to 'std::__throw_out_of_range_fmt(char const*, ...)'\r\nbazel-out/k8-opt-exec-50AE0418/bin/external/llvm-project/llvm/_objs/Support/StringRef.o:StringRef.cpp:function unsigned int llvm::ComputeEditDistance<char>(llvm::ArrayRef<char>, llvm::ArrayRef<char>, bool, unsigned int): error: undefined reference to '__cxa_throw_bad_array_new_length'\r\ncollect2: error: ld returned 1 exit status\r\nERROR: /tensorflow-2.5.3/tensorflow/python/BUILD:5209:24 Linking of rule '//tensorflow/compiler/mlir/lite:converter-gen' failed (Exit 1): gcc failed: error executing command \r\n  (cd /cache/1c211944fffc93afc232f5e22d2690de/execroot/org_tensorflow && \\\r\n  exec env - \\\r\n    LD_LIBRARY_PATH=/usr/path \\\r\n    PATH= /usr/path\r\n    PWD=/proc/self/cwd \\\r\n  /opt/rh/devtoolset-9/root/usr/bin/gcc @bazel-out/k8-opt-exec-50AE0418/bin/tensorflow/compiler/mlir/lite/converter-gen-2.params)\r\nExecution platform: @local_execution_config_platform//:platform\r\n\r\n", "comments": ["@rajeev921,\r\n\r\n> ERROR: /tensorflow-2.5.3/tensorflow/compiler/mlir/lite/BUILD:627:20: Linking of rule '//tensorflow/compiler/mlir/lite:converter-gen' failed (Exit 1): gcc failed: error executing command\r\n> (cd /cache/1c211944fffc93afc232f5e22d2690de/execroot/org_tensorflow &&\r\n> exec env -\r\n\r\nThis issue is regarding GCC compiler. Compatibility issue.\r\nTensorflow 2.5 supports GCC 7.3.1. Take a look at [Tested and Build configuration](https://www.tensorflow.org/install/source#cpu) . Thanks!", "This issue has been automatically marked as stale because it has no recent activity. It will be closed if no further activity occurs. Thank you.\n", "Closing as stale. Please reopen if you'd like to work on this further.\n", "Are you satisfied with the resolution of your issue?\n<a href=\"https://docs.google.com/forms/d/e/1FAIpQLSfaP12TRhd9xSxjXZjcZFNXPGk4kc1-qMdv3gc6bEP90vY1ew/viewform?entry.85265664=Yes&entry.2137816233=https://github.com/tensorflow/tensorflow/issues/54986\">Yes</a>\n<a href=\"https://docs.google.com/forms/d/e/1FAIpQLSfaP12TRhd9xSxjXZjcZFNXPGk4kc1-qMdv3gc6bEP90vY1ew/viewform?entry.85265664=No&entry.2137816233=https://github.com/tensorflow/tensorflow/issues/54986\">No</a>\n", "> when i compile tensorflow2.8 with bazel 4.2.2\u3001GCC7.3.1\u3001python3.7.12, it also occur the eame error? do you have any suggestions to solve this problem ?\r\nthe output log as follows:\r\nERROR: /home/tensorflow-2.8.0/tensorflow/compiler/mlir/xla/BUILD:676:20: Linking tensorflow/compiler/mlir/xla/operator_writer_gen failed: (Exit 1): crosstool_wrapper_driver_is_not_gcc failed: error executing command\r\n  (cd /root/.cache/bazel/_bazel_root/7e60a61be90f35a88e89e062446eed75/execroot/org_tensorflow && \\\r\n  exec env - \\\r\n    LD_LIBRARY_PATH=/opt/rh/devtoolset-7/root/usr/lib64:/opt/rh/devtoolset-7/root/usr/lib:/opt/rh/devtoolset-7/root/usr/lib64/dyninst:/opt/rh/devtoolset-7/root/usr/lib/dyninst:/opt/rh/devtoolset-7/root/usr/lib64:/opt/rh/devtoolset-7/root/usr/lib \\\r\n    PATH=/home/tensorflow-2.8.0/Depend/bin:/home/tensorflow/Depend/bin:/opt/git-2.30.0/bin:/opt/cmake-3.19.3-Linux-x86_64/bin:/opt/rh/devtoolset-7/root/usr/bin:/usr/local/sbin:/usr/local/bin:/usr/sbin:/usr/bin:/sbin:/bin \\\r\n    PWD=/proc/self/cwd \\\r\n  external/local_config_rocm/crosstool/clang/bin/crosstool_wrapper_driver_is_not_gcc @bazel-out/k8-opt-exec-50AE0418/bin/tensorflow/compiler/mlir/xla/operator_writer_gen-2.params)\r\nExecution platform: @local_execution_config_platform//:platform\r\nbazel-out/k8-opt-exec-50AE0418/bin/external/llvm-project/mlir/_objs/TableGen/Operator.o:Operator.cpp:function llvm::detail::provider_format_adapter<llvm::StringRef&>::~provider_format_adapter(): error: undefined reference to 'operator delete(void*, unsigned long)'\r\nbazel-out/k8-opt-exec-50AE0418/bin/external/llvm-project/mlir/_objs/TableGen/Operator.o:Operator.cpp:function llvm::detail::provider_format_adapter<llvm::StringRef>::~provider_format_adapter(): error: undefined reference to 'operator delete(void*, unsigned long)'\r\nbazel-out/k8-opt-exec-50AE0418/bin/external/llvm-project/mlir/_objs/TableGen/Operator.o:Operator.cpp:function llvm::detail::provider_format_adapter<llvm::StringRef const&>::~provider_format_adapter(): error: undefined reference to 'operator delete(void*, unsigned long)'\r\nbazel-out/k8-opt-exec-50AE0418/bin/external/llvm-project/mlir/_objs/TableGen/Operator.o:Operator.cpp:function llvm::detail::provider_format_adapter<char const*&>::~provider_format_adapter(): error: undefined reference to 'operator delete(void*, unsigned long)'\r\nbazel-out/k8-opt-exec-50AE0418/bin/external/llvm-project/llvm/_objs/TableGen/Main.o:Main.cpp:function llvm::TableGenMain(char const*, bool (*)(llvm::raw_ostream&, llvm::RecordKeeper&)): error: undefined reference to 'std::_V2::system_category()'\r\nbazel-out/k8-opt-exec-50AE0418/bin/external/llvm-project/llvm/_objs/TableGen/Main.o:Main.cpp:function llvm::TableGenMain(char const*, bool (*)(llvm::raw_ostream&, llvm::RecordKeeper&)): error: undefined reference to 'std::_V2::system_category()'\r\nbazel-out/k8-opt-exec-50AE0418/bin/external/llvm-project/llvm/_objs/Support/CommandLine.o:CommandLine.cpp:function ExpandResponseFile(llvm::StringRef, llvm::StringSaver&, void (*)(llvm::StringRef, llvm::StringSaver&, llvm::SmallVectorImpl<char const*>&, bool), llvm::SmallVectorImpl<char const*>&, bool, bool, llvm::vfs::FileSystem&): error: undefined reference to 'std::_V2::generic_category()'\r\nbazel-out/k8-opt-exec-50AE0418/bin/external/llvm-project/llvm/_objs/Support/ConvertUTFWrapper.o:ConvertUTFWrapper.cpp:function llvm::convertUTF16ToUTF8String(llvm::ArrayRef<char>, std::string&): error: undefined reference to 'std::__throw_out_of_range_fmt(char const*, ...)'\r\nbazel-out/k8-opt-exec-50AE0418/bin/external/llvm-project/llvm/_objs/Support/Error.o:Error.cpp:function (anonymous namespace)::ErrorErrorCategory::~ErrorErrorCategory(): error: undefined reference to 'std::_V2::error_category::~error_category()'\r\nbazel-out/k8-opt-exec-50AE0418/bin/external/llvm-project/llvm/_objs/Support/Error.o:Error.cpp:function (anonymous namespace)::ErrorErrorCategory::~ErrorErrorCategory(): error: undefined reference to 'std::_V2::error_category::~error_category()'\r\nbazel-out/k8-opt-exec-50AE0418/bin/external/llvm-project/llvm/_objs/Support/Error.o:Error.cpp:function llvm::object_deleter<(anonymous namespace)::ErrorErrorCategory>::call(void*): error: undefined reference to 'std::_V2::error_category::~error_category()'\r\nbazel-out/k8-opt-exec-50AE0418/bin/external/llvm-project/llvm/_objs/Support/Error.o:Error.cpp:function llvm::errorToErrorCode(llvm::Error): error: undefined reference to 'std::_V2::system_category()'\r\nbazel-out/k8-opt-exec-50AE0418/bin/external/llvm-project/llvm/_objs/Support/Error.o:Error.cpp:typeinfo for (anonymous namespace)::ErrorErrorCategory: error: undefined reference to 'typeinfo for std::_V2::error_category'\r\nbazel-out/k8-opt-exec-50AE0418/bin/external/llvm-project/llvm/_objs/Support/Error.o:Error.cpp:vtable for (anonymous namespace)::ErrorErrorCategory: error: undefined reference to 'std::_V2::error_category::_M_message(int) const'\r\nbazel-out/k8-opt-exec-50AE0418/bin/external/llvm-project/llvm/_objs/Support/Error.o:Error.cpp:vtable for (anonymous namespace)::ErrorErrorCategory: error: undefined reference to 'std::_V2::error_category::default_error_condition(int) const'\r\nbazel-out/k8-opt-exec-50AE0418/bin/external/llvm-project/llvm/_objs/Support/Error.o:Error.cpp:vtable for (anonymous namespace)::ErrorErrorCategory: error: undefined reference to 'std::_V2::error_category::equivalent(int, std::error_condition const&) const'\r\nbazel-out/k8-opt-exec-50AE0418/bin/external/llvm-project/llvm/_objs/Support/Error.o:Error.cpp:vtable for (anonymous namespace)::ErrorErrorCategory: error: undefined reference to 'std::_V2::error_category::equivalent(std::error_code const&, int) const'\r\nbazel-out/k8-opt-exec-50AE0418/bin/external/llvm-project/llvm/_objs/Support/raw_ostream.o:raw_ostream.cpp:function llvm::raw_fd_ostream::write_impl(char const*, unsigned long): error: undefined reference to 'std::_V2::generic_category()'\r\nbazel-out/k8-opt-exec-50AE0418/bin/external/llvm-project/llvm/_objs/Support/raw_ostream.o:raw_ostream.cpp:function getFD(llvm::StringRef, std::error_code&, llvm::sys::fs::CreationDisposition, llvm::sys::fs::FileAccess, llvm::sys::fs::OpenFlags): error: undefined reference to 'std::_V2::system_category()'\r\nbazel-out/k8-opt-exec-50AE0418/bin/external/llvm-project/llvm/_objs/Support/raw_ostream.o:raw_ostream.cpp:function llvm::raw_fd_ostream::seek(unsigned long): error: undefined reference to 'std::_V2::generic_category()'\r\nbazel-out/k8-opt-exec-50AE0418/bin/external/llvm-project/llvm/_objs/Support/raw_ostream.o:raw_ostream.cpp:function llvm::raw_fd_stream::raw_fd_stream(llvm::StringRef, std::error_code&): error: undefined reference to 'std::_V2::generic_category()'\r\nbazel-out/k8-opt-exec-50AE0418/bin/external/llvm-project/llvm/_objs/Support/StringRef.o:StringRef.cpp:function llvm::APFloat::Storage::~Storage(): error: undefined reference to 'operator delete[](void*, unsigned long)'\r\nbazel-out/k8-opt-exec-50AE0418/bin/external/llvm-project/llvm/_objs/Support/StringRef.o:StringRef.cpp:function llvm::APFloat::Storage::~Storage(): error: undefined reference to 'operator delete[](void*, unsigned long)'\r\nbazel-out/k8-opt-exec-50AE0418/bin/external/llvm-project/llvm/_objs/Support/StringRef.o:StringRef.cpp:function llvm::APFloat::Storage::~Storage(): error: undefined reference to 'operator delete[](void*, unsigned long)'\r\nbazel-out/k8-opt-exec-50AE0418/bin/external/llvm-project/llvm/_objs/Support/StringRef.o:StringRef.cpp:function llvm::APFloat::Storage::~Storage(): error: undefined reference to 'operator delete[](void*, unsigned long)'\r\nbazel-out/k8-opt-exec-50AE0418/bin/external/llvm-project/llvm/_objs/Support/StringRef.o:StringRef.cpp:function unsigned int llvm::ComputeEditDistance<char>(llvm::ArrayRef<char>, llvm::ArrayRef<char>, bool, unsigned int): error: undefined reference to '__cxa_throw_bad_array_new_length'\r\nbazel-out/k8-opt-exec-50AE0418/bin/external/llvm-project/llvm/_objs/Support/SourceMgr.o:SourceMgr.cpp:function llvm::SMDiagnostic::print(char const*, llvm::raw_ostream&, bool, bool) const: error: undefined reference to 'std::__throw_out_of_range_fmt(char const*, ...)'\r\ncollect2: error: ld returned 1 exit status\r\n\r\n", "> ### System information\r\n> * **Have I written custom code (as opposed to using a stock example script\r\n>   provided in TensorFlow)**: - Yes\r\n> * **OS Platform and Distribution (e.g., Linux Ubuntu 16.04)**:  Centos 7\r\n> * **Mobile device (e.g. iPhone 8, Pixel 2, Samsung Galaxy) if the issue\r\n>   happens on a mobile device**: No\r\n> * **TensorFlow installed from (source or binary)**: source\r\n> * **TensorFlow version (use command below)**: 2.5.3\r\n> * **Python version**: 3.8\r\n> * **Bazel version (if compiling from source)**: 3.7.2\r\n> * **GCC/Compiler version (if compiling from source)**: 9.3.0\r\n> * **CUDA/cuDNN version**: not applied\r\n> * **GPU model and memory**: not applied\r\n> * **Exact command to reproduce**:  bazel --output_user_root=/cache/ build --config=v2 --copt=-m64 --copt=-march=native --config=monolithic --config=opt --verbose_failures -c opt --cxxopt=-std=c++17 --cxxopt=\"-D_GLIBCXX_USE_CXX11_ABI=0\" //tensorflow:tensorflow_cc //tensorflow:install_headers tensorflow:tensorflow_framework //tensorflow/tools/... //tensorflow/examples/...\r\n> \r\n> ### Describe the problem\r\n> Describe the problem clearly here. Be sure to convey here why it's a bug in TensorFlow or a feature request.\r\n> \r\n> I have built bazel 3.7.0 from the source and now building TensorFlow 2.5.3 from the source with GCC 9.3.0 from devtoolset in centos 7. I am getting the below error.\r\n> \r\n> ### Source code / logs\r\n> Include any logs or source code that would be helpful to diagnose the problem. If including tracebacks, please include the full traceback. Large logs and files should be attached. Try to provide a reproducible test case that is the bare minimum necessary to generate the problem.\r\n> \r\n> Error Message -\r\n> \r\n> bazel --output_user_root=/cache/ build --config=v2 --copt=-m64 --copt=-march=native --config=monolithic --config=opt --verbose_failures -c opt --cxxopt=-std=c++17 --cxxopt=\"-D_GLIBCXX_USE_CXX11_ABI=0\" //tensorflow:tensorflow_cc //tensorflow:install_headers tensorflow:tensorflow_framework //tensorflow/tools/... //tensorflow/examples/... Extracting Bazel installation... Starting local Bazel server and connecting to it... WARNING: The following configs were expanded more than once: [v2]. For repeatable flags, repeats are counted twice and may lead to unexpected behavior. INFO: Options provided by the client: Inherited 'common' options: --isatty=1 --terminal_columns=138 INFO: Reading rc options for 'build' from /tensorflow-2.5.3/.bazelrc: Inherited 'common' options: --experimental_repo_remote_exec INFO: Reading rc options for 'build' from /tensorflow-2.5.3/.bazelrc: 'build' options: --define framework_shared_object=true --java_toolchain=@tf_toolchains//toolchains/java:tf_java_toolchain --host_java_toolchain=@tf_toolchains//toolchains/java:tf_java_toolchain --define=use_fast_cpp_protos=true --define=allow_oversize_protos=true --spawn_strategy=standalone -c opt --announce_rc --define=grpc_no_ares=true --noincompatible_remove_legacy_whole_archive --noincompatible_prohibit_aapt1 --enable_platform_specific_config --define=with_xla_support=true --config=short_logs --config=v2 INFO: Reading rc options for 'build' from /tensorflow-2.5.3/.tf_configure.bazelrc: 'build' options: --action_env PYTHON_BIN_PATH=/remote/home/rrajeev/Software/anaconda3/envs/tf/bin/python3 --action_env PYTHON_LIB_PATH=/remote/home/rrajeev/Software/anaconda3/envs/tf/lib/python3.8/site-packages --python_path=/remote/home/rrajeev/Software/anaconda3/envs/tf/bin/python3 INFO: Found applicable config definition build:short_logs in file /tensorflow-2.5.3/.bazelrc: --output_filter=DONT_MATCH_ANYTHING INFO: Found applicable config definition build:v2 in file /tensorflow-2.5.3/.bazelrc: --define=tf_api_version=2 --action_env=TF2_BEHAVIOR=1 INFO: Found applicable config definition build:v2 in file /tensorflow-2.5.3/.bazelrc: --define=tf_api_version=2 --action_env=TF2_BEHAVIOR=1 INFO: Found applicable config definition build:monolithic in file /tensorflow-2.5.3/.bazelrc: --define framework_shared_object=false INFO: Found applicable config definition build:opt in file /tensorflow-2.5.3/.tf_configure.bazelrc: --copt=-Wno-sign-compare --host_copt=-Wno-sign-compare INFO: Found applicable config definition build:linux in file /tensorflow-2.5.3/.bazelrc: --copt=-w --host_copt=-w --define=PREFIX=/usr --define=LIBDIR=$(PREFIX)/lib --define=INCLUDEDIR=$(PREFIX)/include --define=PROTOBUF_INCLUDE_PATH=$(PREFIX)/include --cxxopt=-std=c++14 --host_cxxopt=-std=c++14 --config=dynamic_kernels INFO: Found applicable config definition build:dynamic_kernels in file /tensorflow-2.5.3/.bazelrc: --define=dynamic_loaded_kernels=true --copt=-DAUTOLOAD_DYNAMIC_KERNELS DEBUG: Rule 'io_bazel_rules_docker' indicated that a canonical reproducible form can be obtained by modifying arguments shallow_since = \"1556410077 -0400\" DEBUG: Repository io_bazel_rules_docker instantiated at: /tensorflow-2.5.3/WORKSPACE:23:14: in /tensorflow-2.5.3/tensorflow/workspace0.bzl:105:34: in workspace /cache/1c211944fffc93afc232f5e22d2690de/external/bazel_toolchains/repositories/repositories.bzl:37:23: in repositories Repository rule git_repository defined at: /cache/1c211944fffc93afc232f5e22d2690de/external/bazel_tools/tools/build_defs/repo/git.bzl:199:33: in INFO: Analyzed 193 targets (453 packages loaded, 36344 targets configured). INFO: Found 193 targets... ERROR: /tensorflow-2.5.3/tensorflow/compiler/mlir/lite/BUILD:627:20: Linking of rule '//tensorflow/compiler/mlir/lite:converter-gen' failed (Exit 1): gcc failed: error executing command (cd /cache/1c211944fffc93afc232f5e22d2690de/execroot/org_tensorflow && exec env - LD_LIBRARY_PATH=/usr/path PATH= /usr/path PWD=/proc/self/cwd /opt/rh/devtoolset-9/root/usr/bin/gcc @bazel-out/k8-opt-exec-50AE0418/bin/tensorflow/compiler/mlir/lite/converter-gen-2.params) Execution platform: @local_execution_config_platform//:platform bazel-out/k8-opt-exec-50AE0418/bin/tensorflow/compiler/mlir/lite/_objs/converter-gen/converter_gen.o:converter_gen.cc:function llvm::detail::provider_format_adapter<int&>::~provider_format_adapter(): error: undefined reference to 'operator delete(void*, unsigned long)' bazel-out/k8-opt-exec-50AE0418/bin/tensorflow/compiler/mlir/lite/_objs/converter-gen/converter_gen.o:converter_gen.cc:function llvm::detail::provider_format_adapter::~provider_format_adapter(): error: undefined reference to 'operator delete(void*, unsigned long)' bazel-out/k8-opt-exec-50AE0418/bin/tensorflow/compiler/mlir/lite/_objs/converter-gen/converter_gen.o:converter_gen.cc:function llvm::detail::provider_format_adapterllvm::StringRef::~provider_format_adapter(): error: undefined reference to 'operator delete(void*, unsigned long)' bazel-out/k8-opt-exec-50AE0418/bin/tensorflow/compiler/mlir/lite/_objs/converter-gen/converter_gen.o:converter_gen.cc:function llvm::detail::provider_format_adapterllvm::StringRef&::~provider_format_adapter(): error: undefined reference to 'operator delete(void*, unsigned long)' bazel-out/k8-opt-exec-50AE0418/bin/external/llvm-project/llvm/_objs/TableGen/Main.o:Main.cpp:function llvm::TableGenMain(char const*, bool (_)(llvm::raw_ostream&, llvm::RecordKeeper&)): error: undefined reference to 'std::_V2::system_category()' bazel-out/k8-opt-exec-50AE0418/bin/external/llvm-project/llvm/_objs/TableGen/Main.o:Main.cpp:function llvm::TableGenMain(char const_, bool (_)(llvm::raw_ostream&, llvm::RecordKeeper&)): error: undefined reference to 'std::_V2::system_category()' bazel-out/k8-opt-exec-50AE0418/bin/external/llvm-project/llvm/_objs/Support/CommandLine.o:CommandLine.cpp:function ExpandResponseFile(llvm::StringRef, llvm::StringSaver&, void (_)(llvm::StringRef, llvm::StringSaver&, llvm::SmallVectorImpl<char const*>&, bool), llvm::SmallVectorImpl<char const*>&, bool, bool, llvm::vfs::FileSystem&): error: undefined reference to 'std::_V2::generic_category()' bazel-out/k8-opt-exec-50AE0418/bin/external/llvm-project/llvm/_objs/Support/ConvertUTFWrapper.o:ConvertUTFWrapper.cpp:function llvm::convertUTF16ToUTF8String(llvm::ArrayRef, std::string&): error: undefined reference to 'std::__throw_out_of_range_fmt(char const*, ...)' bazel-out/k8-opt-exec-50AE0418/bin/external/llvm-project/llvm/_objs/Support/Error.o:Error.cpp:function (anonymous namespace)::ErrorErrorCategory::~ErrorErrorCategory(): error: undefined reference to 'std::_V2::error_category::~error_category()' bazel-out/k8-opt-exec-50AE0418/bin/external/llvm-project/llvm/_objs/Support/Error.o:Error.cpp:function (anonymous namespace)::ErrorErrorCategory::~ErrorErrorCategory(): error: undefined reference to 'std::_V2::error_category::~error_category()' bazel-out/k8-opt-exec-50AE0418/bin/external/llvm-project/llvm/_objs/Support/Error.o:Error.cpp:function llvm::object_deleter<(anonymous namespace)::ErrorErrorCategory>::call(void*): error: undefined reference to 'std::_V2::error_category::~error_category()' bazel-out/k8-opt-exec-50AE0418/bin/external/llvm-project/llvm/_objs/Support/Error.o:Error.cpp:function llvm::errorToErrorCode(llvm::Error): error: undefined reference to 'std::_V2::system_category()' bazel-out/k8-opt-exec-50AE0418/bin/external/llvm-project/llvm/_objs/Support/Error.o:Error.cpp:typeinfo for (anonymous namespace)::ErrorErrorCategory: error: undefined reference to 'typeinfo for std::_V2::error_category' bazel-out/k8-opt-exec-50AE0418/bin/external/llvm-project/llvm/_objs/Support/Error.o:Error.cpp:vtable for (anonymous namespace)::ErrorErrorCategory: error: undefined reference to 'std::_V2::error_category::_M_message(int) const' bazel-out/k8-opt-exec-50AE0418/bin/external/llvm-project/llvm/_objs/Support/Error.o:Error.cpp:vtable for (anonymous namespace)::ErrorErrorCategory: error: undefined reference to 'std::_V2::error_category::default_error_condition(int) const' bazel-out/k8-opt-exec-50AE0418/bin/external/llvm-project/llvm/_objs/Support/Error.o:Error.cpp:vtable for (anonymous namespace)::ErrorErrorCategory: error: undefined reference to 'std::_V2::error_category::equivalent(int, std::error_condition const&) const' bazel-out/k8-opt-exec-50AE0418/bin/external/llvm-project/llvm/_objs/Support/Error.o:Error.cpp:vtable for (anonymous namespace)::ErrorErrorCategory: error: undefined reference to 'std::_V2::error_category::equivalent(std::error_code const&, int) const' bazel-out/k8-opt-exec-50AE0418/bin/external/llvm-project/llvm/_objs/Support/raw_ostream.o:raw_ostream.cpp:function getFD(llvm::StringRef, std::error_code&, llvm::sys::fs::CreationDisposition, llvm::sys::fs::FileAccess, llvm::sys::fs::OpenFlags): error: undefined reference to 'std::_V2::system_category()' bazel-out/k8-opt-exec-50AE0418/bin/external/llvm-project/llvm/_objs/Support/raw_ostream.o:raw_ostream.cpp:function llvm::raw_fd_ostream::write_impl(char const*, unsigned long): error: undefined reference to 'std::_V2::generic_category()' bazel-out/k8-opt-exec-50AE0418/bin/external/llvm-project/llvm/_objs/Support/raw_ostream.o:raw_ostream.cpp:function llvm::raw_fd_ostream::seek(unsigned long): error: undefined reference to 'std::_V2::generic_category()' bazel-out/k8-opt-exec-50AE0418/bin/external/llvm-project/llvm/_objs/Support/MemoryBuffer.o:MemoryBuffer.cpp:function getMemBufferCopyImpl(llvm::StringRef, llvm::Twine const&): error: undefined reference to 'std::_V2::generic_category()' bazel-out/k8-opt-exec-50AE0418/bin/external/llvm-project/llvm/_objs/Support/SmallPtrSet.o:SmallPtrSet.cpp:function llvm::SmallPtrSetImplBase::Grow(unsigned int): warning: memset used with constant zero length parameter; this could be due to transposed parameters bazel-out/k8-opt-exec-50AE0418/bin/external/llvm-project/llvm/_objs/Support/SourceMgr.o:SourceMgr.cpp:function llvm::SMDiagnostic::print(char const*, llvm::raw_ostream&, bool, bool) const: error: undefined reference to 'std::__throw_out_of_range_fmt(char const*, ...)' bazel-out/k8-opt-exec-50AE0418/bin/external/llvm-project/llvm/_objs/Support/StringRef.o:StringRef.cpp:function unsigned int llvm::ComputeEditDistance(llvm::ArrayRef, llvm::ArrayRef, bool, unsigned int): error: undefined reference to '__cxa_throw_bad_array_new_length' collect2: error: ld returned 1 exit status ERROR: /tensorflow-2.5.3/tensorflow/python/BUILD:5209:24 Linking of rule '//tensorflow/compiler/mlir/lite:converter-gen' failed (Exit 1): gcc failed: error executing command (cd /cache/1c211944fffc93afc232f5e22d2690de/execroot/org_tensorflow && exec env - LD_LIBRARY_PATH=/usr/path PATH= /usr/path PWD=/proc/self/cwd /opt/rh/devtoolset-9/root/usr/bin/gcc @bazel-out/k8-opt-exec-50AE0418/bin/tensorflow/compiler/mlir/lite/converter-gen-2.params) Execution platform: @local_execution_config_platform//:platform\r\n\r\nI also meet the question, do you have resolved it?"]}, {"number": 54985, "title": "Fix TrivialBufferForwarding pass.", "body": "Fix TrivialBufferForwarding pass.\n\nIt didn't stop when it already found an input buffer that can be forwarded.\n", "comments": []}, {"number": 54984, "title": "gradient tape with rank 0 tensors causes integer division or modulo by zero", "body": "**System information**\r\n- Have I written custom code? Yes\r\n- OS Platform and Distribution: Linux Ubuntu 20.04\r\n- TensorFlow installed from: binary (via apt-get)\r\n- TensorFlow version: 2.3.1\r\n- Python version: 3.8.10\r\n- GPU model: GeForce GTX 1050 Ti Mobile\r\n\r\n**Describe the current behavior**\r\nThe simple repro below throws the following exception:\r\n```\r\nTraceback (most recent call last):\r\n  File \"bug.py\", line 16, in <module>\r\n    grads = tape.gradient(loss, model.trainable_variables)\r\n  File \"/home/mike/.local/lib/python3.8/site-packages/tensorflow/python/eager/backprop.py\", line 1067, in gradient\r\n    flat_grad = imperative_grad.imperative_grad(\r\n  File \"/home/mike/.local/lib/python3.8/site-packages/tensorflow/python/eager/imperative_grad.py\", line 71, in imperative_grad\r\n    return pywrap_tfe.TFE_Py_TapeGradient(\r\n  File \"/home/mike/.local/lib/python3.8/site-packages/tensorflow/python/eager/backprop.py\", line 162, in _gradient_function\r\n    return grad_fn(mock_op, *out_grads)\r\n  File \"/home/mike/.local/lib/python3.8/site-packages/tensorflow/python/ops/array_grad.py\", line 228, in _ConcatGradV2\r\n    return _ConcatGradHelper(\r\n  File \"/home/mike/.local/lib/python3.8/site-packages/tensorflow/python/ops/array_grad.py\", line 118, in _ConcatGradHelper\r\n    concat_dim._numpy().item(0) % input_values[0]._rank())  # pylint: disable=protected-access\r\nZeroDivisionError: integer division or modulo by zero\r\n\r\n```\r\n**Describe the expected behavior**\r\nIt should either compute a gradient (or throw a meaningful exception if that is not possible).\r\n\r\n**[Contributing](https://www.tensorflow.org/community/contribute)**\r\n\r\n- Do you want to contribute a PR? No\r\n\r\n**Standalone code to reproduce the issue**\r\n```\r\nimport tensorflow as tf\r\n\r\nclass MyModel(tf.keras.Model):\r\n    def __init__(self) -> None:\r\n        super().__init__()\r\n        self.layer = tf.keras.layers.Dense(1)\r\n\r\n    def call(self, inputs: tf.Tensor) -> tf.Tensor:\r\n        return self.layer(inputs)\r\n\r\nmodel = MyModel()\r\nx = tf.zeros((1, 1))\r\nwith tf.GradientTape() as tape:\r\n    theta = model(x)[0,0]\r\n    loss = tf.concat([tf.math.cos(theta), tf.math.sin(theta)], axis=0)\r\ngrads = tape.gradient(loss, model.trainable_variables)\r\n\r\n```\r\n**Other info / logs** Include any logs or source code that would be helpful to\r\ndiagnose the problem. If including tracebacks, please include the full\r\ntraceback. Large logs and files should be attached.\r\n", "comments": ["Hi @mikegashler ! Could you check this resolved [gist](https://colab.sandbox.google.com/gist/mohantym/f1510dcc3622066522aeb9c5f76df6da/github_54984.ipynb)? Thanks!", "Yes, this works around the problem in my simplified repro. And I see that the relevant difference is that you removed \"[0,0]\" from the code. I found that changing it to \"[0]\" also seems to work around the problem.\r\n\r\nUnfortunately, I'm having trouble fixing my larger project because I don't understand what specific condition triggers this problem. Is it inappropriate to index a tensor all the way down to a scalar inside of gradient tape? I tried auditing each variable in model.trainable_variables to make sure there are no scalars, but the problem still persists. Is it possible to articulate what I did wrong?", "Hi @mikegashler ! I have used [0,0] to instantiate the MyModel class in this line.\r\n`model = MyModel([0,0])` then model(x) instead of `theta = model(x)[0,0]`\r\nAttaching relevant thread for reference.[ 1](https://www.tensorflow.org/guide/keras/custom_layers_and_models), [2](https://colab.sandbox.google.com/github/tensorflow/docs/blob/snapshot-keras/site/en/guide/keras/custom_layers_and_models.ipynb). Thank you!\r\n", "Yes, I can follow the recommended structure better. Sorry. I have fixed my code to do that. But this is not relevant to the bug.\r\n\r\nThis example does not throw any exceptions:\r\n```\r\nfrom typing import Union, List, Mapping, Any\r\nimport tensorflow as tf\r\n\r\nclass MyModel(tf.keras.Model):\r\n    def __init__(self, hidden_units:List[int]):\r\n        super(MyModel, self).__init__()\r\n        self.hidden_units = hidden_units\r\n        self.dense_layers = [tf.keras.layers.Dense(u) for u in hidden_units]\r\n\r\n    def call(self, inputs:tf.Tensor) -> tf.Tensor:\r\n        x = inputs\r\n        for layer in self.dense_layers:\r\n            x = layer(x)\r\n        return x\r\n\r\n    def get_config(self) -> Mapping[str,Any]:\r\n        return {\"hidden_units\": self.hidden_units}\r\n\r\n    @classmethod\r\n    def from_config(cls, config:Mapping[str,Any]) -> 'MyModel':\r\n        return cls(**config)\r\n\r\nmodel = MyModel([3,2])\r\nmodel.from_config(model.get_config())\r\nx = tf.zeros((1, 1))\r\nprint(x)\r\nwith tf.GradientTape() as tape:\r\n    theta = model(x)[0]\r\n    loss = tf.concat([tf.math.cos(theta), tf.math.sin(theta)], axis=0)\r\ngrads = tape.gradient(loss, model.trainable_variables)\r\n\r\n```\r\nBut this example does throw an exception:\r\n```\r\nfrom typing import Union, List, Mapping, Any\r\nimport tensorflow as tf\r\n\r\nclass MyModel(tf.keras.Model):\r\n    def __init__(self, hidden_units:List[int]):\r\n        super(MyModel, self).__init__()\r\n        self.hidden_units = hidden_units\r\n        self.dense_layers = [tf.keras.layers.Dense(u) for u in hidden_units]\r\n\r\n    def call(self, inputs:tf.Tensor) -> tf.Tensor:\r\n        x = inputs\r\n        for layer in self.dense_layers:\r\n            x = layer(x)\r\n        return x\r\n\r\n    def get_config(self) -> Mapping[str,Any]:\r\n        return {\"hidden_units\": self.hidden_units}\r\n\r\n    @classmethod\r\n    def from_config(cls, config:Mapping[str,Any]) -> 'MyModel':\r\n        return cls(**config)\r\n\r\nmodel = MyModel([3,2])\r\nmodel.from_config(model.get_config())\r\nx = tf.zeros((1, 1))\r\nprint(x)\r\nwith tf.GradientTape() as tape:\r\n    theta = model(x)[0,0]\r\n    loss = tf.concat([tf.math.cos(theta), tf.math.sin(theta)], axis=0)\r\ngrads = tape.gradient(loss, model.trainable_variables)\r\n```\r\nThe only difference is the first (working) example uses \"model(x)[0]\" and the second (broken) example uses \"model(x)[0,0]\".\r\n\r\nMy question is, why does the second (broken) example throw an exception that says \"ZeroDivisionError: integer division or modulo by zero\"? I did not do an integer division or modulo. I only indexed an element in a tensor.", "Hi @Aswini! Could you please look at this issue ? Attaching [Gist](https://colab.sandbox.google.com/gist/mohantym/cdcbc43129515e13b0b5c9cf3f354711/github_54984.ipynb#scrollTo=_qVbZcXqav6k) for reference.", "@mikegashler, \r\nLoss calculation was concatenating a bunch of scalars together, by changing them from scalars to rank 1 tensors with keep_dims, the error no longer occurs.\r\n\r\n```\r\nimport tensorflow as tf\r\n\r\nclass MyModel(tf.keras.Model):\r\n    def __init__(self) -> None:\r\n        super().__init__()\r\n        self.layer = tf.keras.layers.Dense(1)\r\n\r\n    def call(self, inputs: tf.Tensor) -> tf.Tensor:\r\n        return self.layer(inputs)\r\n\r\nmodel = MyModel()\r\nx = tf.zeros((1, 1))\r\nwith tf.GradientTape() as tape:\r\n    theta = model(x)[0,0]\r\n    loss = tf.math.reduce_mean([tf.math.cos(theta), tf.math.sin(theta)], axis=0,keepdims=True).   #keepdims args will result in scalar output\r\ngrads = tape.gradient(loss, model.trainable_variables)\r\n```\r\nSince `tf.concat()` doesn\u2019t have keepdims argument, replace it with `tf.math.reduce_mean().` Thanks!", "Yes, that fixes it. Thanks so much!\r\n\r\n(I still don't understand why concatenating scalars inside gradient tape is bad behavior. I hope you'll improve the error message to reflect the problem, but I suppose that's up to you.)", "Are you satisfied with the resolution of your issue?\n<a href=\"https://docs.google.com/forms/d/e/1FAIpQLSfaP12TRhd9xSxjXZjcZFNXPGk4kc1-qMdv3gc6bEP90vY1ew/viewform?entry.85265664=Yes&entry.2137816233=https://github.com/tensorflow/tensorflow/issues/54984\">Yes</a>\n<a href=\"https://docs.google.com/forms/d/e/1FAIpQLSfaP12TRhd9xSxjXZjcZFNXPGk4kc1-qMdv3gc6bEP90vY1ew/viewform?entry.85265664=No&entry.2137816233=https://github.com/tensorflow/tensorflow/issues/54984\">No</a>\n"]}, {"number": 54983, "title": "[mhlo] Unbreak the CMake build after the Standard->Func rename", "body": "[mhlo] Unbreak the CMake build after the Standard->Func rename\n", "comments": []}, {"number": 54982, "title": "Migrate mhlo bufferization patterns to BufferizableOpInterface implementations", "body": "Migrate mhlo bufferization patterns to BufferizableOpInterface implementations\n", "comments": []}, {"number": 54981, "title": "Add a patch to fix LLVM build.", "body": "Add a patch to fix LLVM build.\n", "comments": []}, {"number": 54980, "title": "Model accurate missing after converting to tflite", "body": "### 1. System information\r\n\r\n- Windows 10\r\n- Pip package\r\n- 2.7.0\r\n\r\n### 2. Code\r\n\r\nimport tensorflow as tf\r\n\r\nmodel = tf.keras.models.load_model('liveness.model')\r\nconverter = tf.lite.TFLiteConverter.from_keras_model(model)\r\ntflite_model = converter.convert()\r\nopen(\"liveness4.tflite\", \"wb\").write(tflite_model)\r\n\r\n### 3. Failure after conversion\r\nIf the conversion is successful, but the generated model is wrong, then state what is wrong:\r\n\r\n- Model produces wrong results and/or has lesser accuracy.\r\n\r\n\r\nAlso Im  getting this warning after converting to tflite model.\r\n\r\nWARNING:absl:Buffer deduplication procedure will be skipped when flatbuffer library is not properly loaded\r\n", "comments": ["@Ajith61 \r\nIn order to expedite the trouble-shooting process here,Could you please fill the issue [template](https://github.com/tensorflow/tensorflow/issues/new/choose),\r\nThanks!", "This issue has been automatically marked as stale because it has no recent activity. It will be closed if no further activity occurs. Thank you.\n", "Closing as stale. Please reopen if you'd like to work on this further.\n"]}, {"number": 54978, "title": "Rename MLIRStandardOpsTransforms to MLIRFuncTransforms", "body": "Rename MLIRStandardOpsTransforms to MLIRFuncTransforms\n\nThis reflects the change in LLVM.\n", "comments": []}, {"number": 54976, "title": "Update get_started_low_level.md", "body": "Fixed broken link for \"version.h \" I which is included the library headers", "comments": []}, {"number": 54974, "title": "Allow the `root` argument of `Checkpoint` to be a weakref.", "body": "Allow the `root` argument of `Checkpoint` to be a weakref.\n", "comments": []}, {"number": 54972, "title": "Add float16 and bfloat16 support for tf.image.rgb_to_hsv/tf.image.hsv_to_rgb", "body": "This PR addresses the issue raised in #54855 where there was no float16\r\nand bfloat16 support for tf.image.rgb_to_hsv/tf.image.hsv_to_rgb\r\n\r\nThis PR fixes #54855.\r\n\r\nSigned-off-by: Yong Tang <yong.tang.github@outlook.com>", "comments": []}, {"number": 54971, "title": "Update Eigen to commit:0ae94456a0e6dd5e20ca65ba2f405964f6931faf", "body": "Update Eigen to commit:0ae94456a0e6dd5e20ca65ba2f405964f6931faf\n\nCHANGELOG\n=========\n0ae94456a - Remove duplicate IsRowMajor declaration.\n0e6f4e43f - Fix a few confusing comments in psincos_float.\nf1b9692d6 - Removed EIGEN_UNUSED decorations from many functions that are in fact used\n27d8f29be - Update vectorization_logic tests for all platforms.\nc9ff739af - Fix JacobiSVD_LAPACKE bindings\nd0b1aef6f - Speed lscg by using .noalias\n55c7400db - Fix enum conversion warnings in BooleanRedux.\n711803c42 - Skip denormal test if `Cond` is false.\nd819a33bf - Remove poor non-convergence checks in NonLinearOptimization.\n9c07e201f - Modified sqrt/rsqrt for denormal handling.\n1c2690ed2 - Adjust tolerance of matrix_power test for MSVC.\nb48922cb5 - Fix SVD for MSVC+CUDA.\nbf6726a0c - Fix any/all reduction in the case of row-major layout\nf03df0df5 - Fix SVD for MSVC.\n19c39bea2 - Fix mixingtypes for g++-11.\n2ed4bee78 - Fix frexp packetmath tests for MSVC.\nd58e62913 - Disable deprecated warnings for SVD tests on MSVC.\n3d7e2d0e3 - Fix packetmath compilation error.\n897071977 - Fix gcc-5 packetmath_12 bug.\nf0b81fefb - Disable deprecated warnings in SVD tests.\n8b875dbef - Changes to fast SQRT/RSQRT\nf9b7564fa - E2K: initial support of LCC MCST compiler for the Elbrus 2000 CPU architecture\nae86a146b - Modify test expression to avoid numerical differences (#2402).\ncd80e04ab - Add assert for edge case if Thin U Requested at runtime\n35727928a - Fix test macro conflicts with STL headers in C++20\n2dd879d4b - [SYCL] Fix CMake for SYCL support\n550af3938 - Fix for crash bug in SPQRSupport: Initialize pointers to nullptr to avoid free() calls of invalid pointers.\n58a90c746 - Use fixed-sized U/V for fixed-sized inputs.\nc367ed26a - Make FixedInt constexpr, fix ODR of fix<N>\n766087329 - Re-add `svd::compute(Matrix, options)` method to avoid breaking external projects.\na58af20d6 - Add descriptions to Matrix typedefs.\n28e008b99 - Fix sqrt/rsqrt for NEON.\n23755030c - Fix MSVC+NVCC 9.2 pragma error.\n7197b577f - Remove unused macros in AVX packetmath.\nbded5028a - Fix ODR failures in TensorRandom.\n18eab8f99 - Add convenience method `constexpr std::size_t size() const` to `Eigen::IndexList`\nfbc62f7df - Complete doc with MatrixXNt and MatrixNXt\ncb5ca1c90 - Cleanup compiler warnings, etc from recent changes in GEMM & GEMV for PowerPC\ncec0005c7 - Return alphas() and betas() by const reference\n92d0026b7 - Provide a definition for numeric_limits static data members\nb94bddcde - Typo in COD's doc: matrixR() -> matrixT()\n94bed2b80 - Fix collision with resolve.h.\nb88de3f24 - Update MPL2 with https.\n9441d94dc - Revert \"Make fixed-size Matrix and Array trivially copyable after C++20\"\n979fdd58a - Add generic fast psqrt and prsqrt impls and make them correct for 0, +Inf, NaN, and negative arguments.\n4bffbe84f - Restrict GCC<6.3 maxpd workaround to only gcc.\ne7f4a901e - Define EIGEN_HAS_AVX512_MATH in PacketMath.\n6b60bd675 - Fix 32-bit arm int issue.\n96da541cb - Fix AVX512 math function consistency, enable for ICC.\ncafeadffe - Fix ODR violations.\n18b50458b - Update SVD Module with Options template parameter\n89c6ab238 - removed some documentation referencing c++98 behaviour\n66464bd2a - Fix number of block columns to NOT overflow the cache (PowerPC) abnormally in GEMV\n", "comments": []}, {"number": 54970, "title": "Added bazel build event logging in protobuf format to build scripts.", "body": "Added bazel build event logging in protobuf format to build scripts.\n", "comments": []}, {"number": 54968, "title": "[tf:tfrt] Warm up JitRt kernels in benchmarks", "body": "[tf:tfrt] Warm up JitRt kernels in benchmarks\n", "comments": []}, {"number": 54967, "title": "Expose the on-demand checkpointing API.", "body": "Expose the on-demand checkpointing API.\n", "comments": []}, {"number": 54966, "title": "Fix naming of layers when building with symbolic tensors", "body": "https://github.com/tensorflow/tensorflow/issues/27298", "comments": ["Thanks for your pull request! It looks like this may be your first contribution to a Google open source project. Before we can look at your pull request, you'll need to sign a Contributor License Agreement (CLA).\n\nFor more information, open the [CLA check for this pull request](https://github.com/tensorflow/tensorflow/pull/54966/checks?check_run_id=5416812969).", "It looks like your PR relates to the Keras component. Please submit it to the github.com/keras-team/keras repository instead. Thankyou.\r\n@fchollet, @qlzh727"]}, {"number": 54965, "title": "Add ContainerMap forward type inference function", "body": "Add ContainerMap forward type inference function\n\nHelper for ops with semantics of changing the content of a container,\ne.g. changing the batch size of a dataset.\n\n`T[PRODUCT[U1, ..., Un]] -> T[PRODUCT[V1, ..., Vm]]`\n\nwhere the i'th input is the input container and its type is T, and m is determined and V is obtained from an \"map\" mapping U -> V.\nBoth the \"map\" mapping is parameterized by this factory.\nNote that when the \"map\" function is the identity function, this becomes equivalent to ReplicateInput.\n", "comments": []}, {"number": 54964, "title": "[XLA] Change default dump format of HLO modules to ShortParsable, adding an option to use the old behavior.", "body": "[XLA] Change default dump format of HLO modules to ShortParsable, adding an option to use the old behavior.\n", "comments": []}, {"number": 54963, "title": "Fix Reference Type Supertype", "body": "Fix Reference Type Supertype\n", "comments": []}, {"number": 54962, "title": "Remove weekly invocation", "body": "Remove weekly invocation\n", "comments": []}, {"number": 54961, "title": "Check in MLIR quantization dialect.", "body": "Check in MLIR quantization dialect.\n\nThis change contains a forked version of LLVM project's MLIR based on the\ndiscussion at https://discourse.llvm.org/t/rfc-removing-the-quant-dialect/3643\n", "comments": []}, {"number": 54960, "title": "[XLA:SPMD] Fix SPMD logger.", "body": "[XLA:SPMD] Fix SPMD logger.\n\nIt should output the original HLO in the beginning of each entry\n", "comments": []}]