[{"number": 53345, "title": "CTC Loss throwing errors in half/mixed precision", "body": "Hello there :wave: \r\n\r\nI have been running some experiments with automatic mixed-precision using TensorFlow recently. And I encountered an issue with the CTC loss, which throws an obscure dtype incompatibility issue. And I'm not sure how to solve this :thinking: \r\nAny ideas?\r\n\r\n**System information**\r\n- Have I written custom code: yes, the code snippet\r\n- OS Platform and Distribution: Linux Ubuntu 20.04\r\n- TensorFlow installed from: binary, via pip\r\n- TensorFlow version: 2.6.0\r\n- Python version: 3.8\r\n- CUDA/cuDNN version: CUDA 11.4 (cuDNN 8.2.0)\r\n- GPU model and memory: NVIDIA GeForce RTX 2070 with Max-Q Design\r\n\r\n**Describe the current behavior**\r\n\r\nAs of now, running the snippet further down below throws the following error:\r\n\r\n```\r\n---------------------------------------------------------------------------\r\nInvalidArgumentError                      Traceback (most recent call last)\r\n<ipython-input-5-2c1811c7c1ed> in <module>\r\n     13 model_output = tf.random.uniform((batch_size, out_chans, vocab_size + 1), minval=0, maxval=1, dtype=tf.float16)\r\n     14 \r\n---> 15 tf.nn.ctc_loss(gt, model_output, seq_len, input_length, logits_time_major=False, blank_index=vocab_size)\r\n\r\n~/miniconda3/lib/python3.8/site-packages/tensorflow/python/util/dispatch.py in wrapper(*args, **kwargs)\r\n    204     \"\"\"Call target, and fall back on dispatchers if there is a TypeError.\"\"\"\r\n    205     try:\r\n--> 206       return target(*args, **kwargs)\r\n    207     except (TypeError, ValueError):\r\n    208       # Note: convert_to_eager_tensor currently raises a ValueError, not a\r\n\r\n~/miniconda3/lib/python3.8/site-packages/tensorflow/python/ops/ctc_ops.py in ctc_loss_v3(labels, logits, label_length, logit_length, logits_time_major, unique, blank_index, name)\r\n    960     blank_index = 0\r\n    961 \r\n--> 962   return ctc_loss_dense(\r\n    963       labels=labels,\r\n    964       logits=logits,\r\n\r\n~/miniconda3/lib/python3.8/site-packages/tensorflow/python/ops/ctc_ops.py in ctc_loss_dense(labels, logits, label_length, logit_length, logits_time_major, unique, blank_index, name)\r\n   1094       return result[0], grad\r\n   1095 \r\n-> 1096     return compute_ctc_loss(*args)\r\n   1097 \r\n   1098 \r\n\r\n~/miniconda3/lib/python3.8/site-packages/tensorflow/python/ops/custom_gradient.py in __call__(self, *a, **k)\r\n    307 \r\n    308   def __call__(self, *a, **k):\r\n--> 309     return self._d(self._f, a, k)\r\n    310 \r\n    311 \r\n\r\n~/miniconda3/lib/python3.8/site-packages/tensorflow/python/ops/custom_gradient.py in decorated(wrapped, args, kwargs)\r\n    261 \r\n    262     if context.executing_eagerly():\r\n--> 263       return _eager_mode_decorator(wrapped, args, kwargs)\r\n    264     else:\r\n    265       return _graph_mode_decorator(wrapped, args, kwargs)\r\n\r\n~/miniconda3/lib/python3.8/site-packages/tensorflow/python/ops/custom_gradient.py in _eager_mode_decorator(f, args, kwargs)\r\n    489   \"\"\"Implement custom gradient decorator for eager mode.\"\"\"\r\n    490   with tape_lib.VariableWatcher() as variable_watcher:\r\n--> 491     result, grad_fn = f(*args, **kwargs)\r\n    492   args = nest.flatten(args)\r\n    493   all_inputs = list(args) + list(kwargs.values())\r\n\r\n~/miniconda3/lib/python3.8/site-packages/tensorflow/python/ops/ctc_ops.py in compute_ctc_loss(logits_t, labels_t, label_length_t, logit_length_t, *unique_t)\r\n   1086       if unique_t:\r\n   1087         kwargs[\"unique\"] = unique_t\r\n-> 1088       result = ctc_loss_and_grad(**kwargs)\r\n   1089       def grad(grad_loss):\r\n   1090         grad = [array_ops.reshape(grad_loss, [1, -1, 1]) * result[1]]\r\n\r\n~/miniconda3/lib/python3.8/site-packages/tensorflow/python/ops/ctc_ops.py in ctc_loss_and_grad(logits, labels, label_length, logit_length, unique)\r\n    689 \r\n    690   ilabel_log_probs = nn_ops.log_softmax(logits)\r\n--> 691   state_log_probs = _ilabel_to_state(labels, num_labels, ilabel_log_probs)\r\n    692   state_trans_probs = _ctc_state_trans(labels)\r\n    693   initial_state_log_probs, final_state_log_probs = ctc_state_log_probs(\r\n\r\n~/miniconda3/lib/python3.8/site-packages/tensorflow/python/ops/ctc_ops.py in _ilabel_to_state(labels, num_labels, ilabel_log_probs)\r\n    591   one_hot = array_ops.expand_dims(one_hot, axis=0)\r\n    592   ilabel_log_probs = array_ops.expand_dims(ilabel_log_probs, axis=2)\r\n--> 593   state_log_probs = math_ops.reduce_sum(ilabel_log_probs * one_hot, axis=3)\r\n    594   state_log_probs = array_ops.concat([state_log_probs, blank], axis=2)\r\n    595   return array_ops.pad(\r\n\r\n~/miniconda3/lib/python3.8/site-packages/tensorflow/python/ops/math_ops.py in binary_op_wrapper(x, y)\r\n   1365         #   r_binary_op_wrapper use different force_same_dtype values.\r\n   1366         x, y = maybe_promote_tensors(x, y, force_same_dtype=False)\r\n-> 1367         return func(x, y, name=name)\r\n   1368       except (TypeError, ValueError) as e:\r\n   1369         # Even if dispatching the op failed, the RHS may be a tensor aware\r\n\r\n~/miniconda3/lib/python3.8/site-packages/tensorflow/python/ops/math_ops.py in _mul_dispatch(x, y, name)\r\n   1708     return sparse_tensor.SparseTensor(y.indices, new_vals, y.dense_shape)\r\n   1709   else:\r\n-> 1710     return multiply(x, y, name=name)\r\n   1711 \r\n   1712 \r\n\r\n~/miniconda3/lib/python3.8/site-packages/tensorflow/python/util/dispatch.py in wrapper(*args, **kwargs)\r\n    204     \"\"\"Call target, and fall back on dispatchers if there is a TypeError.\"\"\"\r\n    205     try:\r\n--> 206       return target(*args, **kwargs)\r\n    207     except (TypeError, ValueError):\r\n    208       # Note: convert_to_eager_tensor currently raises a ValueError, not a\r\n\r\n~/miniconda3/lib/python3.8/site-packages/tensorflow/python/ops/math_ops.py in multiply(x, y, name)\r\n    528   \"\"\"\r\n    529 \r\n--> 530   return gen_math_ops.mul(x, y, name)\r\n    531 \r\n    532 \r\n\r\n~/miniconda3/lib/python3.8/site-packages/tensorflow/python/ops/gen_math_ops.py in mul(x, y, name)\r\n   6234       return _result\r\n   6235     except _core._NotOkStatusException as e:\r\n-> 6236       _ops.raise_from_not_ok_status(e, name)\r\n   6237     except _core._FallbackException:\r\n   6238       pass\r\n\r\n~/miniconda3/lib/python3.8/site-packages/tensorflow/python/framework/ops.py in raise_from_not_ok_status(e, name)\r\n   6939   message = e.message + (\" name: \" + name if name is not None else \"\")\r\n   6940   # pylint: disable=protected-access\r\n-> 6941   six.raise_from(core._status_to_exception(e.code, message), None)\r\n   6942   # pylint: enable=protected-access\r\n   6943 \r\n\r\n~/miniconda3/lib/python3.8/site-packages/six.py in raise_from(value, from_value)\r\n\r\nInvalidArgumentError: cannot compute Mul as input #1(zero-based) was expected to be a half tensor but is a float tensor [Op:Mul]\r\n```\r\n\r\n**Describe the expected behavior**\r\n\r\nthe snippet running smoothly\r\n\r\n**Standalone code to reproduce the issue**\r\n\r\n```python\r\nimport tensorflow as tf\r\nfrom tensorflow.keras import mixed_precision\r\n\r\nmixed_precision.set_global_policy('mixed_float16')\r\n\r\nbatch_size = 2\r\nout_chans = 32\r\nvocab_size = 10\r\n\r\ngt = tf.zeros((batch_size, 5), dtype=tf.int32)\r\nseq_len = [3, 4]\r\ninput_length = tf.fill((batch_size,), out_chans)\r\nmodel_output = tf.random.uniform((batch_size, out_chans, vocab_size + 1), minval=0, maxval=1, dtype=tf.float16)\r\n\r\ntf.nn.ctc_loss(gt, model_output, seq_len, input_length, logits_time_major=False, blank_index=vocab_size)\r\n\r\n```", "comments": ["@sanatmpa1 ,\r\nI was able to reproduce the issue in tf 2.7, 2.5 and nightly.Please find the gist of it [here](https://colab.research.google.com/gist/tilakrayal/02292fbc8236872182b34be86936b511/53345.ipynb).", "@frgfm \r\n\r\nI modified dtype in model_output to tf.float32 and I can see that no error is thrown. Please find the [gist here](https://colab.sandbox.google.com/gist/sanatmpa1/3b6fb0a9a1ea76f324661dee6238fde3/53345.ipynb). Thanks!", "Hi @sanatmpa1, thanks for the reply!\r\n\r\nHowever, I'm not sure I follow here: the reason why I create the model output in `tf.float16` is because that's what comes out of keras model in this dtype_policy (at least in my short experience with mixed precision in TF). So are you suggesting to cast the model output to float32 before sending it to the loss?\r\n\r\nIf so, shouldn't users be able to use this policy without modifying their internal loss computation? (I was expecting the loss to perform those operations internally if necessary considering I set the dtype_policy globally)\r\nIf not, would you mind elaborating a bit please? :pray:", "Generally when you set the Mixed precision dtype policy to float16, it uses float16 for computations and float32 for variables in-order to bring the numeric stability. \r\nYou can try printing the below lines to validate.\r\n```\r\nprint('Compute dtype: %s' % policy.compute_dtype)\r\nprint('Variable dtype: %s' % policy.variable_dtype)\r\n```\r\nRefer [this](https://www.tensorflow.org/guide/mixed_precision) document for more details.\r\n", "This issue has been automatically marked as stale because it has no recent activity. It will be closed if no further activity occurs. Thank you.\n", "> Generally when you set the Mixed precision dtype policy to float16, it uses float16 for computations and float32 for variables in-order to bring the numeric stability. You can try printing the below lines to validate.\r\n> \r\n> ```\r\n> print('Compute dtype: %s' % policy.compute_dtype)\r\n> print('Variable dtype: %s' % policy.variable_dtype)\r\n> ```\r\n> \r\n> Refer [this](https://www.tensorflow.org/guide/mixed_precision) document for more details.\r\n\r\nHi @sachinprasadhs,\r\n\r\nI'm not sure I understand how it's related to my previous comment :thinking:\r\nSimply put: if mixed precision policy is used, the CTC loss crashes. My snippet above is reproducing this error, because the CTC doesn't support float16.\r\n\r\nSo there are 2 questions here:\r\n- is this normal that this loss doesn't support float16?\r\n- if it is, how should one use this? I understand quite well that variables are in fp32 and operations in fp16, but I guess that still means that it's normal for the model output to be in fp16. And in that case, I would argue that some additional information should be added to document the usage.", "Refer to [this](https://github.com/keras-team/keras/blob/83bee297d7176beb6ed197963669b0dd55acea0c/keras/mixed_precision/policy.py#L262) compute_dtype code of mixed_precision_policy and the explanation below that, hope it clarifies your above question. Thanks!", "Hi @sachinprasadhs !\r\n\r\nThanks, but I still think there is something missing here: the way the operations are handled internally is not an issue. Here I didn't write a custom loss function.\r\n\r\nThe problem is:\r\n- using the mixed precision policy, my model output logits comes in `tf.float16` (which is expected)\r\n- I used the official TF ctc_loss. So this takes as arguments a tensor in `tf.float16` (because of the mixed precision policy mentioned just above), which is also logical/expected\r\n- but here the loss doesn't accept that data type\r\n\r\nSo either:\r\n- I missed something in the doc saying \"You have to cast any args to `tf.float32` for the CTC loss\" :man_shrugging: \r\n- or this is an issue that hasn't been handled", "@frgfm, as a workaround until this bug is fixed, you can cast the model output (the second argument to ctc_loss) to float32 before passing it to `tf.nn.ctc_loss`. The [mixed precision guide](https://www.tensorflow.org/guide/mixed_precision) also recommends this, mostly because numeric issues can occur if the tensor flowing between a softmax and cross entropy loss is in float16, but also due to issues where losses do not support float16 or have numeric issues with float16. All built-in losses should support float16 though, so this is bug.\r\n\r\n/CC @nluehr @benbarsdell, the errors come from the fact float32 tensors are created, followed by dtype mismatches on [this line](https://github.com/tensorflow/tensorflow/blob/8f761b623768c5ed59a502d7eff35cc0c3bccb16/tensorflow/python/ops/ctc_ops.py#L591) and [this line](https://github.com/tensorflow/tensorflow/blob/8f761b623768c5ed59a502d7eff35cc0c3bccb16/tensorflow/python/ops/ctc_ops.py#L595). Do you think we should fix these individual dtype mismatches, or just have `ctc_loss` cast its inputs to float32 and outputs back to float16? I don't understand how ctc loss works, but it has a lot of reductions and exponentials, making me worried that just fixing the individual dtype mismatches will cause numeric issues.", "Are you satisfied with the resolution of your issue?\n<a href=\"https://docs.google.com/forms/d/e/1FAIpQLSfaP12TRhd9xSxjXZjcZFNXPGk4kc1-qMdv3gc6bEP90vY1ew/viewform?entry.85265664=Yes&entry.2137816233=https://github.com/tensorflow/tensorflow/issues/53345\">Yes</a>\n<a href=\"https://docs.google.com/forms/d/e/1FAIpQLSfaP12TRhd9xSxjXZjcZFNXPGk4kc1-qMdv3gc6bEP90vY1ew/viewform?entry.85265664=No&entry.2137816233=https://github.com/tensorflow/tensorflow/issues/53345\">No</a>\n"]}, {"number": 53344, "title": "Debugger-V2 crashes with KeyError", "body": "**System information**\r\n- Have I written custom code (as opposed to using a stock example script provided in TensorFlow): yes\r\n- OS Platform and Distribution: Docker image based on Ubuntu 18.04 Bionic\r\n- TensorFlow installed from (source or binary): built from patched source code\r\n- TensorFlow version (use command below): `v2.1.3-0-g77f47d6ed6c 2.1.3`\r\n- Python version: `3.6.9`\r\n- Bazel version (if compiling from source): `4.2.1`\r\n- GCC/Compiler version (if compiling from source): `g++ (Ubuntu 7.5.0-3ubuntu1~18.04) 7.5.0`\r\n- CUDA/cuDNN version:  `libcudnn8/unstable 8.0.5.39-1+cuda11.1 amd64`\r\n- GPU model and memory: Nvidia GeForce RTX 2080\r\n\r\n**Describe the current behavior**\r\n\r\nI am trying to set up Debugger-V2. My project currently uses Tensorflow 2.1.3 and, as far as I understand, the corresponding Tensorboard version does not support Debugger-V2. Therefore I have set up a separate Conda environment with Tensorboard 2.7.0, where I load logs written using Tensorflow 2.1.3. The \"system information\" block above provides details on the environment in which the rest of my project runs.\r\n\r\nIn this setup, the Debugger-V2 UI comes up empty (e.g. it says `Graph Executions (0)` in the top right corner), and there is the following traceback in stdout:\r\n\r\n```\r\n> tensorboard --logdir tensorboard_logs/train/ --port 6010\r\n2021-12-07 18:07:08.627387: I tensorflow/stream_executor/platform/default/dso_loader.cc:53] Successfully opened dynamic library libcudart.so.11.0\r\n\r\nNOTE: Using experimental fast data loading logic. To disable, pass\r\n    \"--load_fast=false\" and report issues on GitHub. More details:\r\n    https://github.com/tensorflow/tensorboard/issues/4784\r\n\r\nServing TensorBoard on localhost; to expose to the network, use a proxy or pass --bind_all\r\nTensorBoard 2.7.0 at http://localhost:6010/ (Press CTRL+C to quit)\r\nException in thread Thread-5:\r\nTraceback (most recent call last):\r\n  File \"<redacted>/.miniconda3/envs/dl-tensorflow/lib/python3.9/threading.py\", line 954, in _bootstrap_inner\r\n    self.run()\r\n  File \"<redacted>/.miniconda3/envs/dl-tensorflow/lib/python3.9/threading.py\", line 892, in run\r\n    self._target(*self._args, **self._kwargs)\r\n  File \"<redacted>/.miniconda3/envs/dl-tensorflow/lib/python3.9/site-packages/tensorboard/plugins/debugger_v2/debug_data_multiplexer.py\", line 62, in _run_repeatedly\r\n    target()\r\n  File \"<redacted>/.miniconda3/envs/dl-tensorflow/lib/python3.9/site-packages/tensorflow/python/debug/lib/debug_events_reader.py\", line 1116, in update\r\n    self._load_graphs()\r\n  File \"<redacted>/.miniconda3/envs/dl-tensorflow/lib/python3.9/site-packages/tensorflow/python/debug/lib/debug_events_reader.py\", line 1013, in _load_graphs\r\n    debugged_graph = self._graph_by_id[op_creation_proto.graph_id]\r\nKeyError: '0410a4d0-d88b-44f9-b7f5-a49008436b15'\r\n```\r\n\r\nThe error comes from [this line](https://github.com/tensorflow/tensorflow/blob/d1c4acc743e6f5710e38595ea0c6c876205e8399/tensorflow/python/debug/lib/debug_events_reader.py#L1009).\r\n\r\nThe directory structure of `tensorboard_logs` is as follows:\r\n\r\n```\r\ntensorboard_logs/\r\n\u2514\u2500\u2500 train\r\n    \u251c\u2500\u2500 events.out.tfevents.1638889539.<redacted>.118102.192768.v2\r\n    \u251c\u2500\u2500 tfdbg_events.1638889418.<redacted>.execution\r\n    \u251c\u2500\u2500 tfdbg_events.1638889418.<redacted>.graph_execution_traces\r\n    \u251c\u2500\u2500 tfdbg_events.1638889418.<redacted>.graphs\r\n    \u251c\u2500\u2500 tfdbg_events.1638889418.<redacted>.metadata\r\n    \u251c\u2500\u2500 tfdbg_events.1638889418.<redacted>.source_files\r\n    \u2514\u2500\u2500 tfdbg_events.1638889418.<redacted>.stack_frames\r\n```\r\n\r\nand I set up debug logging with the following line:\r\n\r\n```\r\n        tf.debugging.experimental.enable_dump_debug_info(\r\n            os.path.join(<tensorboard_logs>, 'train'),\r\n            tensor_debug_mode='FULL_TENSOR',  # b/c TF 2.1 doesn't support FULL_HEALTH\r\n            circular_buffer_size=10000)\r\n```\r\n\r\nI won't be able to share the log files that cause this crash, and I don't have a minimal reproducing example (yet?). Hopefully this is debuggable without the two.\r\n\r\nAside from the obvious problem with this crash, I am also not sure where I should put debug info (what the first parameter of `enable_dump_debug_info` should be). My logging is done via Keras, and the typical directory structure is as follows:\r\n\r\n```\r\ntensorboard_logs/\r\n\u2514\u2500\u2500 train\r\n\u2514\u2500\u2500 validation\r\n```\r\n\r\nI see 3 places where I could put debug info:\r\n\r\n```\r\ntensorboard_logs/  # <- here\r\n\u2514\u2500\u2500 train  # <- here\r\n\u2514\u2500\u2500 validation\r\n\u2514\u2500\u2500 debug_info  # <- here\r\n```\r\n\r\nand then I could point Tensorboard to any of those directories. Which is the preferred way?", "comments": ["Hi @sanatmpa1 ! Could you please look at this issue?", "@dniku,\r\n\r\nThis looks like an issue that is mostly related to `Tensorboard`, Can you kindly create a new issue on [Tensorboard repo](https://github.com/tensorflow/tensorboard/issues)? Thanks!", "This issue has been automatically marked as stale because it has no recent activity. It will be closed if no further activity occurs. Thank you.\n", "Per request from @sanatmpa1, migrated this to https://github.com/tensorflow/tensorboard/issues/5482 .", "Are you satisfied with the resolution of your issue?\n<a href=\"https://docs.google.com/forms/d/e/1FAIpQLSfaP12TRhd9xSxjXZjcZFNXPGk4kc1-qMdv3gc6bEP90vY1ew/viewform?entry.85265664=Yes&entry.2137816233=https://github.com/tensorflow/tensorflow/issues/53344\">Yes</a>\n<a href=\"https://docs.google.com/forms/d/e/1FAIpQLSfaP12TRhd9xSxjXZjcZFNXPGk4kc1-qMdv3gc6bEP90vY1ew/viewform?entry.85265664=No&entry.2137816233=https://github.com/tensorflow/tensorflow/issues/53344\">No</a>\n"]}, {"number": 53343, "title": "Could not load dynamic library 'libcusparse.so.11", "body": "I am facing issue while trying to use the GPU with tensorflow :-\r\n\r\nflow/stream_executor/platform/default/dso_loader.cc:49] Successfully opened dynamic library libcudart.so.11.0\r\n2021-12-06 18:16:03.990545: I tensorflow/stream_executor/platform/default/dso_loader.cc:49] Successfully opened dynamic library libcublas.so.11\r\n2021-12-06 18:16:03.990614: I tensorflow/stream_executor/platform/default/dso_loader.cc:49] Successfully opened dynamic library libcublasLt.so.11\r\n2021-12-06 18:16:04.041156: I tensorflow/stream_executor/platform/default/dso_loader.cc:49] Successfully opened dynamic library libcufft.so.10\r\n2021-12-06 18:16:04.048538: I tensorflow/stream_executor/platform/default/dso_loader.cc:49] Successfully opened dynamic library libcurand.so.10\r\n2021-12-06 18:16:04.127700: I tensorflow/stream_executor/platform/default/dso_loader.cc:49] Successfully opened dynamic library libcusolver.so.10\r\n2021-12-06 18:16:04.127970: W tensorflow/stream_executor/platform/default/dso_loader.cc:60] Could not load dynamic library 'libcusparse.so.11'; dlerror: libcusparse.so.11: cannot open shared object file: No such file or directory; LD_LIBRARY_PATH: /opt/ros/melodic/lib\r\n2021-12-06 18:16:04.129752: I tensorflow/stream_executor/platform/default/dso_loader.cc:49] Successfully opened dynamic library libcudnn.so.8\r\n2021-12-06 18:16:04.129778: W tensorflow/core/common_runtime/gpu/gpu_device.cc:1757] Cannot dlopen some GPU libraries. Please make sure the missing libraries mentioned above are installed properly if you would like to use GPU. Follow the guide at https://www.tensorflow.org/install/gpu for how to download and setup the required libraries for your platform.\r\n\r\nI installed CUDA from https://www.tensorflow.org/install/gpu for my tensorflow version (CUDA 11)\r\n\r\nTensorflow version : 2.4.1\r\nOS : Ubuntu 18.04\r\nCUDA : 11\r\ncudnn : 8\r\n\r\nAny tips or leads will be helpful.\r\n\r\nThanks in advance\r\n", "comments": ["@vigkrish123 \r\nPlease refer to [this](https://github.com/tensorflow/tensorflow/issues/45930#issuecomment-773308437) issue with same error.\r\nSimilar issues: #43947,#51684,[link](https://stackoverflow.com/questions/55224016/importerror-libcublas-so-10-0-cannot-open-shared-object-file-no-such-file-or).", "Hey @Saduf2019, I'm Hassan. I'm new to this organisation. Can you please tell me ways to get started?\r\nI've one doubt, how can I get assigned to any issue? In every issue it's saying that `google-ml-butler` assigned this issue to someone. Can you please help me?", "@Saduf2019 Thanks for the timely help. I was able to fix this by purging CUDA and related software and installing the correct CUDA Toolkit and Cudnn based on my Tensorflow version referring to https://www.tensorflow.org/install/source#gpu", "I followed the [installation steps](https://www.tensorflow.org/install/gpu#linux_setup) for GPU enabled TensorFlow on a fresh launched ubuntu18.04 EC2 instance ([g4dn](https://aws.amazon.com/ec2/instance-types/g4/)) and got a similar problem when I double-check whether the GPU can be invoked correctly. TensorFlow 2.7.0 was installed. \r\n\r\nIn the official scripts they claim it was for CUDA 11.0 but when I check with `nvidia-smi` it showed CUDA 11.5. I guess maybe that could be something to fix. At the end, the fix I found was to rerun the code for installing CUDA Toolkit 11.5 Update provided by [Nvidia](https://developer.nvidia.com/cuda-downloads?target_os=Linux&target_arch=x86_64&Distribution=Ubuntu&target_version=18.04&target_type=deb_local). \r\n```bash\r\nwget https://developer.download.nvidia.com/compute/cuda/repos/ubuntu1804/x86_64/cuda-ubuntu1804.pin\r\nsudo mv cuda-ubuntu1804.pin /etc/apt/preferences.d/cuda-repository-pin-600\r\nwget https://developer.download.nvidia.com/compute/cuda/11.5.1/local_installers/cuda-repo-ubuntu1804-11-5-local_11.5.1-495.29.05-1_amd64.deb\r\nsudo dpkg -i cuda-repo-ubuntu1804-11-5-local_11.5.1-495.29.05-1_amd64.deb\r\nsudo apt-key add /var/cuda-repo-ubuntu1804-11-5-local/7fa2af80.pub\r\nsudo apt-get update\r\nsudo apt-get -y install cuda\r\n```"]}, {"number": 53342, "title": "Program of odd and even in third place ", "body": "This template is for miscellaneous issues not covered by the other issue categories.\r\n\r\nFor questions on how to work with TensorFlow, or support for problems that are\r\nnot verified bugs in TensorFlow, please go to\r\n[Discourse](https://discuss.tensorflow.org/).\r\n\r\nIf you are reporting a vulnerability, please use the [dedicated reporting process](https://github.com/tensorflow/tensorflow/blob/master/SECURITY.md).\r\n\r\nFor high-level discussions about TensorFlow, please post to discuss@tensorflow.org, for questions about the development or internal workings of TensorFlow, or if you would like to know how to contribute to TensorFlow, please post to developers@tensorflow.org.\r\n![IMG20211207164046](https://user-images.githubusercontent.com/85215308/145018910-6ae35a91-b3cf-4c02-baa6-d1d87a2c6a3b.jpg)\r\n\r\n\r\n\r\n\r\n", "comments": ["@arpitverma21 ,\r\nPlease refer this [link](https://www.programiz.com/python-programming/examples/odd-even) for the issue.Thanks", "This question is better asked on [StackOverflow](https://stackoverflow.com/questions/tagged/tensorflow) since it is not a TensorFlow bug or feature request. There is also a larger community that reads questions there. Thanks!", "\r\nspam"]}, {"number": 53341, "title": "failed call to cuInit: CUDA_ERROR_UNKNOWN: unknown error", "body": "\r\n**System information**\r\n- OS Platform and Distribution (e.g., Linux Ubuntu 16.04): Ubuntu 20.04\r\n- TensorFlow installed from (source or binary): source\r\n- TensorFlow version: 1.14.0\r\n- Python version: 3.6.13\r\n- Installed using virtualenv? pip? conda?: pip\r\n- Bazel version (if compiling from source):\r\n- GCC/Compiler version (if compiling from source): 7.5.0\r\n- CUDA/cuDNN version: 10.0.130/7.4.2\r\n- GPU model and memory: GTX 2080Ti  12GB\r\n Output of nvidia-smi\uff1a\r\n`ubuntu@init:~$ nvidia-smi\r\nTue Dec  7 10:01:07 2021       \r\n+-----------------------------------------------------------------------------+\r\n| NVIDIA-SMI 470.86       Driver Version: 470.86       CUDA Version: 11.4     |\r\n|-------------------------------+----------------------+----------------------+\r\n| GPU  Name        Persistence-M| Bus-Id        Disp.A | Volatile Uncorr. ECC |\r\n| Fan  Temp  Perf  Pwr:Usage/Cap|         Memory-Usage | GPU-Util  Compute M. |\r\n|                               |                      |               MIG M. |\r\n|===============================+======================+======================|\r\n|   0  NVIDIA GeForce ...  Off  | 00000000:02:00.0 Off |                  N/A |\r\n| 30%   29C    P8    16W / 250W |     41MiB / 11016MiB |      0%      Default |\r\n|                               |                      |                  N/A |\r\n+-------------------------------+----------------------+----------------------+\r\n                                                                               \r\n+-----------------------------------------------------------------------------+\r\n| Processes:                                                                  |\r\n|  GPU   GI   CI        PID   Type   Process name                  GPU Memory |\r\n|        ID   ID                                                   Usage      |\r\n|=============================================================================|\r\n+-----------------------------------------------------------------------------+\r\n`\r\n\r\n**Describe the problem**\r\n\r\nAfter I installed tensorflow-gpu using pip\uff0cI tested it in terminal\uff0cbut it seems gpu is not available\r\n\r\n`(tfgpu114) ubuntu@init:~$ python\r\nPython 3.6.13 |Anaconda, Inc.| (default, Jun  4 2021, 14:25:59) \r\n[GCC 7.5.0] on linux\r\nType \"help\", \"copyright\", \"credits\" or \"license\" for more information.\r\n>>> import tensorflow\r\n>>> tensorflow.test.is_gpu_available()\r\n2021-12-07 09:01:22.849145: I tensorflow/core/platform/cpu_feature_guard.cc:142] Your CPU supports instructions that this TensorFlow binary was not compiled to use: AVX2 FMA\r\n2021-12-07 09:01:22.888771: I tensorflow/stream_executor/platform/default/dso_loader.cc:42] Successfully opened dynamic library libcuda.so.1\r\n2021-12-07 09:01:22.949108: E tensorflow/stream_executor/cuda/cuda_driver.cc:318] failed call to cuInit: CUDA_ERROR_UNKNOWN: unknown error\r\n2021-12-07 09:01:22.949204: I tensorflow/stream_executor/cuda/cuda_diagnostics.cc:169] retrieving CUDA diagnostic information for host: init\r\n2021-12-07 09:01:22.949225: I tensorflow/stream_executor/cuda/cuda_diagnostics.cc:176] hostname: init\r\n2021-12-07 09:01:22.949349: I tensorflow/stream_executor/cuda/cuda_diagnostics.cc:200] libcuda reported version is: 470.86.0\r\n2021-12-07 09:01:22.949407: I tensorflow/stream_executor/cuda/cuda_diagnostics.cc:204] kernel reported version is: 470.86.0\r\n2021-12-07 09:01:22.949428: I tensorflow/stream_executor/cuda/cuda_diagnostics.cc:310] kernel version seems to match DSO: 470.86.0\r\n2021-12-07 09:01:22.960938: I tensorflow/core/platform/profile_utils/cpu_utils.cc:94] CPU Frequency: 2500025000 Hz\r\n2021-12-07 09:01:22.964071: I tensorflow/compiler/xla/service/service.cc:168] XLA service 0x55ed09dbc440 executing computations on platform Host. Devices:\r\n2021-12-07 09:01:22.964121: I tensorflow/compiler/xla/service/service.cc:175]   StreamExecutor device (0): <undefined>, <undefined>\r\nFalse\r\n>>> \r\n`\r\n\r\nDoes anyone meet this condition\uff0cplease tell me a solution\uff0cthank you\uff01", "comments": ["Hi @NeilChangYanpeng ! \r\nIt seems you are using older versions(1.x versions) of Tensorflow which is not supported any more. Could you try again in latest version 2.7? Attaching relevant[ thread](https://stackoverflow.com/questions/47068709/your-cpu-supports-instructions-that-this-tensorflow-binary-was-not-compiled-to-u) for reference. Thanks!", "> \r\n\r\nthank you\uff0cI will have a try on latest version", "I created a new conda env with python 3.7 and installed tensorflow-gpu 2.4.1 using conda method, but still same error:\r\n![812e733f8b8369bc677f50e3072b5ee](https://user-images.githubusercontent.com/41663460/145041073-938f9302-841e-43ed-a767-db1cbe713f48.png)\r\n\r\n", "Ok @NeilChangYanpeng ! Are you using Cuda 11 and CuDNN 8.0  for TF  2.4 .Please following instructions from [here](https://docs.nvidia.com/cuda/cuda-installation-guide-linux/index.html) properly setting CUDA installation.  Attaching relevant threads for reference . [link1](https://github.com/tensorflow/tensorflow/issues/32623),[link2](https://www.tensorflow.org/install/gpu#install_cuda_with_apt).Thanks!", "> Ok @NeilChangYanpeng ! Are you using Cuda 11 and CuDNN 8.0 for TF 2.4 .Please following instructions from [here](https://docs.nvidia.com/cuda/cuda-installation-guide-linux/index.html) properly setting CUDA installation. Attaching relevant threads for reference . [link1](https://github.com/tensorflow/tensorflow/issues/32623),[link2](https://www.tensorflow.org/install/gpu#install_cuda_with_apt).Thanks!\r\n\r\nFirst of all, when using conda to install tensorflow-gpu instead of pip, the conda will install cuda and cudnn properly, so you dont have to install it yourself.\r\nsecond,I was using the container created by lxc  at beginning, but  now I changed to the host ,there is no problem on host, (tensorflow-gpu 1.14.0 created using 'conda install tensorflow-gpu=1.14.0' )\r\nThank you so much!\r\n", "Ok @NeilChangYanpeng! Thanks for confirmation. Closing this issue at it seems to be resolved.", "Are you satisfied with the resolution of your issue?\n<a href=\"https://docs.google.com/forms/d/e/1FAIpQLSfaP12TRhd9xSxjXZjcZFNXPGk4kc1-qMdv3gc6bEP90vY1ew/viewform?entry.85265664=Yes&entry.2137816233=https://github.com/tensorflow/tensorflow/issues/53341\">Yes</a>\n<a href=\"https://docs.google.com/forms/d/e/1FAIpQLSfaP12TRhd9xSxjXZjcZFNXPGk4kc1-qMdv3gc6bEP90vY1ew/viewform?entry.85265664=No&entry.2137816233=https://github.com/tensorflow/tensorflow/issues/53341\">No</a>\n"]}, {"number": 53340, "title": "Update array_ops.py", "body": "Removed extra double quote(`\"`)", "comments": []}, {"number": 53339, "title": "TensorFlow TextVectorization producing Ragged Tensor with no padding after loading it from pickle.", "body": "This is my TextVectorization layer:\r\n\r\n```\r\nstrip_chars = string.punctuation + '\u00bf'\r\nstrip_chars = strip_chars.replace('[', '')\r\nstrip_chars = strip_chars.replace(']', '')\r\n\r\nvocab_size = 15000\r\nsequence_length = 20\r\nbatch_size = 64\r\n\r\ndef custom_standardization(input_string):\r\n  lowercase = tf.strings.lower(input_string)\r\n  return tf.strings.regex_replace(lowercase, '[%s]' % re.escape(strip_chars), '')\r\n\r\neng_vectorization = TextVectorization(max_tokens = vocab_size,\r\n                                      output_mode = 'int',\r\n                                      output_sequence_length = sequence_length)\r\n\r\nspa_vectorization = TextVectorization(max_tokens = vocab_size,\r\n                                      output_mode = 'int',\r\n                                      output_sequence_length = sequence_length + 1,\r\n                                      standardize = custom_standardization)\r\n\r\ntrain_eng_texts = [pair[0] for pair in train_pairs]\r\ntrain_spa_texts = [pair[1] for pair in train_pairs]\r\n\r\neng_vectorization.adapt(train_eng_texts)\r\nspa_vectorization.adapt(train_spa_texts)\r\n```\r\n\r\nI have saved it using:\r\n\r\n```\r\npickle.dump({'config': eng_vectorization.get_config(), 'weights': eng_vectorization.get_weights()},\r\n             open(\"english_vocab.pkl\", \"wb\"))\r\n```\r\n\r\nBut after loading it again:\r\n\r\n```\r\nfrom_disk = pickle.load(open(\"english_vocab.pkl\", \"rb\"))\r\nnew_eng = TextVectorization.from_config(from_disk['config'])\r\nnew_eng.adapt(tf.data.Dataset.from_tensor_slices([\"xyz\"]))\r\nnew_eng.set_weights(from_disk['weights'])\r\n```\r\n\r\nIt is not behaving as the original one. It is outputting `RaggedTensor`, how to resolve this? \r\nHere is the link to my Google Colab - https://colab.research.google.com/drive/1rEkPEnG1odsEObzQrRFVVll7L1Kz33ud?usp=sharing", "comments": ["Are you satisfied with the resolution of your issue?\n<a href=\"https://docs.google.com/forms/d/e/1FAIpQLSfaP12TRhd9xSxjXZjcZFNXPGk4kc1-qMdv3gc6bEP90vY1ew/viewform?entry.85265664=Yes&entry.2137816233=https://github.com/tensorflow/tensorflow/issues/53339\">Yes</a>\n<a href=\"https://docs.google.com/forms/d/e/1FAIpQLSfaP12TRhd9xSxjXZjcZFNXPGk4kc1-qMdv3gc6bEP90vY1ew/viewform?entry.85265664=No&entry.2137816233=https://github.com/tensorflow/tensorflow/issues/53339\">No</a>\n"]}, {"number": 53338, "title": "Add GPU kernel for SparseSplit", "body": "cc @nluehr ", "comments": []}, {"number": 53337, "title": "Issue created for Rollback of PR #52543: Add GPU implementation for Range op", "body": "Merged PR #52543 is rolled back in f50654f7030c8952b9598a7f930daeb41a00bec5.\n    Please follow up with the reviewer and close this issue once its resolved.", "comments": ["The rollback was rolled forward in 11d66a9a493ce013e53ceb98049cbef364cdc0b3."]}, {"number": 53335, "title": "Getting [java.lang.IllegalArgumentException: Internal error: Error applying delegate] error while applying NNAPI Delegate", "body": "**Describe the current behavior**\r\n\r\nI am using the tensorflow [model_personalization ](https://github.com/tensorflow/examples/tree/master/lite/examples/model_personalization) example and I have modified the android application code ([LiteMultipleSignatureModel.java](https://github.com/tensorflow/examples/blob/master/lite/examples/model_personalization/android/transfer_api/src/main/java/org/tensorflow/lite/examples/transfer/api/LiteMultipleSignatureModel.java)) to run the TF Lite interpreter on NNAPI delegate in the following manner. \r\n\r\n```\r\nInterpreter.Options options = (new Interpreter.Options());\r\nNnApiDelegate nnApiDelegate = null;\r\nif(Build.VERSION.SDK_INT >= Build.VERSION_CODES.P) {\r\n  nnApiDelegate = new NnApiDelegate();\r\n  options.addDelegate(nnApiDelegate);\r\n}\r\nthis.interpreter = new Interpreter(tfLiteModel, options);\r\n\r\n```\r\n\r\nI am getting the following error on initializing the interpreter with the NNAPI delegate option : \r\n\r\n```\r\n12-07 15:35:51.585 11444 11444 E AndroidRuntime: java.lang.IllegalArgumentException: Internal error: Error applying delegate: \r\n12-07 15:35:51.585 11444 11444 E AndroidRuntime: \tat org.tensorflow.lite.NativeInterpreterWrapper.createInterpreter(Native Method)\r\n12-07 15:35:51.585 11444 11444 E AndroidRuntime: \tat org.tensorflow.lite.NativeInterpreterWrapper.init(NativeInterpreterWrapper.java:93)\r\n12-07 15:35:51.585 11444 11444 E AndroidRuntime: \tat org.tensorflow.lite.NativeInterpreterWrapper.<init>(NativeInterpreterWrapper.java:66)\r\n12-07 15:35:51.585 11444 11444 E AndroidRuntime: \tat org.tensorflow.lite.NativeInterpreterWrapperExperimental.<init>(NativeInterpreterWrapperExperimental.java:44)\r\n12-07 15:35:51.585 11444 11444 E AndroidRuntime: \tat org.tensorflow.lite.Interpreter.<init>(Interpreter.java:226)\r\n\r\n```\r\n\r\nI suspect that this error is arising due to the \"train\" signature of the tfliteModel which uses the [optimizer.apply_gradients](https://github.com/tensorflow/examples/blob/1e624527d2fea0333894156ad7a59d8d455b2c73/lite/examples/model_personalization/transfer_learning/generate_training_model.py#L96) function to update the model weights, as on creating a different tfliteModel with  this particular line commented, the above error is not observed.  \r\n\r\n**Describe the expected behavior**\r\n\r\nIs there any way to add NNAPI delegate to the TF Lite interpreter for this trainable model?", "comments": ["@sj120698 \r\nCould you please refer this[ link ](https://www.tensorflow.org/lite/performance/nnapi)and let us know if it helps?Thanks!", "@sushreebarsa \r\nI have used the same code snippet to apply NNAPI delegate over TF Lite Interpreter as given on the link you have mentioned. The problem is that the TF Lite model I am giving to the interpreter has optimizer.apply_gradients function in one of its signatures, which is causing the issue. ", "@sj120698 \r\nIn order to reproduce the issue reported here, could you please provide tensorflow version you are using. Thanks!", "@sushreebarsa \r\nOn the python side I am using tensorflow v2.7.0 (as given in [requirements.txt](https://github.com/tensorflow/examples/blob/master/lite/examples/model_personalization/transfer_learning/requirements.txt)) and on android side I am importing TF Lite as follows through [build.gradle](https://github.com/tensorflow/examples/blob/master/lite/examples/model_personalization/android/transfer_api/build.gradle) - \r\n\r\n```\r\nimplementation 'org.tensorflow:tensorflow-lite:0.0.0-nightly-SNAPSHOT'\r\nimplementation 'org.tensorflow:tensorflow-lite-select-tf-ops:0.0.0-nightly-SNAPSHOT'\r\n```\r\n", "The model personalization example currently does not support delegates :-). We are working on it, but there are multiple performance bottlenecks in on-device training (for eg usage of dynamically-shaped TF ops in TFLite) that hamper usage of backends like NNAPI. For now, CPU is the only path unfortunately.", "Are you satisfied with the resolution of your issue?\n<a href=\"https://docs.google.com/forms/d/e/1FAIpQLSfaP12TRhd9xSxjXZjcZFNXPGk4kc1-qMdv3gc6bEP90vY1ew/viewform?entry.85265664=Yes&entry.2137816233=https://github.com/tensorflow/tensorflow/issues/53335\">Yes</a>\n<a href=\"https://docs.google.com/forms/d/e/1FAIpQLSfaP12TRhd9xSxjXZjcZFNXPGk4kc1-qMdv3gc6bEP90vY1ew/viewform?entry.85265664=No&entry.2137816233=https://github.com/tensorflow/tensorflow/issues/53335\">No</a>\n"]}, {"number": 53334, "title": "c++ tensorflow api inference .pb model is too slower, What can I do to speed it up ?", "body": "<em>Please make sure that this is an issue related to performance of TensorFlow.\r\nAs per our\r\n[GitHub Policy](https://github.com/tensorflow/tensorflow/blob/master/ISSUES.md),\r\nwe only address code/doc bugs, performance issues, feature requests and\r\nbuild/installation issues on GitHub. tag:performance_template</em>\r\n\r\n**System information**\r\n- Have I written custom code (as opposed to using a stock example script provided in TensorFlow):  NO\r\n- OS Platform and Distribution (e.g., Linux Ubuntu 16.04):  windows 10  \r\n- Mobile device (e.g. iPhone 8, Pixel 2, Samsung Galaxy) if the issue happens on mobile device: NO\r\n- TensorFlow installed from (source or binary):  tensorflow c++ api \r\n- TensorFlow version (use command below):  tensorflow 1.15 c++ api\r\n\r\n**Describe the current behavior**\r\n\r\nI compiled the api of tensorflow1.15_cpu version c++ and successfully called my pb model on the windows system. The problem now is that the speed of inference cannot meet my requirements.\r\nI use deeplabv3+ (a model for semantic segmentation of graphics), which was trained on an Ubuntu system computer. GPU acceleration is used in the training process of this model.\r\nThe configuration of the Ubuntu system is as follows\r\n-GPU: GeFore RTX 2080\r\n-Memory: 7979MiB\r\nThe size of the pb model is 175MB. I call the pb model for inference on windows. I tested the time of seesion->run. It takes 3.5 seconds to infer a photo. This is too expensive. What can I do to shorten this time.\r\n\r\n**Standalone code to reproduce the issue**\r\nProvide a reproducible test case that is the bare minimum necessary to generate\r\nthe problem. If possible, please share a link to Colab/Jupyter/any notebook.\r\n`\r\nvoid cvMat2tfTensor(cv::Mat input, tensorflow::Tensor& outputTensor)   \r\n{\r\n\tauto outputTensorMapped = outputTensor.tensor<unsigned char, 4>();\r\n\tinput.convertTo(input, CV_32FC3);\r\n\tcv::resize(input, input, cv::Size(1024, 1448));              \r\n\r\n\tint height = input.size().height;\r\n\tint width = input.size().width;\r\n\tint depth = input.channels();\r\n\r\n\tconst float* data = (float*)input.data;\r\n\tfor (int y = 0; y < height; ++y)\r\n\t{\r\n\t\tconst float* dataRow = data + (y * width * depth);\r\n\t\tfor (int x = 0; x < width; ++x)\r\n\t\t{\r\n\t\t\tconst float* dataPixel = dataRow + (x * depth);\r\n\t\t\tfor (int c = 0; c < depth; ++c)\r\n\t\t\t{\r\n\t\t\t\tconst float* dataValue = dataPixel + c;\r\n\t\t\t\toutputTensorMapped(0, y, x, c) = *dataValue;\r\n\t\t\t}\r\n\t\t}\r\n\t}\r\n}\r\n`\r\n`\r\nint main()\r\n{\r\n\tconst std::string model_path = \"D:/sunquan/home/home/TensorflowTest/tensorflowTest/frozen_inference_graph_wuhan.pb\";\t\r\n\tconst std::string image_path = \"D:/sunquan/home/home/TensorflowTest/segmantation/*.jpg\";\t\t// inference  image\r\n\tconst std::string input_name = \"ImageTensor\";\t\t\t\t\t\t  // input name\r\n\tconst std::string output_name = \"SemanticPredictions\";\t\t\t\t // outpur name\r\n\r\n\tvector<String> image_files;   //inference image\r\n\tglob(image_path, image_files);  \r\n\r\n\tGraphDef graph_def;\r\n\tTF_CHECK_OK(ReadBinaryProto(Env::Default(), model_path, &graph_def));\r\n\t//\tintial  tensorflow session\r\n\tstd::unique_ptr<tensorflow::Session> session(tensorflow::NewSession(tensorflow::SessionOptions()));\r\n\tTF_CHECK_OK(session->Create(graph_def));\r\n\r\n\tfor (int i = 0; i < image_files.size(); i++)\r\n\t{\r\n\t\tcv::Mat rgbImage = read_image(image_files[i]); \r\n\t\tint channels = rgbImage.channels();\r\n\t\ttensorflow::Tensor input_tensor(DT_UINT8, TensorShape({ 1, 1448, 1024, channels })); \t\r\n\t\tcvMat2tfTensor(rgbImage, input_tensor); \r\n\t\tstd::vector<std::pair<std::string, tensorflow::Tensor>> inputs = { { input_name, input_tensor } };\r\n\t\tstd::vector<tensorflow::Tensor> outputs;\r\n\t\tclock_t start = clock();\r\n\t\tsession->Run(inputs, { output_name }, {}, &outputs);\r\n\t\tclock_t end = clock();\r\n\t\tdouble endtime = (double)(end - start) / CLOCKS_PER_SEC;\r\n\t\tcout << \" The cost of time is : \" << endtime << \" S \" << endl;\t\t\t\r\n\t}\r\n\tsystem(\" pause \");\r\n\treturn 0;\r\n}\r\n`\r\n![image](https://user-images.githubusercontent.com/48703273/144982916-e6c16652-ba7a-49ef-9064-b5ebdf854bdd.png)\r\n\r\nAs you can see, except for the first photo that takes 8s to load the model, each of the remaining photos takes about 3.5s, which is too expensive\r\n", "comments": ["@zzusunquan ,\r\nWe see that you are using tf version 1.15, 1.x is not actively supported, please update to 2.x and let us know if you are using same issue.", "@tilakrayal  Thank you very much for your prompt reply. I will try the 2.x version of tensorflow next week. I will reply to you in time if there is any progress."]}, {"number": 53333, "title": "op requires element_shape to be static during TF Lite transformation pass <unknown>:0: note: loc(\"StatefulPartitionedCall\")", "body": "### 1. System information\r\n\r\n- OS Platform and Distribution (e.g., Linux Ubuntu 16.04): Macbook Pro \r\n- TensorFlow installation (pip package or built from source): pip package\r\n- TensorFlow library (version, if pip package or github SHA, if built from source):  version 2.7.0\r\n\r\n### 2. Code\r\n\r\n`from tensorflow import lite\r\nconverter = lite.TFLiteConverter.from_keras_model(h_model)\r\n\r\ntfmodel = converter.convert()\r\nopen('model.tflite', 'wb').write(tfmodel)`\r\n\r\n\r\n### 3. Failure after conversion\r\n\r\nConverterError: /Users/shahadsulaiman/opt/anaconda3/lib/python3.8/site-packages/tensorflow/python/saved_model/save.py:1315:0: error: 'tf.TensorListReserve' op requires element_shape to be static during TF Lite transformation pass\r\n<unknown>:0: note: loc(\"StatefulPartitionedCall\"): called from\r\n/Users/shahadsulaiman/opt/anaconda3/lib/python3.8/site-packages/tensorflow/python/saved_model/save.py:1315:0: error: failed to legalize operation 'tf.TensorListReserve' that was explicitly marked illegal\r\n<unknown>:0: note: loc(\"StatefulPartitionedCall\"): called from\r\n<unknown>:0: error: Lowering tensor list ops is failed. Please consider using Select TF ops and disabling `_experimental_lower_tensor_list_ops` flag in the TFLite converter object. For example, converter.target_spec.supported_ops = [tf.lite.OpsSet.TFLITE_BUILTINS, tf.lite.OpsSet.SELECT_TF_OPS]\\n converter._experimental_lower_tensor_list_ops = False\r\n\r\n\r\n\r\n### 4. (optional) RNN conversion support\r\n`\r\ninputs1 = Input(shape=(2048,))\r\nfe1 = Dropout(0.5)(inputs1)\r\nfe2 = Dense(256, activation='relu')(fe1)\r\n\r\ninputs2 = Input(shape=(max_length,))\r\nse1 = Embedding(vocab_size, embedding_dim, mask_zero=True)(inputs2)\r\nse2 = Dropout(0.5)(se1)\r\nse3 = LSTM(256)(se2)\r\n\r\ndecoder1 = add([fe2, se3])\r\ndecoder2 = Dense(256, activation='relu')(decoder1)\r\noutputs = Dense(vocab_size, activation='softmax')(decoder2)\r\n\r\nh_model = Model(inputs=[inputs1, inputs2], outputs=outputs)`", "comments": ["excuse me did you solve it ", "> excuse me did you solve it\r\n\r\nYes, by the following code > \r\n\r\n`from tensorflow import lite\r\nconverter = lite.TFLiteConverter.from_keras_model(model_new)\r\n\r\nconverter.optimizations = [tf.lite.Optimize.DEFAULT]\r\nconverter.experimental_new_converter=True\r\nconverter.target_spec.supported_ops = [tf.lite.OpsSet.TFLITE_BUILTINS,\r\n                                       tf.lite.OpsSet.SELECT_TF_OPS]\r\n\r\ntfmodel = converter.convert()\r\nopen('image_model.tflite', 'wb').write(tfmodel)\r\n\r\n  `"]}, {"number": 53332, "title": "can't execute cc1plus", "body": "<em>Please make sure that this is a build/installation issue. As per our [GitHub Policy](https://github.com/tensorflow/tensorflow/blob/master/ISSUES.md), we only address code/doc bugs, performance issues, feature requests and build/installation issues on GitHub. tag:build_template</em>\r\n\r\n**System information**\r\n- OS Platform and Distribution (e.g., Linux Ubuntu 16.04):Ubuntu 18.04\r\n- Mobile device (e.g. iPhone 8, Pixel 2, Samsung Galaxy) if the issue happens on mobile device:None\r\n- TensorFlow installed from (source or binary):source\r\n- TensorFlow version:master\r\n- Python version:3.8.8\r\n- Installed using virtualenv? pip? conda?:conda\r\n- Bazel version (if compiling from source):4.2.1\r\n- GCC/Compiler version (if compiling from source):9.4.0\r\n- CUDA/cuDNN version:None\r\n- GPU model and memory:None\r\n\r\n**Describe the problem**\r\n\r\n**Provide the exact sequence of commands / steps that you executed before running into the problem**\r\nbazel build --config=elinux_armhf -c opt //tensorflow/lite:libtensorflowlite.so\r\n\r\n**Any other info / logs**\r\nInclude any logs or source code that would be helpful to diagnose the problem. If including tracebacks, please include the full traceback. Large logs and files should be attached.\r\n![image](https://user-images.githubusercontent.com/31653717/145007716-676e1e62-9cce-4ff9-aeb6-2e28f400aaf3.png)\r\n", "comments": ["@Eddy-Wu \r\nIn order to expedite the trouble-shooting process here,Could you please fill the issue [template](https://github.com/tensorflow/tensorflow/issues/new/choose),\r\nThanks!", "Are you satisfied with the resolution of your issue?\n<a href=\"https://docs.google.com/forms/d/e/1FAIpQLSfaP12TRhd9xSxjXZjcZFNXPGk4kc1-qMdv3gc6bEP90vY1ew/viewform?entry.85265664=Yes&entry.2137816233=https://github.com/tensorflow/tensorflow/issues/53332\">Yes</a>\n<a href=\"https://docs.google.com/forms/d/e/1FAIpQLSfaP12TRhd9xSxjXZjcZFNXPGk4kc1-qMdv3gc6bEP90vY1ew/viewform?entry.85265664=No&entry.2137816233=https://github.com/tensorflow/tensorflow/issues/53332\">No</a>\n"]}, {"number": 53331, "title": "[TF-TRT] Add Layout + ConstFold optimization on the TRT engine op", "body": "### Motivation\r\nThe introduction of Tensor Cores in recent GPU architectures (and the subsequent changes in cuDNN) made `NHWC` the preferred layout for convolutions in TF.\r\n\r\nHowever, the TensorRT API requires the input for convolution to be in `NCHW`. To satisfy this requirement, TF-TRT was inserting transpose ops around convolutions when necessary.\r\n\r\nThis PR adds a layout optimization pass with a target layout of `NCHW`, which ensures that most of Conv kernels will be in TRT compatible layout. Additionally, the layout optimization pass can eliminate redundant layout transpose operations. This results in a simpler TRT network with a larger potential for optimization.\r\n\r\n### Description\r\nTF-TRT now accomplishes it by running both a grapplers's `GenericLayoutOptimizer` followed by a ConstantFolding optimizers  in the `ConvertGraphDefToEngine`, applying them on a segment level.\r\n\r\nThe LayoutOptimizer ensures that the number of transposition is optimal. This optimization is described in slides 18-21 of [TensorFlow Graph Optimizations presentation ](https://web.stanford.edu/class/cs245/slides/TFGraphOptimizationsStanford.pdf)\r\n\r\nThis PR also modifies the `GenericLayoutOptimizer` to enforce a specific layout is set as layout target, through a ctor parameter.\r\n\r\nThe layout optimizer can be enabled with the environment variable `TF_TRT_ENABLE_LAYOUT_OPTIMIZER` (default=1, set to 0 to disable).\r\n\r\n### Dependency\r\n\r\nThis PR needs the changes in https://github.com/tensorflow/tensorflow/pull/53368\r\n", "comments": ["Looks good to me! Would you please split the grappler change to a different PR?", "How can we force disabling of this layout optimizer if needed? Add an option to the TRTEngineOp? Or read environment variable?", "Following @christopherbate comment above, we had an internal discussion on wether to make the feature optional or not.\r\n\r\nAs per @tfeher comment\r\n\"Since we are modifying the graph after segmentation, we could argue that we are on dangerous territory. That would justify tagging it as experimental.\", the best option would be to leave the optimization pass default, but add a env var to disable it.\r\n\r\n@bixia1 what are you thoughts on this?", "> Following @christopherbate comment above, we had an internal discussion on wether to make the feature optional or not.\r\n> \r\n> As per @tfeher comment \"Since we are modifying the graph after segmentation, we could argue that we are on dangerous territory. That would justify tagging it as experimental.\", the best option would be to leave the optimization pass default, but add a env var to disable it.\r\n> \r\n> @bixia1 what are you thoughts on this?\r\n\r\nYes, agree.", "The grappler changes have been moved to https://github.com/tensorflow/tensorflow/pull/53368 and the optimizer can be now be enabled/disabled with the envvar `TF_TRT_ENABLE_LAYOUT_OPTIMIZER`.", "@Kh4L Can you please check @bixia1's comments and keep us posted ? Thanks!", "@bixia1 could you have a look at the PR? I believe all the issues have been addressed by @Kh4L. "]}, {"number": 53330, "title": "[tensorflow/compiler/xla/python/types.h] add call to `reserve()` before populating vector", "body": "Exciting stuff", "comments": []}, {"number": 53329, "title": "[.clang-format] Init @ root", "body": "Matches https://github.com/tensorflow/tflite-micro/blob/d1a6c79/.clang-format https://github.com/tensorflow/ngraph-bridge/blob/bad873a/.clang-format:\r\n```yml\r\n# Run manually to reformat a file:\r\n# clang-format -i --style=file <file>\r\nBasedOnStyle: Google\r\nDerivePointerAlignment: false\r\n```\r\n\r\nAlternatively can match the [4 year old] one in the xla directory https://github.com/tensorflow/tensorflow/blob/1e67c90/tensorflow/compiler/xla/.clang-format:\r\n```yml\r\nBasedOnStyle: Google\r\nLanguage: Cpp\r\nPointerBindsToType: true\r\n\r\n```", "comments": []}, {"number": 53328, "title": "Update nn_ops.py", "body": "Removed the special character which was considering the information in bracket as hyperlink.", "comments": ["@sachinprasadhs can you please check lint errors ?"]}, {"number": 53327, "title": "[TF-TRT] Fix TRTEngineOP Inference Shape", "body": "@bixia1 for review\r\nCC: @tfeher\r\n\r\nThis PR addresses that TRTEngineOP do not mention any output shape in the Graphdef, which limit graphdef analysis, and can block large scale deployment with framework like TRITON Inference Server.\r\n\r\nFix : #52934", "comments": ["@bixia1 all comments have been addressed. Please re-review", "I got this error when trying to merge it:\r\nWARN: Cannot migrate http://github.com/tensorflow/tensorflow/pull/53327 because it is missing the following labels: [cla: yes]"]}, {"number": 53326, "title": "Support multiple validation sets in Model.fit ", "body": "Moving this feature from TF repository https://github.com/tensorflow/tensorflow/issues/38803\r\n\r\nAre you willing to contribute it (Yes/No): No\r\nDescribe the feature and the current behavior/state.\r\nCurrently there's no way to use multiple validation sets with independent tracking of metrics.\r\n\r\nWill this change the current api? How?\r\n\r\nSimplest way I can think of is to accept a list of datasets in the validation_data parameter in Model.fit. Ideally there should also be a way to specify the name of each set so that the logs indicate what set each validation step corresponds to.\r\n\r\nWho will benefit with this feature?\r\n\r\nAnyone training with multiple validation sets.\r\n", "comments": []}, {"number": 53325, "title": "[TF:TRT] Fix TF-TRT OSS Components Build", "body": null, "comments": ["@bixia1 ", "I am getting this error when trying to manually merge it\r\nWARN: Cannot migrate http://github.com/tensorflow/tensorflow/pull/53325 because it is missing the following labels: [cla: yes]"]}, {"number": 53324, "title": "Build from source failing for TF 2.7.0 (urgent, its been 18 days and I didn't get any response to my first post)", "body": "<em>Please make sure that this is a build/installation issue. As per our [GitHub Policy](https://github.com/tensorflow/tensorflow/blob/master/ISSUES.md), we only address code/doc bugs, performance issues, feature requests and build/installation issues on GitHub. tag:build_template</em>\r\n\r\n**System information**\r\n- OS Platform and Distribution (e.g., Linux Ubuntu 16.04): Scientific Linux 7.9 (Nitrogen)\r\n- Mobile device (e.g. iPhone 8, Pixel 2, Samsung Galaxy) if the issue happens on mobile device: NA\r\n- TensorFlow installed from (source or binary): source\r\n- TensorFlow version: 2.7.0 (also tried 2.6.0, 2.5.0, 2.3.0)\r\n- Python version: 3.8\r\n- Installed using virtualenv? pip? conda?: No\r\n- Bazel version (if compiling from source): 3.7.2 \r\n- GCC/Compiler version (if compiling from source): 7.4.0 (also tried 7.3.0, 5.3.0, 6.3.0)\r\n- CUDA/cuDNN version: 10.1\r\n- GPU model and memory: 1080ti\r\n\r\n\r\n\r\n**Describe the problem**\r\nThis is really urgent and I am reposting my previous issue that got no responses from anyone. If anyone could point me towards the right direction it would be very helpful!\r\n\r\nI've been trying to install TensorFlow from source for about a month on a cluster in which the native GCC version is old (4.8.0). If I don't build my own GCC version, the installation fails every time because of this issue  #38718 . I've been using this [guide](https://gist.github.com/jakublipinski/40ba68994fe0092600a05b0060e7d445) to install the TensorFlow from source, but while I don't face the earlier error, the compilation **always** fails with some error related to Eigen, regardless of whichever GCC or TensorFlow version I use.\r\n\r\n**Provide the exact sequence of commands / steps that you executed before running into the problem**\r\nenv BAZEL_LINKOPTS=-static-libstdc++:-static-libgcc BAZEL_LINKLIBS=-l%:libstdc++.a:-lm BAZEL_CXXOPTS=-std=c++17 ../bazel-3.7.2/output/bazel build  //tensorflow/tools/pip_package:build_pip_package --action_env=\"LD_LIBRARY_PATH=${LD_LIBRARY_PATH}\" --verbose_failures --config=nonccl --config=opt \r\n\r\n**Any other info / logs**\r\n\r\n`ERROR: /global/home/groups/co_noneq/deepmd/tensorflow/tensorflow/core/kernels/BUILD:3535:18: C++ compilation of rule '//tensorflow/core/kernels:cwise_op_gpu' failed (Exit 1): crosstool_wrapper_driver_is_not_gcc failed: error executing command \r\n  (cd /global/scratch/users/ansingh/_bazel_ansingh/ccb34797bcab4c95cac85d6d3e6f44f2/execroot/org_tensorflow && \\\r\n  exec env - \\\r\n    CUDA_TOOLKIT_PATH=/global/software/sl-7.x86_64/modules/langs/cuda/10.2 \\\r\n    GCC_HOST_COMPILER_PATH=/global/home/groups/co_noneq/deepmd/gcc/bin/gcc \\\r\n    LD_LIBRARY_PATH=/global/home/groups/co_noneq/deepmd/binutils/lib:/global/home/groups/co_noneq/deepmd/gcc/lib64:/global/software/sl-7.x86_64/modules/langs/cuda/10.1/lib64/stubs:/global/software/sl-7.x86_64/modules/langs/cuda/10.1/lib64:/global/home/users/ansingh/openmm/lib:/global/home/users/ansingh/openmm/lib \\\r\n    PATH=/global/home/groups/co_noneq/deepmd/binutils/bin:/global/home/groups/co_noneq/deepmd/gcc/bin:/global/software/sl-7.x86_64/modules/langs/cuda/10.1/bin:/global/home/users/ansingh/miniconda3/bin:/global/home/users/ansingh/miniconda3/condabin:/global/software/sl-7.x86_64/modules/tools/sq/0.1.0/bin:/global/software/sl-7.x86_64/modules/tools/emacs/25.1/bin:/global/software/sl-7.x86_64/modules/tools/vim/7.4/bin:/usr/local/bin:/usr/bin:/usr/local/sbin:/usr/sbin:/global/home/groups/allhands/bin:/global/home/users/ansingh/moltemplate/moltemplate/moltemplate:/global/home/users/ansingh/moltemplate/moltemplate/moltemplate/scripts:/global/home/users/ansingh/bin:/global/home/groups/allhands/bin:/global/home/users/ansingh/moltemplate/moltemplate/moltemplate:/global/home/users/ansingh/moltemplate/moltemplate/moltemplate/scripts \\\r\n    PWD=/proc/self/cwd \\\r\n    PYTHON_BIN_PATH=/global/home/users/ansingh/miniconda3/bin/python3 \\\r\n    PYTHON_LIB_PATH=/global/home/users/ansingh/miniconda3/lib/python3.8/site-packages \\\r\n    TF2_BEHAVIOR=1 \\\r\n    TF_CUDA_COMPUTE_CAPABILITIES=3.5,7.0 \\\r\n    TF_CUDA_PATHS=/global/software/sl-7.x86_64/modules/cuda/10.1/cudnn/7.6,/global/software/sl-7.x86_64/modules/langs/cuda/10.2 \\\r\n    TF_CUDA_VERSION=10 \\\r\n    TF_CUDNN_VERSION=7 \\\r\n    TF_NCCL_VERSION='' \\\r\n  external/local_config_cuda/crosstool/clang/bin/crosstool_wrapper_driver_is_not_gcc -MD -MF bazel-out/k8-opt/bin/tensorflow/core/kernels/_objs/cwise_op_gpu/cwise_op_gpu_zeta.cu.pic.d '-frandom-seed=bazel-out/k8-opt/bin/tensorflow/core/kernels/_objs/cwise_op_gpu/cwise_op_gpu_zeta.cu.pic.o' -DHAVE_SYS_UIO_H -DTF_USE_SNAPPY -DCURL_STATICLIB '-DLLVM_ON_UNIX=1' '-DHAVE_BACKTRACE=1' '-DBACKTRACE_HEADER=<execinfo.h>' '-DLTDL_SHLIB_EXT=\".so\"' '-DLLVM_PLUGIN_EXT=\".so\"' '-DLLVM_ENABLE_THREADS=1' '-DHAVE_SYSEXITS_H=1' '-DHAVE_UNISTD_H=1' '-DHAVE_STRERROR_R=1' '-DHAVE_LIBPTHREAD=1' '-DHAVE_PTHREAD_GETNAME_NP=1' '-DHAVE_PTHREAD_SETNAME_NP=1' '-DHAVE_PTHREAD_GETSPECIFIC=1' '-DHAVE_REGISTER_FRAME=1' '-DHAVE_DEREGISTER_FRAME=1' -D_GNU_SOURCE '-DHAVE_LINK_H=1' '-DHAVE_LSEEK64=1' '-DHAVE_MALLINFO=1' '-DHAVE_POSIX_FALLOCATE=1' '-DHAVE_SBRK=1' '-DHAVE_STRUCT_STAT_ST_MTIM_TV_NSEC=1' '-DLLVM_NATIVE_ARCH=\"X86\"' '-DLLVM_NATIVE_ASMPARSER=LLVMInitializeX86AsmParser' '-DLLVM_NATIVE_ASMPRINTER=LLVMInitializeX86AsmPrinter' '-DLLVM_NATIVE_DISASSEMBLER=LLVMInitializeX86Disassembler' '-DLLVM_NATIVE_TARGET=LLVMInitializeX86Target' '-DLLVM_NATIVE_TARGETINFO=LLVMInitializeX86TargetInfo' '-DLLVM_NATIVE_TARGETMC=LLVMInitializeX86TargetMC' '-DLLVM_NATIVE_TARGETMCA=LLVMInitializeX86TargetMCA' '-DLLVM_HOST_TRIPLE=\"x86_64-unknown-linux-gnu\"' '-DLLVM_DEFAULT_TARGET_TRIPLE=\"x86_64-unknown-linux-gnu\"' -D__STDC_LIMIT_MACROS -D__STDC_CONSTANT_MACROS -D__STDC_FORMAT_MACROS -DEIGEN_MPL2_ONLY '-DEIGEN_MAX_ALIGN_BYTES=64' -iquote . -iquote bazel-out/k8-opt/bin -iquote external/com_google_absl -iquote bazel-out/k8-opt/bin/external/com_google_absl -iquote external/nsync -iquote bazel-out/k8-opt/bin/external/nsync -iquote external/eigen_archive -iquote bazel-out/k8-opt/bin/external/eigen_archive -iquote external/gif -iquote bazel-out/k8-opt/bin/external/gif -iquote external/libjpeg_turbo -iquote bazel-out/k8-opt/bin/external/libjpeg_turbo -iquote external/com_google_protobuf -iquote bazel-out/k8-opt/bin/external/com_google_protobuf -iquote external/com_googlesource_code_re2 -iquote bazel-out/k8-opt/bin/external/com_googlesource_code_re2 -iquote external/farmhash_archive -iquote bazel-out/k8-opt/bin/external/farmhash_archive -iquote external/fft2d -iquote bazel-out/k8-opt/bin/external/fft2d -iquote external/highwayhash -iquote bazel-out/k8-opt/bin/external/highwayhash -iquote external/zlib -iquote bazel-out/k8-opt/bin/external/zlib -iquote external/local_config_cuda -iquote bazel-out/k8-opt/bin/external/local_config_cuda -iquote external/double_conversion -iquote bazel-out/k8-opt/bin/external/double_conversion -iquote external/local_config_rocm -iquote bazel-out/k8-opt/bin/external/local_config_rocm -iquote external/local_config_tensorrt -iquote bazel-out/k8-opt/bin/external/local_config_tensorrt -iquote external/snappy -iquote bazel-out/k8-opt/bin/external/snappy -iquote external/llvm-project -iquote bazel-out/k8-opt/bin/external/llvm-project -iquote external/llvm_terminfo -iquote bazel-out/k8-opt/bin/external/llvm_terminfo -iquote external/llvm_zlib -iquote bazel-out/k8-opt/bin/external/llvm_zlib -iquote external/curl -iquote bazel-out/k8-opt/bin/external/curl -iquote external/boringssl -iquote bazel-out/k8-opt/bin/external/boringssl -iquote external/jsoncpp_git -iquote bazel-out/k8-opt/bin/external/jsoncpp_git -Ibazel-out/k8-opt/bin/external/local_config_cuda/cuda/_virtual_includes/cuda_headers_virtual -Ibazel-out/k8-opt/bin/external/local_config_tensorrt/_virtual_includes/tensorrt_headers -Ibazel-out/k8-opt/bin/external/local_config_cuda/cuda/_virtual_includes/cudnn_header -Ibazel-out/k8-opt/bin/external/llvm-project/mlir/_virtual_includes/BuiltinAttributeInterfacesIncGen -Ibazel-out/k8-opt/bin/external/llvm-project/mlir/_virtual_includes/BuiltinAttributesIncGen -Ibazel-out/k8-opt/bin/external/llvm-project/mlir/_virtual_includes/BuiltinDialectIncGen -Ibazel-out/k8-opt/bin/external/llvm-project/mlir/_virtual_includes/BuiltinLocationAttributesIncGen -Ibazel-out/k8-opt/bin/external/llvm-project/mlir/_virtual_includes/BuiltinOpsIncGen -Ibazel-out/k8-opt/bin/external/llvm-project/mlir/_virtual_includes/BuiltinTypeInterfacesIncGen -Ibazel-out/k8-opt/bin/external/llvm-project/mlir/_virtual_includes/BuiltinTypesIncGen -Ibazel-out/k8-opt/bin/external/llvm-project/mlir/_virtual_includes/CallOpInterfacesIncGen -Ibazel-out/k8-opt/bin/external/llvm-project/mlir/_virtual_includes/CastOpInterfacesIncGen -Ibazel-out/k8-opt/bin/external/llvm-project/mlir/_virtual_includes/InferTypeOpInterfaceIncGen -Ibazel-out/k8-opt/bin/external/llvm-project/mlir/_virtual_includes/OpAsmInterfaceIncGen -Ibazel-out/k8-opt/bin/external/llvm-project/mlir/_virtual_includes/RegionKindInterfaceIncGen -Ibazel-out/k8-opt/bin/external/llvm-project/mlir/_virtual_includes/SideEffectInterfacesIncGen -Ibazel-out/k8-opt/bin/external/llvm-project/mlir/_virtual_includes/SubElementInterfacesIncGen -Ibazel-out/k8-opt/bin/external/llvm-project/mlir/_virtual_includes/SymbolInterfacesIncGen -Ibazel-out/k8-opt/bin/external/llvm-project/mlir/_virtual_includes/TensorEncodingIncGen -Ibazel-out/k8-opt/bin/external/llvm-project/mlir/_virtual_includes/ControlFlowInterfacesIncGen -Ibazel-out/k8-opt/bin/tensorflow/compiler/mlir/hlo/_virtual_includes/canonicalize_inc_gen -Ibazel-out/k8-opt/bin/tensorflow/compiler/mlir/hlo/_virtual_includes/chlo_ops_inc_gen -Ibazel-out/k8-opt/bin/tensorflow/compiler/mlir/hlo/_virtual_includes/hlo_ops_base_inc_gen -Ibazel-out/k8-opt/bin/tensorflow/compiler/mlir/hlo/_virtual_includes/hlo_ops_inc_gen -Ibazel-out/k8-opt/bin/tensorflow/compiler/mlir/hlo/_virtual_includes/hlo_ops_pattern_gen -Ibazel-out/k8-opt/bin/external/llvm-project/mlir/_virtual_includes/AffineMemoryOpInterfacesIncGen -Ibazel-out/k8-opt/bin/external/llvm-project/mlir/_virtual_includes/AffineOpsIncGen -Ibazel-out/k8-opt/bin/external/llvm-project/mlir/_virtual_includes/LoopLikeInterfaceIncGen -Ibazel-out/k8-opt/bin/external/llvm-project/mlir/_virtual_includes/CopyOpInterfaceIncGen -Ibazel-out/k8-opt/bin/external/llvm-project/mlir/_virtual_includes/MemRefBaseIncGen -Ibazel-out/k8-opt/bin/external/llvm-project/mlir/_virtual_includes/MemRefOpsIncGen -Ibazel-out/k8-opt/bin/external/llvm-project/mlir/_virtual_includes/StandardOpsIncGen -Ibazel-out/k8-opt/bin/external/llvm-project/mlir/_virtual_includes/VectorInterfacesIncGen -Ibazel-out/k8-opt/bin/external/llvm-project/mlir/_virtual_includes/TensorOpsIncGen -Ibazel-out/k8-opt/bin/external/llvm-project/mlir/_virtual_includes/ViewLikeInterfaceIncGen -Ibazel-out/k8-opt/bin/external/llvm-project/mlir/_virtual_includes/LinalgInterfacesIncGen -Ibazel-out/k8-opt/bin/external/llvm-project/mlir/_virtual_includes/LinalgStructuredOpsIncGen -Ibazel-out/k8-opt/bin/external/llvm-project/mlir/_virtual_includes/LinalgOpsIncGen -Ibazel-out/k8-opt/bin/external/llvm-project/mlir/_virtual_includes/MathBaseIncGen -Ibazel-out/k8-opt/bin/external/llvm-project/mlir/_virtual_includes/MathOpsIncGen -Ibazel-out/k8-opt/bin/external/llvm-project/mlir/_virtual_includes/ParserTokenKinds -Ibazel-out/k8-opt/bin/external/llvm-project/mlir/_virtual_includes/SCFIncGen -Ibazel-out/k8-opt/bin/external/llvm-project/mlir/_virtual_includes/SCFPassIncGen -Ibazel-out/k8-opt/bin/external/llvm-project/mlir/_virtual_includes/TilingInterfaceIncGen -Ibazel-out/k8-opt/bin/external/llvm-project/mlir/_virtual_includes/MLIRShapeCanonicalizationIncGen -Ibazel-out/k8-opt/bin/external/llvm-project/mlir/_virtual_includes/ShapeOpsIncGen -Ibazel-out/k8-opt/bin/external/llvm-project/mlir/_virtual_includes/PDLOpsIncGen -Ibazel-out/k8-opt/bin/external/llvm-project/mlir/_virtual_includes/PDLTypesIncGen -Ibazel-out/k8-opt/bin/external/llvm-project/mlir/_virtual_includes/PDLInterpOpsIncGen -Ibazel-out/k8-opt/bin/external/llvm-project/mlir/_virtual_includes/ConversionPassIncGen -Ibazel-out/k8-opt/bin/external/llvm-project/mlir/_virtual_includes/TransformsPassIncGen -Ibazel-out/k8-opt/bin/tensorflow/compiler/mlir/hlo/_virtual_includes/DiscRalPassIncGen -Ibazel-out/k8-opt/bin/tensorflow/compiler/mlir/hlo/_virtual_includes/LmhloPassIncGen -Ibazel-out/k8-opt/bin/tensorflow/compiler/mlir/hlo/_virtual_includes/MhloPassIncGen -Ibazel-out/k8-opt/bin/tensorflow/compiler/mlir/hlo/_virtual_includes/transforms_pass_inc_gen -Ibazel-out/k8-opt/bin/tensorflow/compiler/mlir/hlo/_virtual_includes/chlo_legalize_to_hlo_inc_gen -Ibazel-out/k8-opt/bin/tensorflow/compiler/mlir/hlo/_virtual_includes/lhlo_ops_inc_gen -Ibazel-out/k8-opt/bin/tensorflow/compiler/mlir/hlo/_virtual_includes/lhlo_ops_structs_inc_gen -Ibazel-out/k8-opt/bin/external/llvm-project/mlir/_virtual_includes/ShapeTransformsPassIncGen -Ibazel-out/k8-opt/bin/external/llvm-project/mlir/_virtual_includes/StandardOpsTransformsPassIncGen -Ibazel-out/k8-opt/bin/external/llvm-project/mlir/_virtual_includes/LLVMDialectAttributesIncGen -Ibazel-out/k8-opt/bin/external/llvm-project/mlir/_virtual_includes/LLVMDialectInterfaceIncGen -Ibazel-out/k8-opt/bin/external/llvm-project/mlir/_virtual_includes/LLVMOpsIncGen -Ibazel-out/k8-opt/bin/external/llvm-project/mlir/_virtual_includes/ComplexBaseIncGen -Ibazel-out/k8-opt/bin/external/llvm-project/mlir/_virtual_includes/ComplexOpsIncGen -Ibazel-out/k8-opt/bin/external/llvm-project/mlir/_virtual_includes/DLTIBaseIncGen -Ibazel-out/k8-opt/bin/external/llvm-project/mlir/_virtual_includes/GPUBaseIncGen -Ibazel-out/k8-opt/bin/external/llvm-project/mlir/_virtual_includes/GPUOpsIncGen -Ibazel-out/k8-opt/bin/tensorflow/compiler/mlir/hlo/_virtual_includes/legalize_to_standard_inc_gen -Ibazel-out/k8-opt/bin/external/llvm-project/mlir/_virtual_includes/LinalgPassIncGen -Ibazel-out/k8-opt/bin/external/llvm-project/mlir/_virtual_includes/VectorOpsIncGen -Ibazel-out/k8-opt/bin/tensorflow/compiler/mlir/hlo/_virtual_includes/lower_complex_inc_gen -Ibazel-out/k8-opt/bin/tensorflow/compiler/mlir/hlo/_virtual_includes/disc_ral_ops_inc_gen -Ibazel-out/k8-opt/bin/external/llvm-project/mlir/_virtual_includes/AMXIncGen -Ibazel-out/k8-opt/bin/external/llvm-project/mlir/_virtual_includes/AffinePassIncGen -Ibazel-out/k8-opt/bin/external/llvm-project/mlir/_virtual_includes/ArmNeonIncGen -Ibazel-out/k8-opt/bin/external/llvm-project/mlir/_virtual_includes/ArmSVEIncGen -Ibazel-out/k8-opt/bin/external/llvm-project/mlir/_virtual_includes/AsyncOpsIncGen -Ibazel-out/k8-opt/bin/external/llvm-project/mlir/_virtual_includes/AsyncPassIncGen -Ibazel-out/k8-opt/bin/external/llvm-project/mlir/_virtual_includes/OpenACCOpsIncGen -Ibazel-out/k8-opt/bin/external/llvm-project/mlir/_virtual_includes/GPUPassIncGen -Ibazel-out/k8-opt/bin/external/llvm-project/mlir/_virtual_includes/ParallelLoopMapperAttrGen -Ibazel-out/k8-opt/bin/external/llvm-project/mlir/_virtual_includes/LLVMConversionIncGen -Ibazel-out/k8-opt/bin/external/llvm-project/mlir/_virtual_includes/LLVMPassIncGen -Ibazel-out/k8-opt/bin/external/llvm-project/mlir/_virtual_includes/OpenMPOpsIncGen -Ibazel-out/k8-opt/bin/external/llvm-project/llvm/_virtual_includes/InstCombineTableGen -Ibazel-out/k8-opt/bin/external/llvm-project/mlir/_virtual_includes/NVVMConversionIncGen -Ibazel-out/k8-opt/bin/external/llvm-project/mlir/_virtual_includes/NVVMOpsIncGen -Ibazel-out/k8-opt/bin/external/llvm-project/mlir/_virtual_includes/X86VectorIncGen -Ibazel-out/k8-opt/bin/external/llvm-project/mlir/_virtual_includes/GPUToNVVMGen -Ibazel-out/k8-opt/bin/external/llvm-project/mlir/_virtual_includes/GPUToROCDLTGen -Ibazel-out/k8-opt/bin/external/llvm-project/mlir/_virtual_includes/ROCDLOpsIncGen -Ibazel-out/k8-opt/bin/external/llvm-project/mlir/_virtual_includes/SPIRVAttrUtilsGen -Ibazel-out/k8-opt/bin/external/llvm-project/mlir/_virtual_includes/SPIRVAvailabilityIncGen -Ibazel-out/k8-opt/bin/external/llvm-project/mlir/_virtual_includes/SPIRVCanonicalizationIncGen -Ibazel-out/k8-opt/bin/external/llvm-project/mlir/_virtual_includes/SPIRVOpsIncGen -Ibazel-out/k8-opt/bin/external/llvm-project/mlir/_virtual_includes/SPIRVSerializationGen -Ibazel-out/k8-opt/bin/external/llvm-project/mlir/_virtual_includes/ShapeToStandardGen -Ibazel-out/k8-opt/bin/external/llvm-project/mlir/_virtual_includes/QuantOpsIncGen -Ibazel-out/k8-opt/bin/external/llvm-project/mlir/_virtual_includes/QuantPassIncGen -Ibazel-out/k8-opt/bin/external/llvm-project/mlir/_virtual_includes/TosaDialectIncGen -Ibazel-out/k8-opt/bin/external/llvm-project/mlir/_virtual_includes/TosaInterfacesIncGen -Ibazel-out/k8-opt/bin/external/llvm-project/mlir/_virtual_includes/TosaPassIncGen -Ibazel-out/k8-opt/bin/external/llvm-project/mlir/_virtual_includes/EmitCAttributesIncGen -Ibazel-out/k8-opt/bin/external/llvm-project/mlir/_virtual_includes/EmitCOpsIncGen -Ibazel-out/k8-opt/bin/external/llvm-project/mlir/_virtual_includes/MemRefPassIncGen -Ibazel-out/k8-opt/bin/external/llvm-project/mlir/_virtual_includes/SPIRVPassIncGen -Ibazel-out/k8-opt/bin/external/llvm-project/mlir/_virtual_includes/SparseTensorAttrDefsIncGen -Ibazel-out/k8-opt/bin/external/llvm-project/mlir/_virtual_includes/SparseTensorOpsIncGen -Ibazel-out/k8-opt/bin/external/llvm-project/mlir/_virtual_includes/SparseTensorPassIncGen -Ibazel-out/k8-opt/bin/external/llvm-project/mlir/_virtual_includes/TensorPassIncGen -Ibazel-out/k8-opt/bin/external/llvm-project/mlir/_virtual_includes/DerivedAttributeOpInterfaceIncGen -Ibazel-out/k8-opt/bin/external/llvm-project/mlir/_virtual_includes/ROCDLConversionIncGen -Ibazel-out/k8-opt/bin/external/llvm-project/llvm/_virtual_includes/NVPTXCodeGen -Ibazel-out/k8-opt/bin/external/llvm-project/llvm/_virtual_includes/NVPTXCommonTableGen -Ibazel-out/k8-opt/bin/external/llvm-project/llvm/_virtual_includes/NVPTXInfo -Ibazel-out/k8-opt/bin/external/llvm-project/llvm/_virtual_includes/NVPTXUtilsAndDesc -Ibazel-out/k8-opt/bin/external/llvm-project/mlir/_virtual_includes/AMXConversionIncGen -Ibazel-out/k8-opt/bin/external/llvm-project/mlir/_virtual_includes/ArmNeonConversionIncGen -Ibazel-out/k8-opt/bin/external/llvm-project/mlir/_virtual_includes/ArmSVEConversionIncGen -Ibazel-out/k8-opt/bin/external/llvm-project/mlir/_virtual_includes/X86VectorConversionIncGen -Ibazel-out/k8-opt/bin/external/llvm-project/llvm/_virtual_includes/X86CodeGen -Ibazel-out/k8-opt/bin/external/llvm-project/llvm/_virtual_includes/X86CommonTableGen -Ibazel-out/k8-opt/bin/external/llvm-project/llvm/_virtual_includes/X86Info -Ibazel-out/k8-opt/bin/external/llvm-project/llvm/_virtual_includes/X86UtilsAndDesc -Ibazel-out/k8-opt/bin/external/llvm-project/llvm/_virtual_includes/X86DisassemblerInternalHeaders -isystem external/nsync/public -isystem bazel-out/k8-opt/bin/external/nsync/public -isystem third_party/eigen3/mkl_include -isystem bazel-out/k8-opt/bin/third_party/eigen3/mkl_include -isystem external/eigen_archive -isystem bazel-out/k8-opt/bin/external/eigen_archive -isystem external/gif -isystem bazel-out/k8-opt/bin/external/gif -isystem external/com_google_protobuf/src -isystem bazel-out/k8-opt/bin/external/com_google_protobuf/src -isystem external/farmhash_archive/src -isystem bazel-out/k8-opt/bin/external/farmhash_archive/src -isystem external/zlib -isystem bazel-out/k8-opt/bin/external/zlib -isystem external/local_config_cuda/cuda -isystem bazel-out/k8-opt/bin/external/local_config_cuda/cuda -isystem external/local_config_cuda/cuda/cuda/include -isystem bazel-out/k8-opt/bin/external/local_config_cuda/cuda/cuda/include -isystem external/double_conversion -isystem bazel-out/k8-opt/bin/external/double_conversion -isystem external/local_config_rocm/rocm -isystem bazel-out/k8-opt/bin/external/local_config_rocm/rocm -isystem external/local_config_rocm/rocm/rocm/include -isystem bazel-out/k8-opt/bin/external/local_config_rocm/rocm/rocm/include -isystem external/local_config_rocm/rocm/rocm/include/rocrand -isystem bazel-out/k8-opt/bin/external/local_config_rocm/rocm/rocm/include/rocrand -isystem external/local_config_rocm/rocm/rocm/include/roctracer -isystem bazel-out/k8-opt/bin/external/local_config_rocm/rocm/rocm/include/roctracer -isystem external/llvm-project/llvm/include -isystem bazel-out/k8-opt/bin/external/llvm-project/llvm/include -isystem external/llvm-project/mlir/include -isystem bazel-out/k8-opt/bin/external/llvm-project/mlir/include -isystem external/curl/include -isystem bazel-out/k8-opt/bin/external/curl/include -isystem external/boringssl/src/include -isystem bazel-out/k8-opt/bin/external/boringssl/src/include -isystem external/jsoncpp_git/include -isystem bazel-out/k8-opt/bin/external/jsoncpp_git/include -isystem tensorflow/compiler/mlir/hlo/include -isystem bazel-out/k8-opt/bin/tensorflow/compiler/mlir/hlo/include -isystem external/llvm-project/mlir/lib/Conversions/GPUToSPIRV -isystem bazel-out/k8-opt/bin/external/llvm-project/mlir/lib/Conversions/GPUToSPIRV -isystem external/llvm-project/mlir/lib/Conversion/MemRefToSPIRV -isystem bazel-out/k8-opt/bin/external/llvm-project/mlir/lib/Conversion/MemRefToSPIRV -isystem external/llvm-project/mlir/lib/Conversion/StandardToSPIRV -isystem bazel-out/k8-opt/bin/external/llvm-project/mlir/lib/Conversion/StandardToSPIRV -isystem external/llvm-project/mlir/lib/Conversion/MathToSPIRV -isystem bazel-out/k8-opt/bin/external/llvm-project/mlir/lib/Conversion/MathToSPIRV -isystem external/llvm-project/mlir/lib/Conversion/TosaToLinalg -isystem bazel-out/k8-opt/bin/external/llvm-project/mlir/lib/Conversion/TosaToLinalg -isystem external/llvm-project/mlir/lib/Conversion/TosaToSCF -isystem bazel-out/k8-opt/bin/external/llvm-project/mlir/lib/Conversion/TosaToSCF -isystem external/llvm-project/mlir/lib/Conversion/TosaToStandard -isystem bazel-out/k8-opt/bin/external/llvm-project/mlir/lib/Conversion/TosaToStandard -isystem tensorflow/compiler/mlir/tensorflow/include -isystem bazel-out/k8-opt/bin/tensorflow/compiler/mlir/tensorflow/include -isystem external/llvm-project/llvm/lib/Target/NVPTX -isystem bazel-out/k8-opt/bin/external/llvm-project/llvm/lib/Target/NVPTX -isystem external/llvm-project/llvm/lib/Target/X86 -isystem bazel-out/k8-opt/bin/external/llvm-project/llvm/lib/Target/X86 -Wno-builtin-macro-redefined '-D__DATE__=\"redacted\"' '-D__TIMESTAMP__=\"redacted\"' '-D__TIME__=\"redacted\"' -fPIC -U_FORTIFY_SOURCE '-D_FORTIFY_SOURCE=1' -fstack-protector -Wall -fno-omit-frame-pointer -no-canonical-prefixes -fno-canonical-system-headers -DNDEBUG -g0 -O2 -ffunction-sections -fdata-sections -w -DAUTOLOAD_DYNAMIC_KERNELS -Wno-sign-compare '-std=c++14' -x cuda '-DGOOGLE_CUDA=1' '-Xcuda-fatbinary=--compress-all' '--no-cuda-include-ptx=all' '--cuda-include-ptx=sm_35' '--cuda-gpu-arch=sm_35' '--cuda-include-ptx=sm_70' '--cuda-gpu-arch=sm_70' -DMLIR_GENERATED_CPU_KERNELS_ENABLED -DMLIR_GENERATED_GPU_KERNELS_ENABLED -DEIGEN_AVOID_STL_ARRAY -Iexternal/gemmlowp -Wno-sign-compare '-ftemplate-depth=900' -fno-exceptions '-DGOOGLE_CUDA=1' '-DTENSORFLOW_USE_NVCC=1' '-DTENSORFLOW_USE_XLA=1' -DINTEL_MKL -msse3 -pthread '-nvcc_options=relaxed-constexpr' '-nvcc_options=ftz=true' -c tensorflow/core/kernels/cwise_op_gpu_zeta.cu.cc -o bazel-out/k8-opt/bin/tensorflow/core/kernels/_objs/cwise_op_gpu/cwise_op_gpu_zeta.cu.pic.o)\r\nExecution platform: @local_execution_config_platform//:platform\r\n/global/home/groups/co_noneq/deepmd/gcc/lib/gcc/x86_64-pc-linux-gnu/7.4.0/../../../../include/c++/7.4.0/bits/functional_hash.h: In member function 'std::size_t std::hash<float>::operator()(float) const':\r\n/global/home/groups/co_noneq/deepmd/gcc/lib/gcc/x86_64-pc-linux-gnu/7.4.0/../../../../include/c++/7.4.0/bits/functional_hash.h:232:22: error: expected ')' before numeric constant\r\n  return __val != 0.0f ? std::_Hash_impl::hash(__val) : 0;\r\n                      ^~~\r\n/global/home/groups/co_noneq/deepmd/gcc/lib/gcc/x86_64-pc-linux-gnu/7.4.0/../../../../include/c++/7.4.0/bits/functional_hash.h:232:15: error: invalid operands of types 'float' and 'double(const char*) throw ()' to binary 'operator!='\r\n  return __val != 0.0f ? std::_Hash_impl::hash(__val) : 0;\r\n         ~~~~~~^~~~~~~~~~\r\n/global/home/groups/co_noneq/deepmd/gcc/lib/gcc/x86_64-pc-linux-gnu/7.4.0/../../../../include/c++/7.4.0/bits/functional_hash.h:232:64: error: expected ')' before ';' token\r\n  return __val != 0.0f ? std::_Hash_impl::hash(__val) : 0;\r\n                                                                ^\r\n/global/home/groups/co_noneq/deepmd/gcc/lib/gcc/x86_64-pc-linux-gnu/7.4.0/../../../../include/c++/7.4.0/bits/functional_hash.h: In member function 'std::size_t std::hash<double>::operator()(double) const':\r\n/global/home/groups/co_noneq/deepmd/gcc/lib/gcc/x86_64-pc-linux-gnu/7.4.0/../../../../include/c++/7.4.0/bits/functional_hash.h:244:22: error: expected ')' before numeric constant\r\n  return __val != 0.0 ? std::_Hash_impl::hash(__val) : 0;\r\n                      ^~\r\n/global/home/groups/co_noneq/deepmd/gcc/lib/gcc/x86_64-pc-linux-gnu/7.4.0/../../../../include/c++/7.4.0/bits/functional_hash.h:244:15: error: invalid operands of types 'double' and 'double(const char*) throw ()' to binary 'operator!='\r\n  return __val != 0.0 ? std::_Hash_impl::hash(__val) : 0;\r\n         ~~~~~~^~~~~~~~~\r\n/global/home/groups/co_noneq/deepmd/gcc/lib/gcc/x86_64-pc-linux-gnu/7.4.0/../../../../include/c++/7.4.0/bits/functional_hash.h:244:63: error: expected ')' before ';' token\r\n  return __val != 0.0 ? std::_Hash_impl::hash(__val) : 0;\r\n                                                               ^\r\n/global/home/groups/co_noneq/deepmd/gcc/lib/gcc/x86_64-pc-linux-gnu/7.4.0/../../../../include/c++/7.4.0/complex: At global scope:\r\n/global/home/groups/co_noneq/deepmd/gcc/lib/gcc/x86_64-pc-linux-gnu/7.4.0/../../../../include/c++/7.4.0/complex:1060:35: error: expected ')' before numeric constant\r\n       _GLIBCXX_CONSTEXPR complex(float __r = 0.0f, float __i = 0.0f)\r\n                                   ^~~\r\n/global/home/groups/co_noneq/deepmd/gcc/lib/gcc/x86_64-pc-linux-gnu/7.4.0/../../../../include/c++/7.4.0/complex:1060:32: error: could not convert 'nan' from 'double(const char*) throw ()' to 'float'\r\n       _GLIBCXX_CONSTEXPR complex(float __r = 0.0f, float __i = 0.0f)\r\n                               ~^~~~~~\r\n/global/home/groups/co_noneq/deepmd/gcc/lib/gcc/x86_64-pc-linux-gnu/7.4.0/../../../../include/c++/7.4.0/complex:1060:57: error: expected ')' before numeric constant\r\n       _GLIBCXX_CONSTEXPR complex(float __r = 0.0f, float __i = 0.0f)\r\n                                                         ^~~\r\n/global/home/groups/co_noneq/deepmd/gcc/lib/gcc/x86_64-pc-linux-gnu/7.4.0/../../../../include/c++/7.4.0/complex:1060:54: error: could not convert 'nan' from 'double(const char*) throw ()' to 'float'\r\n       _GLIBCXX_CONSTEXPR complex(float __r = 0.0f, float __i = 0.0f)\r\n                                                     ~^~~~~~\r\n/global/home/groups/co_noneq/deepmd/gcc/lib/gcc/x86_64-pc-linux-gnu/7.4.0/../../../../include/c++/7.4.0/complex:1209:36: error: expected ')' before numeric constant\r\n       _GLIBCXX_CONSTEXPR complex(double __r = 0.0, double __i = 0.0)\r\n                                    ^~\r\n/global/home/groups/co_noneq/deepmd/gcc/lib/gcc/x86_64-pc-linux-gnu/7.4.0/../../../../include/c++/7.4.0/complex:1209:33: error: could not convert 'nan' from 'double(const char*) throw ()' to 'double'\r\n       _GLIBCXX_CONSTEXPR complex(double __r = 0.0, double __i = 0.0)\r\n                                ~^~~~~\r\n/global/home/groups/co_noneq/deepmd/gcc/lib/gcc/x86_64-pc-linux-gnu/7.4.0/../../../../include/c++/7.4.0/complex:1209:58: error: expected ')' before numeric constant\r\n       _GLIBCXX_CONSTEXPR complex(double __r = 0.0, double __i = 0.0)\r\n                                                          ^~\r\n/global/home/groups/co_noneq/deepmd/gcc/lib/gcc/x86_64-pc-linux-gnu/7.4.0/../../../../include/c++/7.4.0/complex:1209:55: error: could not convert 'nan' from 'double(const char*) throw ()' to 'double'\r\n       _GLIBCXX_CONSTEXPR complex(double __r = 0.0, double __i = 0.0)\r\n                                                      ~^~~~~\r\n/global/home/groups/co_noneq/deepmd/gcc/lib/gcc/x86_64-pc-linux-gnu/7.4.0/../../../../include/c++/7.4.0/complex:1359:41: error: expected ')' before numeric constant\r\n       _GLIBCXX_CONSTEXPR complex(long double __r = 0.0L,\r\n                                         ^~~\r\n/global/home/groups/co_noneq/deepmd/gcc/lib/gcc/x86_64-pc-linux-gnu/7.4.0/../../../../include/c++/7.4.0/complex:1359:38: error: could not convert 'nan' from 'double(const char*) throw ()' to 'long double'\r\n       _GLIBCXX_CONSTEXPR complex(long double __r = 0.0L,\r\n                                     ~^~~~~~\r\n/global/home/groups/co_noneq/deepmd/gcc/lib/gcc/x86_64-pc-linux-gnu/7.4.0/../../../../include/c++/7.4.0/complex:1360:11: error: expected ')' before numeric constant\r\n      long double __i = 0.0L)\r\n           ^~~\r\n/global/home/groups/co_noneq/deepmd/gcc/lib/gcc/x86_64-pc-linux-gnu/7.4.0/../../../../include/c++/7.4.0/complex:1360:8: error: could not convert 'nan' from 'double(const char*) throw ()' to 'long double'\r\n      long double __i = 0.0L)\r\n       ~^~~~~~\r\n/global/home/groups/co_noneq/deepmd/gcc/lib/gcc/x86_64-pc-linux-gnu/7.4.0/../../../../include/c++/7.4.0/complex: In function 'constexpr std::complex<float> std::literals::complex_literals::operator\"\"if(long double)':\r\n/global/home/groups/co_noneq/deepmd/gcc/lib/gcc/x86_64-pc-linux-gnu/7.4.0/../../../../include/c++/7.4.0/complex:1954:28: error: no matching function for call to 'std::complex<float>::complex(<brace-enclosed initializer list>)'\r\n   { return std::complex<float>{0.0F, static_cast<float>(__num)}; }\r\n                            ^~~\r\n/global/home/groups/co_noneq/deepmd/gcc/lib/gcc/x86_64-pc-linux-gnu/7.4.0/../../../../include/c++/7.4.0/complex:1508:11: note: candidate: constexpr std::complex<float>::complex(const std::complex<long double>&)\r\n   complex<float>::complex(const complex<long double>& __z)\r\n           ^~~~~~~~~~~~~~~\r\n/global/home/groups/co_noneq/deepmd/gcc/lib/gcc/x86_64-pc-linux-gnu/7.4.0/../../../../include/c++/7.4.0/complex:1508:11: note:   conversion of argument 1 would be ill-formed:\r\n/global/home/groups/co_noneq/deepmd/gcc/lib/gcc/x86_64-pc-linux-gnu/7.4.0/../../../../include/c++/7.4.0/complex:1504:11: note: candidate: constexpr std::complex<float>::complex(const std::complex<double>&)\r\n   complex<float>::complex(const complex<double>& __z)\r\n           ^~~~~~~~~~~~~~~\r\n/global/home/groups/co_noneq/deepmd/gcc/lib/gcc/x86_64-pc-linux-gnu/7.4.0/../../../../include/c++/7.4.0/complex:1504:11: note:   conversion of argument 1 would be ill-formed:\r\n/global/home/groups/co_noneq/deepmd/gcc/lib/gcc/x86_64-pc-linux-gnu/7.4.0/../../../../include/c++/7.4.0/complex:1060:11: note: candidate: constexpr std::complex<float>::complex(float, float)\r\n       _GLIBCXX_CONSTEXPR complex(float __r = 0.0f, float __i = 0.0f)\r\n           ^~~~~~~\r\n/global/home/groups/co_noneq/deepmd/gcc/lib/gcc/x86_64-pc-linux-gnu/7.4.0/../../../../include/c++/7.4.0/complex:1060:11: note:   conversion of argument 1 would be ill-formed:\r\n/global/home/groups/co_noneq/deepmd/gcc/lib/gcc/x86_64-pc-linux-gnu/7.4.0/../../../../include/c++/7.4.0/complex:1058:11: note: candidate: constexpr std::complex<float>::complex(std::complex<float>::_ComplexT)\r\n       _GLIBCXX_CONSTEXPR complex(_ComplexT __z) : _M_value(__z) { }\r\n           ^~~~~~~\r\n/global/home/groups/co_noneq/deepmd/gcc/lib/gcc/x86_64-pc-linux-gnu/7.4.0/../../../../include/c++/7.4.0/complex:1058:11: note:   conversion of argument 1 would be ill-formed:\r\n/global/home/groups/co_noneq/deepmd/gcc/lib/gcc/x86_64-pc-linux-gnu/7.4.0/../../../../include/c++/7.4.0/complex:1053:19: note: candidate: constexpr std::complex<float>::complex(const std::complex<float>&)\r\n     struct complex<float>\r\n                   ^~~~~~~        \r\n/global/home/groups/co_noneq/deepmd/gcc/lib/gcc/x86_64-pc-linux-gnu/7.4.0/../../../../include/c++/7.4.0/complex:1053:19: note:   conversion of argument 1 would be ill-formed:\r\n/global/home/groups/co_noneq/deepmd/gcc/lib/gcc/x86_64-pc-linux-gnu/7.4.0/../../../../include/c++/7.4.0/complex:1053:19: note: candidate: constexpr std::complex<float>::complex(std::complex<float>&&)\r\n/global/home/groups/co_noneq/deepmd/gcc/lib/gcc/x86_64-pc-linux-gnu/7.4.0/../../../../include/c++/7.4.0/complex:1053:19: note:   conversion of argument 1 would be ill-formed:\r\n/global/home/groups/co_noneq/deepmd/gcc/lib/gcc/x86_64-pc-linux-gnu/7.4.0/../../../../include/c++/7.4.0/complex:1954:26: error: expected primary-expression before '{' token\r\n   { return std::complex<float>{0.0F, static_cast<float>(__num)}; }\r\n                          ^\r\n/global/home/groups/co_noneq/deepmd/gcc/lib/gcc/x86_64-pc-linux-gnu/7.4.0/../../../../include/c++/7.4.0/complex:1954:26: error: expected ';' before '{' token\r\n/global/home/groups/co_noneq/deepmd/gcc/lib/gcc/x86_64-pc-linux-gnu/7.4.0/../../../../include/c++/7.4.0/complex:1954:31: error: expected ')' before numeric constant\r\n   { return std::complex<float>{0.0F, static_cast<float>(__num)}; }\r\n                               ^~~\r\n/global/home/groups/co_noneq/deepmd/gcc/lib/gcc/x86_64-pc-linux-gnu/7.4.0/../../../../include/c++/7.4.0/complex:1954:63: error: expected ';' before '}' token\r\n   { return std::complex<float>{0.0F, static_cast<float>(__num)}; }\r\n                                                               ^\r\n/global/home/groups/co_noneq/deepmd/gcc/lib/gcc/x86_64-pc-linux-gnu/7.4.0/../../../../include/c++/7.4.0/complex: In function 'constexpr std::complex<float> std::literals::complex_literals::operator\"\"if(long long unsigned int)':\r\n/global/home/groups/co_noneq/deepmd/gcc/lib/gcc/x86_64-pc-linux-gnu/7.4.0/../../../../include/c++/7.4.0/complex:1958:28: error: no matching function for call to 'std::complex<float>::complex(<brace-enclosed initializer list>)'\r\n   { return std::complex<float>{0.0F, static_cast<float>(__num)}; }\r\n                            ^~~\r\n/global/home/groups/co_noneq/deepmd/gcc/lib/gcc/x86_64-pc-linux-gnu/7.4.0/../../../../include/c++/7.4.0/complex:1508:11: note: candidate: constexpr std::complex<float>::complex(const std::complex<long double>&)\r\n   complex<float>::complex(const complex<long double>& __z)\r\n           ^~~~~~~~~~~~~~~\r\n/global/home/groups/co_noneq/deepmd/gcc/lib/gcc/x86_64-pc-linux-gnu/7.4.0/../../../../include/c++/7.4.0/complex:1508:11: note:   conversion of argument 1 would be ill-formed:\r\n/global/home/groups/co_noneq/deepmd/gcc/lib/gcc/x86_64-pc-linux-gnu/7.4.0/../../../../include/c++/7.4.0/complex:1504:11: note: candidate: constexpr std::complex<float>::complex(const std::complex<double>&)\r\n   complex<float>::complex(const complex<double>& __z)\r\n           ^~~~~~~~~~~~~~~\r\n/global/home/groups/co_noneq/deepmd/gcc/lib/gcc/x86_64-pc-linux-gnu/7.4.0/../../../../include/c++/7.4.0/complex:1504:11: note:   conversion of argument 1 would be ill-formed:\r\n/global/home/groups/co_noneq/deepmd/gcc/lib/gcc/x86_64-pc-linux-gnu/7.4.0/../../../../include/c++/7.4.0/complex:1060:11: note: candidate: constexpr std::complex<float>::complex(float, float)\r\n       _GLIBCXX_CONSTEXPR complex(float __r = 0.0f, float __i = 0.0f)\r\n           ^~~~~~~\r\n/global/home/groups/co_noneq/deepmd/gcc/lib/gcc/x86_64-pc-linux-gnu/7.4.0/../../../../include/c++/7.4.0/complex:1060:11: note:   conversion of argument 1 would be ill-formed:\r\n/global/home/groups/co_noneq/deepmd/gcc/lib/gcc/x86_64-pc-linux-gnu/7.4.0/../../../../include/c++/7.4.0/complex:1058:11: note: candidate: constexpr std::complex<float>::complex(std::complex<float>::_ComplexT)\r\n       _GLIBCXX_CONSTEXPR complex(_ComplexT __z) : _M_value(__z) { }\r\n           ^~~~~~~\r\n/global/home/groups/co_noneq/deepmd/gcc/lib/gcc/x86_64-pc-linux-gnu/7.4.0/../../../../include/c++/7.4.0/complex:1058:11: note:   conversion of argument 1 would be ill-formed:\r\n/global/home/groups/co_noneq/deepmd/gcc/lib/gcc/x86_64-pc-linux-gnu/7.4.0/../../../../include/c++/7.4.0/complex:1053:19: note: candidate: constexpr std::complex<float>::complex(const std::complex<float>&)\r\n     struct complex<float>\r\n                   ^~~~~~~        \r\n/global/home/groups/co_noneq/deepmd/gcc/lib/gcc/x86_64-pc-linux-gnu/7.4.0/../../../../include/c++/7.4.0/complex:1053:19: note:   conversion of argument 1 would be ill-formed:\r\n/global/home/groups/co_noneq/deepmd/gcc/lib/gcc/x86_64-pc-linux-gnu/7.4.0/../../../../include/c++/7.4.0/complex:1053:19: note: candidate: constexpr std::complex<float>::complex(std::complex<float>&&)\r\n/global/home/groups/co_noneq/deepmd/gcc/lib/gcc/x86_64-pc-linux-gnu/7.4.0/../../../../include/c++/7.4.0/complex:1053:19: note:   conversion of argument 1 would be ill-formed:\r\n/global/home/groups/co_noneq/deepmd/gcc/lib/gcc/x86_64-pc-linux-gnu/7.4.0/../../../../include/c++/7.4.0/complex:1958:26: error: expected primary-expression before '{' token\r\n   { return std::complex<float>{0.0F, static_cast<float>(__num)}; }\r\n                          ^\r\n/global/home/groups/co_noneq/deepmd/gcc/lib/gcc/x86_64-pc-linux-gnu/7.4.0/../../../../include/c++/7.4.0/complex:1958:26: error: expected ';' before '{' token\r\n/global/home/groups/co_noneq/deepmd/gcc/lib/gcc/x86_64-pc-linux-gnu/7.4.0/../../../../include/c++/7.4.0/complex:1958:31: error: expected ')' before numeric constant\r\n   { return std::complex<float>{0.0F, static_cast<float>(__num)}; }\r\n                               ^~~\r\n/global/home/groups/co_noneq/deepmd/gcc/lib/gcc/x86_64-pc-linux-gnu/7.4.0/../../../../include/c++/7.4.0/complex:1958:63: error: expected ';' before '}' token\r\n   { return std::complex<float>{0.0F, static_cast<float>(__num)}; }\r\n                                                               ^\r\n/global/home/groups/co_noneq/deepmd/gcc/lib/gcc/x86_64-pc-linux-gnu/7.4.0/../../../../include/c++/7.4.0/complex: In function 'constexpr std::complex<double> std::literals::complex_literals::operator\"\"i(long double)':\r\n/global/home/groups/co_noneq/deepmd/gcc/lib/gcc/x86_64-pc-linux-gnu/7.4.0/../../../../include/c++/7.4.0/complex:1962:29: error: no matching function for call to 'std::complex<double>::complex(<brace-enclosed initializer list>)'\r\n   { return std::complex<double>{0.0, static_cast<double>(__num)}; }\r\n                             ^~~\r\n/global/home/groups/co_noneq/deepmd/gcc/lib/gcc/x86_64-pc-linux-gnu/7.4.0/../../../../include/c++/7.4.0/complex:1512:11: note: candidate: constexpr std::complex<double>::complex(const std::complex<long double>&)\r\n   complex<double>::complex(const complex<long double>& __z)\r\n           ^~~~~~~~~~~~~~~~\r\n/global/home/groups/co_noneq/deepmd/gcc/lib/gcc/x86_64-pc-linux-gnu/7.4.0/../../../../include/c++/7.4.0/complex:1512:11: note:   conversion of argument 1 would be ill-formed:\r\n/global/home/groups/co_noneq/deepmd/gcc/lib/gcc/x86_64-pc-linux-gnu/7.4.0/../../../../include/c++/7.4.0/complex:1219:11: note: candidate: constexpr std::complex<double>::complex(const std::complex<float>&)\r\n       _GLIBCXX_CONSTEXPR complex(const complex<float>& __z)\r\n           ^~~~~~~\r\n/global/home/groups/co_noneq/deepmd/gcc/lib/gcc/x86_64-pc-linux-gnu/7.4.0/../../../../include/c++/7.4.0/complex:1219:11: note:   conversion of argument 1 would be ill-formed:\r\n/global/home/groups/co_noneq/deepmd/gcc/lib/gcc/x86_64-pc-linux-gnu/7.4.0/../../../../include/c++/7.4.0/complex:1209:11: note: candidate: constexpr std::complex<double>::complex(double, double)\r\n       _GLIBCXX_CONSTEXPR complex(double __r = 0.0, double __i = 0.0)\r\n           ^~~~~~~\r\n/global/home/groups/co_noneq/deepmd/gcc/lib/gcc/x86_64-pc-linux-gnu/7.4.0/../../../../include/c++/7.4.0/complex:1209:11: note:   conversion of argument 1 would be ill-formed:\r\n/global/home/groups/co_noneq/deepmd/gcc/lib/gcc/x86_64-pc-linux-gnu/7.4.0/../../../../include/c++/7.4.0/complex:1207:11: note: candidate: constexpr std::complex<double>::complex(std::complex<double>::_ComplexT)\r\n       _GLIBCXX_CONSTEXPR complex(_ComplexT __z) : _M_value(__z) { }\r\n           ^~~~~~~\r\n/global/home/groups/co_noneq/deepmd/gcc/lib/gcc/x86_64-pc-linux-gnu/7.4.0/../../../../include/c++/7.4.0/complex:1207:11: note:   conversion of argument 1 would be ill-formed:\r\n/global/home/groups/co_noneq/deepmd/gcc/lib/gcc/x86_64-pc-linux-gnu/7.4.0/../../../../include/c++/7.4.0/complex:1202:19: note: candidate: constexpr std::complex<double>::complex(const std::complex<double>&)\r\n     struct complex<double>\r\n                   ^~~~~~~~        \r\n/global/home/groups/co_noneq/deepmd/gcc/lib/gcc/x86_64-pc-linux-gnu/7.4.0/../../../../include/c++/7.4.0/complex:1202:19: note:   conversion of argument 1 would be ill-formed:\r\n/global/home/groups/co_noneq/deepmd/gcc/lib/gcc/x86_64-pc-linux-gnu/7.4.0/../../../../include/c++/7.4.0/complex:1202:19: note: candidate: constexpr std::complex<double>::complex(std::complex<double>&&)\r\n/global/home/groups/co_noneq/deepmd/gcc/lib/gcc/x86_64-pc-linux-gnu/7.4.0/../../../../include/c++/7.4.0/complex:1202:19: note:   conversion of argument 1 would be ill-formed:\r\n/global/home/groups/co_noneq/deepmd/gcc/lib/gcc/x86_64-pc-linux-gnu/7.4.0/../../../../include/c++/7.4.0/complex:1962:27: error: expected primary-expression before '{' token\r\n   { return std::complex<double>{0.0, static_cast<double>(__num)}; }\r\n                           ^\r\n/global/home/groups/co_noneq/deepmd/gcc/lib/gcc/x86_64-pc-linux-gnu/7.4.0/../../../../include/c++/7.4.0/complex:1962:27: error: expected ';' before '{' token\r\n/global/home/groups/co_noneq/deepmd/gcc/lib/gcc/x86_64-pc-linux-gnu/7.4.0/../../../../include/c++/7.4.0/complex:1962:32: error: expected ')' before numeric constant\r\n   { return std::complex<double>{0.0, static_cast<double>(__num)}; }\r\n                                ^~\r\n/global/home/groups/co_noneq/deepmd/gcc/lib/gcc/x86_64-pc-linux-gnu/7.4.0/../../../../include/c++/7.4.0/complex:1962:64: error: expected ';' before '}' token\r\n   { return std::complex<double>{0.0, static_cast<double>(__num)}; }\r\n                                                                ^\r\n/global/home/groups/co_noneq/deepmd/gcc/lib/gcc/x86_64-pc-linux-gnu/7.4.0/../../../../include/c++/7.4.0/complex: In function 'constexpr std::complex<double> std::literals::complex_literals::operator\"\"i(long long unsigned int)':\r\n/global/home/groups/co_noneq/deepmd/gcc/lib/gcc/x86_64-pc-linux-gnu/7.4.0/../../../../include/c++/7.4.0/complex:1966:29: error: no matching function for call to 'std::complex<double>::complex(<brace-enclosed initializer list>)'\r\n   { return std::complex<double>{0.0, static_cast<double>(__num)}; }\r\n                             ^~~\r\n/global/home/groups/co_noneq/deepmd/gcc/lib/gcc/x86_64-pc-linux-gnu/7.4.0/../../../../include/c++/7.4.0/complex:1512:11: note: candidate: constexpr std::complex<double>::complex(const std::complex<long double>&)\r\n   complex<double>::complex(const complex<long double>& __z)\r\n           ^~~~~~~~~~~~~~~~\r\n/global/home/groups/co_noneq/deepmd/gcc/lib/gcc/x86_64-pc-linux-gnu/7.4.0/../../../../include/c++/7.4.0/complex:1512:11: note:   conversion of argument 1 would be ill-formed:\r\n/global/home/groups/co_noneq/deepmd/gcc/lib/gcc/x86_64-pc-linux-gnu/7.4.0/../../../../include/c++/7.4.0/complex:1219:11: note: candidate: constexpr std::complex<double>::complex(const std::complex<float>&)\r\n       _GLIBCXX_CONSTEXPR complex(const complex<float>& __z)\r\n           ^~~~~~~\r\n/global/home/groups/co_noneq/deepmd/gcc/lib/gcc/x86_64-pc-linux-gnu/7.4.0/../../../../include/c++/7.4.0/complex:1219:11: note:   conversion of argument 1 would be ill-formed:\r\n/global/home/groups/co_noneq/deepmd/gcc/lib/gcc/x86_64-pc-linux-gnu/7.4.0/../../../../include/c++/7.4.0/complex:1209:11: note: candidate: constexpr std::complex<double>::complex(double, double)\r\n       _GLIBCXX_CONSTEXPR complex(double __r = 0.0, double __i = 0.0)\r\n           ^~~~~~~\r\n/global/home/groups/co_noneq/deepmd/gcc/lib/gcc/x86_64-pc-linux-gnu/7.4.0/../../../../include/c++/7.4.0/complex:1209:11: note:   conversion of argument 1 would be ill-formed:\r\n/global/home/groups/co_noneq/deepmd/gcc/lib/gcc/x86_64-pc-linux-gnu/7.4.0/../../../../include/c++/7.4.0/complex:1207:11: note: candidate: constexpr std::complex<double>::complex(std::complex<double>::_ComplexT)\r\n       _GLIBCXX_CONSTEXPR complex(_ComplexT __z) : _M_value(__z) { }\r\n           ^~~~~~~\r\n/global/home/groups/co_noneq/deepmd/gcc/lib/gcc/x86_64-pc-linux-gnu/7.4.0/../../../../include/c++/7.4.0/complex:1207:11: note:   conversion of argument 1 would be ill-formed:\r\n/global/home/groups/co_noneq/deepmd/gcc/lib/gcc/x86_64-pc-linux-gnu/7.4.0/../../../../include/c++/7.4.0/complex:1202:19: note: candidate: constexpr std::complex<double>::complex(const std::complex<double>&)\r\n     struct complex<double>\r\n                   ^~~~~~~~        \r\n/global/home/groups/co_noneq/deepmd/gcc/lib/gcc/x86_64-pc-linux-gnu/7.4.0/../../../../include/c++/7.4.0/complex:1202:19: note:   conversion of argument 1 would be ill-formed:\r\n/global/home/groups/co_noneq/deepmd/gcc/lib/gcc/x86_64-pc-linux-gnu/7.4.0/../../../../include/c++/7.4.0/complex:1202:19: note: candidate: constexpr std::complex<double>::complex(std::complex<double>&&)\r\n/global/home/groups/co_noneq/deepmd/gcc/lib/gcc/x86_64-pc-linux-gnu/7.4.0/../../../../include/c++/7.4.0/complex:1202:19: note:   conversion of argument 1 would be ill-formed:\r\n/global/home/groups/co_noneq/deepmd/gcc/lib/gcc/x86_64-pc-linux-gnu/7.4.0/../../../../include/c++/7.4.0/complex:1966:27: error: expected primary-expression before '{' token\r\n   { return std::complex<double>{0.0, static_cast<double>(__num)}; }\r\n                           ^\r\n/global/home/groups/co_noneq/deepmd/gcc/lib/gcc/x86_64-pc-linux-gnu/7.4.0/../../../../include/c++/7.4.0/complex:1966:27: error: expected ';' before '{' token\r\n/global/home/groups/co_noneq/deepmd/gcc/lib/gcc/x86_64-pc-linux-gnu/7.4.0/../../../../include/c++/7.4.0/complex:1966:32: error: expected ')' before numeric constant\r\n   { return std::complex<double>{0.0, static_cast<double>(__num)}; }\r\n                                ^~\r\n/global/home/groups/co_noneq/deepmd/gcc/lib/gcc/x86_64-pc-linux-gnu/7.4.0/../../../../include/c++/7.4.0/complex:1966:64: error: expected ';' before '}' token\r\n   { return std::complex<double>{0.0, static_cast<double>(__num)}; }\r\n                                                                ^\r\n/global/home/groups/co_noneq/deepmd/gcc/lib/gcc/x86_64-pc-linux-gnu/7.4.0/../../../../include/c++/7.4.0/complex: In function 'constexpr std::complex<long double> std::literals::complex_literals::operator\"\"il(long double)':\r\n/global/home/groups/co_noneq/deepmd/gcc/lib/gcc/x86_64-pc-linux-gnu/7.4.0/../../../../include/c++/7.4.0/complex:1970:34: error: no matching function for call to 'std::complex<long double>::complex(<brace-enclosed initializer list>)'\r\n   { return std::complex<long double>{0.0L, __num}; }\r\n                                  ^~~\r\n/global/home/groups/co_noneq/deepmd/gcc/lib/gcc/x86_64-pc-linux-gnu/7.4.0/../../../../include/c++/7.4.0/complex:1373:11: note: candidate: constexpr std::complex<long double>::complex(const std::complex<double>&)\r\n       _GLIBCXX_CONSTEXPR complex(const complex<double>& __z)\r\n           ^~~~~~~\r\n/global/home/groups/co_noneq/deepmd/gcc/lib/gcc/x86_64-pc-linux-gnu/7.4.0/../../../../include/c++/7.4.0/complex:1373:11: note:   conversion of argument 1 would be ill-formed:\r\n/global/home/groups/co_noneq/deepmd/gcc/lib/gcc/x86_64-pc-linux-gnu/7.4.0/../../../../include/c++/7.4.0/complex:1370:11: note: candidate: constexpr std::complex<long double>::complex(const std::complex<float>&)\r\n       _GLIBCXX_CONSTEXPR complex(const complex<float>& __z)\r\n           ^~~~~~~\r\n/global/home/groups/co_noneq/deepmd/gcc/lib/gcc/x86_64-pc-linux-gnu/7.4.0/../../../../include/c++/7.4.0/complex:1370:11: note:   conversion of argument 1 would be ill-formed:\r\n/global/home/groups/co_noneq/deepmd/gcc/lib/gcc/x86_64-pc-linux-gnu/7.4.0/../../../../include/c++/7.4.0/complex:1359:11: note: candidate: constexpr std::complex<long double>::complex(long double, long double)\r\n       _GLIBCXX_CONSTEXPR complex(long double __r = 0.0L,\r\n           ^~~~~~~\r\n/global/home/groups/co_noneq/deepmd/gcc/lib/gcc/x86_64-pc-linux-gnu/7.4.0/../../../../include/c++/7.4.0/complex:1359:11: note:   conversion of argument 1 would be ill-formed:\r\n/global/home/groups/co_noneq/deepmd/gcc/lib/gcc/x86_64-pc-linux-gnu/7.4.0/../../../../include/c++/7.4.0/complex:1357:11: note: candidate: constexpr std::complex<long double>::complex(std::complex<long double>::_ComplexT)\r\n       _GLIBCXX_CONSTEXPR complex(_ComplexT __z) : _M_value(__z) { }\r\n           ^~~~~~~\r\n/global/home/groups/co_noneq/deepmd/gcc/lib/gcc/x86_64-pc-linux-gnu/7.4.0/../../../../include/c++/7.4.0/complex:1357:11: note:   conversion of argument 1 would be ill-formed:\r\n/global/home/groups/co_noneq/deepmd/gcc/lib/gcc/x86_64-pc-linux-gnu/7.4.0/../../../../include/c++/7.4.0/complex:1352:19: note: candidate: constexpr std::complex<long double>::complex(const std::complex<long double>&)\r\n     struct complex<long double>\r\n                   ^~~~~~~~~~~~~        \r\n/global/home/groups/co_noneq/deepmd/gcc/lib/gcc/x86_64-pc-linux-gnu/7.4.0/../../../../include/c++/7.4.0/complex:1352:19: note:   conversion of argument 1 would be ill-formed:\r\n/global/home/groups/co_noneq/deepmd/gcc/lib/gcc/x86_64-pc-linux-gnu/7.4.0/../../../../include/c++/7.4.0/complex:1352:19: note: candidate: constexpr std::complex<long double>::complex(std::complex<long double>&&)\r\n/global/home/groups/co_noneq/deepmd/gcc/lib/gcc/x86_64-pc-linux-gnu/7.4.0/../../../../include/c++/7.4.0/complex:1352:19: note:   conversion of argument 1 would be ill-formed:\r\n/global/home/groups/co_noneq/deepmd/gcc/lib/gcc/x86_64-pc-linux-gnu/7.4.0/../../../../include/c++/7.4.0/complex:1970:32: error: expected primary-expression before '{' token\r\n   { return std::complex<long double>{0.0L, __num}; }\r\n                                ^\r\n/global/home/groups/co_noneq/deepmd/gcc/lib/gcc/x86_64-pc-linux-gnu/7.4.0/../../../../include/c++/7.4.0/complex:1970:32: error: expected ';' before '{' token\r\n/global/home/groups/co_noneq/deepmd/gcc/lib/gcc/x86_64-pc-linux-gnu/7.4.0/../../../../include/c++/7.4.0/complex:1970:37: error: expected ')' before numeric constant\r\n   { return std::complex<long double>{0.0L, __num}; }\r\n                                     ^~~\r\n/global/home/groups/co_noneq/deepmd/gcc/lib/gcc/x86_64-pc-linux-gnu/7.4.0/../../../../include/c++/7.4.0/complex:1970:48: error: expected ';' before '}' token\r\n   { return std::complex<long double>{0.0L, __num}; }\r\n                                                ^\r\n/global/home/groups/co_noneq/deepmd/gcc/lib/gcc/x86_64-pc-linux-gnu/7.4.0/../../../../include/c++/7.4.0/complex: In function 'constexpr std::complex<long double> std::literals::complex_literals::operator\"\"il(long long unsigned int)':\r\n/global/home/groups/co_noneq/deepmd/gcc/lib/gcc/x86_64-pc-linux-gnu/7.4.0/../../../../include/c++/7.4.0/complex:1974:34: error: no matching function for call to 'std::complex<long double>::complex(<brace-enclosed initializer list>)'\r\n   { return std::complex<long double>{0.0L, static_cast<long double>(__num)}; }\r\n                                  ^~~\r\n/global/home/groups/co_noneq/deepmd/gcc/lib/gcc/x86_64-pc-linux-gnu/7.4.0/../../../../include/c++/7.4.0/complex:1373:11: note: candidate: constexpr std::complex<long double>::complex(const std::complex<double>&)\r\n       _GLIBCXX_CONSTEXPR complex(const complex<double>& __z)\r\n           ^~~~~~~\r\n/global/home/groups/co_noneq/deepmd/gcc/lib/gcc/x86_64-pc-linux-gnu/7.4.0/../../../../include/c++/7.4.0/complex:1373:11: note:   conversion of argument 1 would be ill-formed:\r\n/global/home/groups/co_noneq/deepmd/gcc/lib/gcc/x86_64-pc-linux-gnu/7.4.0/../../../../include/c++/7.4.0/complex:1370:11: note: candidate: constexpr std::complex<long double>::complex(const std::complex<float>&)\r\n       _GLIBCXX_CONSTEXPR complex(const complex<float>& __z)\r\n           ^~~~~~~\r\n/global/home/groups/co_noneq/deepmd/gcc/lib/gcc/x86_64-pc-linux-gnu/7.4.0/../../../../include/c++/7.4.0/complex:1370:11: note:   conversion of argument 1 would be ill-formed:\r\n/global/home/groups/co_noneq/deepmd/gcc/lib/gcc/x86_64-pc-linux-gnu/7.4.0/../../../../include/c++/7.4.0/complex:1359:11: note: candidate: constexpr std::complex<long double>::complex(long double, long double)\r\n       _GLIBCXX_CONSTEXPR complex(long double __r = 0.0L,\r\n           ^~~~~~~\r\n/global/home/groups/co_noneq/deepmd/gcc/lib/gcc/x86_64-pc-linux-gnu/7.4.0/../../../../include/c++/7.4.0/complex:1359:11: note:   conversion of argument 1 would be ill-formed:\r\n/global/home/groups/co_noneq/deepmd/gcc/lib/gcc/x86_64-pc-linux-gnu/7.4.0/../../../../include/c++/7.4.0/complex:1357:11: note: candidate: constexpr std::complex<long double>::complex(std::complex<long double>::_ComplexT)\r\n       _GLIBCXX_CONSTEXPR complex(_ComplexT __z) : _M_value(__z) { }\r\n           ^~~~~~~\r\n/global/home/groups/co_noneq/deepmd/gcc/lib/gcc/x86_64-pc-linux-gnu/7.4.0/../../../../include/c++/7.4.0/complex:1357:11: note:   conversion of argument 1 would be ill-formed:\r\n/global/home/groups/co_noneq/deepmd/gcc/lib/gcc/x86_64-pc-linux-gnu/7.4.0/../../../../include/c++/7.4.0/complex:1352:19: note: candidate: constexpr std::complex<long double>::complex(const std::complex<long double>&)\r\n     struct complex<long double>\r\n                   ^~~~~~~~~~~~~        \r\n/global/home/groups/co_noneq/deepmd/gcc/lib/gcc/x86_64-pc-linux-gnu/7.4.0/../../../../include/c++/7.4.0/complex:1352:19: note:   conversion of argument 1 would be ill-formed:\r\n/global/home/groups/co_noneq/deepmd/gcc/lib/gcc/x86_64-pc-linux-gnu/7.4.0/../../../../include/c++/7.4.0/complex:1352:19: note: candidate: constexpr std::complex<long double>::complex(std::complex<long double>&&)\r\n/global/home/groups/co_noneq/deepmd/gcc/lib/gcc/x86_64-pc-linux-gnu/7.4.0/../../../../include/c++/7.4.0/complex:1352:19: note:   conversion of argument 1 would be ill-formed:\r\n/global/home/groups/co_noneq/deepmd/gcc/lib/gcc/x86_64-pc-linux-gnu/7.4.0/../../../../include/c++/7.4.0/complex:1974:32: error: expected primary-expression before '{' token\r\n   { return std::complex<long double>{0.0L, static_cast<long double>(__num)}; }\r\n                                ^\r\n/global/home/groups/co_noneq/deepmd/gcc/lib/gcc/x86_64-pc-linux-gnu/7.4.0/../../../../include/c++/7.4.0/complex:1974:32: error: expected ';' before '{' token\r\n/global/home/groups/co_noneq/deepmd/gcc/lib/gcc/x86_64-pc-linux-gnu/7.4.0/../../../../include/c++/7.4.0/complex:1974:37: error: expected ')' before numeric constant\r\n   { return std::complex<long double>{0.0L, static_cast<long double>(__num)}; }\r\n                                     ^~~\r\n/global/home/groups/co_noneq/deepmd/gcc/lib/gcc/x86_64-pc-linux-gnu/7.4.0/../../../../include/c++/7.4.0/complex:1974:75: error: expected ';' before '}' token\r\n   { return std::complex<long double>{0.0L, static_cast<long double>(__num)}; }\r\n                                                                           ^\r\n/global/home/groups/co_noneq/deepmd/gcc/lib/gcc/x86_64-pc-linux-gnu/7.4.0/../../../../include/c++/7.4.0/limits: In static member function 'static constexpr long double std::numeric_limits<long double>::denorm_min()':\r\n/global/home/groups/co_noneq/deepmd/gcc/lib/gcc/x86_64-pc-linux-gnu/7.4.0/../../../../include/c++/7.4.0/limits:1799:65: error: expected ')' before numeric constant\r\n       denorm_min() _GLIBCXX_USE_NOEXCEPT { return __LDBL_DENORM_MIN__; }\r\n                                                                 ^~~\r\n/global/home/groups/co_noneq/deepmd/gcc/lib/gcc/x86_64-pc-linux-gnu/7.4.0/../../../../include/c++/7.4.0/limits:1799:68: error: cannot convert 'double (*)(const char*) throw ()' to 'long double' in return\r\n       denorm_min() _GLIBCXX_USE_NOEXCEPT { return __LDBL_DENORM_MIN__; }\r\n                                                                    ^\r\nexternal/eigen_archive/unsupported/Eigen/CXX11/../../../Eigen/src/Core/arch/Default/GenericPacketMathFunctions.h: In function 'Packet Eigen::internal::psqrt_complex(const Packet&)':\r\nexternal/eigen_archive/unsupported/Eigen/CXX11/../../../Eigen/src/Core/arch/Default/GenericPacketMathFunctions.h:856:80: error: expected ')' before numeric constant\r\n   const RealPacket cst_imag_sign_mask = pset1<Packet>(Scalar(RealScalar(0.0), neg_zero)).v;\r\n                                                                                ^~\r\nexternal/eigen_archive/unsupported/Eigen/CXX11/../../../Eigen/src/Core/arch/Default/GenericPacketMathFunctions.h:856:63: error: expected primary-expression before '(' token\r\n   const RealPacket cst_imag_sign_mask = pset1<Packet>(Scalar(RealScalar(0.0), neg_zero)).v;\r\n                                                               ^\r\nexternal/eigen_archive/unsupported/Eigen/CXX11/../../../Eigen/src/Core/arch/Default/GenericPacketMathFunctions.h:856:80: error: expected ')' before numeric constant\r\n   const RealPacket cst_imag_sign_mask = pset1<Packet>(Scalar(RealScalar(0.0), neg_zero)).v;\r\n                                                                                ^~\r\nexternal/eigen_archive/unsupported/Eigen/CXX11/../../../Eigen/src/Core/arch/Default/GenericPacketMathFunctions.h:856:99: error: expected ')' before ';' token\r\n   const RealPacket cst_imag_sign_mask = pset1<Packet>(Scalar(RealScalar(0.0), neg_zero)).v;\r\n                                                                                                   ^\r\nexternal/eigen_archive/unsupported/Eigen/CXX11/../../../Eigen/src/Core/arch/Default/GenericPacketMathFunctions.h:856:99: error: expected ')' before ';' token\r\nexternal/eigen_archive/unsupported/Eigen/CXX11/../../../Eigen/src/Core/arch/Default/GenericPacketMathFunctions.h:856:99: error: expected ')' before ';' token\r\nexternal/eigen_archive/unsupported/Eigen/CXX11/../../../Eigen/src/Core/arch/Default/GenericPacketMathFunctions.h:881:94: error: expected ')' before numeric constant\r\n   real_inf_result.v = pmul(a_abs, pset1<Packet>(Scalar(RealScalar(1.0), RealScalar(0.0))).v);\r\n                                                                                              ^ \r\nexternal/eigen_archive/unsupported/Eigen/CXX11/../../../Eigen/src/Core/arch/Default/GenericPacketMathFunctions.h:881:58: error: expected primary-expression before '(' token\r\n   real_inf_result.v = pmul(a_abs, pset1<Packet>(Scalar(RealScalar(1.0), RealScalar(0.0))).v);\r\n                                                          ^\r\nexternal/eigen_archive/unsupported/Eigen/CXX11/../../../Eigen/src/Core/arch/Default/GenericPacketMathFunctions.h:881:94: error: expected ')' before numeric constant\r\n   real_inf_result.v = pmul(a_abs, pset1<Packet>(Scalar(RealScalar(1.0), RealScalar(0.0))).v);\r\n                                                                                              ^ \r\nexternal/eigen_archive/unsupported/Eigen/CXX11/../../../Eigen/src/Core/arch/Default/GenericPacketMathFunctions.h:881:103: error: expected ')' before ';' token\r\n   real_inf_result.v = pmul(a_abs, pset1<Packet>(Scalar(RealScalar(1.0), RealScalar(0.0))).v);\r\n                                                                                                       ^\r\nexternal/eigen_archive/unsupported/Eigen/CXX11/../../../Eigen/src/Core/arch/Default/GenericPacketMathFunctions.h:881:103: error: expected ')' before ';' token\r\nexternal/eigen_archive/unsupported/Eigen/CXX11/../../../Eigen/src/Core/arch/Default/GenericPacketMathFunctions.h: In static member function 'static Packet Eigen::internal::pchebevl<Packet, N>::run(Packet, const typename Eigen::internal::unpacket_traits<T>::type*)':\r\nexternal/eigen_archive/unsupported/Eigen/CXX11/../../../Eigen/src/Core/arch/Default/GenericPacketMathFunctions.h:1653:54: error: expected ')' before numeric constant\r\n     Packet b1 = pset1<Packet>(static_cast<Scalar>(0.f));\r\n                                                      ^~~\r\nexternal/eigen_archive/unsupported/Eigen/CXX11/../../../Eigen/src/Core/arch/Default/GenericPacketMathFunctions.h:1653:60: error: expected ')' before ';' token\r\n     Packet b1 = pset1<Packet>(static_cast<Scalar>(0.f));\r\n                                                            ^\r\nexternal/eigen_archive/unsupported/Eigen/CXX11/../../../Eigen/src/Core/arch/Default/GenericPacketMathFunctions.h:1653:60: error: expected ')' before ';' token\r\nexternal/eigen_archive/unsupported/Eigen/CXX11/../src/SpecialFunctions/BesselFunctionsImpl.h: In static member function 'static T Eigen::internal::generic_i1e<T, float>::run(const T&)':\r\nexternal/eigen_archive/unsupported/Eigen/CXX11/../src/SpecialFunctions/BesselFunctionsImpl.h:314:42: error: expected ')' before numeric constant\r\n     return pselect(pcmp_lt(x, pset1<T>(0.0f)), pnegate(y), y);\r\n                                          ^~~\r\nexternal/eigen_archive/unsupported/Eigen/CXX11/../src/SpecialFunctions/BesselFunctionsImpl.h:314:64: error: expected ')' before ';' token\r\n     return pselect(pcmp_lt(x, pset1<T>(0.0f)), pnegate(y), y);\r\n                                                                ^\r\nexternal/eigen_archive/unsupported/Eigen/CXX11/../src/SpecialFunctions/BesselFunctionsImpl.h: In static member function 'static T Eigen::internal::generic_i1e<T, double>::run(const T&)':\r\nexternal/eigen_archive/unsupported/Eigen/CXX11/../src/SpecialFunctions/BesselFunctionsImpl.h:395:42: error: expected ')' before numeric constant\r\n     return pselect(pcmp_lt(x, pset1<T>(0.0)), pnegate(y), y);\r\n                                          ^~\r\nexternal/eigen_archive/unsupported/Eigen/CXX11/../src/SpecialFunctions/BesselFunctionsImpl.h:395:63: error: expected ')' before ';' token\r\n     return pselect(pcmp_lt(x, pset1<T>(0.0)), pnegate(y), y);\r\n                                                               ^\r\nexternal/eigen_archive/unsupported/Eigen/CXX11/../src/SpecialFunctions/BesselFunctionsImpl.h: In static member function 'static T Eigen::internal::generic_k0e<T, float>::run(const T&)':\r\nexternal/eigen_archive/unsupported/Eigen/CXX11/../src/SpecialFunctions/BesselFunctionsImpl.h:501:42: error: expected ')' before numeric constant\r\n     return pselect(\r\n                                          ^ \r\nexternal/eigen_archive/unsupported/Eigen/CXX11/../src/SpecialFunctions/BesselFunctionsImpl.h:501:102: error: expected ')' before ';' token\r\n     return pselect(\r\n                                                                                                      ^\r\nexternal/eigen_archive/unsupported/Eigen/CXX11/../src/SpecialFunctions/BesselFunctionsImpl.h: In static member function 'static T Eigen::internal::generic_k0e<T, double>::run(const T&)':\r\nexternal/eigen_archive/unsupported/Eigen/CXX11/../src/SpecialFunctions/BesselFunctionsImpl.h:576:46: error: expected ')' before numeric constant\r\n     x_le_two = pselect(pcmp_le(x, pset1<T>(0.0)), MAXNUM, x_le_two);\r\n                                              ^~\r\nexternal/eigen_archive/unsupported/Eigen/CXX11/../src/SpecialFunctions/BesselFunctionsImpl.h:576:70: error: expected ')' before ';' token\r\n     x_le_two = pselect(pcmp_le(x, pset1<T>(0.0)), MAXNUM, x_le_two);\r\n                                                                      ^\r\nexternal/eigen_archive/unsupported/Eigen/CXX11/../src/SpecialFunctions/BesselFunctionsImpl.h: In static member function 'static T Eigen::internal::generic_k0<T, float>::run(const T&)':\r\nexternal/eigen_archive/unsupported/Eigen/CXX11/../src/SpecialFunctions/BesselFunctionsImpl.h:668:46: error: expected ')' before numeric constant\r\n     x_le_two = pselect(pcmp_le(x, pset1<T>(0.0)), MAXNUM, x_le_two);\r\n                                              ^~\r\nexternal/eigen_archive/unsupported/Eigen/CXX11/../src/SpecialFunctions/BesselFunctionsImpl.h:668:70: error: expected ')' before ';' token\r\n     x_le_two = pselect(pcmp_le(x, pset1<T>(0.0)), MAXNUM, x_le_two);\r\n                                                                      ^\r\nexternal/eigen_archive/unsupported/Eigen/CXX11/../src/SpecialFunctions/BesselFunctionsImpl.h: In static member function 'static T Eigen::internal::generic_k0<T, double>::run(const T&)':\r\nexternal/eigen_archive/unsupported/Eigen/CXX11/../src/SpecialFunctions/BesselFunctionsImpl.h:746:46: error: expected ')' before numeric constant\r\n     x_le_two = pselect(pcmp_le(x, pset1<T>(0.0)), MAXNUM, x_le_two);\r\n                                              ^~\r\nexternal/eigen_archive/unsupported/Eigen/CXX11/../src/SpecialFunctions/BesselFunctionsImpl.h:746:70: error: expected ')' before ';' token\r\n     x_le_two = pselect(pcmp_le(x, pset1<T>(0.0)), MAXNUM, x_le_two);\r\n                                                                      ^\r\nexternal/eigen_archive/unsupported/Eigen/CXX11/../src/SpecialFunctions/BesselFunctionsImpl.h: In static member function 'static T Eigen::internal::generic_k1e<T, float>::run(const T&)':\r\nexternal/eigen_archive/unsupported/Eigen/CXX11/../src/SpecialFunctions/BesselFunctionsImpl.h:833:46: error: expected ')' before numeric constant\r\n     x_le_two = pselect(pcmp_le(x, pset1<T>(0.0)), MAXNUM, x_le_two);\r\n                                              ^~\r\nexternal/eigen_archive/unsupported/Eigen/CXX11/../src/SpecialFunctions/BesselFunctionsImpl.h:833:70: error: expected ')' before ';' token\r\n     x_le_two = pselect(pcmp_le(x, pset1<T>(0.0)), MAXNUM, x_le_two);\r\n                                                                      ^\r\nexternal/eigen_archive/unsupported/Eigen/CXX11/../src/SpecialFunctions/BesselFunctionsImpl.h: In static member function 'static T Eigen::internal::generic_k1e<T, double>::run(const T&)':\r\nexternal/eigen_archive/unsupported/Eigen/CXX11/../src/SpecialFunctions/BesselFunctionsImpl.h:904:46: error: expected ')' before numeric constant\r\n     x_le_two = pselect(pcmp_le(x, pset1<T>(0.0)), MAXNUM, x_le_two);\r\n                                              ^~\r\nexternal/eigen_archive/unsupported/Eigen/CXX11/../src/SpecialFunctions/BesselFunctionsImpl.h:904:70: error: expected ')' before ';' token\r\n     x_le_two = pselect(pcmp_le(x, pset1<T>(0.0)), MAXNUM, x_le_two);\r\n                                                                      ^\r\nexternal/eigen_archive/unsupported/Eigen/CXX11/../src/SpecialFunctions/BesselFunctionsImpl.h: In static member function 'static T Eigen::internal::generic_k1<T, float>::run(const T&)':\r\nexternal/eigen_archive/unsupported/Eigen/CXX11/../src/SpecialFunctions/BesselFunctionsImpl.h:992:46: error: expected ')' before numeric constant\r\n     x_le_two = pselect(pcmp_le(x, pset1<T>(0.0)), MAXNUM, x_le_two);\r\n                                              ^~\r\nexternal/eigen_archive/unsupported/Eigen/CXX11/../src/SpecialFunctions/BesselFunctionsImpl.h:992:70: error: expected ')' before ';' token\r\n     x_le_two = pselect(pcmp_le(x, pset1<T>(0.0)), MAXNUM, x_le_two);\r\n                                                                      ^\r\nexternal/eigen_archive/unsupported/Eigen/CXX11/../src/SpecialFunctions/BesselFunctionsImpl.h: In static member function 'static T Eigen::internal::generic_k1<T, double>::run(const T&)':\r\nexternal/eigen_archive/unsupported/Eigen/CXX11/../src/SpecialFunctions/BesselFunctionsImpl.h:1068:46: error: expected ')' before numeric constant\r\n     x_le_two = pselect(pcmp_le(x, pset1<T>(0.0)), MAXNUM, x_le_two);\r\n                                              ^~\r\nexternal/eigen_archive/unsupported/Eigen/CXX11/../src/SpecialFunctions/BesselFunctionsImpl.h:1068:70: error: expected ')' before ';' token\r\n     x_le_two = pselect(pcmp_le(x, pset1<T>(0.0)), MAXNUM, x_le_two);\r\n                                                                      ^\r\nexternal/eigen_archive/unsupported/Eigen/CXX11/../src/SpecialFunctions/BesselFunctionsImpl.h: In static member function 'static T Eigen::internal::generic_y0<T, float>::run(const T&)':\r\nexternal/eigen_archive/unsupported/Eigen/CXX11/../src/SpecialFunctions/BesselFunctionsImpl.h:1373:46: error: expected ')' before numeric constant\r\n     x_le_two = pselect(pcmp_le(x, pset1<T>(0.0)), NEG_MAXNUM, x_le_two);\r\n                                              ^~\r\nexternal/eigen_archive/unsupported/Eigen/CXX11/../src/SpecialFunctions/BesselFunctionsImpl.h:1373:74: error: expected ')' before ';' token\r\n     x_le_two = pselect(pcmp_le(x, pset1<T>(0.0)), NEG_MAXNUM, x_le_two);\r\n                                                                          ^\r\nexternal/eigen_archive/unsupported/Eigen/CXX11/../src/SpecialFunctions/BesselFunctionsImpl.h: In static member function 'static T Eigen::internal::generic_y0<T, double>::run(const T&)':\r\nexternal/eigen_archive/unsupported/Eigen/CXX11/../src/SpecialFunctions/BesselFunctionsImpl.h:1461:47: error: expected ')' before numeric constant\r\n     x_le_five = pselect(pcmp_le(x, pset1<T>(0.0)), NEG_MAXNUM, x_le_five);\r\n                                               ^~\r\nexternal/eigen_archive/unsupported/Eigen/CXX11/../src/SpecialFunctions/BesselFunctionsImpl.h:1461:76: error: expected ')' before ';' token\r\n     x_le_five = pselect(pcmp_le(x, pset1<T>(0.0)), NEG_MAXNUM, x_le_five);\r\n                                                                            ^\r\nexternal/eigen_archive/unsupported/Eigen/CXX11/../src/SpecialFunctions/BesselFunctionsImpl.h: In static member function 'static T Eigen::internal::generic_j1<T, float>::run(const T&)':\r\nexternal/eigen_archive/unsupported/Eigen/CXX11/../src/SpecialFunctions/BesselFunctionsImpl.h:1574:46: error: expected ')' before numeric constant\r\n     y_gt_two = pselect(\r\n                                              ^  \r\nexternal/eigen_archive/unsupported/Eigen/CXX11/../src/SpecialFunctions/BesselFunctionsImpl.h:1574:82: error: expected ')' before ';' token\r\n     y_gt_two = pselect(\r\n                                                                                  ^\r\nexternal/eigen_archive/unsupported/Eigen/CXX11/../src/SpecialFunctions/BesselFunctionsImpl.h: In static member function 'static T Eigen::internal::generic_j1<T, double>::run(const T&)':\r\nexternal/eigen_archive/unsupported/Eigen/CXX11/../src/SpecialFunctions/BesselFunctionsImpl.h:1662:47: error: expected ')' before numeric constant\r\n     y_gt_five = pselect(\r\n                                               ^ \r\nexternal/eigen_archive/unsupported/Eigen/CXX11/../src/SpecialFunctions/BesselFunctionsImpl.h:1662:84: error: expected ')' before ';' token\r\n     y_gt_five = pselect(\r\n                                                                                    ^\r\nexternal/eigen_archive/unsupported/Eigen/CXX11/../src/SpecialFunctions/BesselFunctionsImpl.h: In static member function 'static T Eigen::internal::generic_y1<T, float>::run(const T&)':\r\nexternal/eigen_archive/unsupported/Eigen/CXX11/../src/SpecialFunctions/BesselFunctionsImpl.h:1766:46: error: expected ')' before numeric constant\r\n     x_le_two = pselect(pcmp_lt(x, pset1<T>(0.0f)), NEG_MAXNUM, x_le_two);\r\n                                              ^~~\r\nexternal/eigen_archive/unsupported/Eigen/CXX11/../src/SpecialFunctions/BesselFunctionsImpl.h:1766:75: error: expected ')' before ';' token\r\n     x_le_two = pselect(pcmp_lt(x, pset1<T>(0.0f)), NEG_MAXNUM, x_le_two);\r\n                                                                           ^\r\nexternal/eigen_archive/unsupported/Eigen/CXX11/../src/SpecialFunctions/BesselFunctionsImpl.h: In static member function 'static T Eigen::internal::generic_y1<T, double>::run(const T&)':\r\nexternal/eigen_archive/unsupported/Eigen/CXX11/../src/SpecialFunctions/BesselFunctionsImpl.h:1855:47: error: expected ')' before numeric constant\r\n     x_le_five = pselect(pcmp_le(x, pset1<T>(0.0)), NEG_MAXNUM, x_le_five);\r\n                                               ^~\r\nexternal/eigen_archive/unsupported/Eigen/CXX11/../src/SpecialFunctions/BesselFunctionsImpl.h:1855:76: error: expected ')' before ';' token\r\n     x_le_five = pselect(pcmp_le(x, pset1<T>(0.0)), NEG_MAXNUM, x_le_five);\r\n                                                                            ^\r\nexternal/eigen_archive/unsupported/Eigen/CXX11/../src/SpecialFunctions/SpecialFunctionsImpl.h: In static member function 'static float Eigen::internal::digamma_impl_maybe_poly<float>::run(float)':\r\nexternal/eigen_archive/unsupported/Eigen/CXX11/../src/SpecialFunctions/SpecialFunctionsImpl.h:153:21: error: expected ')' before numeric constant\r\n     } else return 0.0f;\r\n                     ^~~\r\nexternal/eigen_archive/unsupported/Eigen/CXX11/../src/SpecialFunctions/SpecialFunctionsImpl.h:153:24: error: cannot convert 'double (*)(const char*) throw ()' to 'float' in return\r\n     } else return 0.0f;\r\n                        ^\r\nexternal/eigen_archive/unsupported/Eigen/CXX11/../src/SpecialFunctions/SpecialFunctionsImpl.h: In static member function 'static double Eigen::internal::digamma_impl_maybe_poly<double>::run(double)':\r\nexternal/eigen_archive/unsupported/Eigen/CXX11/../src/SpecialFunctions/SpecialFunctionsImpl.h:176:12: error: expected ')' before numeric constant\r\n     else return 0.0;\r\n            ^~\r\nexternal/eigen_archive/unsupported/Eigen/CXX11/../src/SpecialFunctions/SpecialFunctionsImpl.h:176:14: error: cannot convert 'double (*)(const char*) throw ()' to 'double' in return\r\n     else return 0.0;\r\n              ^\r\nexternal/eigen_archive/unsupported/Eigen/CXX11/../src/SpecialFunctions/SpecialFunctionsImpl.h: In function 'T Eigen::internal::flipsign(const T&, const T&)':\r\nexternal/eigen_archive/unsupported/Eigen/CXX11/../src/SpecialFunctions/SpecialFunctionsImpl.h:494:46: error: expected ')' before numeric constant\r\n   const T sign_mask = pset1<T>(Scalar(-0.0));\r\n                                              ^ \r\nexternal/eigen_archive/unsupported/Eigen/CXX11/../src/SpecialFunctions/SpecialFunctionsImpl.h:494:50: error: wrong type argument to unary minus\r\n   const T sign_mask = pset1<T>(Scalar(-0.0));\r\n                                                  ^\r\nexternal/eigen_archive/unsupported/Eigen/CXX11/../src/SpecialFunctions/SpecialFunctionsImpl.h:494:51: error: expected ')' before ';' token\r\n   const T sign_mask = pset1<T>(Scalar(-0.0));\r\n                                                   ^\r\nexternal/eigen_archive/unsupported/Eigen/CXX11/../src/SpecialFunctions/SpecialFunctionsImpl.h: In static member function 'static Scalar Eigen::internal::cephes_helper<Scalar>::machep()':\r\nexternal/eigen_archive/unsupported/Eigen/CXX11/../src/SpecialFunctions/SpecialFunctionsImpl.h:687:60: error: expected ')' before numeric constant\r\n   static EIGEN_STRONG_INLINE Scalar machep() { assert(false && \"machep not supported for this type\"); return 0.0; }\r\n                                                            ^~\r\nexternal/eigen_archive/unsupported/Eigen/CXX11/../src/SpecialFunctions/SpecialFunctionsImpl.h: In static member function 'static Scalar Eigen::internal::cephes_helper<Scalar>::big()':\r\nexternal/eigen_archive/unsupported/Eigen/CXX11/../src/SpecialFunctions/SpecialFunctionsImpl.h:689:57: error: expected ')' before numeric constant\r\n   static EIGEN_STRONG_INLINE Scalar big() { assert(false && \"big not supported for this type\"); return 0.0; }\r\n                                                         ^~\r\nexternal/eigen_archive/unsupported/Eigen/CXX11/../src/SpecialFunctions/SpecialFunctionsImpl.h: In static member function 'static Scalar Eigen::internal::cephes_helper<Scalar>::biginv()':\r\nexternal/eigen_archive/unsupported/Eigen/CXX11/../src/SpecialFunctions/SpecialFunctionsImpl.h:691:60: error: expected ')' before numeric constant\r\n   static EIGEN_STRONG_INLINE Scalar biginv() { assert(false && \"biginv not supported for this type\"); return 0.0; }\r\n                                                            ^~\r\nexternal/eigen_archive/unsupported/Eigen/CXX11/../src/SpecialFunctions/SpecialFunctionsImpl.h: In static member function 'static Scalar Eigen::internal::zeta_impl<Scalar>::run(Scalar, Scalar)':\r\nexternal/eigen_archive/unsupported/Eigen/CXX11/../src/SpecialFunctions/SpecialFunctionsImpl.h:1390:26: error: expected ')' before numeric constant\r\n         const Scalar zero = 0.0, half = 0.5, one = 1.0;\r\n                          ^~\r\nexternal/eigen_archive/unsupported/Eigen/CXX11/../src/SpecialFunctions/SpecialFunctionsImpl.h:1390:61: error: expected ')' before ';' token\r\n         const Scalar zero = 0.0, half = 0.5, one = 1.0;\r\n                                                             ^\r\nexternal/eigen_archive/unsupported/Eigen/CXX11/../src/SpecialFunctions/SpecialFunctionsImpl.h:1394:10: error: 'one' was not declared in this scope\r\n         if( x == one )\r\n          ^~~\r\nexternal/eigen_archive/unsupported/Eigen/CXX11/../src/SpecialFunctions/SpecialFunctionsImpl.h:1394:10: note: suggested alternative: 'conj'\r\n         if( x == one )\r\n          ^~~\r\n          conj\r\nexternal/eigen_archive/unsupported/Eigen/CXX11/../src/SpecialFunctions/SpecialFunctionsImpl.h:1397:9: error: 'one' was not declared in this scope\r\n         if( x < one )\r\n         ^~~\r\nexternal/eigen_archive/unsupported/Eigen/CXX11/../src/SpecialFunctions/SpecialFunctionsImpl.h:1397:9: note: suggested alternative: 'conj'\r\n         if( x < one )\r\n         ^~~\r\n         conj\r\nexternal/eigen_archive/unsupported/Eigen/CXX11/../src/SpecialFunctions/SpecialFunctionsImpl.h:1433:22: error: 'one' was not declared in this scope\r\n         s += b*w/(x-one);\r\n                      ^~~\r\nexternal/eigen_archive/unsupported/Eigen/CXX11/../src/SpecialFunctions/SpecialFunctionsImpl.h:1433:22: note: suggested alternative: 'conj'\r\n         s += b*w/(x-one);\r\n                      ^~~\r\n                      conj\r\nexternal/eigen_archive/unsupported/Eigen/CXX11/../src/SpecialFunctions/SpecialFunctionsImpl.h:1434:12: error: expected primary-expression before '*' token\r\n         s -= half * b;\r\n            ^\r\nexternal/eigen_archive/unsupported/Eigen/CXX11/../src/SpecialFunctions/SpecialFunctionsImpl.h: In static member function 'static Scalar Eigen::internal::polygamma_impl<Scalar>::run(Scalar, Scalar)':\r\nexternal/eigen_archive/unsupported/Eigen/CXX11/../src/SpecialFunctions/SpecialFunctionsImpl.h:1483:20: error: expected ')' before numeric constant\r\n         Scalar zero = 0.0, one = 1.0;\r\n                    ^~\r\nexternal/eigen_archive/unsupported/Eigen/CXX11/../src/SpecialFunctions/SpecialFunctionsImpl.h:1483:39: error: expected ')' before ';' token\r\n         Scalar zero = 0.0, one = 1.0;\r\n                                       ^\r\nexternal/eigen_archive/unsupported/Eigen/CXX11/../src/SpecialFunctions/SpecialFunctionsImpl.h:1484:20: error: 'one' was not declared in this scope\r\n         Scalar nplus = n + one;\r\n                    ^~~\r\nexternal/eigen_archive/unsupported/Eigen/CXX11/../src/SpecialFunctions/SpecialFunctionsImpl.h:1484:20: note: suggested alternative: 'conj'\r\n         Scalar nplus = n + one;\r\n                    ^~~\r\n                    conj\r\nexternal/eigen_archive/unsupported/Eigen/CXX11/../src/SpecialFunctions/SpecialFunctionsImpl.h: In static member function 'static float Eigen::internal::betainc_helper<float>::incbps(float, float, float)':\r\nexternal/eigen_archive/unsupported/Eigen/CXX11/../src/SpecialFunctions/SpecialFunctionsImpl.h:1782:9: error: expected ')' before numeric constant\r\n     s = 0.0f;\r\n         ^~~\r\nexternal/eigen_archive/unsupported/Eigen/CXX11/../src/SpecialFunctions/SpecialFunctionsImpl.h:1782:12: error: cannot convert 'double(const char*) throw ()' to 'float' in assignment\r\n     s = 0.0f;\r\n            ^\r\nexternal/eigen_archive/unsupported/Eigen/CXX11/../src/SpecialFunctions/SpecialFunctionsImpl.h:1786:14: error: expected ')' before numeric constant\r\n       if (b == 0.0f) {\r\n              ^~~\r\nexternal/eigen_archive/unsupported/Eigen/CXX11/../src/SpecialFunctions/SpecialFunctionsImpl.h:1786:7: error: invalid operands of types 'float' and 'double(const char*) throw ()' to binary 'operator=='\r\n       if (b == 0.0f) {\r\n       ^~~~~~~~~~\r\nexternal/eigen_archive/unsupported/Eigen/CXX11/../src/SpecialFunctions/SpecialFunctionsImpl.h:1789:1: error: expected ')' before 'a'\r\n       a += 1.0f;\r\n ^\r\nexternal/eigen_archive/unsupported/Eigen/CXX11/../src/SpecialFunctions/SpecialFunctionsImpl.h: In static member function 'static float Eigen::internal::betainc_impl<float>::run(float, float, float)':\r\nexternal/eigen_archive/unsupported/Eigen/CXX11/../src/SpecialFunctions/SpecialFunctionsImpl.h:1805:14: error: expected ')' before numeric constant\r\n     if (a <= 0.0f) return nan;\r\n              ^~~\r\nexternal/eigen_archive/unsupported/Eigen/CXX11/../src/SpecialFunctions/SpecialFunctionsImpl.h:1806:1: error: expected ')' before 'if'\r\n     if (b <= 0.0f) return nan;\r\n ^ \r\nexternal/eigen_archive/unsupported/Eigen/CXX11/../src/SpecialFunctions/SpecialFunctionsImpl.h:1824:1: error: expected primary-expression before '}' token\r\n   }\r\n ^\r\nexternal/eigen_archive/unsupported/Eigen/CXX11/../src/SpecialFunctions/SpecialFunctionsImpl.h: In static member function 'static double Eigen::internal::betainc_helper<double>::incbps(double, double, double)':\r\nexternal/eigen_archive/unsupported/Eigen/CXX11/../src/SpecialFunctions/SpecialFunctionsImpl.h:1841:9: error: expected ')' before numeric constant\r\n     s = 0.0;\r\n         ^~\r\nexternal/eigen_archive/unsupported/Eigen/CXX11/../src/SpecialFunctions/SpecialFunctionsImpl.h:1841:11: error: cannot convert 'double(const char*) throw ()' to 'double' in assignment\r\n     s = 0.0;\r\n           ^\r\nexternal/eigen_archive/unsupported/Eigen/CXX11/../src/SpecialFunctions/SpecialFunctionsImpl.h: In static member function 'static double Eigen::internal::betainc_impl<double>::run(double, double, double)':\r\nexternal/eigen_archive/unsupported/Eigen/CXX11/../src/SpecialFunctions/SpecialFunctionsImpl.h:1878:16: error: expected ')' before numeric constant\r\n     if (aa <= 0.0 || bb <= 0.0) {\r\n                ^~\r\nexternal/eigen_archive/unsupported/Eigen/CXX11/../src/SpecialFunctions/SpecialFunctionsImpl.h:1882:1: error: expected ')' before 'if'\r\n     if ((xx <= 0.0) || (xx >= 1.0)) {\r\n ^ \r\nexternal/eigen_archive/unsupported/Eigen/CXX11/../src/SpecialFunctions/SpecialFunctionsImpl.h:1889:1: error: expected ')' before 'if'\r\n     if ((bb * xx) <= 1.0 && xx <= 0.95) {\r\n ^ \r\nexternal/eigen_archive/unsupported/Eigen/CXX11/../src/SpecialFunctions/SpecialFunctionsImpl.h:1921:13: error: expected ')' before numeric constant\r\n     if (y < 0.0) {\r\n             ^~\r\nexternal/eigen_archive/unsupported/Eigen/CXX11/../src/SpecialFunctions/SpecialFunctionsImpl.h:1923:3: error: expected ')' before 'else'\r\n     } else {\r\n   ^ ~~\r\n/global/home/groups/co_noneq/deepmd/gcc/lib/gcc/x86_64-pc-linux-gnu/7.4.0/../../../../include/c++/7.4.0/bits/random.h: In member function 'double std::random_device::entropy() const':\r\n/global/home/groups/co_noneq/deepmd/gcc/lib/gcc/x86_64-pc-linux-gnu/7.4.0/../../../../include/c++/7.4.0/bits/random.h:1606:14: error: expected ')' before numeric constant\r\n     { return 0.0; }\r\n              ^~\r\n/global/home/groups/co_noneq/deepmd/gcc/lib/gcc/x86_64-pc-linux-gnu/7.4.0/../../../../include/c++/7.4.0/bits/random.h:1606:16: error: cannot convert 'double (*)(const char*) throw ()' to 'double' in return\r\n     { return 0.0; }\r\n                ^\r\n/global/home/groups/co_noneq/deepmd/gcc/lib/gcc/x86_64-pc-linux-gnu/7.4.0/../../../../include/c++/7.4.0/bits/random.tcc: In member function 'std::poisson_distribution<_IntType>::result_type std::poisson_distribution<_IntType>::operator()(_UniformRandomNumberGenerator&, const std::poisson_distribution<_IntType>::param_type&)':\r\n/global/home/groups/co_noneq/deepmd/gcc/lib/gcc/x86_64-pc-linux-gnu/7.4.0/../../../../include/c++/7.4.0/bits/random.tcc:1319:18: error: expected ')' before numeric constant\r\n   double __w = 0.0;\r\n                  ^~\r\n/global/home/groups/co_noneq/deepmd/gcc/lib/gcc/x86_64-pc-linux-gnu/7.4.0/../../../../include/c++/7.4.0/bits/random.tcc: In member function 'std::binomial_distribution<_IntType>::result_type std::binomial_distribution<_IntType>::_M_waiting(_UniformRandomNumberGenerator&, _IntType, double)':\r\n/global/home/groups/co_noneq/deepmd/gcc/lib/gcc/x86_64-pc-linux-gnu/7.4.0/../../../../include/c++/7.4.0/bits/random.tcc:1503:20: error: expected ')' before numeric constant\r\n  double __sum = 0.0;\r\n                    ^ \r\n/global/home/groups/co_noneq/deepmd/gcc/lib/gcc/x86_64-pc-linux-gnu/7.4.0/../../../../include/c++/7.4.0/bits/random.tcc: In member function 'std::normal_distribution<_RealType>::result_type std::normal_distribution<_RealType>::operator()(_UniformRandomNumberGenerator&, const std::normal_distribution<_RealType>::param_type&)':\r\n/global/home/groups/co_noneq/deepmd/gcc/lib/gcc/x86_64-pc-linux-gnu/7.4.0/../../../../include/c++/7.4.0/bits/random.tcc:1804:39: error: expected ')' before numeric constant\r\n      while (__r2 > 1.0 || __r2 == 0.0);\r\n                                       ^ \r\n/global/home/groups/co_noneq/deepmd/gcc/lib/gcc/x86_64-pc-linux-gnu/7.4.0/../../../../include/c++/7.4.0/bits/random.tcc:1804:44: error: expected ')' before ';' token\r\n      while (__r2 > 1.0 || __r2 == 0.0);\r\n                                            ^\r\n/global/home/groups/co_noneq/deepmd/gcc/lib/gcc/x86_64-pc-linux-gnu/7.4.0/../../../../include/c++/7.4.0/bits/random.tcc:1804:44: error: expected ')' before ';' token\r\n/global/home/groups/co_noneq/deepmd/gcc/lib/gcc/x86_64-pc-linux-gnu/7.4.0/../../../../include/c++/7.4.0/bits/random.tcc: In member function 'void std::normal_distribution<_RealType>::__generate_impl(_ForwardIterator, _ForwardIterator, _UniformRandomNumberGenerator&, const std::normal_distribution<_RealType>::param_type&)':\r\n/global/home/groups/co_noneq/deepmd/gcc/lib/gcc/x86_64-pc-linux-gnu/7.4.0/../../../../include/c++/7.4.0/bits/random.tcc:1851:39: error: expected ')' before numeric constant\r\n      while (__r2 > 1.0 || __r2 == 0.0);\r\n                                       ^ \r\n/global/home/groups/co_noneq/deepmd/gcc/lib/gcc/x86_64-pc-linux-gnu/7.4.0/../../../../include/c++/7.4.0/bits/random.tcc:1851:44: error: expected ')' before ';' token\r\n      while (__r2 > 1.0 || __r2 == 0.0);\r\n                                            ^\r\n/global/home/groups/co_noneq/deepmd/gcc/lib/gcc/x86_64-pc-linux-gnu/7.4.0/../../../../include/c++/7.4.0/bits/random.tcc:1851:44: error: expected ')' before ';' token\r\n/global/home/groups/co_noneq/deepmd/gcc/lib/gcc/x86_64-pc-linux-gnu/7.4.0/../../../../include/c++/7.4.0/bits/random.tcc:1867:39: error: expected ')' before numeric constant\r\n      while (__r2 > 1.0 || __r2 == 0.0);\r\n                                       ^ \r\n/global/home/groups/co_noneq/deepmd/gcc/lib/gcc/x86_64-pc-linux-gnu/7.4.0/../../../../include/c++/7.4.0/bits/random.tcc:1867:44: error: expected ')' before ';' token\r\n      while (__r2 > 1.0 || __r2 == 0.0);\r\n                                            ^\r\n/global/home/groups/co_noneq/deepmd/gcc/lib/gcc/x86_64-pc-linux-gnu/7.4.0/../../../../include/c++/7.4.0/bits/random.tcc:1867:44: error: expected ')' before ';' token\r\n/global/home/groups/co_noneq/deepmd/gcc/lib/gcc/x86_64-pc-linux-gnu/7.4.0/../../../../include/c++/7.4.0/bits/random.tcc: In member function 'std::gamma_distribution<_RealType>::result_type std::gamma_distribution<_RealType>::operator()(_UniformRandomNumberGenerator&, const std::gamma_distribution<_RealType>::param_type&)':\r\n/global/home/groups/co_noneq/deepmd/gcc/lib/gcc/x86_64-pc-linux-gnu/7.4.0/../../../../include/c++/7.4.0/bits/random.tcc:2354:19: error: expected ')' before numeric constant\r\n      while (__v <= 0.0);\r\n                   ^~\r\n/global/home/groups/co_noneq/deepmd/gcc/lib/gcc/x86_64-pc-linux-gnu/7.4.0/../../../../include/c++/7.4.0/bits/random.tcc:2354:23: error: expected ')' before ';' token\r\n      while (__v <= 0.0);\r\n                       ^\r\n/global/home/groups/co_noneq/deepmd/gcc/lib/gcc/x86_64-pc-linux-gnu/7.4.0/../../../../include/c++/7.4.0/bits/random.tcc:2369:19: error: expected ')' before numeric constant\r\n      while (__u == 0.0);\r\n                   ^~\r\n/global/home/groups/co_noneq/deepmd/gcc/lib/gcc/x86_64-pc-linux-gnu/7.4.0/../../../../include/c++/7.4.0/bits/random.tcc:2369:23: error: expected ')' before ';' token\r\n      while (__u == 0.0);\r\n                       ^\r\n/global/home/groups/co_noneq/deepmd/gcc/lib/gcc/x86_64-pc-linux-gnu/7.4.0/../../../../include/c++/7.4.0/bits/random.tcc: In member function 'void std::gamma_distribution<_RealType>::__generate_impl(_ForwardIterator, _ForwardIterator, _UniformRandomNumberGenerator&, const std::gamma_distribution<_RealType>::param_type&)':\r\n/global/home/groups/co_noneq/deepmd/gcc/lib/gcc/x86_64-pc-linux-gnu/7.4.0/../../../../include/c++/7.4.0/bits/random.tcc:2403:19: error: expected ')' before numeric constant\r\n     while (__v <= 0.0);\r\n                   ^~\r\n/global/home/groups/co_noneq/deepmd/gcc/lib/gcc/x86_64-pc-linux-gnu/7.4.0/../../../../include/c++/7.4.0/bits/random.tcc:2403:23: error: expected ')' before ';' token\r\n     while (__v <= 0.0);\r\n                       ^\r\n/global/home/groups/co_noneq/deepmd/gcc/lib/gcc/x86_64-pc-linux-gnu/7.4.0/../../../../include/c++/7.4.0/bits/random.tcc:2424:19: error: expected ')' before numeric constant\r\n     while (__v <= 0.0);\r\n                   ^~\r\n/global/home/groups/co_noneq/deepmd/gcc/lib/gcc/x86_64-pc-linux-gnu/7.4.0/../../../../include/c++/7.4.0/bits/random.tcc:2424:23: error: expected ')' before ';' token\r\n     while (__v <= 0.0);\r\n                       ^\r\n/global/home/groups/co_noneq/deepmd/gcc/lib/gcc/x86_64-pc-linux-gnu/7.4.0/../../../../include/c++/7.4.0/bits/random.tcc:2435:19: error: expected ')' before numeric constant\r\n        while (__u == 0.0);\r\n                   ^~\r\n/global/home/groups/co_noneq/deepmd/gcc/lib/gcc/x86_64-pc-linux-gnu/7.4.0/../../../../include/c++/7.4.0/bits/random.tcc:2435:23: error: expected ')' before ';' token\r\n        while (__u == 0.0);\r\n                       ^\r\n/global/home/groups/co_noneq/deepmd/gcc/lib/gcc/x86_64-pc-linux-gnu/7.4.0/../../../../include/c++/7.4.0/bits/random.tcc: In member function 'void std::discrete_distribution<_IntType>::param_type::_M_initialize()':\r\n/global/home/groups/co_noneq/deepmd/gcc/lib/gcc/x86_64-pc-linux-gnu/7.4.0/../../../../include/c++/7.4.0/bits/random.tcc:2652:78: error: expected ')' before numeric constant\r\n       const double __sum = std::accumulate(_M_prob.begin(),\r\n                                                                              ^ \r\n/global/home/groups/co_noneq/deepmd/gcc/lib/gcc/x86_64-pc-linux-gnu/7.4.0/../../../../include/c++/7.4.0/bits/random.tcc:2652:82: error: expected ')' before ';' token\r\n       const double __sum = std::accumulate(_M_prob.begin(),\r\n                                                                                  ^\r\n/global/home/groups/co_noneq/deepmd/gcc/lib/gcc/x86_64-pc-linux-gnu/7.4.0/../../../../include/c++/7.4.0/bits/random.tcc: In member function 'void std::piecewise_constant_distribution<_RealType>::param_type::_M_initialize()':\r\n/global/home/groups/co_noneq/deepmd/gcc/lib/gcc/x86_64-pc-linux-gnu/7.4.0/../../../../include/c++/7.4.0/bits/random.tcc:2805:76: error: expected ')' before numeric constant\r\n       const double __sum = std::accumulate(_M_den.begin(),\r\n                                                                            ^ \r\n/global/home/groups/co_noneq/deepmd/gcc/lib/gcc/x86_64-pc-linux-gnu/7.4.0/../../../../include/c++/7.4.0/bits/random.tcc:2805:80: error: expected ')' before ';' token\r\n       const double __sum = std::accumulate(_M_den.begin(),\r\n                                                                                ^\r\n/global/home/groups/co_noneq/deepmd/gcc/lib/gcc/x86_64-pc-linux-gnu/7.4.0/../../../../include/c++/7.4.0/bits/random.tcc: In member function 'std::piecewise_constant_distribution<_RealType>::result_type std::piecewise_constant_distribution<_RealType>::operator()(_UniformRandomNumberGenerator&, const std::piecewise_constant_distribution<_RealType>::param_type&)':\r\n/global/home/groups/co_noneq/deepmd/gcc/lib/gcc/x86_64-pc-linux-gnu/7.4.0/../../../../include/c++/7.4.0/bits/random.tcc:2902:71: error: expected ')' before numeric constant\r\n  const double __pref = __i > 0 ? __param._M_cp[__i - 1] : 0.0;\r\n                                                                       ^ \r\n/global/home/groups/co_noneq/deepmd/gcc/lib/gcc/x86_64-pc-linux-gnu/7.4.0/../../../../include/c++/7.4.0/bits/random.tcc:2902:75: error: expected ')' before ';' token\r\n  const double __pref = __i > 0 ? __param._M_cp[__i - 1] : 0.0;\r\n                                                                           ^\r\n/global/home/groups/co_noneq/deepmd/gcc/lib/gcc/x86_64-pc-linux-gnu/7.4.0/../../../../include/c++/7.4.0/bits/random.tcc: In member function 'void std::piecewise_constant_distribution<_RealType>::__generate_impl(_ForwardIterator, _ForwardIterator, _UniformRandomNumberGenerator&, const std::piecewise_constant_distribution<_RealType>::param_type&)':\r\n/global/home/groups/co_noneq/deepmd/gcc/lib/gcc/x86_64-pc-linux-gnu/7.4.0/../../../../include/c++/7.4.0/bits/random.tcc:2935:71: error: expected ')' before numeric constant\r\n      const double __pref = __i > 0 ? __param._M_cp[__i - 1] : 0.0;\r\n                                                                       ^ \r\n/global/home/groups/co_noneq/deepmd/gcc/lib/gcc/x86_64-pc-linux-gnu/7.4.0/../../../../include/c++/7.4.0/bits/random.tcc:2935:75: error: expected ')' before ';' token\r\n      const double __pref = __i > 0 ? __param._M_cp[__i - 1] : 0.0;\r\n                                                                           ^\r\n/global/home/groups/co_noneq/deepmd/gcc/lib/gcc/x86_64-pc-linux-gnu/7.4.0/../../../../include/c++/7.4.0/bits/random.tcc: In member function 'void std::piecewise_linear_distribution<_RealType>::param_type::_M_initialize()':\r\n/global/home/groups/co_noneq/deepmd/gcc/lib/gcc/x86_64-pc-linux-gnu/7.4.0/../../../../include/c++/7.4.0/bits/random.tcc:3030:20: error: expected ')' before numeric constant\r\n       double __sum = 0.0;\r\n                    ^~\r\n/global/home/groups/co_noneq/deepmd/gcc/lib/gcc/x86_64-pc-linux-gnu/7.4.0/../../../../include/c++/7.4.0/bits/random.tcc: In member function 'std::piecewise_linear_distribution<_RealType>::result_type std::piecewise_linear_distribution<_RealType>::operator()(_UniformRandomNumberGenerator&, const std::piecewise_linear_distribution<_RealType>::param_type&)':\r\n/global/home/groups/co_noneq/deepmd/gcc/lib/gcc/x86_64-pc-linux-gnu/7.4.0/../../../../include/c++/7.4.0/bits/random.tcc:3125:71: error: expected ')' before numeric constant\r\n  const double __pref = __i > 0 ? __param._M_cp[__i - 1] : 0.0;\r\n                                                                       ^ \r\n/global/home/groups/co_noneq/deepmd/gcc/lib/gcc/x86_64-pc-linux-gnu/7.4.0/../../../../include/c++/7.4.0/bits/random.tcc:3125:75: error: expected ')' before ';' token\r\n  const double __pref = __i > 0 ? __param._M_cp[__i - 1] : 0.0;\r\n                                                                           ^\r\nexternal/eigen_archive/unsupported/Eigen/CXX11/src/Tensor/TensorArgMax.h: In member function 'Eigen::TensorOpCost Eigen::TensorEvaluator<const Eigen::TensorPairReducerOp<ReduceOp, Dims, XprType>, Device>::costPerCoeff(bool) const':\r\nexternal/eigen_archive/unsupported/Eigen/CXX11/src/Tensor/TensorArgMax.h:289:65: error: expected ')' before numeric constant\r\n     const double compute_cost = 1.0 +\r\n                                                                 ^ \r\nexternal/eigen_archive/unsupported/Eigen/CXX11/src/Tensor/TensorArgMax.h:289:159: error: expected ':' before ';' token\r\n     const double compute_cost = 1.0 +\r\n                                                                                                                                                               ^\r\nexternal/eigen_archive/unsupported/Eigen/CXX11/src/Tensor/TensorArgMax.h:289:159: error: expected primary-expression before ';' token\r\nexternal/eigen_archive/unsupported/Eigen/CXX11/src/Tensor/TensorArgMax.h:289:159: error: expected ')' before ';' token\r\nexternal/eigen_archive/unsupported/Eigen/CXX11/src/Tensor/TensorFFT.h: At global scope:\r\nexternal/eigen_archive/unsupported/Eigen/CXX11/src/Tensor/TensorFFT.h:595:61: error: expected ')' before numeric constant\r\n   const RealScalar m_sin_PI_div_n_LUT[32] = {\r\n                                                             ^ \r\nexternal/eigen_archive/unsupported/Eigen/CXX11/src/Tensor/TensorFFT.h:595:1414: error: expected ')' before '}' token\r\n   const RealScalar m_sin_PI_div_n_LUT[32] = {\r\n                                                                                                                                                                                                                                                                                                                                                                                                                                                                                                                                                                                                                                                                                                                                                                                                                                                                                                                                                                                                                                                                                                                                                                                                                                                                                                                                                                                                                                                                      ^\r\nexternal/eigen_archive/unsupported/Eigen/CXX11/src/Tensor/TensorFFT.h:631:69: error: expected ')' before numeric constant\r\n   const RealScalar m_minus_sin_2_PI_div_n_LUT[32] = {\r\n                                                                     ^ \r\nexternal/eigen_archive/unsupported/Eigen/CXX11/src/Tensor/TensorFFT.h:631:1404: error: expected ')' before '}' token\r\n   const RealScalar m_minus_sin_2_PI_div_n_LUT[32] = {\r\n                                                                                                                                                                                                                                                                                                                                                                                                                                                                                                                                                                                                                                                                                                                                                                                                                                                                                                                                                                                                                                                                                                                                                                                                                                                                                                                                                                                                                                                            ^\r\nexternal/eigen_archive/unsupported/Eigen/CXX11/src/Tensor/TensorFFT.h: In member function 'void Eigen::TensorEvaluator<const Eigen::TensorFFTOp<FFT, ArgType, FFTResultType, FFTDir>, Device>::butterfly_4(Eigen::TensorEvaluator<const Eigen::TensorFFTOp<FFT, ArgType, FFTResultType, FFTDir>, Device>::ComplexScalar*)':\r\nexternal/eigen_archive/unsupported/Eigen/CXX11/src/Tensor/TensorFFT.h:441:26: error: expected primary-expression before '(' token\r\n       tmp[3] = ComplexScalar(0.0, -1.0) * (data[2] - data[3]);\r\n                          ^\r\nexternal/eigen_archive/unsupported/Eigen/CXX11/src/Tensor/TensorFFT.h:441:31: error: expected ')' before numeric constant\r\n       tmp[3] = ComplexScalar(0.0, -1.0) * (data[2] - data[3]);\r\n                               ^~\r\nexternal/eigen_archive/unsupported/Eigen/CXX11/src/Tensor/TensorFFT.h:441:70: error: expected ')' before ';' token\r\n       tmp[3] = ComplexScalar(0.0, -1.0) * (data[2] - data[3]);\r\n                                                                      ^\r\nexternal/eigen_archive/unsupported/Eigen/CXX11/src/Tensor/TensorFFT.h:441:70: error: expected ')' before ';' token\r\nexternal/eigen_archive/unsupported/Eigen/CXX11/src/Tensor/TensorFFT.h:443:26: error: expected primary-expression before '(' token\r\n       tmp[3] = ComplexScalar(0.0, 1.0) * (data[2] - data[3]);\r\n                          ^\r\nexternal/eigen_archive/unsupported/Eigen/CXX11/src/Tensor/TensorFFT.h:443:31: error: expected ')' before numeric constant\r\n       tmp[3] = ComplexScalar(0.0, 1.0) * (data[2] - data[3]);\r\n                               ^~\r\nexternal/eigen_archive/unsupported/Eigen/CXX11/src/Tensor/TensorFFT.h:443:69: error: expected ')' before ';' token\r\n       tmp[3] = ComplexScalar(0.0, 1.0) * (data[2] - data[3]);\r\n                                                                     ^\r\nexternal/eigen_archive/unsupported/Eigen/CXX11/src/Tensor/TensorFFT.h:443:69: error: expected ')' before ';' token\r\nexternal/eigen_archive/unsupported/Eigen/CXX11/src/Tensor/TensorFFT.h: In member function 'void Eigen::TensorEvaluator<const Eigen::TensorFFTOp<FFT, ArgType, FFTResultType, FFTDir>, Device>::butterfly_1D_merge(Eigen::TensorEvaluator<const Eigen::TensorFFTOp<FFT, ArgType, FFTResultType, FFTDir>, Device>::ComplexScalar*, Eigen::TensorEvaluator<const Eigen::TensorFFTOp<FFT, ArgType, FFTResultType, FFTDir>, Device>::Index, Eigen::TensorEvaluator<const Eigen::TensorFFTOp<FFT, ArgType, FFTResultType, FFTDir>, Device>::Index)':\r\nexternal/eigen_archive/unsupported/Eigen/CXX11/src/Tensor/TensorFFT.h:515:28: error: expected ')' before numeric constant\r\n     ComplexScalar w(1.0, 0.0);\r\n                            ^~\r\nexternal/eigen_archive/unsupported/Eigen/CXX11/src/Tensor/TensorFFT.h:515:32: error: expected ')' before ';' token\r\n     ComplexScalar w(1.0, 0.0);\r\n                                ^\r\nexternal/eigen_archive/unsupported/Eigen/CXX11/src/Tensor/TensorAssign.h: In member function 'Eigen::TensorOpCost Eigen::TensorEvaluator<const Eigen::TensorAssignOp<LhsXprType, RhsXprType>, Device>::costPerCoeff(bool) const':\r\nexternal/eigen_archive/unsupported/Eigen/CXX11/src/Tensor/TensorAssign.h:196:64: error: expected primary-expression before '(' token\r\n     return m_rightImpl.costPerCoeff(vectorized) +\r\n                                                                ^\r\nexternal/eigen_archive/unsupported/Eigen/CXX11/src/Tensor/TensorAssign.h:196:82: error: expected ')' before numeric constant\r\n     return m_rightImpl.costPerCoeff(vectorized) +\r\n                                                                                  ^ \r\nexternal/eigen_archive/unsupported/Eigen/CXX11/src/Tensor/TensorAssign.h:196:251: error: expected ')' before ';' token\r\n     return m_rightImpl.costPerCoeff(vectorized) +\r\n                                                                                                                                                                                                                                                           ^\r\nexternal/eigen_archive/unsupported/Eigen/CXX11/src/Tensor/TensorAssign.h:196:251: error: expected ')' before ';' token\r\n./tensorflow/core/kernels/cwise_ops.h: In member function 'Scalar Eigen::internal::xlogy_op<Scalar>::operator()(const Scalar&, const Scalar&) const':\r\n./tensorflow/core/kernels/cwise_ops.h:696:23: error: expected ')' before numeric constant\r\n     if (x == Scalar(0.)) {\r\n                       ^~\r\n./tensorflow/core/kernels/cwise_ops.h:699:1: error: expected ')' before 'return'\r\n     return x * numext::log(y);\r\n ^   ~~\r\n./tensorflow/core/kernels/cwise_ops.h:699:26: error: expected ')' before ';' token\r\n     return x * numext::log(y);\r\n                          ^\r\n./tensorflow/core/kernels/cwise_ops.h: In member function 'Scalar Eigen::internal::xlog1py_op<Scalar>::operator()(const Scalar&, const Scalar&) const':\r\n./tensorflow/core/kernels/cwise_ops.h:727:23: error: expected ')' before numeric constant\r\n     if (x == Scalar(0.)) {\r\n                       ^~\r\n./tensorflow/core/kernels/cwise_ops.h:730:1: error: expected ')' before 'return'\r\n     return x * numext::log1p(y);\r\n ^   ~~\r\n./tensorflow/core/kernels/cwise_ops.h:730:28: error: expected ')' before ';' token\r\n     return x * numext::log1p(y);\r\n                            ^\r\n./tensorflow/core/kernels/cwise_ops.h: In member function 'Scalar Eigen::internal::xdivy_op<Scalar>::operator()(const Scalar&, const Scalar&) const':\r\n./tensorflow/core/kernels/cwise_ops.h:762:23: error: expected ')' before numeric constant\r\n     if (x == Scalar(0.)) {\r\n                       ^~\r\n./tensorflow/core/kernels/cwise_ops.h:765:1: error: expected ')' before 'return'\r\n     return x / y;\r\n ^   ~~\r\n./tensorflow/core/kernels/cwise_ops.h:765:13: error: expected ')' before ';' token\r\n     return x / y;\r\n             ^\r\nexternal/eigen_archive/unsupported/Eigen/CXX11/../src/SpecialFunctions/SpecialFunctionsImpl.h: In instantiation of 'static Scalar Eigen::internal::zeta_impl<Scalar>::run(Scalar, Scalar) [with Scalar = float]':\r\nexternal/eigen_archive/unsupported/Eigen/CXX11/../src/SpecialFunctions/SpecialFunctionsImpl.h:1985:114:   required from 'typename Eigen::internal::zeta_retval<typename Eigen::internal::global_math_functions_filtering_base<Scalar>::type>::type Eigen::numext::zeta(const Scalar&, const Scalar&) [with Scalar = float; typename Eigen::internal::zeta_retval<typename Eigen::internal::global_math_functions_filtering_base<Scalar>::type>::type = float]'\r\nexternal/eigen_archive/unsupported/Eigen/CXX11/../src/SpecialFunctions/SpecialFunctionsBFloat16.h:22:86:   required from here\r\nexternal/eigen_archive/unsupported/Eigen/CXX11/../src/SpecialFunctions/SpecialFunctionsImpl.h:1390:14: error: cannot convert 'double (*)(const char*) throw ()' to 'const float' in initialization\r\n         const Scalar zero = 0.0, half = 0.5, one = 1.0;\r\n              ^~~~\r\nexternal/eigen_archive/unsupported/Eigen/CXX11/../src/SpecialFunctions/SpecialFunctionsImpl.h: In instantiation of 'static Scalar Eigen::internal::polygamma_impl<Scalar>::run(Scalar, Scalar) [with Scalar = float]':\r\nexternal/eigen_archive/unsupported/Eigen/CXX11/../src/SpecialFunctions/SpecialFunctionsImpl.h:1991:119:   required from 'typename Eigen::internal::polygamma_retval<typename Eigen::internal::global_math_functions_filtering_base<Scalar>::type>::type Eigen::numext::polygamma(const Scalar&, const Scalar&) [with Scalar = float; typename Eigen::internal::polygamma_retval<typename Eigen::internal::global_math_functions_filtering_base<Scalar>::type>::type = float]'\r\nexternal/eigen_archive/unsupported/Eigen/CXX11/../src/SpecialFunctions/SpecialFunctionsBFloat16.h:25:91:   required from here\r\nexternal/eigen_archive/unsupported/Eigen/CXX11/../src/SpecialFunctions/SpecialFunctionsImpl.h:1483:8: error: cannot convert 'double (*)(const char*) throw ()' to 'float' in initialization\r\n         Scalar zero = 0.0, one = 1.0;\r\n        ^~~~\r\nexternal/eigen_archive/unsupported/Eigen/CXX11/../src/SpecialFunctions/SpecialFunctionsImpl.h: In instantiation of 'static Scalar Eigen::internal::zeta_impl<Scalar>::run(Scalar, Scalar) [with Scalar = double]':\r\nexternal/eigen_archive/unsupported/Eigen/CXX11/../src/SpecialFunctions/SpecialFunctionsImpl.h:1985:114:   required from 'typename Eigen::internal::zeta_retval<typename Eigen::internal::global_math_functions_filtering_base<Scalar>::type>::type Eigen::numext::zeta(const Scalar&, const Scalar&) [with Scalar = double; typename Eigen::internal::zeta_retval<typename Eigen::internal::global_math_functions_filtering_base<Scalar>::type>::type = double]'\r\nexternal/eigen_archive/unsupported/Eigen/CXX11/../src/SpecialFunctions/arch/GPU/SpecialFunctions.h:60:34:   required from here\r\nexternal/eigen_archive/unsupported/Eigen/CXX11/../src/SpecialFunctions/SpecialFunctionsImpl.h:1390:14: error: cannot convert 'double (*)(const char*) throw ()' to 'const double' in initialization\r\n         const Scalar zero = 0.0, half = 0.5, one = 1.0;\r\n              ^~~~\r\nexternal/eigen_archive/unsupported/Eigen/CXX11/../src/SpecialFunctions/SpecialFunctionsImpl.h: In instantiation of 'static Scalar Eigen::internal::polygamma_impl<Scalar>::run(Scalar, Scalar) [with Scalar = double]':\r\nexternal/eigen_archive/unsupported/Eigen/CXX11/../src/SpecialFunctions/SpecialFunctionsImpl.h:1991:119:   required from 'typename Eigen::internal::polygamma_retval<typename Eigen::internal::global_math_functions_filtering_base<Scalar>::type>::type Eigen::numext::polygamma(const Scalar&, const Scalar&) [with Scalar = double; typename Eigen::internal::polygamma_retval<typename Eigen::internal::global_math_functions_filtering_base<Scalar>::type>::type = double]'\r\nexternal/eigen_archive/unsupported/Eigen/CXX11/../src/SpecialFunctions/arch/GPU/SpecialFunctions.h:74:39:   required from here\r\nexternal/eigen_archive/unsupported/Eigen/CXX11/../src/SpecialFunctions/SpecialFunctionsImpl.h:1483:8: error: cannot convert 'double (*)(const char*) throw ()' to 'double' in initialization\r\n         Scalar zero = 0.0, one = 1.0;\r\n        ^~~~\r\nTarget //tensorflow/tools/pip_package:build_pip_package failed to build\r\nINFO: Elapsed time: 866.600s, Critical Path: 166.89s\r\nINFO: 11958 processes: 2116 internal, 9842 local.\r\nFAILED: Build did NOT complete successfully`\r\n", "comments": ["I've posted a reply on your original ticket https://github.com/tensorflow/tensorflow/issues/53118#issuecomment-987330091", "Hi @ansingh1214 ! Could you please check status in issue #53118 ? Thanks!", "Duplicate of #53118", "Are you satisfied with the resolution of your issue?\n<a href=\"https://docs.google.com/forms/d/e/1FAIpQLSfaP12TRhd9xSxjXZjcZFNXPGk4kc1-qMdv3gc6bEP90vY1ew/viewform?entry.85265664=Yes&entry.2137816233=https://github.com/tensorflow/tensorflow/issues/53324\">Yes</a>\n<a href=\"https://docs.google.com/forms/d/e/1FAIpQLSfaP12TRhd9xSxjXZjcZFNXPGk4kc1-qMdv3gc6bEP90vY1ew/viewform?entry.85265664=No&entry.2137816233=https://github.com/tensorflow/tensorflow/issues/53324\">No</a>\n"]}, {"number": 53323, "title": "Add tolerance to ragged square root test so it passes on AARCH64", "body": "Fixes #53322 ", "comments": []}, {"number": 53322, "title": "Unit test //tensorflow/python/ops/ragged:ragged_dispatch_test fails on AARCH64", "body": "<em>Please make sure that this is a bug. As per our\r\n[GitHub Policy](https://github.com/tensorflow/tensorflow/blob/master/ISSUES.md),\r\nwe only address code/doc bugs, performance issues, feature requests and\r\nbuild/installation issues on GitHub. tag:bug_template</em>\r\n\r\n**System information**\r\n- Have I written custom code (as opposed to using a stock example script provided in TensorFlow): no\r\n- OS Platform and Distribution (e.g., Linux Ubuntu 16.04): Ubuntu 18.04\r\n- Mobile device (e.g. iPhone 8, Pixel 2, Samsung Galaxy) if the issue happens on mobile device: n/a\r\n- TensorFlow installed from (source or binary): source\r\n- TensorFlow version (use command below): git HEAD\r\n- Python version: 3.8.10\r\n- Bazel version (if compiling from source): 3.7.2\r\n- GCC/Compiler version (if compiling from source): 11.2.0\r\n- CUDA/cuDNN version: n/a\r\n- GPU model and memory: n/a\r\n\r\nYou can collect some of this information using our environment capture\r\n[script](https://github.com/tensorflow/tensorflow/tree/master/tools/tf_env_collect.sh)\r\nYou can also obtain the TensorFlow version with:\r\n1. TF 1.0: `python -c \"import tensorflow as tf; print(tf.GIT_VERSION, tf.VERSION)\"`\r\n2. TF 2.0: `python -c \"import tensorflow as tf; print(tf.version.GIT_VERSION, tf.version.VERSION)\"`\r\n\r\n**Describe the current behavior**\r\n\r\nTest fails with the following error\r\nFAIL: testRaggedDispatch18 (op=<function unsorted_segment_sqrt_n at 0xffff18e41f70>, kwargs={'data': tf.RaggedTensorValue(values=array([1., 2., 3., 4., 6.]), row_splits=array([0, 2, 5])), 'segment_ids': tf.RaggedTensorValue(values=array([0, 1, 0, 0, 0]), row_splits=array([0, 2, 5])), 'num_segments': 2}, expected=[7.0, 2.0]) (_main_.RaggedDispatchTest)\r\nRaggedDispatchTest.testRaggedDispatch18 (op=<function unsorted_segment_sqrt_n at 0xffff18e41f70>, kwargs={'data': tf.RaggedTensorValue(values=array([1., 2., 3., 4., 6.]), row_splits=array([0, 2, 5])), 'segment_ids': tf.RaggedTensorValue(values=array([0, 1, 0, 0, 0]), row_splits=array([0, 2, 5])), 'num_segments': 2}, expected=[7.0, 2.0])\r\ntestRaggedDispatch(op=<function unsorted_segment_sqrt_n at 0xffff18e41f70>, kwargs={'data': tf.RaggedTensorValue(values=array([1., 2., 3., 4., 6.]), row_splits=array([0, 2, 5])), 'segment_ids': tf.RaggedTensorValue(values=array([0, 1, 0, 0, 0]), row_splits=array([0, 2, 5])), 'num_segments': 2}, expected=[7.0, 2.0])\r\n----------------------------------------------------------------------\r\n\r\nTraceback (most recent call last):\r\nFile \"/home/builder/.cache/bazel/_bazel_builder/9dc2dbd69dc3512cedb530e1521082e7/execroot/org_tensorflow/bazel-out/aarch64-opt/bin/tensorflow/python/ops/ragged/ragged_dispatch_test.runfiles/org_tensorflow/tensorflow/python/framework/test_util.py\", line 1407, in decorated\r\nf(self, *args, **kwargs)\r\nFile \"/home/builder/.cache/bazel/_bazel_builder/9dc2dbd69dc3512cedb530e1521082e7/execroot/org_tensorflow/bazel-out/aarch64-opt/bin/tensorflow/python/ops/ragged/ragged_dispatch_test.runfiles/absl_py/absl/testing/parameterized.py\", line 314, in bound_param_test\r\nreturn test_method(self, **testcase_params)\r\nFile \"/home/builder/.cache/bazel/_bazel_builder/9dc2dbd69dc3512cedb530e1521082e7/execroot/org_tensorflow/bazel-out/aarch64-opt/bin/tensorflow/python/ops/ragged/ragged_dispatch_test.runfiles/org_tensorflow/tensorflow/python/ops/ragged/ragged_dispatch_test.py\", line 892, in testRaggedDispatch\r\nassert_fn(result, expected)\r\nFile \"/home/builder/.cache/bazel/_bazel_builder/9dc2dbd69dc3512cedb530e1521082e7/execroot/org_tensorflow/bazel-out/aarch64-opt/bin/tensorflow/python/ops/ragged/ragged_dispatch_test.runfiles/org_tensorflow/tensorflow/python/framework/test_util.py\", line 1447, in decorated\r\nreturn f(*args, **kwds)\r\nFile \"/home/builder/.cache/bazel/_bazel_builder/9dc2dbd69dc3512cedb530e1521082e7/execroot/org_tensorflow/bazel-out/aarch64-opt/bin/tensorflow/python/ops/ragged/ragged_dispatch_test.runfiles/org_tensorflow/tensorflow/python/framework/test_util.py\", line 3163, in assertAllEqual\r\nnp.testing.assert_array_equal(a, b, err_msg=\"\\n\".join(msgs))\r\nFile \"/usr/local/lib/python3.8/dist-packages/numpy/testing/_private/utils.py\", line 930, in assert_array_equal\r\nassert_array_compare(operator._eq_, x, y, err_msg=err_msg,\r\nFile \"/usr/local/lib/python3.8/dist-packages/numpy/testing/_private/utils.py\", line 840, in assert_array_compare\r\nraise AssertionError(msg)\r\nAssertionError:\r\nArrays are not equal\r\n\r\nnot equal where = (array([0, 1]),)\r\nnot equal lhs = array([7., 2.])\r\nnot equal rhs = array([7., 2.])\r\nMismatched elements: 2 / 2 (100%)\r\nMax absolute difference: 8.8817842e-16\r\nMax relative difference: 1.26882631e-16\r\nx: array([7., 2.])\r\ny: array([7., 2.])\r\n\r\n**Describe the expected behavior**\r\n\r\nTest passes\r\n\r\n**[Contributing](https://www.tensorflow.org/community/contribute)**\r\n\r\n- Do you want to contribute a PR? (yes/no): yes\r\n- Briefly describe your candidate solution(if contributing): Add a tolerance value to the test to allow minor difference in value\r\n\r\n**Standalone code to reproduce the issue**\r\nProvide a reproducible test case that is the bare minimum necessary to generate\r\nthe problem. If possible, please share a link to Colab/Jupyter/any notebook.\r\n\r\nbazel test --test_timeout=300,500,-1,-1 --flaky_test_attempts=3 --test_output=all --cache_test_results=no --remote_http_cache=\"\"  --remote_cache_proxy=\"\" --noremote_accept_cached --config=nonccl --build_tag_filters=-no_oss,-oss_serial,-gpu,-tpu,-benchmark-test,-v1only --test_tag_filters=-no_oss,-oss_serial,-gpu,-tpu,-benchmark-test,-v1only --copt=-ffp-contract=off --verbose_failures -- //tensorflow/python/ops/ragged:ragged_dispatch_test\r\n\r\n**Other info / logs** Include any logs or source code that would be helpful to\r\ndiagnose the problem. If including tracebacks, please include the full\r\ntraceback. Large logs and files should be attached.\r\n", "comments": ["@cfRod @nSircombe ", "@elfringham This issue will be closed once the [PR](https://github.com/tensorflow/tensorflow/pull/53323) is merged. Thanks!", "Are you satisfied with the resolution of your issue?\n<a href=\"https://docs.google.com/forms/d/e/1FAIpQLSfaP12TRhd9xSxjXZjcZFNXPGk4kc1-qMdv3gc6bEP90vY1ew/viewform?entry.85265664=Yes&entry.2137816233=https://github.com/tensorflow/tensorflow/issues/53322\">Yes</a>\n<a href=\"https://docs.google.com/forms/d/e/1FAIpQLSfaP12TRhd9xSxjXZjcZFNXPGk4kc1-qMdv3gc6bEP90vY1ew/viewform?entry.85265664=No&entry.2137816233=https://github.com/tensorflow/tensorflow/issues/53322\">No</a>\n"]}, {"number": 53320, "title": "I am having this error in my code, \"ValueError: No gradients provided for any variable:\"", "body": "This template is for miscellaneous issues not covered by the other issue categories.\r\n\r\nFor questions on how to work with TensorFlow, or support for problems that are\r\n\r\n\r\n\r\n\r\n\r\n\r\n\r\n\r\n\r\nEpoch 1/2\r\n---------------------------------------------------------------------------\r\nValueError                                Traceback (most recent call last)\r\nC:\\Users\\BLACKP~1\\AppData\\Local\\Temp/ipykernel_15028/4197043661.py in <module>\r\n----> 1 history = model.fit(X_tr, np.array(y_tr), batch_size=22, epochs=2, validation_split=0.1, verbose=1)\r\n\r\nc:\\users\\blackpearl\\appdata\\local\\programs\\python\\python38\\lib\\site-packages\\keras\\utils\\traceback_utils.py in error_handler(*args, **kwargs)\r\n     65     except Exception as e:  # pylint: disable=broad-except\r\n     66       filtered_tb = _process_traceback_frames(e.__traceback__)\r\n---> 67       raise e.with_traceback(filtered_tb) from None\r\n     68     finally:\r\n     69       del filtered_tb\r\n\r\nc:\\users\\blackpearl\\appdata\\local\\programs\\python\\python38\\lib\\site-packages\\tensorflow\\python\\framework\\func_graph.py in autograph_handler(*args, **kwargs)\r\n   1127           except Exception as e:  # pylint:disable=broad-except\r\n   1128             if hasattr(e, \"ag_error_metadata\"):\r\n-> 1129               raise e.ag_error_metadata.to_exception(e)\r\n   1130             else:\r\n   1131               raise\r\n\r\nValueError: in user code:\r\n\r\n    File \"c:\\users\\blackpearl\\appdata\\local\\programs\\python\\python38\\lib\\site-packages\\keras\\engine\\training.py\", line 878, in train_function  *\r\n        return step_function(self, iterator)\r\n    File \"c:\\users\\blackpearl\\appdata\\local\\programs\\python\\python38\\lib\\site-packages\\keras\\engine\\training.py\", line 867, in step_function  **\r\n        outputs = model.distribute_strategy.run(run_step, args=(data,))\r\n    File \"c:\\users\\blackpearl\\appdata\\local\\programs\\python\\python38\\lib\\site-packages\\keras\\engine\\training.py\", line 860, in run_step  **\r\n        outputs = model.train_step(data)\r\n    File \"c:\\users\\blackpearl\\appdata\\local\\programs\\python\\python38\\lib\\site-packages\\keras\\engine\\training.py\", line 816, in train_step\r\n        self.optimizer.minimize(loss, self.trainable_variables, tape=tape)\r\n    File \"c:\\users\\blackpearl\\appdata\\local\\programs\\python\\python38\\lib\\site-packages\\keras\\optimizer_v2\\optimizer_v2.py\", line 532, in minimize\r\n        return self.apply_gradients(grads_and_vars, name=name)\r\n    File \"c:\\users\\blackpearl\\appdata\\local\\programs\\python\\python38\\lib\\site-packages\\keras\\optimizer_v2\\optimizer_v2.py\", line 633, in apply_gradients\r\n        grads_and_vars = optimizer_utils.filter_empty_gradients(grads_and_vars)\r\n    File \"c:\\users\\blackpearl\\appdata\\local\\programs\\python\\python38\\lib\\site-packages\\keras\\optimizer_v2\\utils.py\", line 73, in filter_empty_gradients\r\n        raise ValueError(f\"No gradients provided for any variable: {variable}. \"\r\n\r\n    ValueError: No gradients provided for any variable: (['embedding_2/embeddings:0', 'bidirectional_4/forward_lstm_4/lstm_cell_13/kernel:0', 'bidirectional_4/forward_lstm_4/lstm_cell_13/recurrent_kernel:0', 'bidirectional_4/forward_lstm_4/lstm_cell_13/bias:0', 'bidirectional_4/backward_lstm_4/lstm_cell_14/kernel:0', 'bidirectional_4/backward_lstm_4/lstm_cell_14/recurrent_kernel:0', 'bidirectional_4/backward_lstm_4/lstm_cell_14/bias:0', 'time_distributed/kernel:0', 'time_distributed/bias:0'],). Provided `grads_and_vars` is ((None, <tf.Variable 'embedding_2/embeddings:0' shape=(12962, 20) dtype=float32>), (None, <tf.Variable 'bidirectional_4/forward_lstm_4/lstm_cell_13/kernel:0' shape=(20, 300) dtype=float32>), (None, <tf.Variable 'bidirectional_4/forward_lstm_4/lstm_cell_13/recurrent_kernel:0' shape=(75, 300) dtype=float32>), (None, <tf.Variable 'bidirectional_4/forward_lstm_4/lstm_cell_13/bias:0' shape=(300,) dtype=float32>), (None, <tf.Variable 'bidirectional_4/backward_lstm_4/lstm_cell_14/kernel:0' shape=(20, 300) dtype=float32>), (None, <tf.Variable 'bidirectional_4/backward_lstm_4/lstm_cell_14/recurrent_kernel:0' shape=(75, 300) dtype=float32>), (None, <tf.Variable 'bidirectional_4/backward_lstm_4/lstm_cell_14/bias:0' shape=(300,) dtype=float32>), (None, <tf.Variable 'time_distributed/kernel:0' shape=(150, 75) dtype=float32>), (None, <tf.Variable 'time_distributed/bias:0' shape=(75,) dtype=float32>)).\r\n", "comments": ["Hi @paktiger! Could you please fill the template from [here ](https://github.com/tensorflow/tensorflow/issues/new/choose)as it helps expedite the issue? Feel free to look at these similar issues for reference .[ link1](https://pretagteam.com/question/valueerror-no-gradients-provided-for-any-variable-when-using-modelfit),[link2](https://github.com/tensorflow/tensorflow/issues/1511). Thanks!", "This issue has been automatically marked as stale because it has no recent activity. It will be closed if no further activity occurs. Thank you.\n", "Closing as stale. Please reopen if you'd like to work on this further.\n", "Are you satisfied with the resolution of your issue?\n<a href=\"https://docs.google.com/forms/d/e/1FAIpQLSfaP12TRhd9xSxjXZjcZFNXPGk4kc1-qMdv3gc6bEP90vY1ew/viewform?entry.85265664=Yes&entry.2137816233=https://github.com/tensorflow/tensorflow/issues/53320\">Yes</a>\n<a href=\"https://docs.google.com/forms/d/e/1FAIpQLSfaP12TRhd9xSxjXZjcZFNXPGk4kc1-qMdv3gc6bEP90vY1ew/viewform?entry.85265664=No&entry.2137816233=https://github.com/tensorflow/tensorflow/issues/53320\">No</a>\n"]}, {"number": 53319, "title": "Build Debug Version of TF 2.4", "body": "**System information**\r\n- OS Platform and Distribution: Linux Ubuntu 20.04\r\n- TensorFlow version: 2.4\r\n- Python version: 3.8.5\r\n- Bazel version (if compiling from source): 3.1.0\r\n- GCC/Compiler version (if compiling from source): 9.3.0\r\n- CUDA/cuDNN version: 11.2\r\n\r\n\r\n\r\n**Command**\r\n bazel build --config=cuda --config=dbg //tensorflow/tools/pip_package:build_pip_package\r\n\r\n\r\n**Error Message**\r\nERROR: /tensorflow/tensorflow/BUILD:724:1: Linking of rule '//tensorflow:libtensorflow_framework.so.2.4.4' failed (Exit 1)\r\n/usr/bin/ld: bazel-out/k8-dbg/bin/tensorflow/stream_executor/cuda/libcublas_plugin.lo(cuda_blas.pic.o): relocation R_X86_64_PC32 against undefined symbol `_ZN15stream_executor3gpu12_GLOBAL__N_120CUDABlasLtMatmulPlan14kMaxBatchCountE' can not be used when making a shared object; recompile with -fPIC\r\n/usr/bin/ld: final link failed: bad value\r\ncollect2: error: ld returned 1 exit status\r\nTarget //tensorflow/tools/pip_package:build_pip_package failed to build\r\nUse --verbose_failures to see the command lines of failed build steps.\r\nINFO: Elapsed time: 42.168s, Critical Path: 26.85s\r\nINFO: 1059 processes: 1059 local.\r\nFAILED: Build did NOT complete successfully\r\n\r\n**Question**\r\nIs there a convenient/systematic way to build debug version of tf 2.4 with CUDA support?\r\n", "comments": ["@ZiqiFrancisFan Could you please try with the latest **TF v2.7.0** and refer to [build from source](https://www.tensorflow.org/install/source) , [tested build configurations](https://www.tensorflow.org/install/source#tested_build_configurations) ? Please let us know if it helps? Thanks!", "@sushreebarsa Unfortunately, the product of my company is based on TF v2.4, and the code we developed as wrappers of TF won't work with a newer version. Is there a way to build debug particularly for TF v2.4 so that I can back trace what happens in TF? Understanding the low-level CUDA behavior is very important for our design. Appreciate your advice!", "There is already a reply [in the forum](https://discuss.tensorflow.org/t/how-to-build-tensorflow-debug-version/6356/5)", "@ZiqiFrancisFan Could you please check the [comment](https://github.com/tensorflow/tensorflow/issues/53319#issuecomment-987330888) above and let us know if it helps?Thanks! ", "Are you satisfied with the resolution of your issue?\n<a href=\"https://docs.google.com/forms/d/e/1FAIpQLSfaP12TRhd9xSxjXZjcZFNXPGk4kc1-qMdv3gc6bEP90vY1ew/viewform?entry.85265664=Yes&entry.2137816233=https://github.com/tensorflow/tensorflow/issues/53319\">Yes</a>\n<a href=\"https://docs.google.com/forms/d/e/1FAIpQLSfaP12TRhd9xSxjXZjcZFNXPGk4kc1-qMdv3gc6bEP90vY1ew/viewform?entry.85265664=No&entry.2137816233=https://github.com/tensorflow/tensorflow/issues/53319\">No</a>\n", "@sushreebarsa Actually, I am the one who asked the question on tensorflow forum, and I am posting the question here to see if someone has met a same issue and probably would provide a solution. If there is no official debug build for tf2.4, then there is nothing more I can do. Thanks.", "I see there was already a issue #45570 about TF 2.4 build in debug mode, you can refer to that and for additional follow ups you can refer to your original post in [TF Forum](https://discuss.tensorflow.org/t/how-to-build-tensorflow-debug-version/6356) and move this issue to closed status. Thanks!", "This issue has been automatically marked as stale because it has no recent activity. It will be closed if no further activity occurs. Thank you.\n", "Closing as stale. Please reopen if you'd like to work on this further.\n", "Are you satisfied with the resolution of your issue?\n<a href=\"https://docs.google.com/forms/d/e/1FAIpQLSfaP12TRhd9xSxjXZjcZFNXPGk4kc1-qMdv3gc6bEP90vY1ew/viewform?entry.85265664=Yes&entry.2137816233=https://github.com/tensorflow/tensorflow/issues/53319\">Yes</a>\n<a href=\"https://docs.google.com/forms/d/e/1FAIpQLSfaP12TRhd9xSxjXZjcZFNXPGk4kc1-qMdv3gc6bEP90vY1ew/viewform?entry.85265664=No&entry.2137816233=https://github.com/tensorflow/tensorflow/issues/53319\">No</a>\n"]}, {"number": 53318, "title": "Is Tensorflow Library Performance NVidia Verified?", "body": "Hi,\r\nHas Tensorflow library been  tested by Nvidia team to check if Tensorflow libraries efficiently utilize GPU capabilities?\r\nI use prebuilt tensorflow libraries in the link: https://www.tensorflow.org/install/lang_c\r\nIt would be great if I can access to any performance report containing GPU experiments and benchmarks prepared by Nvidia Team.\r\n", "comments": ["@fatihkiralioglu Could you please have a look at the [link](https://docs.nvidia.com/deeplearning/frameworks/tensorflow-user-guide/index.html) and let us know if it helps? Thanks!\r\n", "This issue has been automatically marked as stale because it has no recent activity. It will be closed if no further activity occurs. Thank you.\n", "Closing as stale. Please reopen if you'd like to work on this further.\n", "Are you satisfied with the resolution of your issue?\n<a href=\"https://docs.google.com/forms/d/e/1FAIpQLSfaP12TRhd9xSxjXZjcZFNXPGk4kc1-qMdv3gc6bEP90vY1ew/viewform?entry.85265664=Yes&entry.2137816233=https://github.com/tensorflow/tensorflow/issues/53318\">Yes</a>\n<a href=\"https://docs.google.com/forms/d/e/1FAIpQLSfaP12TRhd9xSxjXZjcZFNXPGk4kc1-qMdv3gc6bEP90vY1ew/viewform?entry.85265664=No&entry.2137816233=https://github.com/tensorflow/tensorflow/issues/53318\">No</a>\n"]}, {"number": 53317, "title": "how to fix  undefined reference to `tensorflow::Status::Status(tensorflow::error::Code, absl::lts_20211102::string_view, std::vector<tensorflow::StackFrame, std::allocator<tensorflow::StackFrame> >&&)'", "body": "<em>Please make sure that this is a build/installation issue. As per our [GitHub Policy](https://github.com/tensorflow/tensorflow/blob/master/ISSUES.md), we only address code/doc bugs, performance issues, feature requests and build/installation issues on GitHub. tag:build_template</em>\r\nHi all:\r\n   I build libtensorflow with source as follow:\r\n  1: i build grpc first.\r\n  2:  copy  pb, absl the include, and lib to /usr/lib64\r\n  3: bazel build --action_env TF_SYSTEM_LIBS='com_google_protobuf,absl_py' //tensorflow:libtensorflow_cc.so\r\n  4 build my owner example with the libtensorflow.so,but it's wrong.\r\n   In function `tensorflow::Status::Status(tensorflow::error::Code, absl::lts_20211102::string_view)':\r\n/opensource/tf/tensorflow/core/platform/status.h:49: undefined reference to `tensorflow::Status::Status(tensorflow::error::Code, absl::lts_20211102::string_view, std::vector<tensorflow::StackFrame, std::allocator<tensorflow::StackFrame> >&&)'\r\n  \r\npls, how to fix the bug.\r\nths.\r\n\r\n**System information**\r\n- OS Platform and Distribution (e.g., Linux Ubuntu 16.04):\r\n- Mobile device (e.g. iPhone 8, Pixel 2, Samsung Galaxy) if the issue happens on mobile device:\r\n- TensorFlow installed from (source or binary):\r\n- TensorFlow version:\r\n- Python version:\r\n- Installed using virtualenv? pip? conda?:\r\n- Bazel version (if compiling from source):\r\n- GCC/Compiler version (if compiling from source):\r\n- CUDA/cuDNN version:\r\n- GPU model and memory:\r\n\r\n\r\n\r\n**Describe the problem**\r\n\r\n**Provide the exact sequence of commands / steps that you executed before running into the problem**\r\n\r\n\r\n**Any other info / logs**\r\nInclude any logs or source code that would be helpful to diagnose the problem. If including tracebacks, please include the full traceback. Large logs and files should be attached.\r\n", "comments": ["Hi @xjj210130 !\r\nCould you please update the template too as it helps us analyse the issue [tf version, steps followed before you ran into this error or stand alone code/colab gist to reproduce the issue faced]. Attaching relevant  [thread](https://github.com/tensorflow/tensorflow/issues/48813#issuecomment-838098803) for reference? Thanks!", "You need to make sure all components linked together use the same absl version.", "fixed ", "Are you satisfied with the resolution of your issue?\n<a href=\"https://docs.google.com/forms/d/e/1FAIpQLSfaP12TRhd9xSxjXZjcZFNXPGk4kc1-qMdv3gc6bEP90vY1ew/viewform?entry.85265664=Yes&entry.2137816233=https://github.com/tensorflow/tensorflow/issues/53317\">Yes</a>\n<a href=\"https://docs.google.com/forms/d/e/1FAIpQLSfaP12TRhd9xSxjXZjcZFNXPGk4kc1-qMdv3gc6bEP90vY1ew/viewform?entry.85265664=No&entry.2137816233=https://github.com/tensorflow/tensorflow/issues/53317\">No</a>\n"]}, {"number": 53316, "title": "Wrong information", "body": "Thank you for submitting a TensorFlow documentation issue. Per our GitHub\r\npolicy, we only address code/doc bugs, performance issues, feature requests, and\r\nbuild/installation issues on GitHub.\r\n\r\nThe TensorFlow docs are open source! To get involved, read the documentation\r\ncontributor guide: https://www.tensorflow.org/community/contribute/docs\r\n\r\n## URL(s) with the issue:\r\nhttps://www.tensorflow.org/text/tutorials/text_classification_rnn\r\n\r\n## Description of issue (what needs changing):\r\n\"Run a prediction on a new sentence:\r\n\r\nIf the prediction is >= 0.0, it is positive else it is negative.\"\r\n### Clear description\r\n\r\nIf the prediction is >= 0.5, it is positive else it is negative.\r\n", "comments": ["@jntdst I have raised a [PR](https://github.com/tensorflow/text/pull/788) to fix this issue. This issue will be closed once the PR is merged.Thanks!", "Note that the inequality `prediction is >= 0.0` is actually correct -- see https://github.com/tensorflow/text/pull/788#issuecomment-988336985 for more details.", "@foxik Thank you for the update! \r\n@jntdst Could you please refer to the [comment](https://github.com/tensorflow/tensorflow/issues/53316#issuecomment-988337352) above and move this issue to closed status ? Thanks! ", "This issue has been automatically marked as stale because it has no recent activity. It will be closed if no further activity occurs. Thank you.\n", "Closing as stale. Please reopen if you'd like to work on this further.\n"]}, {"number": 53314, "title": "How to build tflite for arm", "body": "This template is for miscellaneous issues not covered by the other issue categories.\r\n\r\nFor questions on how to work with TensorFlow, or support for problems that are\r\nnot verified bugs in TensorFlow, please go to\r\n[Discourse](https://discuss.tensorflow.org/).\r\n\r\nIf you are reporting a vulnerability, please use the [dedicated reporting process](https://github.com/tensorflow/tensorflow/blob/master/SECURITY.md).\r\n\r\nFor high-level discussions about TensorFlow, please post to discuss@tensorflow.org, for questions about the development or internal workings of TensorFlow, or if you would like to know how to contribute to TensorFlow, please post to developers@tensorflow.org.\r\n", "comments": ["@Eddy-Wu \r\nplease refer to [this link](https://www.tensorflow.org/lite/guide/build_arm)", "This issue has been automatically marked as stale because it has no recent activity. It will be closed if no further activity occurs. Thank you.\n", "Closing as stale. Please reopen if you'd like to work on this further.\n"]}, {"number": 53313, "title": "\"Create an op\" documentation is outdated", "body": "\r\n## URL(s) with the issue:\r\n\r\nhttps://www.tensorflow.org/guide/create_op\r\nhttps://github.com/tensorflow/custom-op\r\n\r\n## Description of issue (what needs changing):\r\n\r\n> `g++ -std=c++11 ...`\r\n\r\nThe option `std-c++11` is wrong, I think. It needs at least `std-c++14` for TensorFlow >=2.7.\r\n\r\nThis issue also exists in the [custom-op](https://github.com/tensorflow/custom-op) repo.\r\n\r\nI think C++14 as default was introduced here: https://github.com/tensorflow/tensorflow/commit/f09d3e299752226f7a28c09a8e2018430b691a36\r\n\r\nIt can be seen here: https://github.com/tensorflow/tensorflow/blob/908e8010ff2c4249f0c81ed85f1013bbd4b7682e/.bazelrc#L320\r\n\r\n> Note on gcc version >=5: gcc uses the new C++ ABI since version 5. The binary pip packages available on the TensorFlow website are built with gcc4 that uses the older ABI. If you compile your op library with gcc>=5, add -D_GLIBCXX_USE_CXX11_ABI=0 to the command line to make the library compatible with the older abi.\r\n\r\nThis is long outdated. The TF pip packages use a more recent GCC version since a long time (I don't exactly know since when).\r\n", "comments": ["@albertz This issue will be closed ,once the PR is merged.Thanks!", "> @albertz This issue will be closed ,once the PR is merged.Thanks!\r\n\r\nWhat PR are you referring to?\r\n", "@albertz We could see the [PR](https://github.com/rwth-i6/returnn/pull/826) that you have raised is merged. Could you please let us know if we can move this issue to closed status?Thanks!", "I don't understand. The linked PR is on our RETURNN project. It does not touch or fix the TensorFlow documentation.", "There has been a confusion @albertz , please ignore @sushreebarsa 's comment about the PR on your project.\r\n\r\nIf you want to send a PR to the custom op and tag me, I'd be happy to review. Sorry for the confusion", "https://github.com/tensorflow/docs/pull/1989", "Moving this to closed status and the pr is merged"]}]