[{"number": 5964, "title": "Should slim.learning.train and slim.evaluation.evaluation handle OutOfRange gracefully?", "body": "I'm finding it very hard train DNN for specific number of epochs unless I precompute number of batches, which is not convenient in streaming case, since TFRecord files don't have # of examples handy.\r\n\r\nShould slim.learning.train and slim.evaluation.evaluation handle OutOfRange gracefully?  If that was the case, I could just set num_epochs on my input and max out num_evals.\r\n\r\nHappy to send PR if this seems reasonable.", "comments": ["Do you have a PR that works?   Seems useful.  @sguada ", "Just sent PR https://github.com/tensorflow/tensorflow/pull/6028.", "Thank you for the PR.  Also the new DataSet API should also make it easier to catch the end of en epoch.  https://github.com/tensorflow/tensorflow/tree/r1.2/tensorflow/contrib/data"]}, {"number": 5963, "title": "get error when get labels of TFRecord dataset made by myself", "body": "I use the cifar10 model train my own TFRecord dataset ,it's running on Ubuntu 14.4 without error,but getting these errors when I run it on Mac or GPU server\u3002And I am sure the labels of my dataset are right ,I don't know why get labels bigger than 10 ,I just have 10 classifications\u3002\r\n\r\nI use this code write images and labels in binfile:\r\n\r\nimage_raw = image.tostring()\r\n        example = tf.train.Example(features=tf.train.Features(feature={\r\n            'image_raw' : _bytes_feature(image_raw),\r\n            'height' : _int64_feature(image.shape[0]),\r\n            'width' : _int64_feature(image.shape[1]),\r\n            'deepth' : _int64_feature(image.shape[2]),\r\n            'label' : _int64_feature(label)\r\n            }))\r\n        writer.write(example.SerializeToString())\r\n    writer.close()\r\n\r\nThe errors:\r\n\r\nW tensorflow/core/framework/op_kernel.cc:975] Invalid argument: Received a label value of 245 which is outside the valid range of [0, 10).  Label values: 180 96 226 166 162 179 147 115 162 141 150 136 129 118 162 141 78 154 133 155 89 184 116 179 176 70 209 177 65 177 89 36 80 139 117 187 115 182 106 42 203 120 48 72 96 126 74 123 134 115 112 154 128 163 64 113 35 140 198 193 189 67 164 110 117 61 215 186 189 84 95 206 163 82 122 160 37 179 236 157 140 181 178 128 67 114 43 211 143 70 0 91 184 142 172 127 80 160 127 90 62 151 158 23 180 192 21 97 125 94 98 136 125 190 158 128 119 30 198 111 206 66 137 126 245 210 158 188\r\nTraceback (most recent call last):\r\n  File \"/Users/yangk/cifar10/cifar10_train.py\", line 137, in <module>\r\n    tf.app.run()\r\n  File \"/Library/Python/2.7/site-packages/tensorflow/python/platform/app.py\", line 43, in run\r\n    sys.exit(main(sys.argv[:1] + flags_passthrough))\r\n  File \"/Users/yangk/cifar10/cifar10_train.py\", line 133, in main\r\n    train()\r\n  File \"/Users/yangk/cifar10/cifar10_train.py\", line 103, in train\r\n    _, loss_value = sess.run([train_op, loss])\r\n  File \"/Library/Python/2.7/site-packages/tensorflow/python/client/session.py\", line 766, in run\r\n    run_metadata_ptr)\r\n  File \"/Library/Python/2.7/site-packages/tensorflow/python/client/session.py\", line 964, in _run\r\n    feed_dict_string, options, run_metadata)\r\n  File \"/Library/Python/2.7/site-packages/tensorflow/python/client/session.py\", line 1014, in _do_run\r\n    target_list, options, run_metadata)\r\n  File \"/Library/Python/2.7/site-packages/tensorflow/python/client/session.py\", line 1034, in _do_call\r\n    raise type(e)(node_def, op, message)\r\ntensorflow.python.framework.errors_impl.InvalidArgumentError: Received a label value of 245 which is outside the valid range of [0, 10).  Label values: 180 96 226 166 162 179 147 115 162 141 150 136 129 118 162 141 78 154 133 155 89 184 116 179 176 70 209 177 65 177 89 36 80 139 117 187 115 182 106 42 203 120 48 72 96 126 74 123 134 115 112 154 128 163 64 113 35 140 198 193 189 67 164 110 117 61 215 186 189 84 95 206 163 82 122 160 37 179 236 157 140 181 178 128 67 114 43 211 143 70 0 91 184 142 172 127 80 160 127 90 62 151 158 23 180 192 21 97 125 94 98 136 125 190 158 128 119 30 198 111 206 66 137 126 245 210 158 188\r\n\t [[Node: cross_entropy_per_example/cross_entropy_per_example = SparseSoftmaxCrossEntropyWithLogits[T=DT_FLOAT, Tlabels=DT_INT64, _device=\"/job:localhost/replica:0/task:0/cpu:0\"](softmax_linear/softmax_linear, Cast_4)]]\r\n\r\nCaused by op u'cross_entropy_per_example/cross_entropy_per_example', defined at:\r\n  File \"/Users/yangk/cifar10/cifar10_train.py\", line 137, in <module>\r\n    tf.app.run()\r\n  File \"/Library/Python/2.7/site-packages/tensorflow/python/platform/app.py\", line 43, in run\r\n    sys.exit(main(sys.argv[:1] + flags_passthrough))\r\n  File \"/Users/yangk/cifar10/cifar10_train.py\", line 133, in main\r\n    train()\r\n  File \"/Users/yangk/cifar10/cifar10_train.py\", line 76, in train\r\n    loss = cifar10.loss(logits, labels)\r\n  File \"/Users/yangk/cifar10/cifar10.py\", line 289, in loss\r\n    logits, labels, name='cross_entropy_per_example')\r\n  File \"/Library/Python/2.7/site-packages/tensorflow/python/ops/nn_ops.py\", line 1537, in sparse_softmax_cross_entropy_with_logits\r\n    precise_logits, labels, name=name)\r\n  File \"/Library/Python/2.7/site-packages/tensorflow/python/ops/gen_nn_ops.py\", line 2378, in _sparse_softmax_cross_entropy_with_logits\r\n    features=features, labels=labels, name=name)\r\n  File \"/Library/Python/2.7/site-packages/tensorflow/python/framework/op_def_library.py\", line 763, in apply_op\r\n    op_def=op_def)\r\n  File \"/Library/Python/2.7/site-packages/tensorflow/python/framework/ops.py\", line 2371, in create_op\r\n    original_op=self._default_original_op, op_def=op_def)\r\n  File \"/Library/Python/2.7/site-packages/tensorflow/python/framework/ops.py\", line 1258, in __init__\r\n    self._traceback = _extract_stack()\r\n\r\nInvalidArgumentError (see above for traceback): Received a label value of 245 which is outside the valid range of [0, 10).  Label values: 180 96 226 166 162 179 147 115 162 141 150 136 129 118 162 141 78 154 133 155 89 184 116 179 176 70 209 177 65 177 89 36 80 139 117 187 115 182 106 42 203 120 48 72 96 126 74 123 134 115 112 154 128 163 64 113 35 140 198 193 189 67 164 110 117 61 215 186 189 84 95 206 163 82 122 160 37 179 236 157 140 181 178 128 67 114 43 211 143 70 0 91 184 142 172 127 80 160 127 90 62 151 158 23 180 192 21 97 125 94 98 136 125 190 158 128 119 30 198 111 206 66 137 126 245 210 158 188\r\n\t [[Node: cross_entropy_per_example/cross_entropy_per_example = SparseSoftmaxCrossEntropyWithLogits[T=DT_FLOAT, Tlabels=DT_INT64, _device=\"/job:localhost/replica:0/task:0/cpu:0\"](softmax_linear/softmax_linear, Cast_4)]]", "comments": ["This looks like a duplicate of #5932.  There's some new information, but not enough that I can easily reproduce or diagnose the problem.  Unless there's good evidence of a bug, this kind of question is better asked on stackoverflow.  You're more likely to get a helpful response if you can reduce it to an easily reproduced problem.  Just guessing, I think maybe your model structure isn't what you think it is, so the wrong values are being propagated where labels are expected.  Or alternatively, you're feeding the wrong format data."]}, {"number": 5962, "title": "Image Recognition: No route to host when run classify_image.py", "body": "I read this tutorial: https://www.tensorflow.org/versions/r0.12/tutorials/image_recognition/index.html\r\n\r\nI encountered IOError when run 'python classify_image.py' in terminal.\r\nIt seems that i can not get access to 'http://download.tensorflow.org'.\r\nAlso i get access denied when use chrome to browse 'http://download.tensorflow.org'\r\nHow can i execute the inception-v3 example correctly?\r\n\r\nThe error is as follow:\r\n\r\n> \u279c  imagenet git:(master) \u2717 python classify_image.py\r\nTraceback (most recent call last):\r\n  File \"classify_image.py\", line 227, in <module>\r\n    tf.app.run(main=main, argv=[sys.argv[0]] + unparsed)\r\n  File \"/Users/universe/Program/conda/anaconda/lib/python2.7/site-packages/tensorflow/python/platform/app.py\", line 43, in run\r\n    sys.exit(main(sys.argv[:1] + flags_passthrough))\r\n  File \"classify_image.py\", line 190, in main\r\n    maybe_download_and_extract()\r\n  File \"classify_image.py\", line 182, in maybe_download_and_extract\r\n    filepath, _ = urllib.request.urlretrieve(DATA_URL, filepath, _progress)\r\n  File \"/Users/universe/Program/conda/anaconda/lib/python2.7/urllib.py\", line 98, in urlretrieve\r\n    return opener.retrieve(url, filename, reporthook, data)\r\n  File \"/Users/universe/Program/conda/anaconda/lib/python2.7/urllib.py\", line 245, in retrieve\r\n    fp = self.open(url, data)\r\n  File \"/Users/universe/Program/conda/anaconda/lib/python2.7/urllib.py\", line 213, in open\r\n    return getattr(self, name)(url)\r\n  File \"/Users/universe/Program/conda/anaconda/lib/python2.7/urllib.py\", line 350, in open_http\r\n    h.endheaders(data)\r\n  File \"/Users/universe/Program/conda/anaconda/lib/python2.7/httplib.py\", line 1053, in endheaders\r\n    self._send_output(message_body)\r\n  File \"/Users/universe/Program/conda/anaconda/lib/python2.7/httplib.py\", line 897, in _send_output\r\n    self.send(msg)\r\n  File \"/Users/universe/Program/conda/anaconda/lib/python2.7/httplib.py\", line 859, in send\r\n    self.connect()\r\n  File \"/Users/universe/Program/conda/anaconda/lib/python2.7/httplib.py\", line 836, in connect\r\n    self.timeout, self.source_address)\r\n  File \"/Users/universe/Program/conda/anaconda/lib/python2.7/socket.py\", line 575, in create_connection\r\n    raise err\r\nIOError: [Errno socket error] [Errno 65] No route to host", "comments": ["I reinstall tensorflow using pip, but the problem still exists", "I modified the '/etc/hosts' file and the problem is solved"]}, {"number": 5961, "title": "Run cc tests on Windows with Bazel", "body": "@gunan @dslomov @damienmg \r\n\r\nTo filter out all the broken and failing tests on Windows, we add \"fail_no_windows\" tag for them.", "comments": ["@vit-stepanovs Thanks for reminding me that! I do have a list of tests which run with CMake but not with Bazel, I'll look into them.", "@gunan I think you are right, I removed all the logic of adding tags to the test targets, instead, we filter them out in a shell script for test. PTAL.", "Jenkins, test this please", "Jenkins is not updating the review thread, but the test is running here:\r\nhttp://ci.tensorflow.org/job/tensorflow-pull-requests-multijob/2880/", "I think the failure is just a flake.\r\nJenkins, test this please.", "Tests seem to be flaky, as different ones failed each time.\r\nMerging."]}, {"number": 5960, "title": "Is there a quick tutorial for Windows users to use Tensorflow?", "body": "The good news is Tensorflow finally supports Windows platform, but with very trival configurations.\r\nAnd there is another important: Most of the PCs are running Windows.\r\nSo I really think it is truly necessary to provide a easy way for Windows users to run Tensorflow. A good toolkit is always the one that can cross all the platforms, right?\r\nIs there a quick way to connect? On Linux/Mac, we can use pip, just a simple loc, and that's all. Everything seems not so fluid on Windows, why? Is it really that hard? I do think Tensorflow will get far more way if Windows is supported.\r\n", "comments": ["pip install --upgrade **--ignore-installed** https://storage.googleapis.com/tensorflow/windows/cpu/tensorflow-0.12.0rc0-cp35-cp35m-win_amd64.whl\r\nAND THAT'S ALL!!!\r\nHail!!!", "Also you should see this instruction. :)\r\nhttps://www.tensorflow.org/versions/r0.12/get_started/os_setup.html#pip-installation-on-windows", "you may also need to see this #5949."]}, {"number": 5959, "title": "RNN model in the tutorial doesn't work: tensorflow.python.framework.errors.NotFoundError: /tmp/simple-examples/data/ptb.train.txt", "body": "Hi, my computer works on Mac OS X, CPU only, Python 2.7, use pip install tensorflow and run the first neural net model successfully: tensorflow/models/image/mnist/ convolutional.py \r\n\r\nBut I try to repeat the tutorial of CNN model according to the instructions:\r\ncd tensorflow/models/rnn/ptb\r\npython ptb_word_lm.py --data_path=/tmp/simple-examples/data/ --model small\r\n\r\nFirstly, there is no such file ptb_word_lm.py in the default directory /Library/Frameworks/Python.framework/Versions/2.7/lib/python2.7/site-packages/tensorflow/models/rnn/ptb/, then I copied the file to this directory, but another error occurred:\r\ntensorflow.python.framework.errors.NotFoundError: /tmp/simple-examples/data/ptb.train.txt\r\n\r\nCan you help explain a little bit about such error    @jmhodges \r\n\r\nThanks\r\n", "comments": ["(I'm not a tensorflow team member and can't really help. Just some guy in the internet)", "This type of user question is best asked on stackoverflow.  This forum is for bug reports and similar."]}, {"number": 5958, "title": "[Windows] Re-enable the special function ops.", "body": "These were previously disabled under `#ifdef EIGEN_HAS_C99_MATH` due to a compiler error, which has since disappear. Re-enable these ops and their test.", "comments": ["@gunan This is for the `r0.12` branch... would it be alright to include these (relatively obscure) ops in the final release, and is it alright to retrospectively modify the release notes before the final release is cut?", "I will tentatively accept this.\r\nDo you think it will cause problems with any other builds?", "Thanks! Its effect should be limited to the Windows builds, since the only effect of the `#ifdef`s was to disable building those kernels with MSVC."]}, {"number": 5957, "title": "[TF-Slim README] A few typos and latest APIs", "body": "", "comments": ["Can one of the admins verify this patch?"]}, {"number": 5956, "title": "OSAtomic* OS X includes deprecated in 10.12", "body": "\r\n\r\n### Environment info\r\nOperating System: Mac OS X 10.12.1\r\n\r\nInstalled version of CUDA and cuDNN: \r\n(please attach the output of `ls -l /path/to/cuda/lib/libcud*`):\r\nN/A\r\n\r\n1. The commit hash (`git rev-parse HEAD`)\r\n41285cf7a11fa3a2c2ead6b6e9adcec4232b18ad (rc11  release from GIT)\r\n\r\n2. The output of `bazel version`\r\nBuild label: 0.4.0-homebrew\r\n\r\n### If possible, provide a minimal reproducible example (We usually don't have time to read hundreds of lines of your code)\r\n\r\n#import \"tensorflow/cc/ops/const_op.h\"\r\n\r\n`\r\nShowing All Messages\r\n/Users/vade/Documents/Repositories/Synopsis/Synopsis/Synopsis/TensorFlowAnalyzer/includes/google/protobuf/stubs/atomicops_internals_macosx.h:47:9: 'OSAtomicCompareAndSwap32' is deprecated: first deprecated in macOS 10.12 - Use std::atomic_compare_exchange_strong_explicit(std::memory_order_relaxed) from <atomic> instead\r\n\r\n`\r\n\r\netc etc\r\n\r\n### What other attempted solutions have you tried?\r\n\r\nN/A\r\n\r\n### Logs or other output that would be helpful\r\n(If logs are large, please upload as attachment or provide link).\r\n", "comments": ["I see this related issue for protobufs:  https://github.com/google/protobuf/issues/2182\r\nwhich supposedly has been fixed.   @petewarden have we picked that up for TF on Mac?", "Let me confirm this is an issue with RC 12 in the mean time. Thank you. ", "This issue is quite old and hasn't had recent activity. Be sure to try the latest build instructions (https://github.com/tensorflow/tensorflow/tree/master/tensorflow/contrib/makefile) on the latest version of TensorFlow, and please create a new bug if it is still not working. Thank you."]}, {"number": 5955, "title": "[Windows] Adds note about the MSVC DLLs to the instructions", "body": "The standard Python.org version of Python 3.5 does not include the MSVC redistributable, on which TensorFlow depends. Add a note to the docs with the error message and a remedy.", "comments": ["That's better thanks. I applied a (slightly modified) version of it... PTAL.", "Hopefully this wording will serve as a fix for #5949.", "@mrry TensorFlow successfully installed.\r\nThe installed version of TensorFlow does not include GPU support.\r\nI have installed CUDA already so why ?", "@beyhangl I'm not sure how you installed TensorFlow. However, if you used the `pip install` command, you need to call `pip install tensorflow-gpu` to get the GPU version; `pip install tensorflow` will install the CPU-only version.", "@mrry  yeah already installed with \r\n\r\n> pip install tensorflow-gpu \r\n\r\nI don't know why.When writing  `\r\n\r\n> import tensorflow as tf\r\n\r\n`It doesn't say 'i have already seen your gpu bro' , i mean gpu "]}, {"number": 5954, "title": "Enable sandboxed builds for tensorflow.", "body": "", "comments": ["@martinwicke on MacOS sandboxed builds are taking much slower and timing out.\r\nAny idea what is happening there?", "@damienmg Any idea why sandboxed builds would be slower than standalone builds on MacOS?\r\n\r\nContext: After this fix we want to enable sandboxing on our test machines again, to prevent our dependencies from rotting, and also in preparation for distributed builds. ", "@gunan I suppose that does mean we cannot enable them on MacOS just yet. We could just enable them for Linux assuming they're not slower there. The dependencies would be assured that way.", "@hermione451 can explain a bit more but with sandboxing on OS X we need to set-up a lot of hard-links and that can be very slow. According to @philwo, you should not see the regression on Linux.", "Linux sandboxing has currently one known performance issue left, which is only relevant though if your actions have lots (thousands) of input files each. An improvement for that is in code review (https://bazel-review.googlesource.com/#/c/7538/) at the moment.\r\n\r\nRegarding macOS sandboxing, I haven't had time myself to look into why it is slow.", "Looking at the logs closer, Linux GPU is both massively slow, and cannot handle GPU libraries.\r\nIs it known on bazel side?\r\n@damienmg @philwo ", "@damienmg @phillwo Ping!\r\n\r\nAny idea why Linux GPU build took more than twice it usually takes?", "Hi @gunan,\r\n\r\nsorry for the delay! I will try to help you out. :) But I don't know where to get the build time data / logs regarding your builds and what to compare them to (what does \"twice\" mean? Also, I only see a failed build for \"Linux GPU\", so how can we compare performance to a usually succeeding build here?).\r\n\r\nHere are my best guesses:\r\n\r\n1) Regarding the build failure: The only thing I can see related to something called \"Linux GPU\" is a failed build mentioned above in the GitHub merge thingy. There is an error in the console log of that build:\r\n\r\nprocess-wrapper: execvp(\"external/local_config_cuda/crosstool/clang/bin/crosstool_wrapper_driver_is_not_gcc\", ...): No such file or directory\r\n\r\n(from https://ci.tensorflow.org/job/tensorflow-pull-requests-gpu/2801/consoleFull)\r\n\r\nMy guess it that this Skylark file: https://github.com/tensorflow/tensorflow/blob/48fb73a1c94ee2409382225428063d3496dc651e/third_party/gpus/cuda_configure.bzl somehow doesn't add that \"clang/bin/crosstool_wrapper_driver_is_not_gcc\" file to the input files required when building with Cuda. This means it won't be included in the sandbox for actions using Cuda, but will appear to work just fine when not using the standalone strategy. The fix is to add that file (+ its dependencies) to the Skylark repository you're building in that script.\r\n\r\n2) Regarding the build performance, if you have many input files and a slow disk with high latency (and cloud based VMs have in my experience a ridiculously high disk latency when compared to real hardware, even when they're using \"SSDs\") then you will very probably hit the currently only known performance issue with the sandbox, which is that you're limited by your disk / filesystem when building the symlink tree. The long-term fix for this will very probably involve using FUSE to generate the sandbox directory without actually doing any I/O. A short-term fix is something I'm currently working on. I hope I can get it done this or next week. From benchmarks run by one of our users who suffered from a similar issue, this fully resolves the performance problem.\r\n\r\nHope that helps,\r\nPhilipp", "@gunan close?", "let's close, and Ill reopen once I address the issues.", "Digging this up :).\r\n\r\nTried sandboxed build and I'm still seeing both issues:\r\n(1) Build failure with execvp(\"external/local_config_cuda/crosstool/clang/bin/crosstool_wrapper_driver_is_not_gcc\", ...): No such file or directory. \r\n@philwo do you mind clarify \"add that file to the Skylark repository you're building in that script\"? This file has already been added to https://github.com/tensorflow/tensorflow/blob/48fb73a1c94ee2409382225428063d3496dc651e/third_party/gpus/crosstool/CROSSTOOL.tpl#L171. @davidzchen helped taking a look and we are not sure where else we can add it to make it available since it is part of the toolchain.\r\n\r\n(2) Sandboxed build is still slow on mac. It took about twice as long as our normal mac build, and we are using bazel 0.4.4. https://ci.tensorflow.org/job/tensorflow-cl-mac/16842/. @philwo is the fix you mentioned available and how do we use it? \r\n\r\nAppreciate the help!\r\n\r\n\r\n ", "For (1) you need to add the wrapper to the generated cc_toolchain rule in the all_files attribute I believe (cc_configure do that in Bazel)."]}, {"number": 5953, "title": "Windows 'models' directory", "body": "I'm following through the tutorial and it seems that the 'tensorflow/models/' directory is missing from the TensorFlow 0.12.0 RC0 build for Windows - at least when downloaded using pip.\r\n\r\nI installed TensorFlow using `pip3 install --upgrade https://storage.googleapis.com/tensorflow/windows/gpu/tensorflow_gpu-0.12.0rc0-cp35-cp35m-win_amd64.whl`. The initial test of TensorFlow ran fine.\r\n\r\nAdditionally running `python3 -m tensorflow.models.image.mnist.convolutional` produces the follwing error:\r\n\r\n\tI c:\\tf_jenkins\\home\\workspace\\release-win\\device\\gpu\\os\\windows\\tensorflow\\stream_executor\\dso_loader.cc:128] successfully opened CUDA library cublas64_80.dll locally\r\n\tI c:\\tf_jenkins\\home\\workspace\\release-win\\device\\gpu\\os\\windows\\tensorflow\\stream_executor\\dso_loader.cc:128] successfully opened CUDA library cudnn64_5.dll locally\r\n\tI c:\\tf_jenkins\\home\\workspace\\release-win\\device\\gpu\\os\\windows\\tensorflow\\stream_executor\\dso_loader.cc:128] successfully opened CUDA library cufft64_80.dll locally\r\n\tI c:\\tf_jenkins\\home\\workspace\\release-win\\device\\gpu\\os\\windows\\tensorflow\\stream_executor\\dso_loader.cc:128] successfully opened CUDA library nvcuda.dll locally\r\n\tI c:\\tf_jenkins\\home\\workspace\\release-win\\device\\gpu\\os\\windows\\tensorflow\\stream_executor\\dso_loader.cc:128] successfully opened CUDA library curand64_80.dll locally\r\n\tC:\\Program Files\\Python35\\python3.exe: Error while finding spec for 'tensorflow.models.image.mnist.convolutional' (ImportError: No module named 'tensorflow.models')\r\n\r\n\r\nI'm new to TensorFlow so please correct me if the Models module is not supposed to be packaged with the pip download.", "comments": ["Execute this command to locate the Tensorflow Models in your Tensorflow python environment,\r\n```\r\nimport os; \r\nimport inspect; \r\nimport tensorflow; print(os.path.dirname(inspect.getfile(tensorflow)))\r\n```\r\n\r\nWill give you the directory for the models.", "The models directory is not included within the pip install (at least it doesn't appear to be there).", "This is the contents of the tensorflow package directory after installing via pip.\r\n\r\n     Directory of C:\\Program Files\\Python35\\Lib\\site-packages\\tensorflow\r\n    \r\n    29/11/2016  21:23    <DIR>          .\r\n    29/11/2016  21:23    <DIR>          ..\r\n    29/11/2016  21:23    <DIR>          contrib\r\n    29/11/2016  21:23    <DIR>          core\r\n    29/11/2016  21:23    <DIR>          examples\r\n    29/11/2016  21:23    <DIR>          python\r\n    29/11/2016  21:23    <DIR>          tensorboard\r\n    29/11/2016  21:22             1,477 __init__.py\r\n    29/11/2016  21:23    <DIR>          __pycache__", "@nealwu Am I right in thinking that these scripts are about to move to a different location anyway? If that's the case, we probably won't add them to the wheel for 0.12, but they should work if you clone the git repository and run them from there.", "Yep, I'll be moving these models out of this repo and into https://github.com/tensorflow/models very soon, so this will no longer be Windows-specific. :)"]}, {"number": 5952, "title": "pthread cond_wait deadlock on assignment via tf.while_loop", "body": "State:\r\n- tf 0.12RC0 (installed via pip URL)\r\n- Ubuntu 16.04\r\n- cuda 8.0 w/cudnn 5.1\r\n\r\nRan python through gdb and it looks like there is a deadlock?\r\n```python\r\nimport tensorflow as tf\r\n\r\nwith tf.Session() as sess:\r\n    index = tf.constant(0)\r\n    values_0 = [tf.constant(0, dtype=tf.int32), tf.zeros([10, 100])]\r\n    cond = lambda i, val: tf.less(i, 10)\r\n    def _update(i, val):\r\n        row = tf.random_normal([1, 100])\r\n        update = val + tf.concat(0, [tf.zeros([i, 100]),\r\n                                     row,\r\n                                     tf.zeros([10-1-i, 100])])\r\n       # Just to verify sizing\r\n        print 'update = ', update.get_shape().as_list(), \\\r\n            ' | values_0 = ', values_0[1].get_shape().as_list()\r\n\r\n        return [i+i, update]\r\n\r\n    _, values_t = tf.while_loop(cond, _update, values_0,\r\n                                parallel_iterations=10)\r\n\r\n    print sess.run(values_t)\r\n```\r\n\r\nIs this expected behavior? I want to update different rows of the matrix in parallel and this seemed somewhat logical to me. Since each row is independent it \"shouldn't\" really collide even if it is in parallel.", "comments": ["Automatically closing due to lack of recent activity. We hope that you were able to resolve it on your own. However, since this is a support issue rather than a bug or feature request, you will probably get more information by posting it on StackOverflow.", "@tfboyd : not sure I would say this is a support issue. \r\n`tf.while_loop` should not deadlock. This is undefined behavior.", "I likely chose the wrong words it was a canned response.  I understand it can be frustrating as teams follow different processes and we did not document our action.  We essentially declared a \"bug bankruptcy\" and closed most issues older than ~6 months after a quick review.  \r\n\r\nThat said if you are seeing this behavior on TF 1.1 or 1.2, I am happy to reopen and try to push it back through Triage again.   \r\n\r\nWhile wordy, I cannot stress enough no malice is intended and I read each bug in detail before closing.  I knew I would make a few mistakes and counted on people responding back.  Thank you for the ping.  "]}, {"number": 5951, "title": "possible bug for saver.restore not compact with previous version of tensorflow in tensorflow r-0.12", "body": "NOTE: Only file GitHub issues for bugs and feature requests.  All other topics will be closed.\r\n\r\nFor general support from the community, see [StackOverflow](https://stackoverflow.com/questions/tagged/tensorflow).\r\nTo make bugs and feature requests more easy to find and organize, we close issues that are deemed\r\nout of scope for GitHub Issues and point people to StackOverflow.\r\n\r\nFor bugs or installation issues, please provide the following information.\r\nThe more information you provide, the more easily we will be able to offer\r\nhelp and advice.\r\n\r\n### What related GitHub issues or StackOverflow threads have you found by searching the web for your problem?\r\n\r\n### Environment info\r\nOperating System: Ubuntu 16.04.1 LTS\r\n\r\nInstalled version of CUDA and cuDNN: \r\n(please attach the output of `ls -l /path/to/cuda/lib/libcud*`):\r\n`rw-r--r-- 1 root root   558720 Sep 14 19:02 /usr/local/cuda-8.0/lib64/libcudadevrt.a\r\nlrwxrwxrwx 1 root root       16 Sep 14 19:05 /usr/local/cuda-8.0/lib64/libcudart.so -> libcudart.so.8.0\r\nlrwxrwxrwx 1 root root       19 Sep 14 19:05 /usr/local/cuda-8.0/lib64/libcudart.so.8.0 -> libcudart.so.8.0.44\r\n-rw-r--r-- 1 root root   415432 Sep 14 19:02 /usr/local/cuda-8.0/lib64/libcudart.so.8.0.44\r\n-rw-r--r-- 1 root root   775162 Sep 14 19:02 /usr/local/cuda-8.0/lib64/libcudart_static.a\r\nlrwxrwxrwx 1 root root       13 Oct 13 23:19 /usr/local/cuda-8.0/lib64/libcudnn.so -> libcudnn.so.5\r\nlrwxrwxrwx 1 root root       17 Oct 13 23:19 /usr/local/cuda-8.0/lib64/libcudnn.so.5 -> libcudnn.so.5.1.5\r\n-rw-r--r-- 1 root root 79337624 Oct 13 23:17 /usr/local/cuda-8.0/lib64/libcudnn.so.5.1.5\r\n-rw-r--r-- 1 root root 69756172 Oct 13 23:17 /usr/local/cuda-8.0/lib64/libcudnn_static.a`\r\n\r\nIf installed from binary pip package, provide:\r\n\r\n1. A link to the pip package you installed: https://storage.googleapis.com/tensorflow/linux/gpu/tensorflow_gpu-0.12.0rc0-cp27-none-linux_x86_64.whl\r\n2. The output from `python -c \"import tensorflow; print(tensorflow.__version__)\"`.\r\n0.12.0-rc0\r\n\r\nIf installed from source, provide \r\n\r\n1. The commit hash (`git rev-parse HEAD`)\r\n2. The output of `bazel version`\r\n\r\n### If possible, provide a minimal reproducible example (We usually don't have time to read hundreds of lines of your code)\r\nI have a model which saved by tensorflow-0.11, for example:\r\n```\r\nimport tensorflow as tf\r\nimport numpy as np\r\nx_data = np.random.rand(100).astype(np.float32)\r\ny_data = x_data * 0.1 + 0.3\r\n\r\nW = tf.Variable(tf.random_uniform([1], -1.0, 1.0))\r\nb = tf.Variable(tf.zeros([1]))\r\ny = W * x_data + b\r\nall_vars = tf.trainable_variables()\r\nsess=tf.InteractiveSession()\r\ntf.initialize_all_variables().run()\r\nsaver = tf.train.Saver(all_vars)\r\n\r\nsaver.save(sess,\"./model.ckpt\")\r\n\r\nsess.close()\r\n```\r\nafter update to tensorflow 0.12 version, and when I load the model by:\r\n\r\n```\r\nimport tensorflow as tf\r\nimport numpy as np\r\nx_data = np.random.rand(100).astype(np.float32)\r\ny_data = x_data * 0.1 + 0.3\r\nW = tf.Variable(tf.random_uniform([1], -1.0, 1.0))\r\nb = tf.Variable(tf.zeros([1]))\r\ny = W * x_data + b\r\nall_vars = tf.trainable_variables()\r\nsess=tf.InteractiveSession()\r\ntf.initialize_all_variables().run()\r\nsaver = tf.train.Saver(all_vars)\r\n\r\nsaver.restore(sess,\"model.ckpt\")\r\n\r\nsess.close()\r\n```\r\nthe error rises, log output as follows \r\n\r\n### What other attempted solutions have you tried?\r\nI have no problem to restore it in tensorflow 0.11\r\n\r\n### Logs or other output that would be helpful\r\n(If logs are large, please upload as attachment or provide link).\r\n```\r\nW tensorflow/core/framework/op_kernel.cc:975] Not found: Unsuccessful TensorSliceReader constructor: Failed to find any matching files for model.ckpt\r\nW tensorflow/core/framework/op_kernel.cc:975] Not found: Unsuccessful TensorSliceReader constructor: Failed to find any matching files for model.ckpt\r\n---------------------------------------------------------------------------\r\nNotFoundError                             Traceback (most recent call last)\r\n<ipython-input-3-debe9897f9a0> in <module>()\r\n----> 1 saver.restore(sess,\"model.ckpt\")\r\n\r\n/home/fctl/.local/lib/python2.7/site-packages/tensorflow/python/training/saver.pyc in restore(self, sess, save_path)\r\n   1386       return\r\n   1387     sess.run(self.saver_def.restore_op_name,\r\n-> 1388              {self.saver_def.filename_tensor_name: save_path})\r\n   1389 \r\n   1390   @staticmethod\r\n\r\n/home/fctl/.local/lib/python2.7/site-packages/tensorflow/python/client/session.pyc in run(self, fetches, feed_dict, options, run_metadata)\r\n    764     try:\r\n    765       result = self._run(None, fetches, feed_dict, options_ptr,\r\n--> 766                          run_metadata_ptr)\r\n    767       if run_metadata:\r\n    768         proto_data = tf_session.TF_GetBuffer(run_metadata_ptr)\r\n\r\n/home/fctl/.local/lib/python2.7/site-packages/tensorflow/python/client/session.pyc in _run(self, handle, fetches, feed_dict, options, run_metadata)\r\n    962     if final_fetches or final_targets:\r\n    963       results = self._do_run(handle, final_targets, final_fetches,\r\n--> 964                              feed_dict_string, options, run_metadata)\r\n    965     else:\r\n    966       results = []\r\n\r\n/home/fctl/.local/lib/python2.7/site-packages/tensorflow/python/client/session.pyc in _do_run(self, handle, target_list, fetch_list, feed_dict, options, run_metadata)\r\n   1012     if handle is None:\r\n   1013       return self._do_call(_run_fn, self._session, feed_dict, fetch_list,\r\n-> 1014                            target_list, options, run_metadata)\r\n   1015     else:\r\n   1016       return self._do_call(_prun_fn, self._session, handle, feed_dict,\r\n\r\n/home/fctl/.local/lib/python2.7/site-packages/tensorflow/python/client/session.pyc in _do_call(self, fn, *args)\r\n   1032         except KeyError:\r\n   1033           pass\r\n-> 1034       raise type(e)(node_def, op, message)\r\n   1035 \r\n   1036   def _extend_graph(self):\r\n\r\nNotFoundError: Unsuccessful TensorSliceReader constructor: Failed to find any matching files for model.ckpt\r\n\t [[Node: save/RestoreV2_1 = RestoreV2[dtypes=[DT_FLOAT], _device=\"/job:localhost/replica:0/task:0/cpu:0\"](_recv_save/Const_0, save/RestoreV2_1/tensor_names, save/RestoreV2_1/shape_and_slices)]]\r\n\t [[Node: save/RestoreV2_1/_1 = _Recv[client_terminated=false, recv_device=\"/job:localhost/replica:0/task:0/gpu:0\", send_device=\"/job:localhost/replica:0/task:0/cpu:0\", send_device_incarnation=1, tensor_name=\"edge_9_save/RestoreV2_1\", tensor_type=DT_FLOAT, _device=\"/job:localhost/replica:0/task:0/gpu:0\"]()]]\r\n\r\nCaused by op u'save/RestoreV2_1', defined at:\r\n  File \"/usr/bin/ipython\", line 5, in <module>\r\n    start_ipython()\r\n  File \"/home/fctl/.local/lib/python2.7/site-packages/IPython/__init__.py\", line 119, in start_ipython\r\n    return launch_new_instance(argv=argv, **kwargs)\r\n  File \"/home/fctl/.local/lib/python2.7/site-packages/traitlets/config/application.py\", line 658, in launch_instance\r\n    app.start()\r\n  File \"/home/fctl/.local/lib/python2.7/site-packages/IPython/terminal/ipapp.py\", line 348, in start\r\n    self.shell.mainloop()\r\n  File \"/home/fctl/.local/lib/python2.7/site-packages/IPython/terminal/interactiveshell.py\", line 440, in mainloop\r\n    self.interact()\r\n  File \"/home/fctl/.local/lib/python2.7/site-packages/IPython/terminal/interactiveshell.py\", line 431, in interact\r\n    self.run_cell(code, store_history=True)\r\n  File \"/home/fctl/.local/lib/python2.7/site-packages/IPython/core/interactiveshell.py\", line 2717, in run_cell\r\n    interactivity=interactivity, compiler=compiler, result=result)\r\n  File \"/home/fctl/.local/lib/python2.7/site-packages/IPython/core/interactiveshell.py\", line 2821, in run_ast_nodes\r\n    if self.run_code(code, result):\r\n  File \"/home/fctl/.local/lib/python2.7/site-packages/IPython/core/interactiveshell.py\", line 2881, in run_code\r\n    exec(code_obj, self.user_global_ns, self.user_ns)\r\n  File \"<ipython-input-2-ba9a814a49ca>\", line 1, in <module>\r\n    saver = tf.train.Saver(all_vars)\r\n  File \"/home/fctl/.local/lib/python2.7/site-packages/tensorflow/python/training/saver.py\", line 1000, in __init__\r\n    self.build()\r\n  File \"/home/fctl/.local/lib/python2.7/site-packages/tensorflow/python/training/saver.py\", line 1030, in build\r\n    restore_sequentially=self._restore_sequentially)\r\n  File \"/home/fctl/.local/lib/python2.7/site-packages/tensorflow/python/training/saver.py\", line 624, in build\r\n    restore_sequentially, reshape)\r\n  File \"/home/fctl/.local/lib/python2.7/site-packages/tensorflow/python/training/saver.py\", line 361, in _AddRestoreOps\r\n    tensors = self.restore_op(filename_tensor, saveable, preferred_shard)\r\n  File \"/home/fctl/.local/lib/python2.7/site-packages/tensorflow/python/training/saver.py\", line 200, in restore_op\r\n    [spec.tensor.dtype])[0])\r\n  File \"/home/fctl/.local/lib/python2.7/site-packages/tensorflow/python/ops/gen_io_ops.py\", line 441, in restore_v2\r\n    dtypes=dtypes, name=name)\r\n  File \"/home/fctl/.local/lib/python2.7/site-packages/tensorflow/python/framework/op_def_library.py\", line 759, in apply_op\r\n    op_def=op_def)\r\n  File \"/home/fctl/.local/lib/python2.7/site-packages/tensorflow/python/framework/ops.py\", line 2240, in create_op\r\n    original_op=self._default_original_op, op_def=op_def)\r\n  File \"/home/fctl/.local/lib/python2.7/site-packages/tensorflow/python/framework/ops.py\", line 1128, in __init__\r\n    self._traceback = _extract_stack()\r\n\r\nNotFoundError (see above for traceback): Unsuccessful TensorSliceReader constructor: Failed to find any matching files for model.ckpt\r\n\t [[Node: save/RestoreV2_1 = RestoreV2[dtypes=[DT_FLOAT], _device=\"/job:localhost/replica:0/task:0/cpu:0\"](_recv_save/Const_0, save/RestoreV2_1/tensor_names, save/RestoreV2_1/shape_and_slices)]]\r\n\t [[Node: save/RestoreV2_1/_1 = _Recv[client_terminated=false, recv_device=\"/job:localhost/replica:0/task:0/gpu:0\", send_device=\"/job:localhost/replica:0/task:0/cpu:0\", send_device_incarnation=1, tensor_name=\"edge_9_save/RestoreV2_1\", tensor_type=DT_FLOAT, _device=\"/job:localhost/replica:0/task:0/gpu:0\"]()]]\r\n\r\n```", "comments": ["Thanks for your excellent issue report.  I think your issue is caused by a checkpoint format change in version 0.12.  The release notes contain this description:\r\n\r\n\"New checkpoint format becomes the default in tf.train.Saver. Old V1 checkpoints continue to be readable; controlled by the write_version argument, tf.train.Saver now by default writes out in the new V2 format. It significantly reduces the peak memory required and latency incurred during restore.\"", "Thank you, is there any way to restore the model trained by old version of tensorflow?", "@sufengniu The error log suggests that the `model.ckpt` file cannot be found on disk.  Could you manually verify by say, using an absolute path, and making sure `ls`-ing that abs path works?", "I see, thank you, just aware that the new version only support for the absolute path, it works and I will close it. Thank you"]}, {"number": 5950, "title": "get error when directly running retrain.py (without build) ", "body": "I get error when directly running retrain.py, without build it first. I run it without build before, but the latest code does not work.\r\n\r\n  File \"/usr/local/lib/python2.7/dist-packages/tensorflow/python/platform/app.py\", line 30, in run\r\n    sys.exit(main(sys.argv[:1] + flags_passthrough))\r\n  File \"retrain.py\", line 798, in main\r\n    bottleneck_tensor)\r\n  File \"retrain.py\", line 706, in add_final_training_ops\r\n    variable_summaries(layer_weights)\r\n  File \"retrain.py\", line 668, in variable_summaries\r\n    tf.summary.histogram('histogram', var)\r\n**AttributeError: 'module' object has no attribute 'histogram'**\r\n", "comments": ["**python tensorflow/examples/image_retraining/retrain.py** (add other parameters) just use that flower dataset", "Perhaps it would be a good idea to build it first.  Are you following the instructions here?\r\n\r\nhttps://www.tensorflow.org/versions/r0.12/how_tos/image_retraining/index.html", "I want to debug **retrain.py** with my data. once it is build, I can't debug with VS code.", "You have not posted the information requested in the new issues template, i.e. the OS, release etc.  What is VS?  Are you trying to run with VisualStudio?  I don't know whether TF is guaranteed to run without going through the build process.", "just use the latest code, on Ubuntu 16.04. VS code is not visual studio 2013/2015 for windows, but a Linux version. it can debug python. I think any IDE should be fine.", "I want to know how to debug the code. now it can't do this since it needs build to run.", "I'm labeling community-support for the use of VisualStudio on Ubuntu.  It's not clear to me why you can't debug the python parts of TF after building.\r\n ", "**retrain.py**  is not the entry point of the program. it's more like a \"library\" which is called by another file. ", "Automatically closing due to lack of recent activity. We hope that you were able to resolve it on your own. However, since this is a support issue rather than a bug or feature request, you will probably get more information by posting it on StackOverflow."]}, {"number": 5949, "title": "Error importing tensorflow on windows 10 ( Tensorflow 0.12.0 RC0, python3.5 )", "body": "Was excited to try out 0.12.0 RC0 for windows\r\nFollowed Tensorflow 0.12.0 RC0 Installation guide for Windows, on Windows 10. \r\nRan into following error.\r\n\r\nPython 3.5.2 (v3.5.2:4def2a2901a5, Jun 25 2016, 22:18:55) [MSC v.1900 64 bit (AMD64)] on win32\r\nType \"copyright\", \"credits\" or \"license()\" for more information.\r\n>>> import tensorflow\r\nTraceback (most recent call last):\r\n  File \"C:\\Users\\hp\\AppData\\Local\\Programs\\Python\\Python35\\lib\\site-packages\\tensorflow\\python\\pywrap_tensorflow.py\", line 18, in swig_import_helper\r\n    return importlib.import_module(mname)\r\n  File \"C:\\Users\\hp\\AppData\\Local\\Programs\\Python\\Python35\\lib\\importlib\\__init__.py\", line 126, in import_module\r\n    return _bootstrap._gcd_import(name[level:], package, level)\r\n  File \"<frozen importlib._bootstrap>\", line 986, in _gcd_import\r\n  File \"<frozen importlib._bootstrap>\", line 969, in _find_and_load\r\n  File \"<frozen importlib._bootstrap>\", line 958, in _find_and_load_unlocked\r\n  File \"<frozen importlib._bootstrap>\", line 666, in _load_unlocked\r\n  File \"<frozen importlib._bootstrap>\", line 577, in module_from_spec\r\n  File \"<frozen importlib._bootstrap_external>\", line 906, in create_module\r\n  File \"<frozen importlib._bootstrap>\", line 222, in _call_with_frames_removed\r\nImportError: DLL load failed: The specified module could not be found.\r\n\r\nDuring handling of the above exception, another exception occurred:\r\n\r\nTraceback (most recent call last):\r\n  File \"C:\\Users\\hp\\AppData\\Local\\Programs\\Python\\Python35\\lib\\site-packages\\tensorflow\\python\\__init__.py\", line 54, in <module>\r\n    from tensorflow.python import pywrap_tensorflow\r\n  File \"C:\\Users\\hp\\AppData\\Local\\Programs\\Python\\Python35\\lib\\site-packages\\tensorflow\\python\\pywrap_tensorflow.py\", line 21, in <module>\r\n    _pywrap_tensorflow = swig_import_helper()\r\n  File \"C:\\Users\\hp\\AppData\\Local\\Programs\\Python\\Python35\\lib\\site-packages\\tensorflow\\python\\pywrap_tensorflow.py\", line 20, in swig_import_helper\r\n    return importlib.import_module('_pywrap_tensorflow')\r\n  File \"C:\\Users\\hp\\AppData\\Local\\Programs\\Python\\Python35\\lib\\importlib\\__init__.py\", line 126, in import_module\r\n    return _bootstrap._gcd_import(name[level:], package, level)\r\nImportError: No module named '_pywrap_tensorflow'\r\n\r\nDuring handling of the above exception, another exception occurred:\r\n\r\nTraceback (most recent call last):\r\n  File \"<pyshell#0>\", line 1, in <module>\r\n    import tensorflow\r\n  File \"C:\\Users\\hp\\AppData\\Local\\Programs\\Python\\Python35\\lib\\site-packages\\tensorflow\\__init__.py\", line 24, in <module>\r\n    from tensorflow.python import *\r\n  File \"C:\\Users\\hp\\AppData\\Local\\Programs\\Python\\Python35\\lib\\site-packages\\tensorflow\\python\\__init__.py\", line 60, in <module>\r\n    raise ImportError(msg)\r\nImportError: Traceback (most recent call last):\r\n  File \"C:\\Users\\hp\\AppData\\Local\\Programs\\Python\\Python35\\lib\\site-packages\\tensorflow\\python\\pywrap_tensorflow.py\", line 18, in swig_import_helper\r\n    return importlib.import_module(mname)\r\n  File \"C:\\Users\\hp\\AppData\\Local\\Programs\\Python\\Python35\\lib\\importlib\\__init__.py\", line 126, in import_module\r\n    return _bootstrap._gcd_import(name[level:], package, level)\r\n  File \"<frozen importlib._bootstrap>\", line 986, in _gcd_import\r\n  File \"<frozen importlib._bootstrap>\", line 969, in _find_and_load\r\n  File \"<frozen importlib._bootstrap>\", line 958, in _find_and_load_unlocked\r\n  File \"<frozen importlib._bootstrap>\", line 666, in _load_unlocked\r\n  File \"<frozen importlib._bootstrap>\", line 577, in module_from_spec\r\n  File \"<frozen importlib._bootstrap_external>\", line 906, in create_module\r\n  File \"<frozen importlib._bootstrap>\", line 222, in _call_with_frames_removed\r\nImportError: DLL load failed: The specified module could not be found.\r\n\r\nDuring handling of the above exception, another exception occurred:\r\n\r\nTraceback (most recent call last):\r\n  File \"C:\\Users\\hp\\AppData\\Local\\Programs\\Python\\Python35\\lib\\site-packages\\tensorflow\\python\\__init__.py\", line 54, in <module>\r\n    from tensorflow.python import pywrap_tensorflow\r\n  File \"C:\\Users\\hp\\AppData\\Local\\Programs\\Python\\Python35\\lib\\site-packages\\tensorflow\\python\\pywrap_tensorflow.py\", line 21, in <module>\r\n    _pywrap_tensorflow = swig_import_helper()\r\n  File \"C:\\Users\\hp\\AppData\\Local\\Programs\\Python\\Python35\\lib\\site-packages\\tensorflow\\python\\pywrap_tensorflow.py\", line 20, in swig_import_helper\r\n    return importlib.import_module('_pywrap_tensorflow')\r\n  File \"C:\\Users\\hp\\AppData\\Local\\Programs\\Python\\Python35\\lib\\importlib\\__init__.py\", line 126, in import_module\r\n    return _bootstrap._gcd_import(name[level:], package, level)\r\nImportError: No module named '_pywrap_tensorflow'\r\n\r\n\r\nError importing tensorflow.  Unless you are using bazel,\r\nyou should not try to import tensorflow from its source directory;\r\nplease exit the tensorflow source tree, and relaunch your python interpreter\r\nfrom there.", "comments": ["I'm sorry that it didn't work out of the box. Can you answer a couple of questions for me?\r\n\r\n1. How did you install TensorFlow? Did you use `pip install tensorflow` or `pip install https://storage.googleapis.com/tensorflow/windows/cpu/tensorflow-0.12.0rc0-cp35-cp35m-win_amd64.whl` (or some other command)?\r\n\r\n2. Can you run the following command and reply with its complete output?\r\n\r\n```\r\ndir C:\\Users\\hp\\AppData\\Local\\Programs\\Python\\Python35\\Lib\\site-packages\\tensorflow\\python\\_pywrap_tensorflow.pyd\r\n```", "1. I used` pip install https://storage.googleapis.com/tensorflow/windows/cpu/tensorflow-0.12.0rc0-cp35-cp35m-win_amd64.whl` as mentioned at https://www.tensorflow.org/versions/r0.12/get_started/os_setup.html#pip-installation-on-windows\r\n\r\n2. Here's the complete output:\r\n\r\n```\r\nMicrosoft Windows [Version 10.0.14393]\r\n(c) 2016 Microsoft Corporation. All rights reserved.\r\n\r\nC:\\Users\\hp>dir C:\\Users\\hp\\AppData\\Local\\Programs\\Python\\Python35\\Lib\\site-packages\\tensorflow\\python\\_pywrap_tensorflow.pyd\r\n Volume in drive C is Windows\r\n Volume Serial Number is 903A-70A1\r\n\r\n Directory of C:\\Users\\hp\\AppData\\Local\\Programs\\Python\\Python35\\Lib\\site-packages\\tensorflow\\python\r\n\r\n11/30/2016  01:21 AM        31,525,376 _pywrap_tensorflow.pyd\r\n               1 File(s)     31,525,376 bytes\r\n               0 Dir(s)  96,176,766,976 bytes free\r\n```\r\n\r\nI'd would like to add that I have both version of python 2.7, 3.5 installed. I hope that's not the issue.", "It sounds like it has installed correctly, but one of the dependencies is missing. According to `dumpbin`, the extension has the following dependencies:\r\n\r\n*    KERNEL32.dll\r\n*    WSOCK32.dll\r\n*    WS2_32.dll\r\n*    SHLWAPI.dll\r\n*    python35.dll\r\n*    MSVCP140.dll\r\n*    VCRUNTIME140.dll\r\n*    api-ms-win-crt-runtime-l1-1-0.dll\r\n*    api-ms-win-crt-heap-l1-1-0.dll\r\n*    api-ms-win-crt-utility-l1-1-0.dll\r\n*    api-ms-win-crt-stdio-l1-1-0.dll\r\n*    api-ms-win-crt-string-l1-1-0.dll\r\n*    api-ms-win-crt-math-l1-1-0.dll\r\n*    api-ms-win-crt-convert-l1-1-0.dll\r\n*    api-ms-win-crt-environment-l1-1-0.dll\r\n*    api-ms-win-crt-filesystem-l1-1-0.dll\r\n*    api-ms-win-crt-time-l1-1-0.dll\r\n\r\nCan you check that all of these files are on your system? It's possible that our development and test environment gets one of these from the build tools, and they aren't available as standard.", "We've just been able to reproduce the same error, and it was caused by a missing MSVCP140.dll. (Thanks @wolffg!) Installing the [Microsoft Visual C++ 2015 Redistributable Update 3](https://www.microsoft.com/en-us/download/details.aspx?id=53587) (x64 version) should fix it. Can you please try that and let us know if it works?", "@mrry , worked like a charm. Thank you very much for the effort. ", "@mrry \ud83d\udc4d Thanks very much!", "Thanks~~", "@mrry , thank you.\r\nyour advise(installing Microsoft Visual C++ 2015 Redistributable Update 3 (x64 version) ) also work for native pip3 install tensorflow 1.0.1 on windows10.", "Thanks alot\r\n", "Thanks bro", "@mrry Sorry to bring this up again, I have the same issue as poster. I have been debugging this for several days but no luck. Any advice will be greatly appreciated!\r\n\r\nI did lack all of the api-ms-win-crt-*.dll files and python35.dll specifically(I am running in a virtual env of python3.5 in anaconda). I downloaded all the dll files online and add it back to C:\\Windows\\SysWOW64 but the problem still persists. \r\n\r\nI am using Python 3.5.3 |Continuum Analytics, Inc.| (default, Feb 22 2017, 21:28:42) [MSC v.1900 64 bit (AMD64)] on win32.\r\n\r\nMy Cuda version is 8.0 and the driver is in v6.0, I have added the cuDNN files to my PATH, which is C:\\Users\\rando\\cudnn-8.0-windows10-x64-v6.0\\cuda\r\n\r\nMy gpu is gtx-1080 and below is the error message: \r\n\r\n>>> import tensorflow as tf\r\nTraceback (most recent call last):\r\n  File \"C:\\Users\\rando\\Anaconda3\\envs\\tensorflow-gpu\\lib\\site-packages\\tensorflow\\python\\pywrap_tensorflow_internal.py\", line 18, in swig_import_helper\r\n    return importlib.import_module(mname)\r\n  File \"C:\\Users\\rando\\Anaconda3\\envs\\tensorflow-gpu\\lib\\importlib\\__init__.py\", line 126, in import_module\r\n    return _bootstrap._gcd_import(name[level:], package, level)\r\n  File \"<frozen importlib._bootstrap>\", line 986, in _gcd_import\r\n  File \"<frozen importlib._bootstrap>\", line 969, in _find_and_load\r\n  File \"<frozen importlib._bootstrap>\", line 958, in _find_and_load_unlocked\r\n  File \"<frozen importlib._bootstrap>\", line 666, in _load_unlocked\r\n  File \"<frozen importlib._bootstrap>\", line 577, in module_from_spec\r\n  File \"<frozen importlib._bootstrap_external>\", line 914, in create_module\r\n  File \"<frozen importlib._bootstrap>\", line 222, in _call_with_frames_removed\r\nImportError: DLL load failed: The specified module could not be found.\r\n\r\nDuring handling of the above exception, another exception occurred:\r\n\r\nTraceback (most recent call last):\r\n  File \"C:\\Users\\rando\\Anaconda3\\envs\\tensorflow-gpu\\lib\\site-packages\\tensorflow\\python\\pywrap_tensorflow.py\", line 41, in <module>\r\n    from tensorflow.python.pywrap_tensorflow_internal import *\r\n  File \"C:\\Users\\rando\\Anaconda3\\envs\\tensorflow-gpu\\lib\\site-packages\\tensorflow\\python\\pywrap_tensorflow_internal.py\", line 21, in <module>\r\n    _pywrap_tensorflow_internal = swig_import_helper()\r\n  File \"C:\\Users\\rando\\Anaconda3\\envs\\tensorflow-gpu\\lib\\site-packages\\tensorflow\\python\\pywrap_tensorflow_internal.py\", line 20, in swig_import_helper\r\n    return importlib.import_module('_pywrap_tensorflow_internal')\r\n  File \"C:\\Users\\rando\\Anaconda3\\envs\\tensorflow-gpu\\lib\\importlib\\__init__.py\", line 126, in import_module\r\n    return _bootstrap._gcd_import(name[level:], package, level)\r\nImportError: No module named '_pywrap_tensorflow_internal'\r\n\r\nDuring handling of the above exception, another exception occurred:\r\n\r\nTraceback (most recent call last):\r\n  File \"<stdin>\", line 1, in <module>\r\n  File \"C:\\Users\\rando\\Anaconda3\\envs\\tensorflow-gpu\\lib\\site-packages\\tensorflow\\__init__.py\", line 24, in <module>\r\n    from tensorflow.python import *\r\n  File \"C:\\Users\\rando\\Anaconda3\\envs\\tensorflow-gpu\\lib\\site-packages\\tensorflow\\python\\__init__.py\", line 51, in <module>\r\n    from tensorflow.python import pywrap_tensorflow\r\n  File \"C:\\Users\\rando\\Anaconda3\\envs\\tensorflow-gpu\\lib\\site-packages\\tensorflow\\python\\pywrap_tensorflow.py\", line 52, in <module>\r\n    raise ImportError(msg)\r\nImportError: Traceback (most recent call last):\r\n  File \"C:\\Users\\rando\\Anaconda3\\envs\\tensorflow-gpu\\lib\\site-packages\\tensorflow\\python\\pywrap_tensorflow_internal.py\", line 18, in swig_import_helper\r\n    return importlib.import_module(mname)\r\n  File \"C:\\Users\\rando\\Anaconda3\\envs\\tensorflow-gpu\\lib\\importlib\\__init__.py\", line 126, in import_module\r\n    return _bootstrap._gcd_import(name[level:], package, level)\r\n  File \"<frozen importlib._bootstrap>\", line 986, in _gcd_import\r\n  File \"<frozen importlib._bootstrap>\", line 969, in _find_and_load\r\n  File \"<frozen importlib._bootstrap>\", line 958, in _find_and_load_unlocked\r\n  File \"<frozen importlib._bootstrap>\", line 666, in _load_unlocked\r\n  File \"<frozen importlib._bootstrap>\", line 577, in module_from_spec\r\n  File \"<frozen importlib._bootstrap_external>\", line 914, in create_module\r\n  File \"<frozen importlib._bootstrap>\", line 222, in _call_with_frames_removed\r\nImportError: DLL load failed: The specified module could not be found.\r\n\r\nDuring handling of the above exception, another exception occurred:\r\n\r\nTraceback (most recent call last):\r\n  File \"C:\\Users\\rando\\Anaconda3\\envs\\tensorflow-gpu\\lib\\site-packages\\tensorflow\\python\\pywrap_tensorflow.py\", line 41, in <module>\r\n    from tensorflow.python.pywrap_tensorflow_internal import *\r\n  File \"C:\\Users\\rando\\Anaconda3\\envs\\tensorflow-gpu\\lib\\site-packages\\tensorflow\\python\\pywrap_tensorflow_internal.py\", line 21, in <module>\r\n    _pywrap_tensorflow_internal = swig_import_helper()\r\n  File \"C:\\Users\\rando\\Anaconda3\\envs\\tensorflow-gpu\\lib\\site-packages\\tensorflow\\python\\pywrap_tensorflow_internal.py\", line 20, in swig_import_helper\r\n    return importlib.import_module('_pywrap_tensorflow_internal')\r\n  File \"C:\\Users\\rando\\Anaconda3\\envs\\tensorflow-gpu\\lib\\importlib\\__init__.py\", line 126, in import_module\r\n    return _bootstrap._gcd_import(name[level:], package, level)\r\nImportError: No module named '_pywrap_tensorflow_internal'\r\n\r\n\r\nFailed to load the native TensorFlow runtime.\r\n\r\nSee https://www.tensorflow.org/install/install_sources#common_installation_problems\r\n\r\nfor some common reasons and solutions.  Include the entire stack trace\r\nabove this error message when asking for help.\r\n\r\n", "@Carmezim Plz help, any advice will be greatly appreciated! Thanks a lot!", "Same issue here, TensorFlow works with CPU but not with GPU (Nvidia) on Windows 10 ", "You need to use cuDNN v.5.1, not version 6.0. Everything works for me after i have replaced v6.0 with v 5.1", "@Randolph-zeng you shouldn't use cuDNN 6.0, according to TensorFlow requirements only 5.1 is supported on Windows.\r\nFor more information please see:\r\nhttps://www.tensorflow.org/install/install_windows#requirements_to_run_tensorflow_with_gpu_support", "@Carmezim @YuriWerewolf  Hi thanks for the answer, but I still can't get it to work.\r\nI have the tensorflow cpu version working and I am pretty sure this is a problem of cuda now.\r\nI have Cuda toolkit v8.0 and cuDNN v5.1 in my computer and I believe the path is correct.\r\nIs there any other things I can look into? Thanks a million!\r\nMy path variable looks like this(with cuda related being the first several lines):\r\n\r\nC:\\Users\\rando>path\r\nPATH=C:\\Program Files\\NVIDIA GPU Computing Toolkit\\CUDA\\v8.0\\bin;\r\nC:\\Program Files\\NVIDIA GPU Computing Toolkit\\CUDA\\v8.0\\libnvvp;\r\nC:\\Users\\rando\\cudnn-8.0-windows10-x64-v5.1\\cuda;\r\n;C:\\RBuildTools\\3.4\\bin;\r\nC:\\RBuildTools\\3.4\\mingw_64\\bin;\r\nD:\\Rtools\\bin;D:\\Rtools\\mingw_64\\bin;\r\nC:\\Program Files (x86)\\Intel\\iCLS Client\\;\r\nC:\\Program Files\\Intel\\iCLS Client\\;\r\nC:\\Windows\\system32;\r\nC:\\Windows;C:\\Windows\\System32\\Wbem;\r\nC:\\Windows\\System32\\WindowsPowerShell\\v1.0\\;\r\nC:\\Program Files (x86)\\Intel\\Intel(R) Management Engine Components\\DAL;\r\nC:\\Program Files\\Intel\\Intel(R) Management Engine Components\\DAL;C:\\Program Files (x86)\\Intel\\Intel(R) Management Engine Components\\IPT;\r\nC:\\Program Files\\Intel\\Intel(R) Management Engine Components\\IPT;\r\nC:\\Program Files (x86)\\NVIDIA Corporation\\PhysX\\Common;\r\nC:\\Users\\rando\\.dnx\\bin;\r\nC:\\Program Files\\Microsoft DNX\\Dnvm\\;\r\nC:\\Program Files (x86)\\Windows Kits\\8.1\\Windows Performance Toolkit\\;\r\nC:\\Program Files\\Microsoft SQL Server\\120\\Tools\\Binn\\;\r\nC:\\Program Files\\Microsoft SQL Server\\130\\Tools\\Binn\\;\r\nC:\\Program Files\\Git\\cmd;C:\\Program Files\\CMake\\bin;C:\\Program Files (x86)\\GtkSharp\\2.12\\bin;\r\nC:\\Users\\rando\\cuda;\r\nC:\\Users\\rando\\Anaconda3;\r\nC:\\Users\\rando\\Anaconda3\\Scripts;\r\nC:\\Users\\rando\\Anaconda3\\Library\\bin;\r\nC:\\Users\\rando\\AppData\\Local\\Programs\\Python\\Python35-32\\Scripts\\;\r\nC:\\Users\\rando\\AppData\\Local\\Programs\\Python\\Python35-32\\;\r\nC:\\Users\\rando\\AppData\\Local\\Microsoft\\WindowsApps;\r\nC:\\Program Files\\NVIDIA GPU Computing Toolkit\\CUDA\\v8.0", "@Randolph-zeng I cannot really tell only by looking at your `%PATH%`. If you're sure cuDNN DLLs are properly set as CUDA's it's not CUDA/cuDNN related. \r\nIs your TensorFlow 1.1? You don't need both installations as well, CPU and GPU, I get it if you were just testing though. Maybe it would be better if you opened a new issue filling the template to better assess what can be happening. This problem usually yields from misconfigured CUDA/cuDNN as you said CPU works. TensorFlow team is working on improving this error message #9170. \r\nYou can notice by looking on this issue that is likely to be a missing CUDA/cuDNN DLL from your `%PATH%`. ", "@Carmezim Okay, I will open a new issue. Thanks for the help! Have a great night!", "I'm having a similar problem. I tried rolling back to C++ Redist. 2015 (from 2017) and still not working.\r\n\r\n`Traceback (most recent call last):\r\n  File \"C:\\Python35\\lib\\site-packages\\tensorflow\\python\\pywrap_tensorflow_internal.py\", line 18, in swig_import_helper\r\n    return importlib.import_module(mname)\r\n  File \"C:\\Python35\\lib\\importlib\\__init__.py\", line 126, in import_module\r\n    return _bootstrap._gcd_import(name[level:], package, level)\r\n  File \"<frozen importlib._bootstrap>\", line 986, in _gcd_import\r\n  File \"<frozen importlib._bootstrap>\", line 969, in _find_and_load\r\n  File \"<frozen importlib._bootstrap>\", line 958, in _find_and_load_unlocked\r\n  File \"<frozen importlib._bootstrap>\", line 666, in _load_unlocked\r\n  File \"<frozen importlib._bootstrap>\", line 577, in module_from_spec\r\n  File \"<frozen importlib._bootstrap_external>\", line 914, in create_module\r\n  File \"<frozen importlib._bootstrap>\", line 222, in _call_with_frames_removed\r\nImportError: DLL load failed: The specified module could not be found.\r\n\r\nDuring handling of the above exception, another exception occurred:\r\n\r\nTraceback (most recent call last):\r\n  File \"C:\\Python35\\lib\\site-packages\\tensorflow\\python\\pywrap_tensorflow.py\", line 41, in <module>\r\n    from tensorflow.python.pywrap_tensorflow_internal import *\r\n  File \"C:\\Python35\\lib\\site-packages\\tensorflow\\python\\pywrap_tensorflow_internal.py\", line 21, in <module>\r\n    _pywrap_tensorflow_internal = swig_import_helper()\r\n  File \"C:\\Python35\\lib\\site-packages\\tensorflow\\python\\pywrap_tensorflow_internal.py\", line 20, in swig_import_helper\r\n    return importlib.import_module('_pywrap_tensorflow_internal')\r\n  File \"C:\\Python35\\lib\\importlib\\__init__.py\", line 126, in import_module\r\n    return _bootstrap._gcd_import(name[level:], package, level)\r\nImportError: No module named '_pywrap_tensorflow_internal'\r\n\r\nDuring handling of the above exception, another exception occurred:\r\n\r\nTraceback (most recent call last):\r\n  File \"<stdin>\", line 1, in <module>\r\n  File \"C:\\Python35\\lib\\site-packages\\tensorflow\\__init__.py\", line 24, in <module>\r\n    from tensorflow.python import *\r\n  File \"C:\\Python35\\lib\\site-packages\\tensorflow\\python\\__init__.py\", line 51, in <module>\r\n    from tensorflow.python import pywrap_tensorflow\r\n  File \"C:\\Python35\\lib\\site-packages\\tensorflow\\python\\pywrap_tensorflow.py\", line 52, in <module>\r\n    raise ImportError(msg)\r\nImportError: Traceback (most recent call last):\r\n  File \"C:\\Python35\\lib\\site-packages\\tensorflow\\python\\pywrap_tensorflow_internal.py\", line 18, in swig_import_helper\r\n    return importlib.import_module(mname)\r\n  File \"C:\\Python35\\lib\\importlib\\__init__.py\", line 126, in import_module\r\n    return _bootstrap._gcd_import(name[level:], package, level)\r\n  File \"<frozen importlib._bootstrap>\", line 986, in _gcd_import\r\n  File \"<frozen importlib._bootstrap>\", line 969, in _find_and_load\r\n  File \"<frozen importlib._bootstrap>\", line 958, in _find_and_load_unlocked\r\n  File \"<frozen importlib._bootstrap>\", line 666, in _load_unlocked\r\n  File \"<frozen importlib._bootstrap>\", line 577, in module_from_spec\r\n  File \"<frozen importlib._bootstrap_external>\", line 914, in create_module\r\n  File \"<frozen importlib._bootstrap>\", line 222, in _call_with_frames_removed\r\nImportError: DLL load failed: The specified module could not be found.\r\n\r\nDuring handling of the above exception, another exception occurred:\r\n\r\nTraceback (most recent call last):\r\n  File \"C:\\Python35\\lib\\site-packages\\tensorflow\\python\\pywrap_tensorflow.py\", line 41, in <module>\r\n    from tensorflow.python.pywrap_tensorflow_internal import *\r\n  File \"C:\\Python35\\lib\\site-packages\\tensorflow\\python\\pywrap_tensorflow_internal.py\", line 21, in <module>\r\n    _pywrap_tensorflow_internal = swig_import_helper()\r\n  File \"C:\\Python35\\lib\\site-packages\\tensorflow\\python\\pywrap_tensorflow_internal.py\", line 20, in swig_import_helper\r\n    return importlib.import_module('_pywrap_tensorflow_internal')\r\n  File \"C:\\Python35\\lib\\importlib\\__init__.py\", line 126, in import_module\r\n    return _bootstrap._gcd_import(name[level:], package, level)\r\nImportError: No module named '_pywrap_tensorflow_internal'\r\n\r\n\r\nFailed to load the native TensorFlow runtime.\r\n\r\nSee https://www.tensorflow.org/install/install_sources#common_installation_problems\r\n\r\nfor some common reasons and solutions.  Include the entire stack trace\r\nabove this error message when asking for help.`", "I'm not sure if someone will look in here cause it's \"closed\". Anyway, i've the same issue. I installed TensorFlow-GPU:\r\n        1.) install anaconda 3.6\t\t\t\t\r\n\t2.) conda install python==3.5\t\t\t\t\t\r\n\t3.) pip install tensorflow-gpu\t\t\r\n \t4.) Install CUDA 8.0\t\t\t\t\t\t\t\t\r\n\t5.) Install cuDNN\r\n\r\nI checked the import tensorflow as tf in my Jupiter Notebook and it worked.\r\nThe next day i did the same to follow first instructions with tensorflow\r\n(Btw, i'm new to python, if someone has a good overview over all the packages and extensions as well as good tutorials... i'm more than pleased to here from you).\r\nAnyway, i got the same error that @ianuzzi has. I followed the instructions above but without any change.\r\n\r\nThx for you help guys\r\nKay", "---------------------------------------------------------------------------\r\nImportError                               Traceback (most recent call last)\r\nC:\\Users\\RazZzoR\\Anaconda3\\lib\\site-packages\\tensorflow\\python\\pywrap_tensorflow_internal.py in swig_import_helper()\r\n     17         try:\r\n---> 18             return importlib.import_module(mname)\r\n     19         except ImportError:\r\n\r\nC:\\Users\\RazZzoR\\Anaconda3\\lib\\importlib\\__init__.py in import_module(name, package)\r\n    125             level += 1\r\n--> 126     return _bootstrap._gcd_import(name[level:], package, level)\r\n    127 \r\n\r\nC:\\Users\\RazZzoR\\Anaconda3\\lib\\importlib\\_bootstrap.py in _gcd_import(name, package, level)\r\n\r\nC:\\Users\\RazZzoR\\Anaconda3\\lib\\importlib\\_bootstrap.py in _find_and_load(name, import_)\r\n\r\nC:\\Users\\RazZzoR\\Anaconda3\\lib\\importlib\\_bootstrap.py in _find_and_load_unlocked(name, import_)\r\n\r\nC:\\Users\\RazZzoR\\Anaconda3\\lib\\importlib\\_bootstrap.py in _load_unlocked(spec)\r\n\r\nC:\\Users\\RazZzoR\\Anaconda3\\lib\\importlib\\_bootstrap.py in module_from_spec(spec)\r\n\r\nC:\\Users\\RazZzoR\\Anaconda3\\lib\\importlib\\_bootstrap_external.py in create_module(self, spec)\r\n\r\nC:\\Users\\RazZzoR\\Anaconda3\\lib\\importlib\\_bootstrap.py in _call_with_frames_removed(f, *args, **kwds)\r\n\r\nImportError: DLL load failed: Das angegebene Modul wurde nicht gefunden.\r\n\r\nDuring handling of the above exception, another exception occurred:\r\n\r\nImportError                               Traceback (most recent call last)\r\nC:\\Users\\RazZzoR\\Anaconda3\\lib\\site-packages\\tensorflow\\python\\pywrap_tensorflow.py in <module>()\r\n     40     sys.setdlopenflags(_default_dlopen_flags | ctypes.RTLD_GLOBAL)\r\n---> 41   from tensorflow.python.pywrap_tensorflow_internal import *\r\n     42   from tensorflow.python.pywrap_tensorflow_internal import __version__\r\n\r\nC:\\Users\\RazZzoR\\Anaconda3\\lib\\site-packages\\tensorflow\\python\\pywrap_tensorflow_internal.py in <module>()\r\n     20             return importlib.import_module('_pywrap_tensorflow_internal')\r\n---> 21     _pywrap_tensorflow_internal = swig_import_helper()\r\n     22     del swig_import_helper\r\n\r\nC:\\Users\\RazZzoR\\Anaconda3\\lib\\site-packages\\tensorflow\\python\\pywrap_tensorflow_internal.py in swig_import_helper()\r\n     19         except ImportError:\r\n---> 20             return importlib.import_module('_pywrap_tensorflow_internal')\r\n     21     _pywrap_tensorflow_internal = swig_import_helper()\r\n\r\nC:\\Users\\RazZzoR\\Anaconda3\\lib\\importlib\\__init__.py in import_module(name, package)\r\n    125             level += 1\r\n--> 126     return _bootstrap._gcd_import(name[level:], package, level)\r\n    127 \r\n\r\nImportError: No module named '_pywrap_tensorflow_internal'\r\n\r\nDuring handling of the above exception, another exception occurred:\r\n\r\nImportError                               Traceback (most recent call last)\r\n<ipython-input-1-28219cd4e7ed> in <module>()\r\n----> 1 import tensorflow as tf\r\n      2 \r\n\r\nC:\\Users\\RazZzoR\\Anaconda3\\lib\\site-packages\\tensorflow\\__init__.py in <module>()\r\n     22 \r\n     23 # pylint: disable=wildcard-import\r\n---> 24 from tensorflow.python import *\r\n     25 # pylint: enable=wildcard-import\r\n     26 \r\n\r\nC:\\Users\\RazZzoR\\Anaconda3\\lib\\site-packages\\tensorflow\\python\\__init__.py in <module>()\r\n     49 import numpy as np\r\n     50 \r\n---> 51 from tensorflow.python import pywrap_tensorflow\r\n     52 \r\n     53 # Protocol buffers\r\n\r\nC:\\Users\\RazZzoR\\Anaconda3\\lib\\site-packages\\tensorflow\\python\\pywrap_tensorflow.py in <module>()\r\n     50 for some common reasons and solutions.  Include the entire stack trace\r\n     51 above this error message when asking for help.\"\"\" % traceback.format_exc()\r\n---> 52   raise ImportError(msg)\r\n     53 \r\n     54 # pylint: enable=wildcard-import,g-import-not-at-top,unused-import,line-too-long\r\n\r\nImportError: Traceback (most recent call last):\r\n  File \"C:\\Users\\RazZzoR\\Anaconda3\\lib\\site-packages\\tensorflow\\python\\pywrap_tensorflow_internal.py\", line 18, in swig_import_helper\r\n    return importlib.import_module(mname)\r\n  File \"C:\\Users\\RazZzoR\\Anaconda3\\lib\\importlib\\__init__.py\", line 126, in import_module\r\n    return _bootstrap._gcd_import(name[level:], package, level)\r\n  File \"<frozen importlib._bootstrap>\", line 986, in _gcd_import\r\n  File \"<frozen importlib._bootstrap>\", line 969, in _find_and_load\r\n  File \"<frozen importlib._bootstrap>\", line 958, in _find_and_load_unlocked\r\n  File \"<frozen importlib._bootstrap>\", line 666, in _load_unlocked\r\n  File \"<frozen importlib._bootstrap>\", line 577, in module_from_spec\r\n  File \"<frozen importlib._bootstrap_external>\", line 903, in create_module\r\n  File \"<frozen importlib._bootstrap>\", line 222, in _call_with_frames_removed\r\nImportError: DLL load failed: Das angegebene Modul wurde nicht gefunden.\r\n\r\nDuring handling of the above exception, another exception occurred:\r\n\r\nTraceback (most recent call last):\r\n  File \"C:\\Users\\RazZzoR\\Anaconda3\\lib\\site-packages\\tensorflow\\python\\pywrap_tensorflow.py\", line 41, in <module>\r\n    from tensorflow.python.pywrap_tensorflow_internal import *\r\n  File \"C:\\Users\\RazZzoR\\Anaconda3\\lib\\site-packages\\tensorflow\\python\\pywrap_tensorflow_internal.py\", line 21, in <module>\r\n    _pywrap_tensorflow_internal = swig_import_helper()\r\n  File \"C:\\Users\\RazZzoR\\Anaconda3\\lib\\site-packages\\tensorflow\\python\\pywrap_tensorflow_internal.py\", line 20, in swig_import_helper\r\n    return importlib.import_module('_pywrap_tensorflow_internal')\r\n  File \"C:\\Users\\RazZzoR\\Anaconda3\\lib\\importlib\\__init__.py\", line 126, in import_module\r\n    return _bootstrap._gcd_import(name[level:], package, level)\r\nImportError: No module named '_pywrap_tensorflow_internal'\r\n\r\n\r\nFailed to load the native TensorFlow runtime.\r\n\r\nSee https://www.tensorflow.org/install/install_sources#common_installation_problems\r\n\r\nfor some common reasons and solutions.  Include the entire stack trace\r\nabove this error message when asking for help.\r\n", "For users who find this issue when searching for the error message, I've created a script for diagnosing common TensorFlow on Windows installation issues. Please download the script from https://gist.github.com/mrry/ee5dbcfdd045fa48a27d56664411d41c and run `python tensorflow_self_check.py`. It will print suggestions for how to fix your installation. Let me know if you are still facing problems after running the script.", "@mrry Thanks for your script! Worked for me.\r\nMy issue was that the PATH for cuDNN was set to `D:\\TensorFlow\\cudnn-8.0-windows10-x64-v5.1\\cuda`, **but** the correct PATH for it was `D:\\TensorFlow\\cudnn-8.0-windows10-x64-v5.1\\cuda\\bin`.", "@mrry thank you your script is very helpful, why don't you submit a pull request to add this script to the tensorflow library itself, so that it can be used as an install step?", "@alphashuro I'm glad it helped! Eventually we'll want to integrate some of the heuristics in the script into the import process, but I wanted to get something out there ASAP to help people who were struggling with these problems :). (One slight issue with integrating it in the repository is that we'd like it to be usable for people who haven't managed to install the library correctly....)", "@YuriWerewolf @Carmezim Thank you, I installed 6.0 and wondered why it didn't work, uninstalling 6.0 and installing 5.1 worked for me. \r\n\r\nThanks for the help, stay awesome \ud83d\udc4d ", "@YuriWerewolf @Carmezim Thank you, I installed 6.0 and wondered why it didn't work, uninstalling 6.0 and installing 5.1 worked for me.", "This is maybe a very stupid mistake but might help someone... I downloaded just CUDA 8 patch from the site and was wondering, why the error. Apparently, the patch does not care if you have CUDA 8 already installed, it just copied the dll and creates the intermediary directories, even looks like Cuda is installed in installed applications. ", "Okay. Solved it. Same issue as TensorFlow 1.3 or later requires cuDNN 6. ('cudnn64_6.dll')", "@prdas31 Thank you ... I solved my issue.\r\nI have TensorFlow 1.3, upgrading to cuDNN 6 instead of v5.1 solved the issue\r\n@mrry your script is awesome ... was very helpful for me \r\n", "@mrry best script ever! Thanks. I spent hours debugging, reinstalling, etc. You have save my day. Thanks a lot.", "I wanted to bring up an anomaly that occurred with pip that was causing the No module named '_pywrap_tensorflow_internal' error to occur.  The version of python I was running was Python 3.6.3, pip was version  9.0.1.  and it was running on Windows 10.\r\n\r\n` **Using version 1.3.0 (newest of versions: 1.2.0, 1.2.1, 1.3.0)\r\n  Looking up \"https://pypi.python.org/packages/bf/d4/80197f48f9fb90a17c47cdd834b2f13d5f714f26e8ed5c77069d57aa3ecb/tensorflow-1.3.0-cp36-cp36m-win_amd64.whl\" in the cache**\r\n  Current age based on date: 67543\r\n  Freshness lifetime from max-age: 31557600\r\n  The response is \"fresh\", returning cached response\r\n  31557600 > 67543\r\n  _Using cached tensorflow-1.3.0-cp36-cp36m-win_amd64.whl_\r\n  Downloading from URL https://pypi.python.org/packages/bf/d4/80197f48f9fb90a17c47cdd834b2f13d5f714f26e8ed5c77069d57aa3ecb/tensorflow-1.3.0-cp36-cp36m-win_amd64.whl#md5=3a7dbe9a17d806e43d2e71b3ddb0cd52 (from https://pypi.python.org/simple/tensorflow/)`\r\n\r\nThe installation command was `pip3 install --upgrade tensorflow`, which on first run appeared to be working perfectly fine, however that was not the truth.  I discovered 3 weird occurrences:\r\n\r\n1. The site-package that was downloaded had a METADATA stating it was for Python 2.7.  (This obviously was not going to work if it was for the wrong version of Python.)  Also, the TensorFlow version was 1.3 instead of the most current 1.4.0rc0 that was expected (verified this by going directly to pypi.python.org site directly).\r\n\r\n2.  Upon uninstalling the package, I noticed it had saved a cached instance of the package under my user profile as well, which it did not remove when uninstalling the package.  That was found in C:\\Users\\**{AccountName}**\\AppData\\Local\\Tmp\\Pip-_{unique generated id for cached application}_ and also removed.\r\n\r\n3.  After removing the cached modules, I again ran the command but with the verbose argument set: pip3 install --upgrade -v tensorflow\r\nThis was assumed to be something that would download the correct version of tensorflow now, but instead it decided that it couldn't find a compatible version of TensorFlow for my Python version 3.6.3 (which I assume the minor rev number may have thrown off the basic logic for acceptable versions, ex. 3.5, 3.6).  I again looked at the package metadata for the server-side cached copy of the module and again saw that this was really limited to Python 2.7 again.  Which means the server was returning an invalid python package that python 3 could not run, all while saying it was it was the newest version available, which was definitely not true.\r\n\r\nThe solution was quite simple, I added a forced version number to match the most current version's name, which ran seamlessly and resolved the import error described above.  \r\n\r\n`pip3 install --upgrade -v tensorflow==1.4.0rc0`\r\n\r\n", "I have seen this error occuring in Tensorflow 1.4.0 as well because either cuDNN or CUDA toolkit DLLs being of wrong version or found in Anaconda folder instead of NVidia's folder. I've written a blog post on how to debug this error:\r\n\r\nhttp://shitalshah.com/p/debugging-tensorflow-dll-importerror/\r\n\r\nRelated issue: https://github.com/tensorflow/tensorflow/issues/14946", "@mrry I wasted ample time before coming to this page. I was trying cpu installation of TF. It got resolved after installing visual c++. Thanks much for help.\r\n  ", "i tried the selfcheck.py and the report is as follows:\r\n\r\nERROR: Failed to import the TensorFlow module.\r\n\r\n- Python version is 3.6.\r\n\r\n- TensorFlow is installed at: C:\\Users\\......\\Anaconda3\\lib\\site-packages\\tensorflow\r\n\r\n- Could not load 'cudart64_80.dll'. The GPU version of TensorFlow\r\n  requires that this DLL be installed in a directory that is named in\r\n  your %PATH% environment variable. Download and install CUDA 8.0 from\r\n  this URL: https://developer.nvidia.com/cuda-toolkit\r\n\r\n- Could not load 'cudnn64_5.dll'. The GPU version of TensorFlow\r\n  requires that this DLL be installed in a directory that is named in\r\n  your %PATH% environment variable. Note that installing cuDNN is a\r\n  separate step from installing CUDA, and it is often found in a\r\n  different directory from the CUDA DLLs. You may install the\r\n  necessary DLL by downloading cuDNN 5.1 from this URL:\r\n  https://developer.nvidia.com/cudnn\r\n\r\n- Could not find cuDNN 5.1.\r\n", "I am stuck since hours but the issue is still not resolved.\r\nI am using only the **CPU version** and getting the same No module named '_pywrap_tensorflow_internal' error ::\r\nTraceback (most recent call last):\r\n  File \"C:\\Python\\Python36\\lib\\site-packages\\tensorflow\\python\\pywrap_tensorflow_internal.py\", line 18, in swig_import_helper\r\n    return importlib.import_module(mname)\r\n  File \"C:\\Python\\Python36\\lib\\importlib\\__init__.py\", line 126, in import_module\r\n    return _bootstrap._gcd_import(name[level:], package, level)\r\n  File \"<frozen importlib._bootstrap>\", line 994, in _gcd_import\r\n  File \"<frozen importlib._bootstrap>\", line 971, in _find_and_load\r\n  File \"<frozen importlib._bootstrap>\", line 955, in _find_and_load_unlocked\r\n  File \"<frozen importlib._bootstrap>\", line 658, in _load_unlocked\r\n  File \"<frozen importlib._bootstrap>\", line 571, in module_from_spec\r\n  File \"<frozen importlib._bootstrap_external>\", line 922, in create_module\r\n  File \"<frozen importlib._bootstrap>\", line 219, in _call_with_frames_removed\r\nImportError: DLL load failed with error code -1073741795\r\n\r\nDuring handling of the above exception, another exception occurred:\r\n\r\nTraceback (most recent call last):\r\n  File \"C:\\Python\\Python36\\lib\\site-packages\\tensorflow\\python\\pywrap_tensorflow.py\", line 58, in <module>\r\n    from tensorflow.python.pywrap_tensorflow_internal import *\r\n  File \"C:\\Python\\Python36\\lib\\site-packages\\tensorflow\\python\\pywrap_tensorflow_internal.py\", line 21, in <module>\r\n    _pywrap_tensorflow_internal = swig_import_helper()\r\n  File \"C:\\Python\\Python36\\lib\\site-packages\\tensorflow\\python\\pywrap_tensorflow_internal.py\", line 20, in swig_import_helper\r\n    return importlib.import_module('_pywrap_tensorflow_internal')\r\n  File \"C:\\Python\\Python36\\lib\\importlib\\__init__.py\", line 126, in import_module\r\n    return _bootstrap._gcd_import(name[level:], package, level)\r\nModuleNotFoundError: No module named '_pywrap_tensorflow_internal'\r\n\r\nDuring handling of the above exception, another exception occurred:\r\n\r\nTraceback (most recent call last):\r\n  File \"<pyshell#0>\", line 1, in <module>\r\n    import tensorflow\r\n  File \"C:\\Python\\Python36\\lib\\site-packages\\tensorflow\\__init__.py\", line 24, in <module>\r\n    from tensorflow.python import *\r\n  File \"C:\\Python\\Python36\\lib\\site-packages\\tensorflow\\python\\__init__.py\", line 49, in <module>\r\n    from tensorflow.python import pywrap_tensorflow\r\n  File \"C:\\Python\\Python36\\lib\\site-packages\\tensorflow\\python\\pywrap_tensorflow.py\", line 74, in <module>\r\n    raise ImportError(msg)\r\nImportError: Traceback (most recent call last):\r\n  File \"C:\\Python\\Python36\\lib\\site-packages\\tensorflow\\python\\pywrap_tensorflow_internal.py\", line 18, in swig_import_helper\r\n    return importlib.import_module(mname)\r\n  File \"C:\\Python\\Python36\\lib\\importlib\\__init__.py\", line 126, in import_module\r\n    return _bootstrap._gcd_import(name[level:], package, level)\r\n  File \"<frozen importlib._bootstrap>\", line 994, in _gcd_import\r\n  File \"<frozen importlib._bootstrap>\", line 971, in _find_and_load\r\n  File \"<frozen importlib._bootstrap>\", line 955, in _find_and_load_unlocked\r\n  File \"<frozen importlib._bootstrap>\", line 658, in _load_unlocked\r\n  File \"<frozen importlib._bootstrap>\", line 571, in module_from_spec\r\n  File \"<frozen importlib._bootstrap_external>\", line 922, in create_module\r\n  File \"<frozen importlib._bootstrap>\", line 219, in _call_with_frames_removed\r\nImportError: DLL load failed with error code -1073741795\r\n\r\nDuring handling of the above exception, another exception occurred:\r\n\r\nTraceback (most recent call last):\r\n  File \"C:\\Python\\Python36\\lib\\site-packages\\tensorflow\\python\\pywrap_tensorflow.py\", line 58, in <module>\r\n    from tensorflow.python.pywrap_tensorflow_internal import *\r\n  File \"C:\\Python\\Python36\\lib\\site-packages\\tensorflow\\python\\pywrap_tensorflow_internal.py\", line 21, in <module>\r\n    _pywrap_tensorflow_internal = swig_import_helper()\r\n  File \"C:\\Python\\Python36\\lib\\site-packages\\tensorflow\\python\\pywrap_tensorflow_internal.py\", line 20, in swig_import_helper\r\n    return importlib.import_module('_pywrap_tensorflow_internal')\r\n  File \"C:\\Python\\Python36\\lib\\importlib\\__init__.py\", line 126, in import_module\r\n    return _bootstrap._gcd_import(name[level:], package, level)\r\nModuleNotFoundError: No module named '_pywrap_tensorflow_internal'\r\n\r\n\r\nFailed to load the native TensorFlow runtime.\r\n\r\nSee https://www.tensorflow.org/install/install_sources#common_installation_problems\r\n\r\nfor some common reasons and solutions.  Include the entire stack trace\r\nabove this error message when asking for help.\r\n\r\n\r\n**1. I have placed msvcp140.dll in system32(64-bit file) and SysWOW64(32-bit file) as advised in https://www.youtube.com/watch?v=61vwFxnnh5c\r\n\r\n2.  I have also downloaded and installed Microsoft Visual C++ 2015 Redistributable Update 3\r\n\r\n3. On running the selfcheck.py, I am getting the following result::**\r\nERROR: Failed to import the TensorFlow module.\r\n\r\nWARNING! This script is no longer maintained! \r\n=============================================\r\nSince TensorFlow 1.4, the self-check has been integrated with TensorFlow itself,\r\nand any missing DLLs will be reported when you execute the `import tensorflow`\r\nstatement. The error messages printed below refer to TensorFlow 1.3 and earlier,\r\nand are inaccurate for later versions of TensorFlow.\r\n\r\n- Python version is 3.6.\r\n\r\n- TensorFlow is installed at: C:\\Python\\Python36\\lib\\site-packages\\tensorflow\r\n\r\n- Could not load 'cudart64_80.dll'. The GPU version of TensorFlow\r\n  requires that this DLL be installed in a directory that is named in\r\n  your %PATH% environment variable. Download and install CUDA 8.0 from\r\n  this URL: https://developer.nvidia.com/cuda-toolkit\r\n\r\n- Could not load 'nvcuda.dll'. The GPU version of TensorFlow requires that\r\n  this DLL be installed in a directory that is named in your %PATH%\r\n  environment variable. Typically it is installed in 'C:\\Windows\\System32'.\r\n  If it is not present, ensure that you have a CUDA-capable GPU with the\r\n  correct driver installed.\r\n\r\n- Could not load 'cudnn64_5.dll'. The GPU version of TensorFlow\r\n  requires that this DLL be installed in a directory that is named in\r\n  your %PATH% environment variable. Note that installing cuDNN is a\r\n  separate step from installing CUDA, and it is often found in a\r\n  different directory from the CUDA DLLs. You may install the\r\n  necessary DLL by downloading cuDNN 5.1 from this URL:\r\n  https://developer.nvidia.com/cudnn\r\n\r\n- Could not find cuDNN.\r\n\r\n\r\nPlease Help !!!!!!\r\n", "I have similar problem.  I have a previous version of python 2.7 so I downloaded 3.5.4 Next I installed tensorflow  using **pip3 install --upgrade tensorflow** The message:<br>\r\nInstalling collected packages: setuptools, numpy, six, markdown, wheel, protobuf, werkzeug, tensorboard, grpcio, gast, astor, absl-py, termcolor, tensorflow\r\nSuccessfully installed absl-py-0.2.2 astor-0.7.1 gast-0.2.0 grpcio-1.13.0 markdown-2.6.11 numpy-1.14.5 protobuf-3.6.0 setuptools-39.1.0 six-1.11.0 tensorboard-1.9.0 tensorflow-1.9.0 termcolor-1.1.0 werkzeug-0.14.1 wheel-0.31.1<br>When trying to confirm installation i get:<br>\r\n  import tensorflow as tf\r\nTraceback (most recent call last):\r\n  File \"C:\\Users\\Walt\\AppData\\Local\\Programs\\Python\\Python35\\lib\\site-packages\\tensorflow\\python\\pywrap_tensorflow_internal.py\", line 14, in swig_import_helper\r\n    return importlib.import_module(mname)\r\n  File \"C:\\Users\\Walt\\AppData\\Local\\Programs\\Python\\Python35\\lib\\importlib\\__init__.py\", line 126, in import_module\r\n    return _bootstrap._gcd_import(name[level:], package, level)\r\n  File \"<frozen importlib._bootstrap>\", line 985, in _gcd_import\r\n  File \"<frozen importlib._bootstrap>\", line 968, in _find_and_load\r\n  File \"<frozen importlib._bootstrap>\", line 957, in _find_and_load_unlocked\r\n  File \"<frozen importlib._bootstrap>\", line 666, in _load_unlocked\r\n  File \"<frozen importlib._bootstrap>\", line 577, in module_from_spec\r\n  File \"<frozen importlib._bootstrap_external>\", line 938, in create_module\r\n  File \"<frozen importlib._bootstrap>\", line 222, in _call_with_frames_removed\r\nImportError: DLL load failed: A dynamic link library (DLL) initialization routine failed.<br>\r\nWhen I run this command **dir C:\\Users\\Walt\\AppData\\Local\\Programs\\Python\\Python35\\Lib\\site-packages\\tensorflow\\python\\_pywrap_tensorflow.pyd** I get:<br>\r\nVolume in drive C is OS_Install\r\n Volume Serial Number is 14E0-9B9F\r\n\r\n Directory of C:\\Users\\Walt\\AppData\\Local\\Programs\\Python\\Python35\\Lib\\site-packages\\tensorflow\\python\r\n\r\nFile Not Found<br>\r\nWhat steps can I take from this point on to troubleshoot this issue?<br>\r\nThank you.", "After looking into this problem over few days I came across information that any tensorflow version that is >1.5 will not work with window. So my problem is solved. I downgraded to to 1.5. It's working. If you think this will help you then uninstall any previous version of TF and install the 1.5 version using this command:<br>\r\npip3 uninstall tensorflow\r\npip3 install --upgrade --ignore-installed tensorflow==1.5", "this was very helpful @Walt3r1 ,to the point and quicker.", "@Walt3r1 where did you find this information?  To me it looks like any version on windows should work: https://www.tensorflow.org/install/source_windows", "Could not even run the basic example after installing Tensorflow 1.10.0 with pip install command. Thanks to the suggestion here -- Installing the Microsoft Visual C++ 2015 Redistributable Update 3 (x64 version)  -- problem was fixed and able to work with Tensorflow with Spark now.  ", "> I'm sorry that it didn't work out of the box. Can you answer a couple of questions for me?\r\n> \r\n> 1. How did you install TensorFlow? Did you use `pip install tensorflow` or `pip install https://storage.googleapis.com/tensorflow/windows/cpu/tensorflow-0.12.0rc0-cp35-cp35m-win_amd64.whl` (or some other command)?\r\n> 2. Can you run the following command and reply with its complete output?\r\n> \r\n> ```\r\n> dir C:\\Users\\hp\\AppData\\Local\\Programs\\Python\\Python35\\Lib\\site-packages\\tensorflow\\python\\_pywrap_tensorflow.pyd\r\n> ```\r\n\r\ni run the above command it show error \"The system cannot find path specified"]}, {"number": 5948, "title": "Move SummaryWriter from `train` to `summary` submodule", "body": "Haven't seen this mentioned yet, so I figured it was worth asking. Since we're moving all of the summary operations to a separate `summary` module, would it make sense to migrate `SummaryWriter` over there as well? \r\n", "comments": ["This is already done on master; the new location is tf.summary.FileWriter. see https://github.com/tensorflow/tensorflow/blob/master/tensorflow/python/summary/summary.py#L61\r\n\r\nI haven't removed tf.train.SummaryWriter, but I will before tf 1.0"]}, {"number": 5947, "title": "Merge release branch into master", "body": "", "comments": ["We found a Contributor License Agreement for you (the sender of this pull request) and all commit authors, but as best as we can tell these commits were authored by someone else.  If that's the case,  please add them to this pull request and have them confirm that they're okay with these commits being contributed to Google.  If we're mistaken and you did author these commits, just reply here to confirm.\n\n<!-- need_author_consent -->", "Merge PR, All CLAs were signed by authors.", "Infra flake.\r\nJenkins, test this please.", "Jenkins, test this please.", "@yifeif the version update you made broke versions_test:\r\nhttps://ci.tensorflow.org/job/tensorflow-pull-requests-cpu/2787/console\r\n\r\nCould you take a look?\r\nMaybe we need to change the regex that test checks?", "Jenkins, test this please.", "One more to go.\r\n@yifeif, could you also check tensorflow/core:util_semver_test ?"]}, {"number": 5946, "title": "`tf.global_variable_initializer` is misspelled as `tf.global_variable_initializers` (extra 's' at end) in release notes", "body": "In the [release notes for 0.12.0rc0](https://github.com/tensorflow/tensorflow/releases/tag/0.12.0-rc0), the note on the renaming of `tf.initialize_all_variables` to `tf.global_variable_initializer` has a typo, calling it `tf.global_variable_initializers` instead. It's a small typo, but I think it's worth fixing since this is such an important breaking change.", "comments": ["Hmm, looks like some of our documents are also wrong:\r\nhttps://github.com/tensorflow/tensorflow/blob/r0.12/tensorflow/python/ops/variables.py#L90\r\nand the actual method seems to be\r\n`tf.global_variables_initializer` Will send out a PR as a fix."]}, {"number": 5945, "title": "Release notes indicate summary ops were deprecated", "body": "The release notes at https://github.com/tensorflow/tensorflow/releases seem to indicate that scalar_summary and a few other *_summary ops were deprecated. Yet the docs for 0.r12 still list all the *_summary ops and do not mention deprecation. Also, I do not get any warnings when using the *_summary ops.", "comments": ["Looks like 'deprecation' in this case is just a documentation feature...for now.  @danmane ?", "On closer examination, looks like the release notes incorporated meta data about a change that was rolled back.   It may be made in an upcoming release."]}, {"number": 5944, "title": "Find correct path of libcudnn.dylib on macOS in configure script.", "body": "The libcudnn file is stored like `libcudnn.5.dylib` on macOS, but the original script looks for `libcudnn5.dylib`, which would produce an invalid path error. And the issue only affects the auto-detecting part.", "comments": ["Can one of the admins verify this patch?", "@tensorflow-jenkins test this please", "@tensorflow-jenkins test this please", "@inflation can you please sign the CLA? Thanks.", "I signed before. \ud83d\ude03 ", "PR merged. Thank you, @inflation !", "I just found that commit a62c532d64dd4198e57d64513eb720a4c3475883 overwrote my change, so maybe a redo? @caisq "]}, {"number": 5943, "title": "R0.12", "body": "", "comments": ["Can one of the admins verify this patch?", "Thanks for your pull request.  It looks like this may be your first contribution to a Google open source project. Before we can look at your pull request, you'll need to sign a Contributor License Agreement (CLA).\n\n:memo: **Please visit <https://cla.developers.google.com/> to sign.**\n\nOnce you've signed, please reply here (e.g. `I signed it!`) and we'll verify.  Thanks.\n\n---\n\n- If you've already signed a CLA, it's possible we don't have your GitHub username or you're using a different email address.  Check [your existing CLA data](https://cla.developers.google.com/clas) and verify that your [email is set on your git commits](https://help.github.com/articles/setting-your-email-in-git/).\n- If you signed the CLA as a corporation, please let us know the company's name.\n\n<!-- need_sender_cla -->"]}, {"number": 5942, "title": "Update Cmake README Doc Reflecting 0.12r", "body": "Now with 0.12r would be interesting to update Readme as current status, instructions or simply reference the release? ", "comments": ["What sort of update were you thinking? Please feel free to send a pull request improving the documentation!", "@mrry Do you think updating the current status for officially supported and the current limitations leaving the CMake build instructions is fine? \r\nIf that looks good to you I'd be happy to submit a PR with those changes at first and update with your feedback.", "I am closing this as I think it won't be relevant with the 0.12 release info available. I thought about adding pip instructions to cmake doc at the day after it came out submitting #6002 but isn't necessary."]}, {"number": 5941, "title": "Tensorboard not showing charts after upgrade to 0.12rc0", "body": "\r\nTensorboard charts (scalars, distributions, histograms) don't show up after upgrading to 0.12rc0.\r\nNo errors are logged on the server.\r\nCheck the images below to get a sense of the problem.\r\n\r\nOperating System: Ubuntu 15.10\r\n\r\n1. pip installation from here:\r\nUbuntu/Linux 64-bit, CPU only, Python 3.4\r\n$ export TF_BINARY_URL=https://storage.googleapis.com/tensorflow/linux/cpu/tensorflow-0.12.0rc0-cp34-cp34m-linux_x86_64.whl\r\n\r\n2. The output from `python -c \"import tensorflow; print(tensorflow.__version__)\"`.\r\n0.12.0-rc0\r\n\r\n![tensorboard 0 11](https://cloud.githubusercontent.com/assets/11388492/20718925/46980fda-b652-11e6-852b-09a4abdf20b6.png)\r\n![tensorboard 0 12rc0](https://cloud.githubusercontent.com/assets/11388492/20718926/46aca26a-b652-11e6-842f-873425deeb89.png)\r\n\r\n", "comments": ["@oliveirabc We'll look into this this week.\r\nCan you check if this reproduces using python2?", "Same thing on python2.\r\n\r\nDon't know if this helps or not but here it goes. The images below show the html generated for both cases.\r\n\r\n![tensorboard 0 12rc0](https://cloud.githubusercontent.com/assets/11388492/20830633/4ff7f01c-b879-11e6-9adc-ecaedd186592.png)\r\n![tensorboard 0 11](https://cloud.githubusercontent.com/assets/11388492/20830635/50241b24-b879-11e6-95d0-64adf9fd713b.png)\r\n\r\n", "I was using an older version of Chromium.\r\nMoved to Firefox and no problems there.\r\nClosing the issue.", "How old was the version of Chromium you were using?", "I was using: Version 48.0.2564.116 Ubuntu 15.10 (64-bit)"]}, {"number": 5940, "title": "replace parser with FLAGS", "body": "", "comments": ["Can one of the admins verify this patch?", "(We prefer argparse in our examples, the flags library is a global singleton pattern which is too easily abused)."]}, {"number": 5939, "title": "Replace parser with FLAGS", "body": "", "comments": ["Can one of the admins verify this patch?"]}, {"number": 5938, "title": "Saved model by TensorForestEstimator can not be freezed", "body": "### What related GitHub issues or StackOverflow threads have you found by searching the web for your problem?\r\nI asked a question in stackoverflow, but I guess it is a bug or inconsistency in tensorflow.\r\n\r\nhttp://stackoverflow.com/questions/40849477/error-in-saving-and-using-model-of-tensorforestestimator-for-android\r\n\r\n### Environment info\r\nOperating System:\r\n\r\nMac OSX 10.10.2\r\nPython 2.7.12\r\n\r\nIf installed from binary pip package, provide:\r\n\r\n1. A link to the pip package you installed: https://storage.googleapis.com/tensorflow/mac/cpu/tensorflow-0.12.0rc0-py2-none-any.whl\r\n2. The output from `python -c \"import tensorflow; print(tensorflow.__version__)\"`. Version: 0.12.0-rc0\r\n\r\n### If possible, provide a minimal reproducible example (We usually don't have time to read hundreds of lines of your code)\r\n\r\nimport tensorflow as tf\r\nimport numpy as np\r\nfrom freeze_graph import freeze_graph\r\nimport os\r\nfrom tensorflow.contrib.learn.python.learn.estimators.random_forest import TensorForestEstimator\r\n\r\nCreating the model and saving:\r\n=========================\r\nhparams = tf.contrib.tensor_forest.python.tensor_forest.ForestHParams(\r\n        num_trees=3, max_nodes=1000, num_classes=3, num_features=4)\r\nclassifier = TensorForestEstimator(hparams, model_dir='test/')\r\niris = tf.contrib.learn.datasets.load_iris()\r\ndata = iris.data.astype(np.float32)\r\ntarget = iris.target.astype(np.float32)\r\nclassifier.fit(x=data, y=target, steps=100)\r\n\r\nFreezing the model:\r\n=========================\r\nmodel_name = 'test/'\r\ncheckpoint_state_name = \"checkpoint\"\r\ninput_graph_name = \"graph.pbtxt\"\r\noutput_graph_name = \"newgraph.pb\"\r\ninput_graph_path = os.path.join(model_name, input_graph_name)\r\ninput_saver_def_path = model_name\r\ninput_binary = False\r\ninput_checkpoint_path = os.path.join(model_name, checkpoint_state_name)\r\noutput_node_names = \"sample\"\r\nrestore_op_name = \"save/restore_all\"\r\nfilename_tensor_name = \"save/Const:0\"\r\noutput_graph_path = os.path.join(model_name, output_graph_name)\r\nclear_devices = True\r\nfreeze_graph(input_graph_path, input_saver_def_path,\r\n                          input_binary, input_checkpoint_path,\r\n                          output_node_names, restore_op_name,\r\n                          filename_tensor_name, output_graph_path,\r\n                          clear_devices, \"\")\r\n\r\n### Logs or other output that would be helpful\r\n(If logs are large, please upload as attachment or provide link).\r\n\r\nThe code can create and save the model perfectly (I can open the graph by tensorboard), but I get the following error for freezing the graph:\r\n\r\nTraceback (most recent call last):\r\n  File \"/XXXXX/model/test.py\", line 41, in <module>\r\n    clear_devices, \"\")\r\n  File \"/XXXXX/model/freeze_graph.py\", line 99, in freeze_graph\r\n    _ = tf.import_graph_def(input_graph_def, name=\"\")\r\n  File \"/XXXXX/lib/python2.7/site-packages/tensorflow/python/framework/importer.py\", line 258, in import_graph_def\r\n    op_def = op_dict[node.op]\r\nKeyError: u'TreePredictions'\r\n\r\nWhen I am building the model, I get the following warning:\r\n\r\nEstimator is decoupled from Scikit Learn interface by moving into\r\nseparate class SKCompat. Arguments x, y and batch_size are only\r\navailable in the SKCompat class, Estimator will only accept input_fn.\r\nExample conversion:\r\n  est = Estimator(...) -> est = SKCompat(Estimator(...))\r\nWARNING:tensorflow:*******************************************************\r\nWARNING:tensorflow:TensorFlow's V1 checkpoint format has been deprecated.\r\nWARNING:tensorflow:Consider switching to the more efficient V2 format:\r\nWARNING:tensorflow:   `tf.train.Saver(write_version=tf.train.SaverDef.V2)`\r\nWARNING:tensorflow:now on by default.\r\nWARNING:tensorflow:*******************************************************\r\nWARNING:tensorflow:*******************************************************\r\nWARNING:tensorflow:TensorFlow's V1 checkpoint format has been deprecated.\r\nWARNING:tensorflow:Consider switching to the more efficient V2 format:\r\nWARNING:tensorflow:   `tf.train.Saver(write_version=tf.train.SaverDef.V2)`\r\nWARNING:tensorflow:now on by default.\r\nWARNING:tensorflow:*******************************************************\r\n\r\n\r\n", "comments": ["I tried reproducing your problem, but there seems to be something wrong in your description.  The input_saver_def_path has value 'test/' which is a directory, but I think maybe it should be the pathname of a  Saver proto def? ", "Adding @petewarden because you're building on Mac.", "Thanks, @poxvoculi! \r\n'test/' is a local directory that TensorForestEstimator saves the model there.\r\n\r\n", "Can I kindly ask if there is any update on this issue ? Thanks a lot!", "I also tried reproducing the problem but ran into the same issue as @poxvoculi.  Supplying your checkpoint directory for input_saver is not valid.   Regardless, I can't get past tf.import_graph_def because it seems that internally it uses a V2 checkpoint, but tf.learn still uses a V1 checkpoint (which is hard coded into the underlying graph_actions.py). ", "how can I fix this issue ? does anyone have idea? ", "Is it still around in TF 1.0?  The first problem was a checkpoint version mismatch, which should be gone in 1.0.", "@gilberthendry  nope, the issue still present in 1.0\r\n", "The underlying error seems to indicate that the \"TreePredictions\" op isn't registered when the graphdef is being imported before the graph is frozen. This is surprising, since it's clearly being used successfully earlier in the script, so I'm wondering if it's a bug with how the op_dict in Python is populated, maybe related to the fact that the Random Forest ops are in contrib?", "It's likely due to being in contrib.  We're looking to move it to core, will hopefully happen this quarter.", "It has been 14 days with no activity and this issue has an assignee.Please update the label and/or status accordingly.", "Nagging Assigneee: It has been 14 days with no activity and this issue has an assignee. Please update the label and/or status accordingly.", "Nagging Assignee: It has been 14 days with no activity and this issue has an assignee. Please update the label and/or status accordingly.", "Closing this bug as obsolete, please re-open if you're still running into this."]}, {"number": 5937, "title": "fixed run_path_pairs AttributeError", "body": "In python3,  `dict.items()` is a little different.\r\n```\r\nD.items() -> a set-like object providing a view on D's items\r\n```\r\nOtherwise, `AttributeError: 'dict_items' object has no attribute 'append'` will be raised.", "comments": ["Can one of the admins verify this patch?", "ping?", "Looks like this fix has already been applied in 0cbf1f0955af2ea9a2f106c4f82460f7531d9ed1, so we can close this PR."]}, {"number": 5936, "title": "update python.platform.flags", "body": "... in particular, merge glags's DEFINE_multi_float etc.\r\n\r\nIs this planned for or should I do it and send a PR?", "comments": ["This is not planned, and we are no longer encouraging users to depend on TensorFlow's implementation of flag parsing (which is a simple wrapper around `argparse`, used for our example scripts).\r\n\r\nIf you need specific features from [`python-gflags`](https://github.com/google/python-gflags), we'd encourage you to depend on that library directly."]}, {"number": 5935, "title": "Failed to build android demo", "body": "build android demo with \"bazel build //tensorflow/examples/android:tensorflow_demo\"\r\n\r\n**Environment:**\r\nOS: OSX 10.11.6  64bit\r\nbranch: master\r\npython:2.7.10\r\nAndroidSDK: 24 BuildToolsVersion: 24.0.1\r\nNDK: 24\r\n\r\nTo build an android apk, i suppose cuda is not required, so there is following cuda error.\r\n**ls -l /path/to/cuda/lib/libcud***\r\nls: /path/to/cuda/lib/libcud*: No such file or directory\r\n**python -c \"import tensorflow; print(tensorflow.__version__)\"**\r\nTraceback (most recent call last):\r\n  File \"<string>\", line 1, in <module>\r\n  File \"tensorflow/__init__.py\", line 24, in <module>\r\n    from tensorflow.python import *\r\n  File \"tensorflow/python/__init__.py\", line 60, in <module>\r\n    raise ImportError(msg)\r\nImportError: Traceback (most recent call last):\r\n  File \"tensorflow/python/__init__.py\", line 49, in <module>\r\n    from tensorflow.python import pywrap_tensorflow\r\nImportError: cannot import name pywrap_tensorflow\r\n**git rev-parse HEAD:** 5657d0dee8d87f4594b3e5902ed3e3ca8d6dfc0a\r\n**bazel version:**\r\nBuild label: 0.4.0-homebrew\r\nBuild target: bazel-out/local-opt/bin/src/main/java/com/google/devtools/build/lib/bazel/BazelServer_deploy.jar\r\nBuild time: Wed Nov 2 19:15:37 2016 (1478114137)\r\nBuild timestamp: 1478114137\r\nBuild timestamp as int: 1478114137\r\n\r\n-------------------------OUTPUT-------------------------\r\n\r\n**ERROR:** /Volumes/ext/data/workspace/research/ai/tensorflow/tensorflow/examples/android/BUILD:53:1: Processing Android resources for //tensorflow/examples/android:tensorflow_demo failed: sandbox-exec failed: error executing command \r\n  (cd /private/var/tmp/_bazel_Yeeio/a35c6185f684e2289845701b593f9bd2/bazel-sandbox/7fdb6518-a872-4a3c-96e6-64bf6e8713e4-13/execroot/tensorflow && \\\r\n  exec env - \\\r\n  /usr/bin/sandbox-exec -f /private/var/tmp/_bazel_Yeeio/a35c6185f684e2289845701b593f9bd2/bazel-sandbox/7fdb6518-a872-4a3c-96e6-64bf6e8713e4-13/sandbox.sb bazel-out/host/bin/external/bazel_tools/src/tools/android/java/com/google/devtools/build/android/AndroidResourceProcessingAction --buildToolsVersion 24.0.1 --aapt bazel-out/host/bin/external/androidsdk/aapt_binary --annotationJar external/androidsdk/tools/support/annotations.jar --androidJar external/androidsdk/platforms/android-24/android.jar --primaryData tensorflow/examples/android/res:external/inception5h:tensorflow/examples/android/AndroidManifest.xml --rOutput bazel-out/local-fastbuild/bin/tensorflow/examples/android/tensorflow_demo_symbols/R.txt --srcJarOutput bazel-out/local-fastbuild/bin/tensorflow/examples/android/tensorflow_demo.srcjar --proguardOutput bazel-out/local-fastbuild/bin/tensorflow/examples/android/proguard/tensorflow_demo/_tensorflow_demo_proguard.cfg --mainDexProguardOutput bazel-out/local-fastbuild/bin/tensorflow/examples/android/proguard/tensorflow_demo/main_dex_tensorflow_demo_proguard.cfg --manifestOutput bazel-out/local-fastbuild/bin/tensorflow/examples/android/tensorflow_demo_processed_manifest/AndroidManifest.xml --resourcesOutput bazel-out/local-fastbuild/bin/tensorflow/examples/android/tensorflow_demo_files/resource_files.zip --packagePath bazel-out/local-fastbuild/bin/tensorflow/examples/android/tensorflow_demo.ap_ --debug --packageForR org.tensorflow.demo).\r\n\u5341\u4e00\u6708 29, 2016 8:29:03 \u4e0b\u5348 com.google.devtools.build.android.AndroidResourceProcessingAction main\r\n\u4e25\u91cd: Error during merging resources\r\nError: tensorflow/examples/android/res/layout/activity_camera.xml: Operation not permitted\r\n\tat com.android.ide.common.res2.MergingException$Builder.build(MergingException.java:129)\r\n\tat com.google.devtools.build.android.AndroidResourceProcessor.mergeData(AndroidResourceProcessor.java:1141)\r\n\tat com.google.devtools.build.android.AndroidResourceProcessingAction.main(AndroidResourceProcessingAction.java:245)\r\nCaused by: java.nio.file.FileSystemException: tensorflow/examples/android/res/layout/activity_camera.xml: Operation not permitted\r\n\tat sun.nio.fs.UnixException.translateToIOException(UnixException.java:91)\r\n\tat sun.nio.fs.UnixException.rethrowAsIOException(UnixException.java:102)\r\n\tat sun.nio.fs.UnixException.rethrowAsIOException(UnixException.java:107)\r\n\tat sun.nio.fs.UnixFileSystemProvider.newByteChannel(UnixFileSystemProvider.java:214)\r\n\tat java.nio.file.Files.newByteChannel(Files.java:361)\r\n\tat java.nio.file.Files.newByteChannel(Files.java:407)\r\n\tat java.nio.file.spi.FileSystemProvider.newInputStream(FileSystemProvider.java:384)\r\n\tat java.nio.file.Files.newInputStream(Files.java:152)\r\n\tat com.google.devtools.build.android.DataValueFileWithIds.parse(DataValueFileWithIds.java:49)\r\n\tat com.google.devtools.build.android.ParsedAndroidData$ResourceFileVisitor.visitFile(ParsedAndroidData.java:306)\r\n\tat com.google.devtools.build.android.ParsedAndroidData$ResourceFileVisitor.visitFile(ParsedAndroidData.java:245)\r\n\tat java.nio.file.Files.walkFileTree(Files.java:2670)\r\n\tat com.google.devtools.build.android.ParsedAndroidData$ParsedAndroidDataBuildingPathWalker.walkResources(ParsedAndroidData.java:204)\r\n\tat com.google.devtools.build.android.UnvalidatedAndroidDirectories.walk(UnvalidatedAndroidDirectories.java:80)\r\n\tat com.google.devtools.build.android.ParsedAndroidData.from(ParsedAndroidData.java:348)\r\n\tat com.google.devtools.build.android.AndroidResourceProcessor.mergeData(AndroidResourceProcessor.java:1137)\r\n\t... 1 more\r\n\r\nException in thread \"main\" Error: tensorflow/examples/android/res/layout/activity_camera.xml: Operation not permitted\r\n\tat com.android.ide.common.res2.MergingException$Builder.build(MergingException.java:129)\r\n\tat com.google.devtools.build.android.AndroidResourceProcessor.mergeData(AndroidResourceProcessor.java:1141)\r\n\tat com.google.devtools.build.android.AndroidResourceProcessingAction.main(AndroidResourceProcessingAction.java:245)\r\nCaused by: java.nio.file.FileSystemException: tensorflow/examples/android/res/layout/activity_camera.xml: Operation not permitted\r\n\tat sun.nio.fs.UnixException.translateToIOException(UnixException.java:91)\r\n\tat sun.nio.fs.UnixException.rethrowAsIOException(UnixException.java:102)\r\n\tat sun.nio.fs.UnixException.rethrowAsIOException(UnixException.java:107)\r\n\tat sun.nio.fs.UnixFileSystemProvider.newByteChannel(UnixFileSystemProvider.java:214)\r\n\tat java.nio.file.Files.newByteChannel(Files.java:361)\r\n\tat java.nio.file.Files.newByteChannel(Files.java:407)\r\n\tat java.nio.file.spi.FileSystemProvider.newInputStream(FileSystemProvider.java:384)\r\n\tat java.nio.file.Files.newInputStream(Files.java:152)\r\n\tat com.google.devtools.build.android.DataValueFileWithIds.parse(DataValueFileWithIds.java:49)\r\n\tat com.google.devtools.build.android.ParsedAndroidData$ResourceFileVisitor.visitFile(ParsedAndroidData.java:306)\r\n\tat com.google.devtools.build.android.ParsedAndroidData$ResourceFileVisitor.visitFile(ParsedAndroidData.java:245)\r\n\tat java.nio.file.Files.walkFileTree(Files.java:2670)\r\n\tat com.google.devtools.build.android.ParsedAndroidData$ParsedAndroidDataBuildingPathWalker.walkResources(ParsedAndroidData.java:204)\r\n\tat com.google.devtools.build.android.UnvalidatedAndroidDirectories.walk(UnvalidatedAndroidDirectories.java:80)\r\n\tat com.google.devtools.build.android.ParsedAndroidData.from(ParsedAndroidData.java:348)\r\n\tat com.google.devtools.build.android.AndroidResourceProcessor.mergeData(AndroidResourceProcessor.java:1137)\r\n\t... 1 more\r\nTarget //tensorflow/examples/android:tensorflow_demo failed to build\r\n", "comments": ["Thanks for posting the failing command and what look like full stack traces.  Could you also provide the rest of the information requested by the new issue template, e.g. the platform you're running on, version, and any failure analysis you've done yourself.", "@poxvoculi thank you,  i added the additional information to the issue, looking forward for your help :)", "Any ideas on this @andrewharp? The relevant errors appear to be:\r\n`\r\nError during merging resources\r\nError: tensorflow/examples/android/res/layout/activity_camera.xml: Operation not permitted\r\n`", "@sobinzeng Can you ensure that the file exists and is readable by the user bazel runs as?", "i'm sure the related files exist, and they have rw access.", "You may have luck debugging your sandbox with --sandbox_debug: https://bazel.build/blog/2016/03/18/sandbox-easier-debug.html\r\n\r\nMaybe take a look at tensorflow/examples/android/res/layout/activity_camera.xml there and see what the permissions are on the file?", "The permissions on the file as follow:\r\n\r\nls -la tensorflow/examples/android/res/layout/activity_camera.xml \r\n-rw-rw-rw-  1 Yeeio  staff  966 11 23 12:44 tensorflow/examples/android/res/layout/activity_camera.xml", "@BulletShadow You are having the exact same issue as @sobinzeng?", "sorry\uff0c i didn't noticed i changed the account, both BulletShadow & sobinzeng are my accounts.", "And you're listing the file as it is inside the sandbox (not in the repo)?\r\n\r\nFor odd build issues like this it tends to be fastest just to reclone the repo.\r\n\r\n```\r\ngit clone --recurse-submodules https://github.com/tensorflow/tensorflow.git\r\ncd tensorflow/\r\ncat ~/WORKSPACE_ANDROID >> WORKSPACE \r\nbazel build //tensorflow/examples/android:tensorflow_demo\r\n```\r\n\r\nWhere my WORKSPACE_ANDROID file contains the following (adjust for your system):\r\n```\r\nandroid_sdk_repository(\r\n    name = \"androidsdk\",\r\n    api_level = 23,\r\n    build_tools_version = \"23.0.1\",\r\n    # Replace with path to Android SDK on your system\r\n    path = \"/usr/local/google/home/andrewharp/android/sdk\",\r\n)\r\n\r\nandroid_ndk_repository(\r\n    name=\"androidndk\",\r\n    path=\"/usr/local/google/home/andrewharp/android/ndk\",\r\n    api_level=21)\r\n```\r\n\r\n\r\n", "Closing due to inactivity; please respond if the issue persists despite following the directions above."]}]